<?xml version="1.0" encoding="UTF-8"?>
<testsuites name="Apply Leave" time="1765.333" tests="59" failures="6" errors="0">
   <testsuite name="Apply Leave" tests="59" failures="6" errors="0" time="1765.333" skipped="0" timestamp="2021-08-19 21:32:08" hostname="nguye - 192.168.1.9" id="Test Suites/Apply Leave">
      <properties>
         <property name="deviceName" value=""/>
         <property name="devicePlatform" value=""/>
         <property name="logFolder" value="C:\\Users\\nguye\\Katalon Studio\\OrangeHRM\\Reports\\20210819_213101\\Apply Leave\\20210819_213101"/>
         <property name="logFiles" value="C:\\Users\\nguye\\Katalon Studio\\OrangeHRM\\Reports\\20210819_213101\\Apply Leave\\20210819_213101\\execution0.log"/>
         <property name="attachments" value="C:\\Users\\nguye\\Katalon Studio\\OrangeHRM\\Reports\\20210819_213101\\Apply Leave\\20210819_213101\\1629383549567.png, C:\\Users\\nguye\\Katalon Studio\\OrangeHRM\\Reports\\20210819_213101\\Apply Leave\\20210819_213101\\1629383557900.png, C:\\Users\\nguye\\Katalon Studio\\OrangeHRM\\Reports\\20210819_213101\\Apply Leave\\20210819_213101\\1629383572193.png, C:\\Users\\nguye\\Katalon Studio\\OrangeHRM\\Reports\\20210819_213101\\Apply Leave\\20210819_213101\\1629383580252.png, C:\\Users\\nguye\\Katalon Studio\\OrangeHRM\\Reports\\20210819_213101\\Apply Leave\\20210819_213101\\1629383594228.png, C:\\Users\\nguye\\Katalon Studio\\OrangeHRM\\Reports\\20210819_213101\\Apply Leave\\20210819_213101\\1629383602155.png, C:\\Users\\nguye\\Katalon Studio\\OrangeHRM\\Reports\\20210819_213101\\Apply Leave\\20210819_213101\\1629383621042.png, C:\\Users\\nguye\\Katalon Studio\\OrangeHRM\\Reports\\20210819_213101\\Apply Leave\\20210819_213101\\1629383627918.png, C:\\Users\\nguye\\Katalon Studio\\OrangeHRM\\Reports\\20210819_213101\\Apply Leave\\20210819_213101\\1629383645286.png, C:\\Users\\nguye\\Katalon Studio\\OrangeHRM\\Reports\\20210819_213101\\Apply Leave\\20210819_213101\\1629383652339.png, C:\\Users\\nguye\\Katalon Studio\\OrangeHRM\\Reports\\20210819_213101\\Apply Leave\\20210819_213101\\1629383669664.png, C:\\Users\\nguye\\Katalon Studio\\OrangeHRM\\Reports\\20210819_213101\\Apply Leave\\20210819_213101\\1629383678107.png, C:\\Users\\nguye\\Katalon Studio\\OrangeHRM\\Reports\\20210819_213101\\Apply Leave\\20210819_213101\\1629383697447.png, C:\\Users\\nguye\\Katalon Studio\\OrangeHRM\\Reports\\20210819_213101\\Apply Leave\\20210819_213101\\1629383705951.png, C:\\Users\\nguye\\Katalon Studio\\OrangeHRM\\Reports\\20210819_213101\\Apply Leave\\20210819_213101\\1629383725228.png, C:\\Users\\nguye\\Katalon Studio\\OrangeHRM\\Reports\\20210819_213101\\Apply Leave\\20210819_213101\\1629383732262.png, C:\\Users\\nguye\\Katalon Studio\\OrangeHRM\\Reports\\20210819_213101\\Apply Leave\\20210819_213101\\1629383748800.png, C:\\Users\\nguye\\Katalon Studio\\OrangeHRM\\Reports\\20210819_213101\\Apply Leave\\20210819_213101\\1629383756929.png, C:\\Users\\nguye\\Katalon Studio\\OrangeHRM\\Reports\\20210819_213101\\Apply Leave\\20210819_213101\\1629383768366.png, C:\\Users\\nguye\\Katalon Studio\\OrangeHRM\\Reports\\20210819_213101\\Apply Leave\\20210819_213101\\1629383776485.png, C:\\Users\\nguye\\Katalon Studio\\OrangeHRM\\Reports\\20210819_213101\\Apply Leave\\20210819_213101\\1629383791494.png, C:\\Users\\nguye\\Katalon Studio\\OrangeHRM\\Reports\\20210819_213101\\Apply Leave\\20210819_213101\\1629383799609.png, C:\\Users\\nguye\\Katalon Studio\\OrangeHRM\\Reports\\20210819_213101\\Apply Leave\\20210819_213101\\1629383814744.png, C:\\Users\\nguye\\Katalon Studio\\OrangeHRM\\Reports\\20210819_213101\\Apply Leave\\20210819_213101\\1629383822791.png, C:\\Users\\nguye\\Katalon Studio\\OrangeHRM\\Reports\\20210819_213101\\Apply Leave\\20210819_213101\\1629383842916.png, C:\\Users\\nguye\\Katalon Studio\\OrangeHRM\\Reports\\20210819_213101\\Apply Leave\\20210819_213101\\1629383849871.png, C:\\Users\\nguye\\Katalon Studio\\OrangeHRM\\Reports\\20210819_213101\\Apply Leave\\20210819_213101\\1629383868514.png, C:\\Users\\nguye\\Katalon Studio\\OrangeHRM\\Reports\\20210819_213101\\Apply Leave\\20210819_213101\\1629383875564.png, C:\\Users\\nguye\\Katalon Studio\\OrangeHRM\\Reports\\20210819_213101\\Apply Leave\\20210819_213101\\1629383894197.png, C:\\Users\\nguye\\Katalon Studio\\OrangeHRM\\Reports\\20210819_213101\\Apply Leave\\20210819_213101\\1629383902822.png, C:\\Users\\nguye\\Katalon Studio\\OrangeHRM\\Reports\\20210819_213101\\Apply Leave\\20210819_213101\\1629383923357.png, C:\\Users\\nguye\\Katalon Studio\\OrangeHRM\\Reports\\20210819_213101\\Apply Leave\\20210819_213101\\1629383931582.png, C:\\Users\\nguye\\Katalon Studio\\OrangeHRM\\Reports\\20210819_213101\\Apply Leave\\20210819_213101\\1629383952362.png, C:\\Users\\nguye\\Katalon Studio\\OrangeHRM\\Reports\\20210819_213101\\Apply Leave\\20210819_213101\\1629383959230.png, C:\\Users\\nguye\\Katalon Studio\\OrangeHRM\\Reports\\20210819_213101\\Apply Leave\\20210819_213101\\1629383976911.png, C:\\Users\\nguye\\Katalon Studio\\OrangeHRM\\Reports\\20210819_213101\\Apply Leave\\20210819_213101\\1629383985090.png, C:\\Users\\nguye\\Katalon Studio\\OrangeHRM\\Reports\\20210819_213101\\Apply Leave\\20210819_213101\\1629383998278.png, C:\\Users\\nguye\\Katalon Studio\\OrangeHRM\\Reports\\20210819_213101\\Apply Leave\\20210819_213101\\1629384006462.png, C:\\Users\\nguye\\Katalon Studio\\OrangeHRM\\Reports\\20210819_213101\\Apply Leave\\20210819_213101\\1629384021546.png, C:\\Users\\nguye\\Katalon Studio\\OrangeHRM\\Reports\\20210819_213101\\Apply Leave\\20210819_213101\\1629384029974.png, C:\\Users\\nguye\\Katalon Studio\\OrangeHRM\\Reports\\20210819_213101\\Apply Leave\\20210819_213101\\1629384050754.png, C:\\Users\\nguye\\Katalon Studio\\OrangeHRM\\Reports\\20210819_213101\\Apply Leave\\20210819_213101\\1629384065490.png, C:\\Users\\nguye\\Katalon Studio\\OrangeHRM\\Reports\\20210819_213101\\Apply Leave\\20210819_213101\\1629384086475.png, C:\\Users\\nguye\\Katalon Studio\\OrangeHRM\\Reports\\20210819_213101\\Apply Leave\\20210819_213101\\1629384093471.png, C:\\Users\\nguye\\Katalon Studio\\OrangeHRM\\Reports\\20210819_213101\\Apply Leave\\20210819_213101\\1629384112161.png, C:\\Users\\nguye\\Katalon Studio\\OrangeHRM\\Reports\\20210819_213101\\Apply Leave\\20210819_213101\\1629384120415.png, C:\\Users\\nguye\\Katalon Studio\\OrangeHRM\\Reports\\20210819_213101\\Apply Leave\\20210819_213101\\1629384141050.png, C:\\Users\\nguye\\Katalon Studio\\OrangeHRM\\Reports\\20210819_213101\\Apply Leave\\20210819_213101\\1629384149320.png, C:\\Users\\nguye\\Katalon Studio\\OrangeHRM\\Reports\\20210819_213101\\Apply Leave\\20210819_213101\\1629384170228.png, C:\\Users\\nguye\\Katalon Studio\\OrangeHRM\\Reports\\20210819_213101\\Apply Leave\\20210819_213101\\1629384177284.png, C:\\Users\\nguye\\Katalon Studio\\OrangeHRM\\Reports\\20210819_213101\\Apply Leave\\20210819_213101\\1629384195742.png, C:\\Users\\nguye\\Katalon Studio\\OrangeHRM\\Reports\\20210819_213101\\Apply Leave\\20210819_213101\\1629384203936.png, C:\\Users\\nguye\\Katalon Studio\\OrangeHRM\\Reports\\20210819_213101\\Apply Leave\\20210819_213101\\1629384217409.png, C:\\Users\\nguye\\Katalon Studio\\OrangeHRM\\Reports\\20210819_213101\\Apply Leave\\20210819_213101\\1629384225775.png, C:\\Users\\nguye\\Katalon Studio\\OrangeHRM\\Reports\\20210819_213101\\Apply Leave\\20210819_213101\\1629384241222.png, C:\\Users\\nguye\\Katalon Studio\\OrangeHRM\\Reports\\20210819_213101\\Apply Leave\\20210819_213101\\1629384249369.png, C:\\Users\\nguye\\Katalon Studio\\OrangeHRM\\Reports\\20210819_213101\\Apply Leave\\20210819_213101\\1629384269682.png, C:\\Users\\nguye\\Katalon Studio\\OrangeHRM\\Reports\\20210819_213101\\Apply Leave\\20210819_213101\\1629384276918.png, C:\\Users\\nguye\\Katalon Studio\\OrangeHRM\\Reports\\20210819_213101\\Apply Leave\\20210819_213101\\1629384295503.png, C:\\Users\\nguye\\Katalon Studio\\OrangeHRM\\Reports\\20210819_213101\\Apply Leave\\20210819_213101\\1629384302544.png, C:\\Users\\nguye\\Katalon Studio\\OrangeHRM\\Reports\\20210819_213101\\Apply Leave\\20210819_213101\\1629384321548.png, C:\\Users\\nguye\\Katalon Studio\\OrangeHRM\\Reports\\20210819_213101\\Apply Leave\\20210819_213101\\1629384330332.png, C:\\Users\\nguye\\Katalon Studio\\OrangeHRM\\Reports\\20210819_213101\\Apply Leave\\20210819_213101\\1629384351102.png, C:\\Users\\nguye\\Katalon Studio\\OrangeHRM\\Reports\\20210819_213101\\Apply Leave\\20210819_213101\\1629384359054.png, C:\\Users\\nguye\\Katalon Studio\\OrangeHRM\\Reports\\20210819_213101\\Apply Leave\\20210819_213101\\1629384379540.png, C:\\Users\\nguye\\Katalon Studio\\OrangeHRM\\Reports\\20210819_213101\\Apply Leave\\20210819_213101\\1629384386756.png, C:\\Users\\nguye\\Katalon Studio\\OrangeHRM\\Reports\\20210819_213101\\Apply Leave\\20210819_213101\\1629384404915.png, C:\\Users\\nguye\\Katalon Studio\\OrangeHRM\\Reports\\20210819_213101\\Apply Leave\\20210819_213101\\1629384413040.png, C:\\Users\\nguye\\Katalon Studio\\OrangeHRM\\Reports\\20210819_213101\\Apply Leave\\20210819_213101\\1629384429060.png, C:\\Users\\nguye\\Katalon Studio\\OrangeHRM\\Reports\\20210819_213101\\Apply Leave\\20210819_213101\\1629384437540.png, C:\\Users\\nguye\\Katalon Studio\\OrangeHRM\\Reports\\20210819_213101\\Apply Leave\\20210819_213101\\1629384454793.png, C:\\Users\\nguye\\Katalon Studio\\OrangeHRM\\Reports\\20210819_213101\\Apply Leave\\20210819_213101\\1629384464168.png, C:\\Users\\nguye\\Katalon Studio\\OrangeHRM\\Reports\\20210819_213101\\Apply Leave\\20210819_213101\\1629384486585.png, C:\\Users\\nguye\\Katalon Studio\\OrangeHRM\\Reports\\20210819_213101\\Apply Leave\\20210819_213101\\1629384495049.png, C:\\Users\\nguye\\Katalon Studio\\OrangeHRM\\Reports\\20210819_213101\\Apply Leave\\20210819_213101\\1629384517928.png, C:\\Users\\nguye\\Katalon Studio\\OrangeHRM\\Reports\\20210819_213101\\Apply Leave\\20210819_213101\\1629384526430.png, C:\\Users\\nguye\\Katalon Studio\\OrangeHRM\\Reports\\20210819_213101\\Apply Leave\\20210819_213101\\1629384543601.png, C:\\Users\\nguye\\Katalon Studio\\OrangeHRM\\Reports\\20210819_213101\\Apply Leave\\20210819_213101\\1629384552493.png, C:\\Users\\nguye\\Katalon Studio\\OrangeHRM\\Reports\\20210819_213101\\Apply Leave\\20210819_213101\\1629384569784.png, C:\\Users\\nguye\\Katalon Studio\\OrangeHRM\\Reports\\20210819_213101\\Apply Leave\\20210819_213101\\1629384578495.png, C:\\Users\\nguye\\Katalon Studio\\OrangeHRM\\Reports\\20210819_213101\\Apply Leave\\20210819_213101\\1629384600710.png, C:\\Users\\nguye\\Katalon Studio\\OrangeHRM\\Reports\\20210819_213101\\Apply Leave\\20210819_213101\\1629384608932.png, C:\\Users\\nguye\\Katalon Studio\\OrangeHRM\\Reports\\20210819_213101\\Apply Leave\\20210819_213101\\1629384632003.png, C:\\Users\\nguye\\Katalon Studio\\OrangeHRM\\Reports\\20210819_213101\\Apply Leave\\20210819_213101\\1629384640247.png, C:\\Users\\nguye\\Katalon Studio\\OrangeHRM\\Reports\\20210819_213101\\Apply Leave\\20210819_213101\\1629384663022.png, C:\\Users\\nguye\\Katalon Studio\\OrangeHRM\\Reports\\20210819_213101\\Apply Leave\\20210819_213101\\1629384670049.png, C:\\Users\\nguye\\Katalon Studio\\OrangeHRM\\Reports\\20210819_213101\\Apply Leave\\20210819_213101\\1629384690702.png, C:\\Users\\nguye\\Katalon Studio\\OrangeHRM\\Reports\\20210819_213101\\Apply Leave\\20210819_213101\\1629384698134.png, C:\\Users\\nguye\\Katalon Studio\\OrangeHRM\\Reports\\20210819_213101\\Apply Leave\\20210819_213101\\1629384718931.png, C:\\Users\\nguye\\Katalon Studio\\OrangeHRM\\Reports\\20210819_213101\\Apply Leave\\20210819_213101\\1629384727120.png, C:\\Users\\nguye\\Katalon Studio\\OrangeHRM\\Reports\\20210819_213101\\Apply Leave\\20210819_213101\\1629384751492.png, C:\\Users\\nguye\\Katalon Studio\\OrangeHRM\\Reports\\20210819_213101\\Apply Leave\\20210819_213101\\1629384760694.png, C:\\Users\\nguye\\Katalon Studio\\OrangeHRM\\Reports\\20210819_213101\\Apply Leave\\20210819_213101\\1629384802186.png, C:\\Users\\nguye\\Katalon Studio\\OrangeHRM\\Reports\\20210819_213101\\Apply Leave\\20210819_213101\\1629384815704.png, C:\\Users\\nguye\\Katalon Studio\\OrangeHRM\\Reports\\20210819_213101\\Apply Leave\\20210819_213101\\1629384854187.png, C:\\Users\\nguye\\Katalon Studio\\OrangeHRM\\Reports\\20210819_213101\\Apply Leave\\20210819_213101\\1629384867560.png, C:\\Users\\nguye\\Katalon Studio\\OrangeHRM\\Reports\\20210819_213101\\Apply Leave\\20210819_213101\\1629384897421.png, C:\\Users\\nguye\\Katalon Studio\\OrangeHRM\\Reports\\20210819_213101\\Apply Leave\\20210819_213101\\1629384910589.png, C:\\Users\\nguye\\Katalon Studio\\OrangeHRM\\Reports\\20210819_213101\\Apply Leave\\20210819_213101\\1629384940504.png, C:\\Users\\nguye\\Katalon Studio\\OrangeHRM\\Reports\\20210819_213101\\Apply Leave\\20210819_213101\\1629384953996.png, C:\\Users\\nguye\\Katalon Studio\\OrangeHRM\\Reports\\20210819_213101\\Apply Leave\\20210819_213101\\1629384991580.png, C:\\Users\\nguye\\Katalon Studio\\OrangeHRM\\Reports\\20210819_213101\\Apply Leave\\20210819_213101\\1629385004659.png, C:\\Users\\nguye\\Katalon Studio\\OrangeHRM\\Reports\\20210819_213101\\Apply Leave\\20210819_213101\\1629385042722.png, C:\\Users\\nguye\\Katalon Studio\\OrangeHRM\\Reports\\20210819_213101\\Apply Leave\\20210819_213101\\1629385055915.png, C:\\Users\\nguye\\Katalon Studio\\OrangeHRM\\Reports\\20210819_213101\\Apply Leave\\20210819_213101\\1629385085643.png, C:\\Users\\nguye\\Katalon Studio\\OrangeHRM\\Reports\\20210819_213101\\Apply Leave\\20210819_213101\\1629385096569.png, C:\\Users\\nguye\\Katalon Studio\\OrangeHRM\\Reports\\20210819_213101\\Apply Leave\\20210819_213101\\1629385122195.png, C:\\Users\\nguye\\Katalon Studio\\OrangeHRM\\Reports\\20210819_213101\\Apply Leave\\20210819_213101\\1629385135391.png, C:\\Users\\nguye\\Katalon Studio\\OrangeHRM\\Reports\\20210819_213101\\Apply Leave\\20210819_213101\\1629385161542.png, C:\\Users\\nguye\\Katalon Studio\\OrangeHRM\\Reports\\20210819_213101\\Apply Leave\\20210819_213101\\1629385172208.png, C:\\Users\\nguye\\Katalon Studio\\OrangeHRM\\Reports\\20210819_213101\\Apply Leave\\20210819_213101\\1629385198412.png, C:\\Users\\nguye\\Katalon Studio\\OrangeHRM\\Reports\\20210819_213101\\Apply Leave\\20210819_213101\\1629385209089.png, C:\\Users\\nguye\\Katalon Studio\\OrangeHRM\\Reports\\20210819_213101\\Apply Leave\\20210819_213101\\1629385236491.png, C:\\Users\\nguye\\Katalon Studio\\OrangeHRM\\Reports\\20210819_213101\\Apply Leave\\20210819_213101\\1629385247348.png, C:\\Users\\nguye\\Katalon Studio\\OrangeHRM\\Reports\\20210819_213101\\Apply Leave\\20210819_213101\\1629385273035.png, C:\\Users\\nguye\\Katalon Studio\\OrangeHRM\\Reports\\20210819_213101\\Apply Leave\\20210819_213101\\1629385286142.png"/>
         <property name="hostName" value="nguye - 192.168.1.9"/>
         <property name="os" value="Windows 10 64bit"/>
         <property name="katalonVersion" value="8.1.0.208"/>
         <property name="browser" value="Chrome 92.0.4515.159"/>
         <property name="hostAddress" value="192.168.1.9"/>
         <property name="sessionId" value="542dad14946cd1ca229dd98b96b3b0c7"/>
         <property name="seleniumVersion" value="3.141.59"/>
         <property name="proxyInformation" value="ProxyInformation { proxyOption=NO_PROXY, proxyServerType=HTTP, username=, password=********, proxyServerAddress=, proxyServerPort=0, executionList=&quot;&quot;, isApplyToDesiredCapabilities=true }"/>
         <property name="platform" value="Windows 10"/>
      </properties>
      <testcase name="Test Cases/Login Successfully" time="10.461" classname="Test Cases/Login Successfully" status="PASSED">
         <system-out><![CDATA[2021-08-19 21:32:08 - [TEST_CASE][PASSED] - Test Cases/Login Successfully: Test Cases/Login Successfully

2021-08-19 21:32:09 - [TEST_STEP][PASSED] - openBrowser(""): Browser is opened with url: ''

2021-08-19 21:32:10 - [MESSAGE][INFO] - Starting 'Chrome' driver

2021-08-19 21:32:10 - [MESSAGE][INFO] - Action delay is set to 0 milliseconds

2021-08-19 21:32:13 - [MESSAGE][PASSED] - Browser is opened with url: ''

2021-08-19 21:32:13 - [TEST_STEP][PASSED] - navigateToUrl("http://localhost/orangehrm/symfony/web/index.php/auth/login"): Navigate to 'http://localhost/orangehrm/symfony/web/index.php/auth/login' successfully

2021-08-19 21:32:14 - [MESSAGE][PASSED] - Navigate to 'http://localhost/orangehrm/symfony/web/index.php/auth/login' successfully

2021-08-19 21:32:14 - [TEST_STEP][PASSED] - setText(findTestObject("Object Repository/Apply Leave/Page_OrangeHRM/input_LOGIN Panel_txtUsername"), username): Text 'katyperry' is set on object 'Object Repository/Apply Leave/Page_OrangeHRM/input_LOGIN Panel_txtUsername'

2021-08-19 21:32:15 - [MESSAGE][PASSED] - Text 'katyperry' is set on object 'Object Repository/Apply Leave/Page_OrangeHRM/input_LOGIN Panel_txtUsername'

2021-08-19 21:32:15 - [TEST_STEP][PASSED] - setEncryptedText(findTestObject("Object Repository/Apply Leave/Page_OrangeHRM/input_Username_txtPassword"), password): Text ****** has been set on object 'Object Repository/Apply Leave/Page_OrangeHRM/input_Username_txtPassword'

2021-08-19 21:32:15 - [MESSAGE][PASSED] - Text ****** has been set on object 'Object Repository/Apply Leave/Page_OrangeHRM/input_Username_txtPassword'

2021-08-19 21:32:15 - [TEST_STEP][PASSED] - click(findTestObject("Object Repository/Apply Leave/Page_OrangeHRM/input_Password_Submit")): Object: 'Object Repository/Apply Leave/Page_OrangeHRM/input_Password_Submit' is clicked on

2021-08-19 21:32:17 - [MESSAGE][PASSED] - Object: 'Object Repository/Apply Leave/Page_OrangeHRM/input_Password_Submit' is clicked on]]></system-out>
         <system-err><![CDATA[]]></system-err>
      </testcase>
      <testcase name="Test Cases/Apply Leave" time="22.98" classname="Test Cases/Apply Leave" status="PASSED">
         <system-out><![CDATA[2021-08-19 21:32:19 - [TEST_CASE][PASSED] - Test Cases/Apply Leave: Test Cases/Apply Leave

2021-08-19 21:32:20 - [TEST_STEP][PASSED] - com.database.mysql.connectDB("localhost", "orangehrm_mysql", "3306", "root", null): com.database.mysql.connectDB is PASSED

2021-08-19 21:32:20 - [MESSAGE][PASSED] - com.database.mysql.connectDB is PASSED

2021-08-19 21:32:20 - [TEST_STEP][PASSED] - com.database.mysql.execute("DELETE FROM `ohrm_leave_request` WHERE `emp_number`=3 AND `date_applied`='2021-09-02' AND `leave_type_id` = 3"): com.database.mysql.execute is PASSED

2021-08-19 21:32:20 - [MESSAGE][PASSED] - com.database.mysql.execute is PASSED

2021-08-19 21:32:20 - [TEST_STEP][PASSED] - com.database.mysql.execute("DELETE FROM `ohrm_leave` WHERE `emp_number` = 3 AND `leave_type_id`=3 and (`date`='2021-09-02' or `date`='2021-09-03') "): com.database.mysql.execute is PASSED

2021-08-19 21:32:20 - [MESSAGE][PASSED] - com.database.mysql.execute is PASSED

2021-08-19 21:32:20 - [TEST_STEP][PASSED] - com.database.mysql.closeDatabaseConnection(): com.database.mysql.closeDatabaseConnection is PASSED

2021-08-19 21:32:20 - [MESSAGE][PASSED] - com.database.mysql.closeDatabaseConnection is PASSED

2021-08-19 21:32:20 - [TEST_STEP][PASSED] - navigateToUrl("http://localhost/orangehrm/symfony/web/index.php/dashboard"): Navigate to 'http://localhost/orangehrm/symfony/web/index.php/dashboard' successfully

2021-08-19 21:32:21 - [MESSAGE][PASSED] - Navigate to 'http://localhost/orangehrm/symfony/web/index.php/dashboard' successfully

2021-08-19 21:32:21 - [TEST_STEP][PASSED] - click(findTestObject("Object Repository/Apply Leave/Page_OrangeHRM/img")): Object: 'Object Repository/Apply Leave/Page_OrangeHRM/img' is clicked on

2021-08-19 21:32:22 - [MESSAGE][PASSED] - Object: 'Object Repository/Apply Leave/Page_OrangeHRM/img' is clicked on

2021-08-19 21:32:22 - [TEST_STEP][PASSED] - selectOptionByValue(findTestObject("Object Repository/Apply Leave/Page_OrangeHRM/select_--Select--MarriageMaternityPersonalS_480ad7"), "3", true): All options with value '3' are selected in object 'Object Repository/Apply Leave/Page_OrangeHRM/select_--Select--MarriageMaternityPersonalS_480ad7'  using regular expression

2021-08-19 21:32:23 - [MESSAGE][PASSED] - All options with value '3' are selected in object 'Object Repository/Apply Leave/Page_OrangeHRM/select_--Select--MarriageMaternityPersonalS_480ad7'  using regular expression

2021-08-19 21:32:23 - [TEST_STEP][PASSED] - setText(findTestObject("Object Repository/Apply Leave/Page_OrangeHRM/input__applyleavetxtFromDate"), from): Text '2021-09-02' is set on object 'Object Repository/Apply Leave/Page_OrangeHRM/input__applyleavetxtFromDate'

2021-08-19 21:32:25 - [MESSAGE][PASSED] - Text '2021-09-02' is set on object 'Object Repository/Apply Leave/Page_OrangeHRM/input__applyleavetxtFromDate'

2021-08-19 21:32:25 - [TEST_STEP][PASSED] - sendKeys(findTestObject("Object Repository/Apply Leave/Page_OrangeHRM/input__applyleavetxtFromDate"), Keys.chord(ENTER)): Keys 'ENTER + ' sent to object: 'Object Repository/Apply Leave/Page_OrangeHRM/input__applyleavetxtFromDate'

2021-08-19 21:32:25 - [MESSAGE][PASSED] - Keys 'ENTER + ' sent to object: 'Object Repository/Apply Leave/Page_OrangeHRM/input__applyleavetxtFromDate'

2021-08-19 21:32:25 - [TEST_STEP][PASSED] - setText(findTestObject("Object Repository/Apply Leave/Page_OrangeHRM/input__applyleavetxtToDate"), to): Text '2021-09-02' is set on object 'Object Repository/Apply Leave/Page_OrangeHRM/input__applyleavetxtToDate'

2021-08-19 21:32:27 - [MESSAGE][PASSED] - Text '2021-09-02' is set on object 'Object Repository/Apply Leave/Page_OrangeHRM/input__applyleavetxtToDate'

2021-08-19 21:32:27 - [TEST_STEP][PASSED] - sendKeys(findTestObject("Object Repository/Apply Leave/Page_OrangeHRM/input__applyleavetxtToDate"), Keys.chord(ENTER)): Keys 'ENTER + ' sent to object: 'Object Repository/Apply Leave/Page_OrangeHRM/input__applyleavetxtToDate'

2021-08-19 21:32:27 - [MESSAGE][PASSED] - Keys 'ENTER + ' sent to object: 'Object Repository/Apply Leave/Page_OrangeHRM/input__applyleavetxtToDate'

2021-08-19 21:32:27 - [TEST_STEP][PASSED] - if (from.equals(to)): null

2021-08-19 21:32:27 - [TEST_STEP][PASSED] - selectOptionByValue(findTestObject("Object Repository/Apply Leave/Page_OrangeHRM/select_Full DayHalf DaySpecify Time"), duration1, true): All options with value 'full_day' are selected in object 'Object Repository/Apply Leave/Page_OrangeHRM/select_Full DayHalf DaySpecify Time'  using regular expression

2021-08-19 21:32:28 - [MESSAGE][PASSED] - All options with value 'full_day' are selected in object 'Object Repository/Apply Leave/Page_OrangeHRM/select_Full DayHalf DaySpecify Time'  using regular expression

2021-08-19 21:32:28 - [TEST_STEP][PASSED] - if (duration1.equals("half_day")): null

2021-08-19 21:32:28 - [TEST_STEP][PASSED] - if (duration1.equals("specify_time")): null

2021-08-19 21:32:28 - [TEST_STEP][PASSED] - scrollToElement(findTestObject("Apply Leave/Page_OrangeHRM/input__applyBtn"), 0): Scroll to object 'Object Repository/Apply Leave/Page_OrangeHRM/input__applyBtn' successfully

2021-08-19 21:32:29 - [MESSAGE][WARNING] - Timeout '0' is invalid. Using default page load timeout: '30'

2021-08-19 21:32:29 - [MESSAGE][PASSED] - Scroll to object 'Object Repository/Apply Leave/Page_OrangeHRM/input__applyBtn' successfully

2021-08-19 21:32:29 - [TEST_STEP][PASSED] - takeScreenshot(): Taking screenshot successfully

2021-08-19 21:32:29 - [MESSAGE][PASSED] - Taking screenshot successfully
[[ATTACHMENT|C:\\Users\\nguye\\Katalon Studio\\OrangeHRM\\Reports\\20210819_213101\\Apply Leave\\20210819_213101\\1629383549567.png]]

2021-08-19 21:32:29 - [TEST_STEP][PASSED] - click(findTestObject("Object Repository/Apply Leave/Page_OrangeHRM/input__applyBtn")): Object: 'Object Repository/Apply Leave/Page_OrangeHRM/input__applyBtn' is clicked on

2021-08-19 21:32:30 - [MESSAGE][PASSED] - Object: 'Object Repository/Apply Leave/Page_OrangeHRM/input__applyBtn' is clicked on

2021-08-19 21:32:30 - [TEST_STEP][PASSED] - navigateToUrl("http://localhost/orangehrm/symfony/web/index.php/leave/viewMyLeaveList/reset/1"): Navigate to 'http://localhost/orangehrm/symfony/web/index.php/leave/viewMyLeaveList/reset/1' successfully

2021-08-19 21:32:31 - [MESSAGE][PASSED] - Navigate to 'http://localhost/orangehrm/symfony/web/index.php/leave/viewMyLeaveList/reset/1' successfully

2021-08-19 21:32:31 - [TEST_STEP][PASSED] - setText(findTestObject("Object Repository/Apply Leave/Page_OrangeHRM/input_From_leaveListcalFromDate"), from): Text '2021-09-02' is set on object 'Object Repository/Apply Leave/Page_OrangeHRM/input_From_leaveListcalFromDate'

2021-08-19 21:32:32 - [MESSAGE][PASSED] - Text '2021-09-02' is set on object 'Object Repository/Apply Leave/Page_OrangeHRM/input_From_leaveListcalFromDate'

2021-08-19 21:32:32 - [TEST_STEP][PASSED] - sendKeys(findTestObject("Object Repository/Apply Leave/Page_OrangeHRM/input_From_leaveListcalFromDate"), Keys.chord(ENTER)): Keys 'ENTER + ' sent to object: 'Object Repository/Apply Leave/Page_OrangeHRM/input_From_leaveListcalFromDate'

2021-08-19 21:32:33 - [MESSAGE][PASSED] - Keys 'ENTER + ' sent to object: 'Object Repository/Apply Leave/Page_OrangeHRM/input_From_leaveListcalFromDate'

2021-08-19 21:32:33 - [TEST_STEP][PASSED] - setText(findTestObject("Object Repository/Apply Leave/Page_OrangeHRM/input_To_leaveListcalToDate"), to): Text '2021-09-02' is set on object 'Object Repository/Apply Leave/Page_OrangeHRM/input_To_leaveListcalToDate'

2021-08-19 21:32:34 - [MESSAGE][PASSED] - Text '2021-09-02' is set on object 'Object Repository/Apply Leave/Page_OrangeHRM/input_To_leaveListcalToDate'

2021-08-19 21:32:34 - [TEST_STEP][PASSED] - sendKeys(findTestObject("Object Repository/Apply Leave/Page_OrangeHRM/input_To_leaveListcalToDate"), Keys.chord(ENTER)): Keys 'ENTER + ' sent to object: 'Object Repository/Apply Leave/Page_OrangeHRM/input_To_leaveListcalToDate'

2021-08-19 21:32:34 - [MESSAGE][PASSED] - Keys 'ENTER + ' sent to object: 'Object Repository/Apply Leave/Page_OrangeHRM/input_To_leaveListcalToDate'

2021-08-19 21:32:34 - [TEST_STEP][PASSED] - uncheck(findTestObject("Object Repository/Apply Leave/Page_OrangeHRM/input_All_leaveList_chkSearchFilter_checkbo_a698f3")): Object 'Object Repository/Apply Leave/Page_OrangeHRM/input_All_leaveList_chkSearchFilter_checkbo_a698f3' is un-checked

2021-08-19 21:32:35 - [MESSAGE][PASSED] - Object 'Object Repository/Apply Leave/Page_OrangeHRM/input_All_leaveList_chkSearchFilter_checkbo_a698f3' is un-checked

2021-08-19 21:32:35 - [TEST_STEP][PASSED] - check(findTestObject("Object Repository/Apply Leave/Page_OrangeHRM/input_Pending Approval_leaveListchkSearchFilter")): Object 'Object Repository/Apply Leave/Page_OrangeHRM/input_Pending Approval_leaveListchkSearchFilter' is checked

2021-08-19 21:32:35 - [MESSAGE][PASSED] - Object 'Object Repository/Apply Leave/Page_OrangeHRM/input_Pending Approval_leaveListchkSearchFilter' is checked

2021-08-19 21:32:35 - [TEST_STEP][PASSED] - click(findTestObject("Object Repository/Apply Leave/Page_OrangeHRM/input_Taken_btnSearch")): Object: 'Object Repository/Apply Leave/Page_OrangeHRM/input_Taken_btnSearch' is clicked on

2021-08-19 21:32:36 - [MESSAGE][PASSED] - Object: 'Object Repository/Apply Leave/Page_OrangeHRM/input_Taken_btnSearch' is clicked on

2021-08-19 21:32:36 - [TEST_STEP][PASSED] - scrollToElement(findTestObject("Apply Leave/Page_OrangeHRM/th_Date"), 0): Scroll to object 'Object Repository/Apply Leave/Page_OrangeHRM/th_Date' successfully

2021-08-19 21:32:36 - [MESSAGE][WARNING] - Timeout '0' is invalid. Using default page load timeout: '30'

2021-08-19 21:32:37 - [MESSAGE][PASSED] - Scroll to object 'Object Repository/Apply Leave/Page_OrangeHRM/th_Date' successfully

2021-08-19 21:32:37 - [TEST_STEP][PASSED] - takeScreenshot(): Taking screenshot successfully

2021-08-19 21:32:38 - [MESSAGE][PASSED] - Taking screenshot successfully
[[ATTACHMENT|C:\\Users\\nguye\\Katalon Studio\\OrangeHRM\\Reports\\20210819_213101\\Apply Leave\\20210819_213101\\1629383557900.png]]

2021-08-19 21:32:38 - [TEST_STEP][PASSED] - if (days.equals("")): null

2021-08-19 21:32:38 - [TEST_STEP][PASSED] - else: Actual text 'Pending Approval(1.00)' and expected text 'Pending Approval(1.00)' are matched 

2021-08-19 21:32:38 - [TEST_STEP][PASSED] - verifyMatch(getText(findTestObject("Object Repository/Apply Leave/Page_OrangeHRM/a_2021-09-02 to 2021-09-03")), date, false, STOP_ON_FAILURE): Actual text '2021-09-02' and expected text '2021-09-02' are matched 

2021-08-19 21:32:38 - [MESSAGE][PASSED] - Text of object 'Object Repository/Apply Leave/Page_OrangeHRM/a_2021-09-02 to 2021-09-03' is: '2021-09-02'

2021-08-19 21:32:38 - [MESSAGE][PASSED] - Actual text '2021-09-02' and expected text '2021-09-02' are matched 

2021-08-19 21:32:38 - [TEST_STEP][PASSED] - verifyMatch(getText(findTestObject("Object Repository/Apply Leave/Page_OrangeHRM/a_Rachel Morris")), fullName, false, STOP_ON_FAILURE): Actual text 'Rachel Morris' and expected text 'Rachel Morris' are matched 

2021-08-19 21:32:38 - [MESSAGE][PASSED] - Text of object 'Object Repository/Apply Leave/Page_OrangeHRM/a_Rachel Morris' is: 'Rachel Morris'

2021-08-19 21:32:39 - [MESSAGE][PASSED] - Actual text 'Rachel Morris' and expected text 'Rachel Morris' are matched 

2021-08-19 21:32:39 - [TEST_STEP][PASSED] - verifyMatch(getText(findTestObject("Object Repository/Apply Leave/Page_OrangeHRM/td_Personal")), leaveType, false, STOP_ON_FAILURE): Actual text 'Personal' and expected text 'Personal' are matched 

2021-08-19 21:32:39 - [MESSAGE][PASSED] - Text of object 'Object Repository/Apply Leave/Page_OrangeHRM/td_Personal' is: 'Personal'

2021-08-19 21:32:39 - [MESSAGE][PASSED] - Actual text 'Personal' and expected text 'Personal' are matched 

2021-08-19 21:32:39 - [TEST_STEP][PASSED] - verifyMatch(25"))).toString(), parseDouble(days).toString(), false, STOP_ON_FAILURE): Actual text '49.0' and expected text '49.0' are matched 

2021-08-19 21:32:39 - [MESSAGE][PASSED] - Text of object 'Object Repository/Apply Leave/Page_OrangeHRM/td_49.25' is: '49.00'

2021-08-19 21:32:39 - [MESSAGE][PASSED] - Actual text '49.0' and expected text '49.0' are matched 

2021-08-19 21:32:39 - [TEST_STEP][PASSED] - verifyMatch(getText(findTestObject("Object Repository/Apply Leave/Page_OrangeHRM/td_0.75")), days, false, STOP_ON_FAILURE): Actual text '1.00' and expected text '1.00' are matched 

2021-08-19 21:32:40 - [MESSAGE][PASSED] - Text of object 'Object Repository/Apply Leave/Page_OrangeHRM/td_0.75' is: '1.00'

2021-08-19 21:32:40 - [MESSAGE][PASSED] - Actual text '1.00' and expected text '1.00' are matched 

2021-08-19 21:32:40 - [TEST_STEP][PASSED] - verifyMatch(getText(findTestObject("Object Repository/Apply Leave/Page_OrangeHRM/a_Pending Approval(0.75)")), status + "(" + days + ")", false, STOP_ON_FAILURE): Actual text 'Pending Approval(1.00)' and expected text 'Pending Approval(1.00)' are matched 

2021-08-19 21:32:40 - [MESSAGE][PASSED] - Text of object 'Object Repository/Apply Leave/Page_OrangeHRM/a_Pending Approval(0.75)' is: 'Pending Approval(1.00)'

2021-08-19 21:32:40 - [MESSAGE][PASSED] - Actual text 'Pending Approval(1.00)' and expected text 'Pending Approval(1.00)' are matched]]></system-out>
         <system-err><![CDATA[]]></system-err>
      </testcase>
      <testcase name="Test Cases/Apply Leave" time="21.849" classname="Test Cases/Apply Leave" status="PASSED">
         <system-out><![CDATA[2021-08-19 21:32:42 - [TEST_CASE][PASSED] - Test Cases/Apply Leave: Test Cases/Apply Leave

2021-08-19 21:32:42 - [TEST_STEP][PASSED] - com.database.mysql.connectDB("localhost", "orangehrm_mysql", "3306", "root", null): com.database.mysql.connectDB is PASSED

2021-08-19 21:32:42 - [MESSAGE][PASSED] - com.database.mysql.connectDB is PASSED

2021-08-19 21:32:42 - [TEST_STEP][PASSED] - com.database.mysql.execute("DELETE FROM `ohrm_leave_request` WHERE `emp_number`=3 AND `date_applied`='2021-09-02' AND `leave_type_id` = 3"): com.database.mysql.execute is PASSED

2021-08-19 21:32:42 - [MESSAGE][PASSED] - com.database.mysql.execute is PASSED

2021-08-19 21:32:42 - [TEST_STEP][PASSED] - com.database.mysql.execute("DELETE FROM `ohrm_leave` WHERE `emp_number` = 3 AND `leave_type_id`=3 and (`date`='2021-09-02' or `date`='2021-09-03') "): com.database.mysql.execute is PASSED

2021-08-19 21:32:42 - [MESSAGE][PASSED] - com.database.mysql.execute is PASSED

2021-08-19 21:32:42 - [TEST_STEP][PASSED] - com.database.mysql.closeDatabaseConnection(): com.database.mysql.closeDatabaseConnection is PASSED

2021-08-19 21:32:42 - [MESSAGE][PASSED] - com.database.mysql.closeDatabaseConnection is PASSED

2021-08-19 21:32:42 - [TEST_STEP][PASSED] - navigateToUrl("http://localhost/orangehrm/symfony/web/index.php/dashboard"): Navigate to 'http://localhost/orangehrm/symfony/web/index.php/dashboard' successfully

2021-08-19 21:32:43 - [MESSAGE][PASSED] - Navigate to 'http://localhost/orangehrm/symfony/web/index.php/dashboard' successfully

2021-08-19 21:32:43 - [TEST_STEP][PASSED] - click(findTestObject("Object Repository/Apply Leave/Page_OrangeHRM/img")): Object: 'Object Repository/Apply Leave/Page_OrangeHRM/img' is clicked on

2021-08-19 21:32:44 - [MESSAGE][PASSED] - Object: 'Object Repository/Apply Leave/Page_OrangeHRM/img' is clicked on

2021-08-19 21:32:44 - [TEST_STEP][PASSED] - selectOptionByValue(findTestObject("Object Repository/Apply Leave/Page_OrangeHRM/select_--Select--MarriageMaternityPersonalS_480ad7"), "3", true): All options with value '3' are selected in object 'Object Repository/Apply Leave/Page_OrangeHRM/select_--Select--MarriageMaternityPersonalS_480ad7'  using regular expression

2021-08-19 21:32:45 - [MESSAGE][PASSED] - All options with value '3' are selected in object 'Object Repository/Apply Leave/Page_OrangeHRM/select_--Select--MarriageMaternityPersonalS_480ad7'  using regular expression

2021-08-19 21:32:45 - [TEST_STEP][PASSED] - setText(findTestObject("Object Repository/Apply Leave/Page_OrangeHRM/input__applyleavetxtFromDate"), from): Text '2021-09-02' is set on object 'Object Repository/Apply Leave/Page_OrangeHRM/input__applyleavetxtFromDate'

2021-08-19 21:32:46 - [MESSAGE][PASSED] - Text '2021-09-02' is set on object 'Object Repository/Apply Leave/Page_OrangeHRM/input__applyleavetxtFromDate'

2021-08-19 21:32:46 - [TEST_STEP][PASSED] - sendKeys(findTestObject("Object Repository/Apply Leave/Page_OrangeHRM/input__applyleavetxtFromDate"), Keys.chord(ENTER)): Keys 'ENTER + ' sent to object: 'Object Repository/Apply Leave/Page_OrangeHRM/input__applyleavetxtFromDate'

2021-08-19 21:32:47 - [MESSAGE][PASSED] - Keys 'ENTER + ' sent to object: 'Object Repository/Apply Leave/Page_OrangeHRM/input__applyleavetxtFromDate'

2021-08-19 21:32:47 - [TEST_STEP][PASSED] - setText(findTestObject("Object Repository/Apply Leave/Page_OrangeHRM/input__applyleavetxtToDate"), to): Text '2021-09-02' is set on object 'Object Repository/Apply Leave/Page_OrangeHRM/input__applyleavetxtToDate'

2021-08-19 21:32:48 - [MESSAGE][PASSED] - Text '2021-09-02' is set on object 'Object Repository/Apply Leave/Page_OrangeHRM/input__applyleavetxtToDate'

2021-08-19 21:32:48 - [TEST_STEP][PASSED] - sendKeys(findTestObject("Object Repository/Apply Leave/Page_OrangeHRM/input__applyleavetxtToDate"), Keys.chord(ENTER)): Keys 'ENTER + ' sent to object: 'Object Repository/Apply Leave/Page_OrangeHRM/input__applyleavetxtToDate'

2021-08-19 21:32:49 - [MESSAGE][PASSED] - Keys 'ENTER + ' sent to object: 'Object Repository/Apply Leave/Page_OrangeHRM/input__applyleavetxtToDate'

2021-08-19 21:32:49 - [TEST_STEP][PASSED] - if (from.equals(to)): null

2021-08-19 21:32:49 - [TEST_STEP][PASSED] - selectOptionByValue(findTestObject("Object Repository/Apply Leave/Page_OrangeHRM/select_Full DayHalf DaySpecify Time"), duration1, true): All options with value 'half_day' are selected in object 'Object Repository/Apply Leave/Page_OrangeHRM/select_Full DayHalf DaySpecify Time'  using regular expression

2021-08-19 21:32:50 - [MESSAGE][PASSED] - All options with value 'half_day' are selected in object 'Object Repository/Apply Leave/Page_OrangeHRM/select_Full DayHalf DaySpecify Time'  using regular expression

2021-08-19 21:32:50 - [TEST_STEP][PASSED] - if (duration1.equals("half_day")): All options with value 'AM' are selected in object 'Object Repository/Apply Leave/Page_OrangeHRM/select_MorningAfternoon'  using regular expression

2021-08-19 21:32:50 - [TEST_STEP][PASSED] - selectOptionByValue(findTestObject("Object Repository/Apply Leave/Page_OrangeHRM/select_MorningAfternoon"), duration2, true): All options with value 'AM' are selected in object 'Object Repository/Apply Leave/Page_OrangeHRM/select_MorningAfternoon'  using regular expression

2021-08-19 21:32:51 - [MESSAGE][PASSED] - All options with value 'AM' are selected in object 'Object Repository/Apply Leave/Page_OrangeHRM/select_MorningAfternoon'  using regular expression

2021-08-19 21:32:51 - [TEST_STEP][PASSED] - if (duration1.equals("specify_time")): null

2021-08-19 21:32:51 - [TEST_STEP][PASSED] - scrollToElement(findTestObject("Apply Leave/Page_OrangeHRM/input__applyBtn"), 0): Scroll to object 'Object Repository/Apply Leave/Page_OrangeHRM/input__applyBtn' successfully

2021-08-19 21:32:51 - [MESSAGE][WARNING] - Timeout '0' is invalid. Using default page load timeout: '30'

2021-08-19 21:32:51 - [MESSAGE][PASSED] - Scroll to object 'Object Repository/Apply Leave/Page_OrangeHRM/input__applyBtn' successfully

2021-08-19 21:32:51 - [TEST_STEP][PASSED] - takeScreenshot(): Taking screenshot successfully

2021-08-19 21:32:52 - [MESSAGE][PASSED] - Taking screenshot successfully
[[ATTACHMENT|C:\\Users\\nguye\\Katalon Studio\\OrangeHRM\\Reports\\20210819_213101\\Apply Leave\\20210819_213101\\1629383572193.png]]

2021-08-19 21:32:52 - [TEST_STEP][PASSED] - click(findTestObject("Object Repository/Apply Leave/Page_OrangeHRM/input__applyBtn")): Object: 'Object Repository/Apply Leave/Page_OrangeHRM/input__applyBtn' is clicked on

2021-08-19 21:32:53 - [MESSAGE][PASSED] - Object: 'Object Repository/Apply Leave/Page_OrangeHRM/input__applyBtn' is clicked on

2021-08-19 21:32:53 - [TEST_STEP][PASSED] - navigateToUrl("http://localhost/orangehrm/symfony/web/index.php/leave/viewMyLeaveList/reset/1"): Navigate to 'http://localhost/orangehrm/symfony/web/index.php/leave/viewMyLeaveList/reset/1' successfully

2021-08-19 21:32:54 - [MESSAGE][PASSED] - Navigate to 'http://localhost/orangehrm/symfony/web/index.php/leave/viewMyLeaveList/reset/1' successfully

2021-08-19 21:32:54 - [TEST_STEP][PASSED] - setText(findTestObject("Object Repository/Apply Leave/Page_OrangeHRM/input_From_leaveListcalFromDate"), from): Text '2021-09-02' is set on object 'Object Repository/Apply Leave/Page_OrangeHRM/input_From_leaveListcalFromDate'

2021-08-19 21:32:55 - [MESSAGE][PASSED] - Text '2021-09-02' is set on object 'Object Repository/Apply Leave/Page_OrangeHRM/input_From_leaveListcalFromDate'

2021-08-19 21:32:55 - [TEST_STEP][PASSED] - sendKeys(findTestObject("Object Repository/Apply Leave/Page_OrangeHRM/input_From_leaveListcalFromDate"), Keys.chord(ENTER)): Keys 'ENTER + ' sent to object: 'Object Repository/Apply Leave/Page_OrangeHRM/input_From_leaveListcalFromDate'

2021-08-19 21:32:56 - [MESSAGE][PASSED] - Keys 'ENTER + ' sent to object: 'Object Repository/Apply Leave/Page_OrangeHRM/input_From_leaveListcalFromDate'

2021-08-19 21:32:56 - [TEST_STEP][PASSED] - setText(findTestObject("Object Repository/Apply Leave/Page_OrangeHRM/input_To_leaveListcalToDate"), to): Text '2021-09-02' is set on object 'Object Repository/Apply Leave/Page_OrangeHRM/input_To_leaveListcalToDate'

2021-08-19 21:32:56 - [MESSAGE][PASSED] - Text '2021-09-02' is set on object 'Object Repository/Apply Leave/Page_OrangeHRM/input_To_leaveListcalToDate'

2021-08-19 21:32:56 - [TEST_STEP][PASSED] - sendKeys(findTestObject("Object Repository/Apply Leave/Page_OrangeHRM/input_To_leaveListcalToDate"), Keys.chord(ENTER)): Keys 'ENTER + ' sent to object: 'Object Repository/Apply Leave/Page_OrangeHRM/input_To_leaveListcalToDate'

2021-08-19 21:32:57 - [MESSAGE][PASSED] - Keys 'ENTER + ' sent to object: 'Object Repository/Apply Leave/Page_OrangeHRM/input_To_leaveListcalToDate'

2021-08-19 21:32:57 - [TEST_STEP][PASSED] - uncheck(findTestObject("Object Repository/Apply Leave/Page_OrangeHRM/input_All_leaveList_chkSearchFilter_checkbo_a698f3")): Object 'Object Repository/Apply Leave/Page_OrangeHRM/input_All_leaveList_chkSearchFilter_checkbo_a698f3' is un-checked

2021-08-19 21:32:57 - [MESSAGE][PASSED] - Object 'Object Repository/Apply Leave/Page_OrangeHRM/input_All_leaveList_chkSearchFilter_checkbo_a698f3' is un-checked

2021-08-19 21:32:57 - [TEST_STEP][PASSED] - check(findTestObject("Object Repository/Apply Leave/Page_OrangeHRM/input_Pending Approval_leaveListchkSearchFilter")): Object 'Object Repository/Apply Leave/Page_OrangeHRM/input_Pending Approval_leaveListchkSearchFilter' is checked

2021-08-19 21:32:58 - [MESSAGE][PASSED] - Object 'Object Repository/Apply Leave/Page_OrangeHRM/input_Pending Approval_leaveListchkSearchFilter' is checked

2021-08-19 21:32:58 - [TEST_STEP][PASSED] - click(findTestObject("Object Repository/Apply Leave/Page_OrangeHRM/input_Taken_btnSearch")): Object: 'Object Repository/Apply Leave/Page_OrangeHRM/input_Taken_btnSearch' is clicked on

2021-08-19 21:32:59 - [MESSAGE][PASSED] - Object: 'Object Repository/Apply Leave/Page_OrangeHRM/input_Taken_btnSearch' is clicked on

2021-08-19 21:32:59 - [TEST_STEP][PASSED] - scrollToElement(findTestObject("Apply Leave/Page_OrangeHRM/th_Date"), 0): Scroll to object 'Object Repository/Apply Leave/Page_OrangeHRM/th_Date' successfully

2021-08-19 21:32:59 - [MESSAGE][WARNING] - Timeout '0' is invalid. Using default page load timeout: '30'

2021-08-19 21:33:00 - [MESSAGE][PASSED] - Scroll to object 'Object Repository/Apply Leave/Page_OrangeHRM/th_Date' successfully

2021-08-19 21:33:00 - [TEST_STEP][PASSED] - takeScreenshot(): Taking screenshot successfully

2021-08-19 21:33:00 - [MESSAGE][PASSED] - Taking screenshot successfully
[[ATTACHMENT|C:\\Users\\nguye\\Katalon Studio\\OrangeHRM\\Reports\\20210819_213101\\Apply Leave\\20210819_213101\\1629383580252.png]]

2021-08-19 21:33:00 - [TEST_STEP][PASSED] - if (days.equals("")): null

2021-08-19 21:33:00 - [TEST_STEP][PASSED] - else: Actual text 'Pending Approval(0.50)' and expected text 'Pending Approval(0.50)' are matched 

2021-08-19 21:33:00 - [TEST_STEP][PASSED] - verifyMatch(getText(findTestObject("Object Repository/Apply Leave/Page_OrangeHRM/a_2021-09-02 to 2021-09-03")), date, false, STOP_ON_FAILURE): Actual text '2021-09-02 (09:00 - 13:00) Half Day' and expected text '2021-09-02 (09:00 - 13:00) Half Day' are matched 

2021-08-19 21:33:00 - [MESSAGE][PASSED] - Text of object 'Object Repository/Apply Leave/Page_OrangeHRM/a_2021-09-02 to 2021-09-03' is: '2021-09-02 (09:00 - 13:00) Half Day'

2021-08-19 21:33:00 - [MESSAGE][PASSED] - Actual text '2021-09-02 (09:00 - 13:00) Half Day' and expected text '2021-09-02 (09:00 - 13:00) Half Day' are matched 

2021-08-19 21:33:00 - [TEST_STEP][PASSED] - verifyMatch(getText(findTestObject("Object Repository/Apply Leave/Page_OrangeHRM/a_Rachel Morris")), fullName, false, STOP_ON_FAILURE): Actual text 'Rachel Morris' and expected text 'Rachel Morris' are matched 

2021-08-19 21:33:01 - [MESSAGE][PASSED] - Text of object 'Object Repository/Apply Leave/Page_OrangeHRM/a_Rachel Morris' is: 'Rachel Morris'

2021-08-19 21:33:01 - [MESSAGE][PASSED] - Actual text 'Rachel Morris' and expected text 'Rachel Morris' are matched 

2021-08-19 21:33:01 - [TEST_STEP][PASSED] - verifyMatch(getText(findTestObject("Object Repository/Apply Leave/Page_OrangeHRM/td_Personal")), leaveType, false, STOP_ON_FAILURE): Actual text 'Personal' and expected text 'Personal' are matched 

2021-08-19 21:33:01 - [MESSAGE][PASSED] - Text of object 'Object Repository/Apply Leave/Page_OrangeHRM/td_Personal' is: 'Personal'

2021-08-19 21:33:01 - [MESSAGE][PASSED] - Actual text 'Personal' and expected text 'Personal' are matched 

2021-08-19 21:33:01 - [TEST_STEP][PASSED] - verifyMatch(25"))).toString(), parseDouble(days).toString(), false, STOP_ON_FAILURE): Actual text '49.5' and expected text '49.5' are matched 

2021-08-19 21:33:01 - [MESSAGE][PASSED] - Text of object 'Object Repository/Apply Leave/Page_OrangeHRM/td_49.25' is: '49.50'

2021-08-19 21:33:01 - [MESSAGE][PASSED] - Actual text '49.5' and expected text '49.5' are matched 

2021-08-19 21:33:01 - [TEST_STEP][PASSED] - verifyMatch(getText(findTestObject("Object Repository/Apply Leave/Page_OrangeHRM/td_0.75")), days, false, STOP_ON_FAILURE): Actual text '0.50' and expected text '0.50' are matched 

2021-08-19 21:33:02 - [MESSAGE][PASSED] - Text of object 'Object Repository/Apply Leave/Page_OrangeHRM/td_0.75' is: '0.50'

2021-08-19 21:33:02 - [MESSAGE][PASSED] - Actual text '0.50' and expected text '0.50' are matched 

2021-08-19 21:33:02 - [TEST_STEP][PASSED] - verifyMatch(getText(findTestObject("Object Repository/Apply Leave/Page_OrangeHRM/a_Pending Approval(0.75)")), status + "(" + days + ")", false, STOP_ON_FAILURE): Actual text 'Pending Approval(0.50)' and expected text 'Pending Approval(0.50)' are matched 

2021-08-19 21:33:02 - [MESSAGE][PASSED] - Text of object 'Object Repository/Apply Leave/Page_OrangeHRM/a_Pending Approval(0.75)' is: 'Pending Approval(0.50)'

2021-08-19 21:33:02 - [MESSAGE][PASSED] - Actual text 'Pending Approval(0.50)' and expected text 'Pending Approval(0.50)' are matched]]></system-out>
         <system-err><![CDATA[]]></system-err>
      </testcase>
      <testcase name="Test Cases/Apply Leave" time="21.92" classname="Test Cases/Apply Leave" status="PASSED">
         <system-out><![CDATA[2021-08-19 21:33:04 - [TEST_CASE][PASSED] - Test Cases/Apply Leave: Test Cases/Apply Leave

2021-08-19 21:33:04 - [TEST_STEP][PASSED] - com.database.mysql.connectDB("localhost", "orangehrm_mysql", "3306", "root", null): com.database.mysql.connectDB is PASSED

2021-08-19 21:33:04 - [MESSAGE][PASSED] - com.database.mysql.connectDB is PASSED

2021-08-19 21:33:04 - [TEST_STEP][PASSED] - com.database.mysql.execute("DELETE FROM `ohrm_leave_request` WHERE `emp_number`=3 AND `date_applied`='2021-09-02' AND `leave_type_id` = 3"): com.database.mysql.execute is PASSED

2021-08-19 21:33:04 - [MESSAGE][PASSED] - com.database.mysql.execute is PASSED

2021-08-19 21:33:04 - [TEST_STEP][PASSED] - com.database.mysql.execute("DELETE FROM `ohrm_leave` WHERE `emp_number` = 3 AND `leave_type_id`=3 and (`date`='2021-09-02' or `date`='2021-09-03') "): com.database.mysql.execute is PASSED

2021-08-19 21:33:04 - [MESSAGE][PASSED] - com.database.mysql.execute is PASSED

2021-08-19 21:33:04 - [TEST_STEP][PASSED] - com.database.mysql.closeDatabaseConnection(): com.database.mysql.closeDatabaseConnection is PASSED

2021-08-19 21:33:04 - [MESSAGE][PASSED] - com.database.mysql.closeDatabaseConnection is PASSED

2021-08-19 21:33:04 - [TEST_STEP][PASSED] - navigateToUrl("http://localhost/orangehrm/symfony/web/index.php/dashboard"): Navigate to 'http://localhost/orangehrm/symfony/web/index.php/dashboard' successfully

2021-08-19 21:33:04 - [MESSAGE][PASSED] - Navigate to 'http://localhost/orangehrm/symfony/web/index.php/dashboard' successfully

2021-08-19 21:33:04 - [TEST_STEP][PASSED] - click(findTestObject("Object Repository/Apply Leave/Page_OrangeHRM/img")): Object: 'Object Repository/Apply Leave/Page_OrangeHRM/img' is clicked on

2021-08-19 21:33:05 - [MESSAGE][PASSED] - Object: 'Object Repository/Apply Leave/Page_OrangeHRM/img' is clicked on

2021-08-19 21:33:05 - [TEST_STEP][PASSED] - selectOptionByValue(findTestObject("Object Repository/Apply Leave/Page_OrangeHRM/select_--Select--MarriageMaternityPersonalS_480ad7"), "3", true): All options with value '3' are selected in object 'Object Repository/Apply Leave/Page_OrangeHRM/select_--Select--MarriageMaternityPersonalS_480ad7'  using regular expression

2021-08-19 21:33:07 - [MESSAGE][PASSED] - All options with value '3' are selected in object 'Object Repository/Apply Leave/Page_OrangeHRM/select_--Select--MarriageMaternityPersonalS_480ad7'  using regular expression

2021-08-19 21:33:07 - [TEST_STEP][PASSED] - setText(findTestObject("Object Repository/Apply Leave/Page_OrangeHRM/input__applyleavetxtFromDate"), from): Text '2021-09-02' is set on object 'Object Repository/Apply Leave/Page_OrangeHRM/input__applyleavetxtFromDate'

2021-08-19 21:33:08 - [MESSAGE][PASSED] - Text '2021-09-02' is set on object 'Object Repository/Apply Leave/Page_OrangeHRM/input__applyleavetxtFromDate'

2021-08-19 21:33:08 - [TEST_STEP][PASSED] - sendKeys(findTestObject("Object Repository/Apply Leave/Page_OrangeHRM/input__applyleavetxtFromDate"), Keys.chord(ENTER)): Keys 'ENTER + ' sent to object: 'Object Repository/Apply Leave/Page_OrangeHRM/input__applyleavetxtFromDate'

2021-08-19 21:33:09 - [MESSAGE][PASSED] - Keys 'ENTER + ' sent to object: 'Object Repository/Apply Leave/Page_OrangeHRM/input__applyleavetxtFromDate'

2021-08-19 21:33:09 - [TEST_STEP][PASSED] - setText(findTestObject("Object Repository/Apply Leave/Page_OrangeHRM/input__applyleavetxtToDate"), to): Text '2021-09-02' is set on object 'Object Repository/Apply Leave/Page_OrangeHRM/input__applyleavetxtToDate'

2021-08-19 21:33:10 - [MESSAGE][PASSED] - Text '2021-09-02' is set on object 'Object Repository/Apply Leave/Page_OrangeHRM/input__applyleavetxtToDate'

2021-08-19 21:33:10 - [TEST_STEP][PASSED] - sendKeys(findTestObject("Object Repository/Apply Leave/Page_OrangeHRM/input__applyleavetxtToDate"), Keys.chord(ENTER)): Keys 'ENTER + ' sent to object: 'Object Repository/Apply Leave/Page_OrangeHRM/input__applyleavetxtToDate'

2021-08-19 21:33:11 - [MESSAGE][PASSED] - Keys 'ENTER + ' sent to object: 'Object Repository/Apply Leave/Page_OrangeHRM/input__applyleavetxtToDate'

2021-08-19 21:33:11 - [TEST_STEP][PASSED] - if (from.equals(to)): null

2021-08-19 21:33:11 - [TEST_STEP][PASSED] - selectOptionByValue(findTestObject("Object Repository/Apply Leave/Page_OrangeHRM/select_Full DayHalf DaySpecify Time"), duration1, true): All options with value 'half_day' are selected in object 'Object Repository/Apply Leave/Page_OrangeHRM/select_Full DayHalf DaySpecify Time'  using regular expression

2021-08-19 21:33:12 - [MESSAGE][PASSED] - All options with value 'half_day' are selected in object 'Object Repository/Apply Leave/Page_OrangeHRM/select_Full DayHalf DaySpecify Time'  using regular expression

2021-08-19 21:33:12 - [TEST_STEP][PASSED] - if (duration1.equals("half_day")): All options with value 'PM' are selected in object 'Object Repository/Apply Leave/Page_OrangeHRM/select_MorningAfternoon'  using regular expression

2021-08-19 21:33:12 - [TEST_STEP][PASSED] - selectOptionByValue(findTestObject("Object Repository/Apply Leave/Page_OrangeHRM/select_MorningAfternoon"), duration2, true): All options with value 'PM' are selected in object 'Object Repository/Apply Leave/Page_OrangeHRM/select_MorningAfternoon'  using regular expression

2021-08-19 21:33:13 - [MESSAGE][PASSED] - All options with value 'PM' are selected in object 'Object Repository/Apply Leave/Page_OrangeHRM/select_MorningAfternoon'  using regular expression

2021-08-19 21:33:13 - [TEST_STEP][PASSED] - if (duration1.equals("specify_time")): null

2021-08-19 21:33:13 - [TEST_STEP][PASSED] - scrollToElement(findTestObject("Apply Leave/Page_OrangeHRM/input__applyBtn"), 0): Scroll to object 'Object Repository/Apply Leave/Page_OrangeHRM/input__applyBtn' successfully

2021-08-19 21:33:13 - [MESSAGE][WARNING] - Timeout '0' is invalid. Using default page load timeout: '30'

2021-08-19 21:33:13 - [MESSAGE][PASSED] - Scroll to object 'Object Repository/Apply Leave/Page_OrangeHRM/input__applyBtn' successfully

2021-08-19 21:33:13 - [TEST_STEP][PASSED] - takeScreenshot(): Taking screenshot successfully

2021-08-19 21:33:14 - [MESSAGE][PASSED] - Taking screenshot successfully
[[ATTACHMENT|C:\\Users\\nguye\\Katalon Studio\\OrangeHRM\\Reports\\20210819_213101\\Apply Leave\\20210819_213101\\1629383594228.png]]

2021-08-19 21:33:14 - [TEST_STEP][PASSED] - click(findTestObject("Object Repository/Apply Leave/Page_OrangeHRM/input__applyBtn")): Object: 'Object Repository/Apply Leave/Page_OrangeHRM/input__applyBtn' is clicked on

2021-08-19 21:33:15 - [MESSAGE][PASSED] - Object: 'Object Repository/Apply Leave/Page_OrangeHRM/input__applyBtn' is clicked on

2021-08-19 21:33:15 - [TEST_STEP][PASSED] - navigateToUrl("http://localhost/orangehrm/symfony/web/index.php/leave/viewMyLeaveList/reset/1"): Navigate to 'http://localhost/orangehrm/symfony/web/index.php/leave/viewMyLeaveList/reset/1' successfully

2021-08-19 21:33:16 - [MESSAGE][PASSED] - Navigate to 'http://localhost/orangehrm/symfony/web/index.php/leave/viewMyLeaveList/reset/1' successfully

2021-08-19 21:33:16 - [TEST_STEP][PASSED] - setText(findTestObject("Object Repository/Apply Leave/Page_OrangeHRM/input_From_leaveListcalFromDate"), from): Text '2021-09-02' is set on object 'Object Repository/Apply Leave/Page_OrangeHRM/input_From_leaveListcalFromDate'

2021-08-19 21:33:17 - [MESSAGE][PASSED] - Text '2021-09-02' is set on object 'Object Repository/Apply Leave/Page_OrangeHRM/input_From_leaveListcalFromDate'

2021-08-19 21:33:17 - [TEST_STEP][PASSED] - sendKeys(findTestObject("Object Repository/Apply Leave/Page_OrangeHRM/input_From_leaveListcalFromDate"), Keys.chord(ENTER)): Keys 'ENTER + ' sent to object: 'Object Repository/Apply Leave/Page_OrangeHRM/input_From_leaveListcalFromDate'

2021-08-19 21:33:18 - [MESSAGE][PASSED] - Keys 'ENTER + ' sent to object: 'Object Repository/Apply Leave/Page_OrangeHRM/input_From_leaveListcalFromDate'

2021-08-19 21:33:18 - [TEST_STEP][PASSED] - setText(findTestObject("Object Repository/Apply Leave/Page_OrangeHRM/input_To_leaveListcalToDate"), to): Text '2021-09-02' is set on object 'Object Repository/Apply Leave/Page_OrangeHRM/input_To_leaveListcalToDate'

2021-08-19 21:33:19 - [MESSAGE][PASSED] - Text '2021-09-02' is set on object 'Object Repository/Apply Leave/Page_OrangeHRM/input_To_leaveListcalToDate'

2021-08-19 21:33:19 - [TEST_STEP][PASSED] - sendKeys(findTestObject("Object Repository/Apply Leave/Page_OrangeHRM/input_To_leaveListcalToDate"), Keys.chord(ENTER)): Keys 'ENTER + ' sent to object: 'Object Repository/Apply Leave/Page_OrangeHRM/input_To_leaveListcalToDate'

2021-08-19 21:33:19 - [MESSAGE][PASSED] - Keys 'ENTER + ' sent to object: 'Object Repository/Apply Leave/Page_OrangeHRM/input_To_leaveListcalToDate'

2021-08-19 21:33:19 - [TEST_STEP][PASSED] - uncheck(findTestObject("Object Repository/Apply Leave/Page_OrangeHRM/input_All_leaveList_chkSearchFilter_checkbo_a698f3")): Object 'Object Repository/Apply Leave/Page_OrangeHRM/input_All_leaveList_chkSearchFilter_checkbo_a698f3' is un-checked

2021-08-19 21:33:19 - [MESSAGE][PASSED] - Object 'Object Repository/Apply Leave/Page_OrangeHRM/input_All_leaveList_chkSearchFilter_checkbo_a698f3' is un-checked

2021-08-19 21:33:19 - [TEST_STEP][PASSED] - check(findTestObject("Object Repository/Apply Leave/Page_OrangeHRM/input_Pending Approval_leaveListchkSearchFilter")): Object 'Object Repository/Apply Leave/Page_OrangeHRM/input_Pending Approval_leaveListchkSearchFilter' is checked

2021-08-19 21:33:20 - [MESSAGE][PASSED] - Object 'Object Repository/Apply Leave/Page_OrangeHRM/input_Pending Approval_leaveListchkSearchFilter' is checked

2021-08-19 21:33:20 - [TEST_STEP][PASSED] - click(findTestObject("Object Repository/Apply Leave/Page_OrangeHRM/input_Taken_btnSearch")): Object: 'Object Repository/Apply Leave/Page_OrangeHRM/input_Taken_btnSearch' is clicked on

2021-08-19 21:33:21 - [MESSAGE][PASSED] - Object: 'Object Repository/Apply Leave/Page_OrangeHRM/input_Taken_btnSearch' is clicked on

2021-08-19 21:33:21 - [TEST_STEP][PASSED] - scrollToElement(findTestObject("Apply Leave/Page_OrangeHRM/th_Date"), 0): Scroll to object 'Object Repository/Apply Leave/Page_OrangeHRM/th_Date' successfully

2021-08-19 21:33:21 - [MESSAGE][WARNING] - Timeout '0' is invalid. Using default page load timeout: '30'

2021-08-19 21:33:21 - [MESSAGE][PASSED] - Scroll to object 'Object Repository/Apply Leave/Page_OrangeHRM/th_Date' successfully

2021-08-19 21:33:21 - [TEST_STEP][PASSED] - takeScreenshot(): Taking screenshot successfully

2021-08-19 21:33:22 - [MESSAGE][PASSED] - Taking screenshot successfully
[[ATTACHMENT|C:\\Users\\nguye\\Katalon Studio\\OrangeHRM\\Reports\\20210819_213101\\Apply Leave\\20210819_213101\\1629383602155.png]]

2021-08-19 21:33:22 - [TEST_STEP][PASSED] - if (days.equals("")): null

2021-08-19 21:33:22 - [TEST_STEP][PASSED] - else: Actual text 'Pending Approval(0.50)' and expected text 'Pending Approval(0.50)' are matched 

2021-08-19 21:33:22 - [TEST_STEP][PASSED] - verifyMatch(getText(findTestObject("Object Repository/Apply Leave/Page_OrangeHRM/a_2021-09-02 to 2021-09-03")), date, false, STOP_ON_FAILURE): Actual text '2021-09-02 (13:00 - 17:00) Half Day' and expected text '2021-09-02 (13:00 - 17:00) Half Day' are matched 

2021-08-19 21:33:22 - [MESSAGE][PASSED] - Text of object 'Object Repository/Apply Leave/Page_OrangeHRM/a_2021-09-02 to 2021-09-03' is: '2021-09-02 (13:00 - 17:00) Half Day'

2021-08-19 21:33:22 - [MESSAGE][PASSED] - Actual text '2021-09-02 (13:00 - 17:00) Half Day' and expected text '2021-09-02 (13:00 - 17:00) Half Day' are matched 

2021-08-19 21:33:22 - [TEST_STEP][PASSED] - verifyMatch(getText(findTestObject("Object Repository/Apply Leave/Page_OrangeHRM/a_Rachel Morris")), fullName, false, STOP_ON_FAILURE): Actual text 'Rachel Morris' and expected text 'Rachel Morris' are matched 

2021-08-19 21:33:22 - [MESSAGE][PASSED] - Text of object 'Object Repository/Apply Leave/Page_OrangeHRM/a_Rachel Morris' is: 'Rachel Morris'

2021-08-19 21:33:22 - [MESSAGE][PASSED] - Actual text 'Rachel Morris' and expected text 'Rachel Morris' are matched 

2021-08-19 21:33:22 - [TEST_STEP][PASSED] - verifyMatch(getText(findTestObject("Object Repository/Apply Leave/Page_OrangeHRM/td_Personal")), leaveType, false, STOP_ON_FAILURE): Actual text 'Personal' and expected text 'Personal' are matched 

2021-08-19 21:33:23 - [MESSAGE][PASSED] - Text of object 'Object Repository/Apply Leave/Page_OrangeHRM/td_Personal' is: 'Personal'

2021-08-19 21:33:23 - [MESSAGE][PASSED] - Actual text 'Personal' and expected text 'Personal' are matched 

2021-08-19 21:33:23 - [TEST_STEP][PASSED] - verifyMatch(25"))).toString(), parseDouble(days).toString(), false, STOP_ON_FAILURE): Actual text '49.5' and expected text '49.5' are matched 

2021-08-19 21:33:23 - [MESSAGE][PASSED] - Text of object 'Object Repository/Apply Leave/Page_OrangeHRM/td_49.25' is: '49.50'

2021-08-19 21:33:23 - [MESSAGE][PASSED] - Actual text '49.5' and expected text '49.5' are matched 

2021-08-19 21:33:23 - [TEST_STEP][PASSED] - verifyMatch(getText(findTestObject("Object Repository/Apply Leave/Page_OrangeHRM/td_0.75")), days, false, STOP_ON_FAILURE): Actual text '0.50' and expected text '0.50' are matched 

2021-08-19 21:33:24 - [MESSAGE][PASSED] - Text of object 'Object Repository/Apply Leave/Page_OrangeHRM/td_0.75' is: '0.50'

2021-08-19 21:33:24 - [MESSAGE][PASSED] - Actual text '0.50' and expected text '0.50' are matched 

2021-08-19 21:33:24 - [TEST_STEP][PASSED] - verifyMatch(getText(findTestObject("Object Repository/Apply Leave/Page_OrangeHRM/a_Pending Approval(0.75)")), status + "(" + days + ")", false, STOP_ON_FAILURE): Actual text 'Pending Approval(0.50)' and expected text 'Pending Approval(0.50)' are matched 

2021-08-19 21:33:24 - [MESSAGE][PASSED] - Text of object 'Object Repository/Apply Leave/Page_OrangeHRM/a_Pending Approval(0.75)' is: 'Pending Approval(0.50)'

2021-08-19 21:33:24 - [MESSAGE][PASSED] - Actual text 'Pending Approval(0.50)' and expected text 'Pending Approval(0.50)' are matched]]></system-out>
         <system-err><![CDATA[]]></system-err>
      </testcase>
      <testcase name="Test Cases/Apply Leave" time="23.966" classname="Test Cases/Apply Leave" status="PASSED">
         <system-out><![CDATA[2021-08-19 21:33:26 - [TEST_CASE][PASSED] - Test Cases/Apply Leave: Test Cases/Apply Leave

2021-08-19 21:33:26 - [TEST_STEP][PASSED] - com.database.mysql.connectDB("localhost", "orangehrm_mysql", "3306", "root", null): com.database.mysql.connectDB is PASSED

2021-08-19 21:33:26 - [MESSAGE][PASSED] - com.database.mysql.connectDB is PASSED

2021-08-19 21:33:26 - [TEST_STEP][PASSED] - com.database.mysql.execute("DELETE FROM `ohrm_leave_request` WHERE `emp_number`=3 AND `date_applied`='2021-09-02' AND `leave_type_id` = 3"): com.database.mysql.execute is PASSED

2021-08-19 21:33:26 - [MESSAGE][PASSED] - com.database.mysql.execute is PASSED

2021-08-19 21:33:26 - [TEST_STEP][PASSED] - com.database.mysql.execute("DELETE FROM `ohrm_leave` WHERE `emp_number` = 3 AND `leave_type_id`=3 and (`date`='2021-09-02' or `date`='2021-09-03') "): com.database.mysql.execute is PASSED

2021-08-19 21:33:26 - [MESSAGE][PASSED] - com.database.mysql.execute is PASSED

2021-08-19 21:33:26 - [TEST_STEP][PASSED] - com.database.mysql.closeDatabaseConnection(): com.database.mysql.closeDatabaseConnection is PASSED

2021-08-19 21:33:26 - [MESSAGE][PASSED] - com.database.mysql.closeDatabaseConnection is PASSED

2021-08-19 21:33:26 - [TEST_STEP][PASSED] - navigateToUrl("http://localhost/orangehrm/symfony/web/index.php/dashboard"): Navigate to 'http://localhost/orangehrm/symfony/web/index.php/dashboard' successfully

2021-08-19 21:33:26 - [MESSAGE][PASSED] - Navigate to 'http://localhost/orangehrm/symfony/web/index.php/dashboard' successfully

2021-08-19 21:33:26 - [TEST_STEP][PASSED] - click(findTestObject("Object Repository/Apply Leave/Page_OrangeHRM/img")): Object: 'Object Repository/Apply Leave/Page_OrangeHRM/img' is clicked on

2021-08-19 21:33:27 - [MESSAGE][PASSED] - Object: 'Object Repository/Apply Leave/Page_OrangeHRM/img' is clicked on

2021-08-19 21:33:27 - [TEST_STEP][PASSED] - selectOptionByValue(findTestObject("Object Repository/Apply Leave/Page_OrangeHRM/select_--Select--MarriageMaternityPersonalS_480ad7"), "3", true): All options with value '3' are selected in object 'Object Repository/Apply Leave/Page_OrangeHRM/select_--Select--MarriageMaternityPersonalS_480ad7'  using regular expression

2021-08-19 21:33:29 - [MESSAGE][PASSED] - All options with value '3' are selected in object 'Object Repository/Apply Leave/Page_OrangeHRM/select_--Select--MarriageMaternityPersonalS_480ad7'  using regular expression

2021-08-19 21:33:29 - [TEST_STEP][PASSED] - setText(findTestObject("Object Repository/Apply Leave/Page_OrangeHRM/input__applyleavetxtFromDate"), from): Text '2021-09-02' is set on object 'Object Repository/Apply Leave/Page_OrangeHRM/input__applyleavetxtFromDate'

2021-08-19 21:33:30 - [MESSAGE][PASSED] - Text '2021-09-02' is set on object 'Object Repository/Apply Leave/Page_OrangeHRM/input__applyleavetxtFromDate'

2021-08-19 21:33:30 - [TEST_STEP][PASSED] - sendKeys(findTestObject("Object Repository/Apply Leave/Page_OrangeHRM/input__applyleavetxtFromDate"), Keys.chord(ENTER)): Keys 'ENTER + ' sent to object: 'Object Repository/Apply Leave/Page_OrangeHRM/input__applyleavetxtFromDate'

2021-08-19 21:33:31 - [MESSAGE][PASSED] - Keys 'ENTER + ' sent to object: 'Object Repository/Apply Leave/Page_OrangeHRM/input__applyleavetxtFromDate'

2021-08-19 21:33:31 - [TEST_STEP][PASSED] - setText(findTestObject("Object Repository/Apply Leave/Page_OrangeHRM/input__applyleavetxtToDate"), to): Text '2021-09-02' is set on object 'Object Repository/Apply Leave/Page_OrangeHRM/input__applyleavetxtToDate'

2021-08-19 21:33:32 - [MESSAGE][PASSED] - Text '2021-09-02' is set on object 'Object Repository/Apply Leave/Page_OrangeHRM/input__applyleavetxtToDate'

2021-08-19 21:33:32 - [TEST_STEP][PASSED] - sendKeys(findTestObject("Object Repository/Apply Leave/Page_OrangeHRM/input__applyleavetxtToDate"), Keys.chord(ENTER)): Keys 'ENTER + ' sent to object: 'Object Repository/Apply Leave/Page_OrangeHRM/input__applyleavetxtToDate'

2021-08-19 21:33:33 - [MESSAGE][PASSED] - Keys 'ENTER + ' sent to object: 'Object Repository/Apply Leave/Page_OrangeHRM/input__applyleavetxtToDate'

2021-08-19 21:33:33 - [TEST_STEP][PASSED] - if (from.equals(to)): All options with value '08:00' are selected in object 'Object Repository/Apply Leave/Page_OrangeHRM/select_000000150030004501000115013001450200_bef9c6_1'  using regular expression

2021-08-19 21:33:33 - [TEST_STEP][PASSED] - selectOptionByValue(findTestObject("Object Repository/Apply Leave/Page_OrangeHRM/select_Full DayHalf DaySpecify Time"), duration1, true): All options with value 'specify_time' are selected in object 'Object Repository/Apply Leave/Page_OrangeHRM/select_Full DayHalf DaySpecify Time'  using regular expression

2021-08-19 21:33:34 - [MESSAGE][PASSED] - All options with value 'specify_time' are selected in object 'Object Repository/Apply Leave/Page_OrangeHRM/select_Full DayHalf DaySpecify Time'  using regular expression

2021-08-19 21:33:34 - [TEST_STEP][PASSED] - if (duration1.equals("half_day")): null

2021-08-19 21:33:34 - [TEST_STEP][PASSED] - if (duration1.equals("specify_time")): All options with value '08:00' are selected in object 'Object Repository/Apply Leave/Page_OrangeHRM/select_000000150030004501000115013001450200_bef9c6_1'  using regular expression

2021-08-19 21:33:34 - [TEST_STEP][PASSED] - selectOptionByValue(findTestObject("Object Repository/Apply Leave/Page_OrangeHRM/select_000000150030004501000115013001450200_bef9c6"), duration2, true): All options with value '09:00' are selected in object 'Object Repository/Apply Leave/Page_OrangeHRM/select_000000150030004501000115013001450200_bef9c6'  using regular expression

2021-08-19 21:33:37 - [MESSAGE][PASSED] - All options with value '09:00' are selected in object 'Object Repository/Apply Leave/Page_OrangeHRM/select_000000150030004501000115013001450200_bef9c6'  using regular expression

2021-08-19 21:33:37 - [TEST_STEP][PASSED] - selectOptionByValue(findTestObject("Object Repository/Apply Leave/Page_OrangeHRM/select_000000150030004501000115013001450200_bef9c6_1"), duration3, true): All options with value '08:00' are selected in object 'Object Repository/Apply Leave/Page_OrangeHRM/select_000000150030004501000115013001450200_bef9c6_1'  using regular expression

2021-08-19 21:33:40 - [MESSAGE][PASSED] - All options with value '08:00' are selected in object 'Object Repository/Apply Leave/Page_OrangeHRM/select_000000150030004501000115013001450200_bef9c6_1'  using regular expression

2021-08-19 21:33:40 - [TEST_STEP][PASSED] - scrollToElement(findTestObject("Apply Leave/Page_OrangeHRM/input__applyBtn"), 0): Scroll to object 'Object Repository/Apply Leave/Page_OrangeHRM/input__applyBtn' successfully

2021-08-19 21:33:40 - [MESSAGE][WARNING] - Timeout '0' is invalid. Using default page load timeout: '30'

2021-08-19 21:33:40 - [MESSAGE][PASSED] - Scroll to object 'Object Repository/Apply Leave/Page_OrangeHRM/input__applyBtn' successfully

2021-08-19 21:33:40 - [TEST_STEP][PASSED] - takeScreenshot(): Taking screenshot successfully

2021-08-19 21:33:41 - [MESSAGE][PASSED] - Taking screenshot successfully
[[ATTACHMENT|C:\\Users\\nguye\\Katalon Studio\\OrangeHRM\\Reports\\20210819_213101\\Apply Leave\\20210819_213101\\1629383621042.png]]

2021-08-19 21:33:41 - [TEST_STEP][PASSED] - click(findTestObject("Object Repository/Apply Leave/Page_OrangeHRM/input__applyBtn")): Object: 'Object Repository/Apply Leave/Page_OrangeHRM/input__applyBtn' is clicked on

2021-08-19 21:33:41 - [MESSAGE][PASSED] - Object: 'Object Repository/Apply Leave/Page_OrangeHRM/input__applyBtn' is clicked on

2021-08-19 21:33:41 - [TEST_STEP][PASSED] - navigateToUrl("http://localhost/orangehrm/symfony/web/index.php/leave/viewMyLeaveList/reset/1"): Navigate to 'http://localhost/orangehrm/symfony/web/index.php/leave/viewMyLeaveList/reset/1' successfully

2021-08-19 21:33:42 - [MESSAGE][PASSED] - Navigate to 'http://localhost/orangehrm/symfony/web/index.php/leave/viewMyLeaveList/reset/1' successfully

2021-08-19 21:33:42 - [TEST_STEP][PASSED] - setText(findTestObject("Object Repository/Apply Leave/Page_OrangeHRM/input_From_leaveListcalFromDate"), from): Text '2021-09-02' is set on object 'Object Repository/Apply Leave/Page_OrangeHRM/input_From_leaveListcalFromDate'

2021-08-19 21:33:43 - [MESSAGE][PASSED] - Text '2021-09-02' is set on object 'Object Repository/Apply Leave/Page_OrangeHRM/input_From_leaveListcalFromDate'

2021-08-19 21:33:43 - [TEST_STEP][PASSED] - sendKeys(findTestObject("Object Repository/Apply Leave/Page_OrangeHRM/input_From_leaveListcalFromDate"), Keys.chord(ENTER)): Keys 'ENTER + ' sent to object: 'Object Repository/Apply Leave/Page_OrangeHRM/input_From_leaveListcalFromDate'

2021-08-19 21:33:44 - [MESSAGE][PASSED] - Keys 'ENTER + ' sent to object: 'Object Repository/Apply Leave/Page_OrangeHRM/input_From_leaveListcalFromDate'

2021-08-19 21:33:44 - [TEST_STEP][PASSED] - setText(findTestObject("Object Repository/Apply Leave/Page_OrangeHRM/input_To_leaveListcalToDate"), to): Text '2021-09-02' is set on object 'Object Repository/Apply Leave/Page_OrangeHRM/input_To_leaveListcalToDate'

2021-08-19 21:33:45 - [MESSAGE][PASSED] - Text '2021-09-02' is set on object 'Object Repository/Apply Leave/Page_OrangeHRM/input_To_leaveListcalToDate'

2021-08-19 21:33:45 - [TEST_STEP][PASSED] - sendKeys(findTestObject("Object Repository/Apply Leave/Page_OrangeHRM/input_To_leaveListcalToDate"), Keys.chord(ENTER)): Keys 'ENTER + ' sent to object: 'Object Repository/Apply Leave/Page_OrangeHRM/input_To_leaveListcalToDate'

2021-08-19 21:33:45 - [MESSAGE][PASSED] - Keys 'ENTER + ' sent to object: 'Object Repository/Apply Leave/Page_OrangeHRM/input_To_leaveListcalToDate'

2021-08-19 21:33:45 - [TEST_STEP][PASSED] - uncheck(findTestObject("Object Repository/Apply Leave/Page_OrangeHRM/input_All_leaveList_chkSearchFilter_checkbo_a698f3")): Object 'Object Repository/Apply Leave/Page_OrangeHRM/input_All_leaveList_chkSearchFilter_checkbo_a698f3' is un-checked

2021-08-19 21:33:45 - [MESSAGE][PASSED] - Object 'Object Repository/Apply Leave/Page_OrangeHRM/input_All_leaveList_chkSearchFilter_checkbo_a698f3' is un-checked

2021-08-19 21:33:45 - [TEST_STEP][PASSED] - check(findTestObject("Object Repository/Apply Leave/Page_OrangeHRM/input_Pending Approval_leaveListchkSearchFilter")): Object 'Object Repository/Apply Leave/Page_OrangeHRM/input_Pending Approval_leaveListchkSearchFilter' is checked

2021-08-19 21:33:46 - [MESSAGE][PASSED] - Object 'Object Repository/Apply Leave/Page_OrangeHRM/input_Pending Approval_leaveListchkSearchFilter' is checked

2021-08-19 21:33:46 - [TEST_STEP][PASSED] - click(findTestObject("Object Repository/Apply Leave/Page_OrangeHRM/input_Taken_btnSearch")): Object: 'Object Repository/Apply Leave/Page_OrangeHRM/input_Taken_btnSearch' is clicked on

2021-08-19 21:33:47 - [MESSAGE][PASSED] - Object: 'Object Repository/Apply Leave/Page_OrangeHRM/input_Taken_btnSearch' is clicked on

2021-08-19 21:33:47 - [TEST_STEP][PASSED] - scrollToElement(findTestObject("Apply Leave/Page_OrangeHRM/th_Date"), 0): Scroll to object 'Object Repository/Apply Leave/Page_OrangeHRM/th_Date' successfully

2021-08-19 21:33:47 - [MESSAGE][WARNING] - Timeout '0' is invalid. Using default page load timeout: '30'

2021-08-19 21:33:47 - [MESSAGE][PASSED] - Scroll to object 'Object Repository/Apply Leave/Page_OrangeHRM/th_Date' successfully

2021-08-19 21:33:47 - [TEST_STEP][PASSED] - takeScreenshot(): Taking screenshot successfully

2021-08-19 21:33:48 - [MESSAGE][PASSED] - Taking screenshot successfully
[[ATTACHMENT|C:\\Users\\nguye\\Katalon Studio\\OrangeHRM\\Reports\\20210819_213101\\Apply Leave\\20210819_213101\\1629383627918.png]]

2021-08-19 21:33:48 - [TEST_STEP][PASSED] - if (days.equals("")): Actual text 'No Records Found' and expected text 'No Records Found' are matched 

2021-08-19 21:33:48 - [TEST_STEP][PASSED] - verifyMatch(getText(findTestObject("Object Repository/Apply Leave/Page_OrangeHRM/td_No Records Found")), "No Records Found", false, STOP_ON_FAILURE): Actual text 'No Records Found' and expected text 'No Records Found' are matched 

2021-08-19 21:33:48 - [MESSAGE][PASSED] - Text of object 'Object Repository/Apply Leave/Page_OrangeHRM/td_No Records Found' is: 'No Records Found'

2021-08-19 21:33:48 - [MESSAGE][PASSED] - Actual text 'No Records Found' and expected text 'No Records Found' are matched]]></system-out>
         <system-err><![CDATA[]]></system-err>
      </testcase>
      <testcase name="Test Cases/Apply Leave" time="24.298" classname="Test Cases/Apply Leave" status="PASSED">
         <system-out><![CDATA[2021-08-19 21:33:50 - [TEST_CASE][PASSED] - Test Cases/Apply Leave: Test Cases/Apply Leave

2021-08-19 21:33:50 - [TEST_STEP][PASSED] - com.database.mysql.connectDB("localhost", "orangehrm_mysql", "3306", "root", null): com.database.mysql.connectDB is PASSED

2021-08-19 21:33:50 - [MESSAGE][PASSED] - com.database.mysql.connectDB is PASSED

2021-08-19 21:33:50 - [TEST_STEP][PASSED] - com.database.mysql.execute("DELETE FROM `ohrm_leave_request` WHERE `emp_number`=3 AND `date_applied`='2021-09-02' AND `leave_type_id` = 3"): com.database.mysql.execute is PASSED

2021-08-19 21:33:50 - [MESSAGE][PASSED] - com.database.mysql.execute is PASSED

2021-08-19 21:33:50 - [TEST_STEP][PASSED] - com.database.mysql.execute("DELETE FROM `ohrm_leave` WHERE `emp_number` = 3 AND `leave_type_id`=3 and (`date`='2021-09-02' or `date`='2021-09-03') "): com.database.mysql.execute is PASSED

2021-08-19 21:33:50 - [MESSAGE][PASSED] - com.database.mysql.execute is PASSED

2021-08-19 21:33:50 - [TEST_STEP][PASSED] - com.database.mysql.closeDatabaseConnection(): com.database.mysql.closeDatabaseConnection is PASSED

2021-08-19 21:33:50 - [MESSAGE][PASSED] - com.database.mysql.closeDatabaseConnection is PASSED

2021-08-19 21:33:50 - [TEST_STEP][PASSED] - navigateToUrl("http://localhost/orangehrm/symfony/web/index.php/dashboard"): Navigate to 'http://localhost/orangehrm/symfony/web/index.php/dashboard' successfully

2021-08-19 21:33:51 - [MESSAGE][PASSED] - Navigate to 'http://localhost/orangehrm/symfony/web/index.php/dashboard' successfully

2021-08-19 21:33:51 - [TEST_STEP][PASSED] - click(findTestObject("Object Repository/Apply Leave/Page_OrangeHRM/img")): Object: 'Object Repository/Apply Leave/Page_OrangeHRM/img' is clicked on

2021-08-19 21:33:52 - [MESSAGE][PASSED] - Object: 'Object Repository/Apply Leave/Page_OrangeHRM/img' is clicked on

2021-08-19 21:33:52 - [TEST_STEP][PASSED] - selectOptionByValue(findTestObject("Object Repository/Apply Leave/Page_OrangeHRM/select_--Select--MarriageMaternityPersonalS_480ad7"), "3", true): All options with value '3' are selected in object 'Object Repository/Apply Leave/Page_OrangeHRM/select_--Select--MarriageMaternityPersonalS_480ad7'  using regular expression

2021-08-19 21:33:53 - [MESSAGE][PASSED] - All options with value '3' are selected in object 'Object Repository/Apply Leave/Page_OrangeHRM/select_--Select--MarriageMaternityPersonalS_480ad7'  using regular expression

2021-08-19 21:33:53 - [TEST_STEP][PASSED] - setText(findTestObject("Object Repository/Apply Leave/Page_OrangeHRM/input__applyleavetxtFromDate"), from): Text '2021-09-02' is set on object 'Object Repository/Apply Leave/Page_OrangeHRM/input__applyleavetxtFromDate'

2021-08-19 21:33:54 - [MESSAGE][PASSED] - Text '2021-09-02' is set on object 'Object Repository/Apply Leave/Page_OrangeHRM/input__applyleavetxtFromDate'

2021-08-19 21:33:54 - [TEST_STEP][PASSED] - sendKeys(findTestObject("Object Repository/Apply Leave/Page_OrangeHRM/input__applyleavetxtFromDate"), Keys.chord(ENTER)): Keys 'ENTER + ' sent to object: 'Object Repository/Apply Leave/Page_OrangeHRM/input__applyleavetxtFromDate'

2021-08-19 21:33:55 - [MESSAGE][PASSED] - Keys 'ENTER + ' sent to object: 'Object Repository/Apply Leave/Page_OrangeHRM/input__applyleavetxtFromDate'

2021-08-19 21:33:55 - [TEST_STEP][PASSED] - setText(findTestObject("Object Repository/Apply Leave/Page_OrangeHRM/input__applyleavetxtToDate"), to): Text '2021-09-02' is set on object 'Object Repository/Apply Leave/Page_OrangeHRM/input__applyleavetxtToDate'

2021-08-19 21:33:56 - [MESSAGE][PASSED] - Text '2021-09-02' is set on object 'Object Repository/Apply Leave/Page_OrangeHRM/input__applyleavetxtToDate'

2021-08-19 21:33:56 - [TEST_STEP][PASSED] - sendKeys(findTestObject("Object Repository/Apply Leave/Page_OrangeHRM/input__applyleavetxtToDate"), Keys.chord(ENTER)): Keys 'ENTER + ' sent to object: 'Object Repository/Apply Leave/Page_OrangeHRM/input__applyleavetxtToDate'

2021-08-19 21:33:57 - [MESSAGE][PASSED] - Keys 'ENTER + ' sent to object: 'Object Repository/Apply Leave/Page_OrangeHRM/input__applyleavetxtToDate'

2021-08-19 21:33:57 - [TEST_STEP][PASSED] - if (from.equals(to)): All options with value '09:00' are selected in object 'Object Repository/Apply Leave/Page_OrangeHRM/select_000000150030004501000115013001450200_bef9c6_1'  using regular expression

2021-08-19 21:33:57 - [TEST_STEP][PASSED] - selectOptionByValue(findTestObject("Object Repository/Apply Leave/Page_OrangeHRM/select_Full DayHalf DaySpecify Time"), duration1, true): All options with value 'specify_time' are selected in object 'Object Repository/Apply Leave/Page_OrangeHRM/select_Full DayHalf DaySpecify Time'  using regular expression

2021-08-19 21:33:58 - [MESSAGE][PASSED] - All options with value 'specify_time' are selected in object 'Object Repository/Apply Leave/Page_OrangeHRM/select_Full DayHalf DaySpecify Time'  using regular expression

2021-08-19 21:33:58 - [TEST_STEP][PASSED] - if (duration1.equals("half_day")): null

2021-08-19 21:33:58 - [TEST_STEP][PASSED] - if (duration1.equals("specify_time")): All options with value '09:00' are selected in object 'Object Repository/Apply Leave/Page_OrangeHRM/select_000000150030004501000115013001450200_bef9c6_1'  using regular expression

2021-08-19 21:33:58 - [TEST_STEP][PASSED] - selectOptionByValue(findTestObject("Object Repository/Apply Leave/Page_OrangeHRM/select_000000150030004501000115013001450200_bef9c6"), duration2, true): All options with value '09:00' are selected in object 'Object Repository/Apply Leave/Page_OrangeHRM/select_000000150030004501000115013001450200_bef9c6'  using regular expression

2021-08-19 21:34:01 - [MESSAGE][PASSED] - All options with value '09:00' are selected in object 'Object Repository/Apply Leave/Page_OrangeHRM/select_000000150030004501000115013001450200_bef9c6'  using regular expression

2021-08-19 21:34:01 - [TEST_STEP][PASSED] - selectOptionByValue(findTestObject("Object Repository/Apply Leave/Page_OrangeHRM/select_000000150030004501000115013001450200_bef9c6_1"), duration3, true): All options with value '09:00' are selected in object 'Object Repository/Apply Leave/Page_OrangeHRM/select_000000150030004501000115013001450200_bef9c6_1'  using regular expression

2021-08-19 21:34:04 - [MESSAGE][PASSED] - All options with value '09:00' are selected in object 'Object Repository/Apply Leave/Page_OrangeHRM/select_000000150030004501000115013001450200_bef9c6_1'  using regular expression

2021-08-19 21:34:04 - [TEST_STEP][PASSED] - scrollToElement(findTestObject("Apply Leave/Page_OrangeHRM/input__applyBtn"), 0): Scroll to object 'Object Repository/Apply Leave/Page_OrangeHRM/input__applyBtn' successfully

2021-08-19 21:34:04 - [MESSAGE][WARNING] - Timeout '0' is invalid. Using default page load timeout: '30'

2021-08-19 21:34:05 - [MESSAGE][PASSED] - Scroll to object 'Object Repository/Apply Leave/Page_OrangeHRM/input__applyBtn' successfully

2021-08-19 21:34:05 - [TEST_STEP][PASSED] - takeScreenshot(): Taking screenshot successfully

2021-08-19 21:34:05 - [MESSAGE][PASSED] - Taking screenshot successfully
[[ATTACHMENT|C:\\Users\\nguye\\Katalon Studio\\OrangeHRM\\Reports\\20210819_213101\\Apply Leave\\20210819_213101\\1629383645286.png]]

2021-08-19 21:34:05 - [TEST_STEP][PASSED] - click(findTestObject("Object Repository/Apply Leave/Page_OrangeHRM/input__applyBtn")): Object: 'Object Repository/Apply Leave/Page_OrangeHRM/input__applyBtn' is clicked on

2021-08-19 21:34:05 - [MESSAGE][PASSED] - Object: 'Object Repository/Apply Leave/Page_OrangeHRM/input__applyBtn' is clicked on

2021-08-19 21:34:05 - [TEST_STEP][PASSED] - navigateToUrl("http://localhost/orangehrm/symfony/web/index.php/leave/viewMyLeaveList/reset/1"): Navigate to 'http://localhost/orangehrm/symfony/web/index.php/leave/viewMyLeaveList/reset/1' successfully

2021-08-19 21:34:06 - [MESSAGE][PASSED] - Navigate to 'http://localhost/orangehrm/symfony/web/index.php/leave/viewMyLeaveList/reset/1' successfully

2021-08-19 21:34:06 - [TEST_STEP][PASSED] - setText(findTestObject("Object Repository/Apply Leave/Page_OrangeHRM/input_From_leaveListcalFromDate"), from): Text '2021-09-02' is set on object 'Object Repository/Apply Leave/Page_OrangeHRM/input_From_leaveListcalFromDate'

2021-08-19 21:34:07 - [MESSAGE][PASSED] - Text '2021-09-02' is set on object 'Object Repository/Apply Leave/Page_OrangeHRM/input_From_leaveListcalFromDate'

2021-08-19 21:34:07 - [TEST_STEP][PASSED] - sendKeys(findTestObject("Object Repository/Apply Leave/Page_OrangeHRM/input_From_leaveListcalFromDate"), Keys.chord(ENTER)): Keys 'ENTER + ' sent to object: 'Object Repository/Apply Leave/Page_OrangeHRM/input_From_leaveListcalFromDate'

2021-08-19 21:34:08 - [MESSAGE][PASSED] - Keys 'ENTER + ' sent to object: 'Object Repository/Apply Leave/Page_OrangeHRM/input_From_leaveListcalFromDate'

2021-08-19 21:34:08 - [TEST_STEP][PASSED] - setText(findTestObject("Object Repository/Apply Leave/Page_OrangeHRM/input_To_leaveListcalToDate"), to): Text '2021-09-02' is set on object 'Object Repository/Apply Leave/Page_OrangeHRM/input_To_leaveListcalToDate'

2021-08-19 21:34:09 - [MESSAGE][PASSED] - Text '2021-09-02' is set on object 'Object Repository/Apply Leave/Page_OrangeHRM/input_To_leaveListcalToDate'

2021-08-19 21:34:09 - [TEST_STEP][PASSED] - sendKeys(findTestObject("Object Repository/Apply Leave/Page_OrangeHRM/input_To_leaveListcalToDate"), Keys.chord(ENTER)): Keys 'ENTER + ' sent to object: 'Object Repository/Apply Leave/Page_OrangeHRM/input_To_leaveListcalToDate'

2021-08-19 21:34:09 - [MESSAGE][PASSED] - Keys 'ENTER + ' sent to object: 'Object Repository/Apply Leave/Page_OrangeHRM/input_To_leaveListcalToDate'

2021-08-19 21:34:09 - [TEST_STEP][PASSED] - uncheck(findTestObject("Object Repository/Apply Leave/Page_OrangeHRM/input_All_leaveList_chkSearchFilter_checkbo_a698f3")): Object 'Object Repository/Apply Leave/Page_OrangeHRM/input_All_leaveList_chkSearchFilter_checkbo_a698f3' is un-checked

2021-08-19 21:34:10 - [MESSAGE][PASSED] - Object 'Object Repository/Apply Leave/Page_OrangeHRM/input_All_leaveList_chkSearchFilter_checkbo_a698f3' is un-checked

2021-08-19 21:34:10 - [TEST_STEP][PASSED] - check(findTestObject("Object Repository/Apply Leave/Page_OrangeHRM/input_Pending Approval_leaveListchkSearchFilter")): Object 'Object Repository/Apply Leave/Page_OrangeHRM/input_Pending Approval_leaveListchkSearchFilter' is checked

2021-08-19 21:34:10 - [MESSAGE][PASSED] - Object 'Object Repository/Apply Leave/Page_OrangeHRM/input_Pending Approval_leaveListchkSearchFilter' is checked

2021-08-19 21:34:10 - [TEST_STEP][PASSED] - click(findTestObject("Object Repository/Apply Leave/Page_OrangeHRM/input_Taken_btnSearch")): Object: 'Object Repository/Apply Leave/Page_OrangeHRM/input_Taken_btnSearch' is clicked on

2021-08-19 21:34:11 - [MESSAGE][PASSED] - Object: 'Object Repository/Apply Leave/Page_OrangeHRM/input_Taken_btnSearch' is clicked on

2021-08-19 21:34:11 - [TEST_STEP][PASSED] - scrollToElement(findTestObject("Apply Leave/Page_OrangeHRM/th_Date"), 0): Scroll to object 'Object Repository/Apply Leave/Page_OrangeHRM/th_Date' successfully

2021-08-19 21:34:11 - [MESSAGE][WARNING] - Timeout '0' is invalid. Using default page load timeout: '30'

2021-08-19 21:34:12 - [MESSAGE][PASSED] - Scroll to object 'Object Repository/Apply Leave/Page_OrangeHRM/th_Date' successfully

2021-08-19 21:34:12 - [TEST_STEP][PASSED] - takeScreenshot(): Taking screenshot successfully

2021-08-19 21:34:12 - [MESSAGE][PASSED] - Taking screenshot successfully
[[ATTACHMENT|C:\\Users\\nguye\\Katalon Studio\\OrangeHRM\\Reports\\20210819_213101\\Apply Leave\\20210819_213101\\1629383652339.png]]

2021-08-19 21:34:12 - [TEST_STEP][PASSED] - if (days.equals("")): Actual text 'No Records Found' and expected text 'No Records Found' are matched 

2021-08-19 21:34:12 - [TEST_STEP][PASSED] - verifyMatch(getText(findTestObject("Object Repository/Apply Leave/Page_OrangeHRM/td_No Records Found")), "No Records Found", false, STOP_ON_FAILURE): Actual text 'No Records Found' and expected text 'No Records Found' are matched 

2021-08-19 21:34:12 - [MESSAGE][PASSED] - Text of object 'Object Repository/Apply Leave/Page_OrangeHRM/td_No Records Found' is: 'No Records Found'

2021-08-19 21:34:12 - [MESSAGE][PASSED] - Actual text 'No Records Found' and expected text 'No Records Found' are matched]]></system-out>
         <system-err><![CDATA[]]></system-err>
      </testcase>
      <testcase name="Test Cases/Apply Leave" time="27.457" classname="Test Cases/Apply Leave" status="PASSED">
         <system-out><![CDATA[2021-08-19 21:34:14 - [TEST_CASE][PASSED] - Test Cases/Apply Leave: Test Cases/Apply Leave

2021-08-19 21:34:14 - [TEST_STEP][PASSED] - com.database.mysql.connectDB("localhost", "orangehrm_mysql", "3306", "root", null): com.database.mysql.connectDB is PASSED

2021-08-19 21:34:15 - [MESSAGE][PASSED] - com.database.mysql.connectDB is PASSED

2021-08-19 21:34:15 - [TEST_STEP][PASSED] - com.database.mysql.execute("DELETE FROM `ohrm_leave_request` WHERE `emp_number`=3 AND `date_applied`='2021-09-02' AND `leave_type_id` = 3"): com.database.mysql.execute is PASSED

2021-08-19 21:34:15 - [MESSAGE][PASSED] - com.database.mysql.execute is PASSED

2021-08-19 21:34:15 - [TEST_STEP][PASSED] - com.database.mysql.execute("DELETE FROM `ohrm_leave` WHERE `emp_number` = 3 AND `leave_type_id`=3 and (`date`='2021-09-02' or `date`='2021-09-03') "): com.database.mysql.execute is PASSED

2021-08-19 21:34:15 - [MESSAGE][PASSED] - com.database.mysql.execute is PASSED

2021-08-19 21:34:15 - [TEST_STEP][PASSED] - com.database.mysql.closeDatabaseConnection(): com.database.mysql.closeDatabaseConnection is PASSED

2021-08-19 21:34:15 - [MESSAGE][PASSED] - com.database.mysql.closeDatabaseConnection is PASSED

2021-08-19 21:34:15 - [TEST_STEP][PASSED] - navigateToUrl("http://localhost/orangehrm/symfony/web/index.php/dashboard"): Navigate to 'http://localhost/orangehrm/symfony/web/index.php/dashboard' successfully

2021-08-19 21:34:15 - [MESSAGE][PASSED] - Navigate to 'http://localhost/orangehrm/symfony/web/index.php/dashboard' successfully

2021-08-19 21:34:15 - [TEST_STEP][PASSED] - click(findTestObject("Object Repository/Apply Leave/Page_OrangeHRM/img")): Object: 'Object Repository/Apply Leave/Page_OrangeHRM/img' is clicked on

2021-08-19 21:34:16 - [MESSAGE][PASSED] - Object: 'Object Repository/Apply Leave/Page_OrangeHRM/img' is clicked on

2021-08-19 21:34:16 - [TEST_STEP][PASSED] - selectOptionByValue(findTestObject("Object Repository/Apply Leave/Page_OrangeHRM/select_--Select--MarriageMaternityPersonalS_480ad7"), "3", true): All options with value '3' are selected in object 'Object Repository/Apply Leave/Page_OrangeHRM/select_--Select--MarriageMaternityPersonalS_480ad7'  using regular expression

2021-08-19 21:34:17 - [MESSAGE][PASSED] - All options with value '3' are selected in object 'Object Repository/Apply Leave/Page_OrangeHRM/select_--Select--MarriageMaternityPersonalS_480ad7'  using regular expression

2021-08-19 21:34:17 - [TEST_STEP][PASSED] - setText(findTestObject("Object Repository/Apply Leave/Page_OrangeHRM/input__applyleavetxtFromDate"), from): Text '2021-09-02' is set on object 'Object Repository/Apply Leave/Page_OrangeHRM/input__applyleavetxtFromDate'

2021-08-19 21:34:19 - [MESSAGE][PASSED] - Text '2021-09-02' is set on object 'Object Repository/Apply Leave/Page_OrangeHRM/input__applyleavetxtFromDate'

2021-08-19 21:34:19 - [TEST_STEP][PASSED] - sendKeys(findTestObject("Object Repository/Apply Leave/Page_OrangeHRM/input__applyleavetxtFromDate"), Keys.chord(ENTER)): Keys 'ENTER + ' sent to object: 'Object Repository/Apply Leave/Page_OrangeHRM/input__applyleavetxtFromDate'

2021-08-19 21:34:19 - [MESSAGE][PASSED] - Keys 'ENTER + ' sent to object: 'Object Repository/Apply Leave/Page_OrangeHRM/input__applyleavetxtFromDate'

2021-08-19 21:34:19 - [TEST_STEP][PASSED] - setText(findTestObject("Object Repository/Apply Leave/Page_OrangeHRM/input__applyleavetxtToDate"), to): Text '2021-09-02' is set on object 'Object Repository/Apply Leave/Page_OrangeHRM/input__applyleavetxtToDate'

2021-08-19 21:34:21 - [MESSAGE][PASSED] - Text '2021-09-02' is set on object 'Object Repository/Apply Leave/Page_OrangeHRM/input__applyleavetxtToDate'

2021-08-19 21:34:21 - [TEST_STEP][PASSED] - sendKeys(findTestObject("Object Repository/Apply Leave/Page_OrangeHRM/input__applyleavetxtToDate"), Keys.chord(ENTER)): Keys 'ENTER + ' sent to object: 'Object Repository/Apply Leave/Page_OrangeHRM/input__applyleavetxtToDate'

2021-08-19 21:34:21 - [MESSAGE][PASSED] - Keys 'ENTER + ' sent to object: 'Object Repository/Apply Leave/Page_OrangeHRM/input__applyleavetxtToDate'

2021-08-19 21:34:21 - [TEST_STEP][PASSED] - if (from.equals(to)): All options with value '11:00' are selected in object 'Object Repository/Apply Leave/Page_OrangeHRM/select_000000150030004501000115013001450200_bef9c6_1'  using regular expression

2021-08-19 21:34:21 - [TEST_STEP][PASSED] - selectOptionByValue(findTestObject("Object Repository/Apply Leave/Page_OrangeHRM/select_Full DayHalf DaySpecify Time"), duration1, true): All options with value 'specify_time' are selected in object 'Object Repository/Apply Leave/Page_OrangeHRM/select_Full DayHalf DaySpecify Time'  using regular expression

2021-08-19 21:34:23 - [MESSAGE][PASSED] - All options with value 'specify_time' are selected in object 'Object Repository/Apply Leave/Page_OrangeHRM/select_Full DayHalf DaySpecify Time'  using regular expression

2021-08-19 21:34:23 - [TEST_STEP][PASSED] - if (duration1.equals("half_day")): null

2021-08-19 21:34:23 - [TEST_STEP][PASSED] - if (duration1.equals("specify_time")): All options with value '11:00' are selected in object 'Object Repository/Apply Leave/Page_OrangeHRM/select_000000150030004501000115013001450200_bef9c6_1'  using regular expression

2021-08-19 21:34:23 - [TEST_STEP][PASSED] - selectOptionByValue(findTestObject("Object Repository/Apply Leave/Page_OrangeHRM/select_000000150030004501000115013001450200_bef9c6"), duration2, true): All options with value '09:00' are selected in object 'Object Repository/Apply Leave/Page_OrangeHRM/select_000000150030004501000115013001450200_bef9c6'  using regular expression

2021-08-19 21:34:25 - [MESSAGE][PASSED] - All options with value '09:00' are selected in object 'Object Repository/Apply Leave/Page_OrangeHRM/select_000000150030004501000115013001450200_bef9c6'  using regular expression

2021-08-19 21:34:25 - [TEST_STEP][PASSED] - selectOptionByValue(findTestObject("Object Repository/Apply Leave/Page_OrangeHRM/select_000000150030004501000115013001450200_bef9c6_1"), duration3, true): All options with value '11:00' are selected in object 'Object Repository/Apply Leave/Page_OrangeHRM/select_000000150030004501000115013001450200_bef9c6_1'  using regular expression

2021-08-19 21:34:29 - [MESSAGE][PASSED] - All options with value '11:00' are selected in object 'Object Repository/Apply Leave/Page_OrangeHRM/select_000000150030004501000115013001450200_bef9c6_1'  using regular expression

2021-08-19 21:34:29 - [TEST_STEP][PASSED] - scrollToElement(findTestObject("Apply Leave/Page_OrangeHRM/input__applyBtn"), 0): Scroll to object 'Object Repository/Apply Leave/Page_OrangeHRM/input__applyBtn' successfully

2021-08-19 21:34:29 - [MESSAGE][WARNING] - Timeout '0' is invalid. Using default page load timeout: '30'

2021-08-19 21:34:29 - [MESSAGE][PASSED] - Scroll to object 'Object Repository/Apply Leave/Page_OrangeHRM/input__applyBtn' successfully

2021-08-19 21:34:29 - [TEST_STEP][PASSED] - takeScreenshot(): Taking screenshot successfully

2021-08-19 21:34:29 - [MESSAGE][PASSED] - Taking screenshot successfully
[[ATTACHMENT|C:\\Users\\nguye\\Katalon Studio\\OrangeHRM\\Reports\\20210819_213101\\Apply Leave\\20210819_213101\\1629383669664.png]]

2021-08-19 21:34:29 - [TEST_STEP][PASSED] - click(findTestObject("Object Repository/Apply Leave/Page_OrangeHRM/input__applyBtn")): Object: 'Object Repository/Apply Leave/Page_OrangeHRM/input__applyBtn' is clicked on

2021-08-19 21:34:30 - [MESSAGE][PASSED] - Object: 'Object Repository/Apply Leave/Page_OrangeHRM/input__applyBtn' is clicked on

2021-08-19 21:34:30 - [TEST_STEP][PASSED] - navigateToUrl("http://localhost/orangehrm/symfony/web/index.php/leave/viewMyLeaveList/reset/1"): Navigate to 'http://localhost/orangehrm/symfony/web/index.php/leave/viewMyLeaveList/reset/1' successfully

2021-08-19 21:34:31 - [MESSAGE][PASSED] - Navigate to 'http://localhost/orangehrm/symfony/web/index.php/leave/viewMyLeaveList/reset/1' successfully

2021-08-19 21:34:31 - [TEST_STEP][PASSED] - setText(findTestObject("Object Repository/Apply Leave/Page_OrangeHRM/input_From_leaveListcalFromDate"), from): Text '2021-09-02' is set on object 'Object Repository/Apply Leave/Page_OrangeHRM/input_From_leaveListcalFromDate'

2021-08-19 21:34:33 - [MESSAGE][PASSED] - Text '2021-09-02' is set on object 'Object Repository/Apply Leave/Page_OrangeHRM/input_From_leaveListcalFromDate'

2021-08-19 21:34:33 - [TEST_STEP][PASSED] - sendKeys(findTestObject("Object Repository/Apply Leave/Page_OrangeHRM/input_From_leaveListcalFromDate"), Keys.chord(ENTER)): Keys 'ENTER + ' sent to object: 'Object Repository/Apply Leave/Page_OrangeHRM/input_From_leaveListcalFromDate'

2021-08-19 21:34:33 - [MESSAGE][PASSED] - Keys 'ENTER + ' sent to object: 'Object Repository/Apply Leave/Page_OrangeHRM/input_From_leaveListcalFromDate'

2021-08-19 21:34:33 - [TEST_STEP][PASSED] - setText(findTestObject("Object Repository/Apply Leave/Page_OrangeHRM/input_To_leaveListcalToDate"), to): Text '2021-09-02' is set on object 'Object Repository/Apply Leave/Page_OrangeHRM/input_To_leaveListcalToDate'

2021-08-19 21:34:34 - [MESSAGE][PASSED] - Text '2021-09-02' is set on object 'Object Repository/Apply Leave/Page_OrangeHRM/input_To_leaveListcalToDate'

2021-08-19 21:34:34 - [TEST_STEP][PASSED] - sendKeys(findTestObject("Object Repository/Apply Leave/Page_OrangeHRM/input_To_leaveListcalToDate"), Keys.chord(ENTER)): Keys 'ENTER + ' sent to object: 'Object Repository/Apply Leave/Page_OrangeHRM/input_To_leaveListcalToDate'

2021-08-19 21:34:35 - [MESSAGE][PASSED] - Keys 'ENTER + ' sent to object: 'Object Repository/Apply Leave/Page_OrangeHRM/input_To_leaveListcalToDate'

2021-08-19 21:34:35 - [TEST_STEP][PASSED] - uncheck(findTestObject("Object Repository/Apply Leave/Page_OrangeHRM/input_All_leaveList_chkSearchFilter_checkbo_a698f3")): Object 'Object Repository/Apply Leave/Page_OrangeHRM/input_All_leaveList_chkSearchFilter_checkbo_a698f3' is un-checked

2021-08-19 21:34:35 - [MESSAGE][PASSED] - Object 'Object Repository/Apply Leave/Page_OrangeHRM/input_All_leaveList_chkSearchFilter_checkbo_a698f3' is un-checked

2021-08-19 21:34:35 - [TEST_STEP][PASSED] - check(findTestObject("Object Repository/Apply Leave/Page_OrangeHRM/input_Pending Approval_leaveListchkSearchFilter")): Object 'Object Repository/Apply Leave/Page_OrangeHRM/input_Pending Approval_leaveListchkSearchFilter' is checked

2021-08-19 21:34:36 - [MESSAGE][PASSED] - Object 'Object Repository/Apply Leave/Page_OrangeHRM/input_Pending Approval_leaveListchkSearchFilter' is checked

2021-08-19 21:34:36 - [TEST_STEP][PASSED] - click(findTestObject("Object Repository/Apply Leave/Page_OrangeHRM/input_Taken_btnSearch")): Object: 'Object Repository/Apply Leave/Page_OrangeHRM/input_Taken_btnSearch' is clicked on

2021-08-19 21:34:36 - [MESSAGE][PASSED] - Object: 'Object Repository/Apply Leave/Page_OrangeHRM/input_Taken_btnSearch' is clicked on

2021-08-19 21:34:36 - [TEST_STEP][PASSED] - scrollToElement(findTestObject("Apply Leave/Page_OrangeHRM/th_Date"), 0): Scroll to object 'Object Repository/Apply Leave/Page_OrangeHRM/th_Date' successfully

2021-08-19 21:34:37 - [MESSAGE][WARNING] - Timeout '0' is invalid. Using default page load timeout: '30'

2021-08-19 21:34:37 - [MESSAGE][PASSED] - Scroll to object 'Object Repository/Apply Leave/Page_OrangeHRM/th_Date' successfully

2021-08-19 21:34:37 - [TEST_STEP][PASSED] - takeScreenshot(): Taking screenshot successfully

2021-08-19 21:34:38 - [MESSAGE][PASSED] - Taking screenshot successfully
[[ATTACHMENT|C:\\Users\\nguye\\Katalon Studio\\OrangeHRM\\Reports\\20210819_213101\\Apply Leave\\20210819_213101\\1629383678107.png]]

2021-08-19 21:34:38 - [TEST_STEP][PASSED] - if (days.equals("")): null

2021-08-19 21:34:38 - [TEST_STEP][PASSED] - else: Actual text 'Pending Approval(0.25)' and expected text 'Pending Approval(0.25)' are matched 

2021-08-19 21:34:38 - [TEST_STEP][PASSED] - verifyMatch(getText(findTestObject("Object Repository/Apply Leave/Page_OrangeHRM/a_2021-09-02 to 2021-09-03")), date, false, STOP_ON_FAILURE): Actual text '2021-09-02 (09:00 - 11:00)' and expected text '2021-09-02 (09:00 - 11:00)' are matched 

2021-08-19 21:34:38 - [MESSAGE][PASSED] - Text of object 'Object Repository/Apply Leave/Page_OrangeHRM/a_2021-09-02 to 2021-09-03' is: '2021-09-02 (09:00 - 11:00)'

2021-08-19 21:34:38 - [MESSAGE][PASSED] - Actual text '2021-09-02 (09:00 - 11:00)' and expected text '2021-09-02 (09:00 - 11:00)' are matched 

2021-08-19 21:34:38 - [TEST_STEP][PASSED] - verifyMatch(getText(findTestObject("Object Repository/Apply Leave/Page_OrangeHRM/a_Rachel Morris")), fullName, false, STOP_ON_FAILURE): Actual text 'Rachel Morris' and expected text 'Rachel Morris' are matched 

2021-08-19 21:34:38 - [MESSAGE][PASSED] - Text of object 'Object Repository/Apply Leave/Page_OrangeHRM/a_Rachel Morris' is: 'Rachel Morris'

2021-08-19 21:34:38 - [MESSAGE][PASSED] - Actual text 'Rachel Morris' and expected text 'Rachel Morris' are matched 

2021-08-19 21:34:38 - [TEST_STEP][PASSED] - verifyMatch(getText(findTestObject("Object Repository/Apply Leave/Page_OrangeHRM/td_Personal")), leaveType, false, STOP_ON_FAILURE): Actual text 'Personal' and expected text 'Personal' are matched 

2021-08-19 21:34:39 - [MESSAGE][PASSED] - Text of object 'Object Repository/Apply Leave/Page_OrangeHRM/td_Personal' is: 'Personal'

2021-08-19 21:34:39 - [MESSAGE][PASSED] - Actual text 'Personal' and expected text 'Personal' are matched 

2021-08-19 21:34:39 - [TEST_STEP][PASSED] - verifyMatch(25"))).toString(), parseDouble(days).toString(), false, STOP_ON_FAILURE): Actual text '49.75' and expected text '49.75' are matched 

2021-08-19 21:34:39 - [MESSAGE][PASSED] - Text of object 'Object Repository/Apply Leave/Page_OrangeHRM/td_49.25' is: '49.75'

2021-08-19 21:34:39 - [MESSAGE][PASSED] - Actual text '49.75' and expected text '49.75' are matched 

2021-08-19 21:34:39 - [TEST_STEP][PASSED] - verifyMatch(getText(findTestObject("Object Repository/Apply Leave/Page_OrangeHRM/td_0.75")), days, false, STOP_ON_FAILURE): Actual text '0.25' and expected text '0.25' are matched 

2021-08-19 21:34:40 - [MESSAGE][PASSED] - Text of object 'Object Repository/Apply Leave/Page_OrangeHRM/td_0.75' is: '0.25'

2021-08-19 21:34:40 - [MESSAGE][PASSED] - Actual text '0.25' and expected text '0.25' are matched 

2021-08-19 21:34:40 - [TEST_STEP][PASSED] - verifyMatch(getText(findTestObject("Object Repository/Apply Leave/Page_OrangeHRM/a_Pending Approval(0.75)")), status + "(" + days + ")", false, STOP_ON_FAILURE): Actual text 'Pending Approval(0.25)' and expected text 'Pending Approval(0.25)' are matched 

2021-08-19 21:34:40 - [MESSAGE][PASSED] - Text of object 'Object Repository/Apply Leave/Page_OrangeHRM/a_Pending Approval(0.75)' is: 'Pending Approval(0.25)'

2021-08-19 21:34:40 - [MESSAGE][PASSED] - Actual text 'Pending Approval(0.25)' and expected text 'Pending Approval(0.25)' are matched]]></system-out>
         <system-err><![CDATA[]]></system-err>
      </testcase>
      <testcase name="Test Cases/Apply Leave" time="27.728" classname="Test Cases/Apply Leave" status="PASSED">
         <system-out><![CDATA[2021-08-19 21:34:42 - [TEST_CASE][PASSED] - Test Cases/Apply Leave: Test Cases/Apply Leave

2021-08-19 21:34:42 - [TEST_STEP][PASSED] - com.database.mysql.connectDB("localhost", "orangehrm_mysql", "3306", "root", null): com.database.mysql.connectDB is PASSED

2021-08-19 21:34:42 - [MESSAGE][PASSED] - com.database.mysql.connectDB is PASSED

2021-08-19 21:34:42 - [TEST_STEP][PASSED] - com.database.mysql.execute("DELETE FROM `ohrm_leave_request` WHERE `emp_number`=3 AND `date_applied`='2021-09-02' AND `leave_type_id` = 3"): com.database.mysql.execute is PASSED

2021-08-19 21:34:42 - [MESSAGE][PASSED] - com.database.mysql.execute is PASSED

2021-08-19 21:34:42 - [TEST_STEP][PASSED] - com.database.mysql.execute("DELETE FROM `ohrm_leave` WHERE `emp_number` = 3 AND `leave_type_id`=3 and (`date`='2021-09-02' or `date`='2021-09-03') "): com.database.mysql.execute is PASSED

2021-08-19 21:34:42 - [MESSAGE][PASSED] - com.database.mysql.execute is PASSED

2021-08-19 21:34:42 - [TEST_STEP][PASSED] - com.database.mysql.closeDatabaseConnection(): com.database.mysql.closeDatabaseConnection is PASSED

2021-08-19 21:34:42 - [MESSAGE][PASSED] - com.database.mysql.closeDatabaseConnection is PASSED

2021-08-19 21:34:42 - [TEST_STEP][PASSED] - navigateToUrl("http://localhost/orangehrm/symfony/web/index.php/dashboard"): Navigate to 'http://localhost/orangehrm/symfony/web/index.php/dashboard' successfully

2021-08-19 21:34:42 - [MESSAGE][PASSED] - Navigate to 'http://localhost/orangehrm/symfony/web/index.php/dashboard' successfully

2021-08-19 21:34:42 - [TEST_STEP][PASSED] - click(findTestObject("Object Repository/Apply Leave/Page_OrangeHRM/img")): Object: 'Object Repository/Apply Leave/Page_OrangeHRM/img' is clicked on

2021-08-19 21:34:43 - [MESSAGE][PASSED] - Object: 'Object Repository/Apply Leave/Page_OrangeHRM/img' is clicked on

2021-08-19 21:34:43 - [TEST_STEP][PASSED] - selectOptionByValue(findTestObject("Object Repository/Apply Leave/Page_OrangeHRM/select_--Select--MarriageMaternityPersonalS_480ad7"), "3", true): All options with value '3' are selected in object 'Object Repository/Apply Leave/Page_OrangeHRM/select_--Select--MarriageMaternityPersonalS_480ad7'  using regular expression

2021-08-19 21:34:45 - [MESSAGE][PASSED] - All options with value '3' are selected in object 'Object Repository/Apply Leave/Page_OrangeHRM/select_--Select--MarriageMaternityPersonalS_480ad7'  using regular expression

2021-08-19 21:34:45 - [TEST_STEP][PASSED] - setText(findTestObject("Object Repository/Apply Leave/Page_OrangeHRM/input__applyleavetxtFromDate"), from): Text '2021-09-02' is set on object 'Object Repository/Apply Leave/Page_OrangeHRM/input__applyleavetxtFromDate'

2021-08-19 21:34:46 - [MESSAGE][PASSED] - Text '2021-09-02' is set on object 'Object Repository/Apply Leave/Page_OrangeHRM/input__applyleavetxtFromDate'

2021-08-19 21:34:46 - [TEST_STEP][PASSED] - sendKeys(findTestObject("Object Repository/Apply Leave/Page_OrangeHRM/input__applyleavetxtFromDate"), Keys.chord(ENTER)): Keys 'ENTER + ' sent to object: 'Object Repository/Apply Leave/Page_OrangeHRM/input__applyleavetxtFromDate'

2021-08-19 21:34:47 - [MESSAGE][PASSED] - Keys 'ENTER + ' sent to object: 'Object Repository/Apply Leave/Page_OrangeHRM/input__applyleavetxtFromDate'

2021-08-19 21:34:47 - [TEST_STEP][PASSED] - setText(findTestObject("Object Repository/Apply Leave/Page_OrangeHRM/input__applyleavetxtToDate"), to): Text '2021-09-02' is set on object 'Object Repository/Apply Leave/Page_OrangeHRM/input__applyleavetxtToDate'

2021-08-19 21:34:48 - [MESSAGE][PASSED] - Text '2021-09-02' is set on object 'Object Repository/Apply Leave/Page_OrangeHRM/input__applyleavetxtToDate'

2021-08-19 21:34:48 - [TEST_STEP][PASSED] - sendKeys(findTestObject("Object Repository/Apply Leave/Page_OrangeHRM/input__applyleavetxtToDate"), Keys.chord(ENTER)): Keys 'ENTER + ' sent to object: 'Object Repository/Apply Leave/Page_OrangeHRM/input__applyleavetxtToDate'

2021-08-19 21:34:49 - [MESSAGE][PASSED] - Keys 'ENTER + ' sent to object: 'Object Repository/Apply Leave/Page_OrangeHRM/input__applyleavetxtToDate'

2021-08-19 21:34:49 - [TEST_STEP][PASSED] - if (from.equals(to)): All options with value '17:00' are selected in object 'Object Repository/Apply Leave/Page_OrangeHRM/select_000000150030004501000115013001450200_bef9c6_1'  using regular expression

2021-08-19 21:34:49 - [TEST_STEP][PASSED] - selectOptionByValue(findTestObject("Object Repository/Apply Leave/Page_OrangeHRM/select_Full DayHalf DaySpecify Time"), duration1, true): All options with value 'specify_time' are selected in object 'Object Repository/Apply Leave/Page_OrangeHRM/select_Full DayHalf DaySpecify Time'  using regular expression

2021-08-19 21:34:50 - [MESSAGE][PASSED] - All options with value 'specify_time' are selected in object 'Object Repository/Apply Leave/Page_OrangeHRM/select_Full DayHalf DaySpecify Time'  using regular expression

2021-08-19 21:34:50 - [TEST_STEP][PASSED] - if (duration1.equals("half_day")): null

2021-08-19 21:34:50 - [TEST_STEP][PASSED] - if (duration1.equals("specify_time")): All options with value '17:00' are selected in object 'Object Repository/Apply Leave/Page_OrangeHRM/select_000000150030004501000115013001450200_bef9c6_1'  using regular expression

2021-08-19 21:34:50 - [TEST_STEP][PASSED] - selectOptionByValue(findTestObject("Object Repository/Apply Leave/Page_OrangeHRM/select_000000150030004501000115013001450200_bef9c6"), duration2, true): All options with value '09:00' are selected in object 'Object Repository/Apply Leave/Page_OrangeHRM/select_000000150030004501000115013001450200_bef9c6'  using regular expression

2021-08-19 21:34:53 - [MESSAGE][PASSED] - All options with value '09:00' are selected in object 'Object Repository/Apply Leave/Page_OrangeHRM/select_000000150030004501000115013001450200_bef9c6'  using regular expression

2021-08-19 21:34:53 - [TEST_STEP][PASSED] - selectOptionByValue(findTestObject("Object Repository/Apply Leave/Page_OrangeHRM/select_000000150030004501000115013001450200_bef9c6_1"), duration3, true): All options with value '17:00' are selected in object 'Object Repository/Apply Leave/Page_OrangeHRM/select_000000150030004501000115013001450200_bef9c6_1'  using regular expression

2021-08-19 21:34:56 - [MESSAGE][PASSED] - All options with value '17:00' are selected in object 'Object Repository/Apply Leave/Page_OrangeHRM/select_000000150030004501000115013001450200_bef9c6_1'  using regular expression

2021-08-19 21:34:56 - [TEST_STEP][PASSED] - scrollToElement(findTestObject("Apply Leave/Page_OrangeHRM/input__applyBtn"), 0): Scroll to object 'Object Repository/Apply Leave/Page_OrangeHRM/input__applyBtn' successfully

2021-08-19 21:34:56 - [MESSAGE][WARNING] - Timeout '0' is invalid. Using default page load timeout: '30'

2021-08-19 21:34:57 - [MESSAGE][PASSED] - Scroll to object 'Object Repository/Apply Leave/Page_OrangeHRM/input__applyBtn' successfully

2021-08-19 21:34:57 - [TEST_STEP][PASSED] - takeScreenshot(): Taking screenshot successfully

2021-08-19 21:34:57 - [MESSAGE][PASSED] - Taking screenshot successfully
[[ATTACHMENT|C:\\Users\\nguye\\Katalon Studio\\OrangeHRM\\Reports\\20210819_213101\\Apply Leave\\20210819_213101\\1629383697447.png]]

2021-08-19 21:34:57 - [TEST_STEP][PASSED] - click(findTestObject("Object Repository/Apply Leave/Page_OrangeHRM/input__applyBtn")): Object: 'Object Repository/Apply Leave/Page_OrangeHRM/input__applyBtn' is clicked on

2021-08-19 21:34:58 - [MESSAGE][PASSED] - Object: 'Object Repository/Apply Leave/Page_OrangeHRM/input__applyBtn' is clicked on

2021-08-19 21:34:58 - [TEST_STEP][PASSED] - navigateToUrl("http://localhost/orangehrm/symfony/web/index.php/leave/viewMyLeaveList/reset/1"): Navigate to 'http://localhost/orangehrm/symfony/web/index.php/leave/viewMyLeaveList/reset/1' successfully

2021-08-19 21:34:59 - [MESSAGE][PASSED] - Navigate to 'http://localhost/orangehrm/symfony/web/index.php/leave/viewMyLeaveList/reset/1' successfully

2021-08-19 21:34:59 - [TEST_STEP][PASSED] - setText(findTestObject("Object Repository/Apply Leave/Page_OrangeHRM/input_From_leaveListcalFromDate"), from): Text '2021-09-02' is set on object 'Object Repository/Apply Leave/Page_OrangeHRM/input_From_leaveListcalFromDate'

2021-08-19 21:35:01 - [MESSAGE][PASSED] - Text '2021-09-02' is set on object 'Object Repository/Apply Leave/Page_OrangeHRM/input_From_leaveListcalFromDate'

2021-08-19 21:35:01 - [TEST_STEP][PASSED] - sendKeys(findTestObject("Object Repository/Apply Leave/Page_OrangeHRM/input_From_leaveListcalFromDate"), Keys.chord(ENTER)): Keys 'ENTER + ' sent to object: 'Object Repository/Apply Leave/Page_OrangeHRM/input_From_leaveListcalFromDate'

2021-08-19 21:35:01 - [MESSAGE][PASSED] - Keys 'ENTER + ' sent to object: 'Object Repository/Apply Leave/Page_OrangeHRM/input_From_leaveListcalFromDate'

2021-08-19 21:35:01 - [TEST_STEP][PASSED] - setText(findTestObject("Object Repository/Apply Leave/Page_OrangeHRM/input_To_leaveListcalToDate"), to): Text '2021-09-02' is set on object 'Object Repository/Apply Leave/Page_OrangeHRM/input_To_leaveListcalToDate'

2021-08-19 21:35:02 - [MESSAGE][PASSED] - Text '2021-09-02' is set on object 'Object Repository/Apply Leave/Page_OrangeHRM/input_To_leaveListcalToDate'

2021-08-19 21:35:02 - [TEST_STEP][PASSED] - sendKeys(findTestObject("Object Repository/Apply Leave/Page_OrangeHRM/input_To_leaveListcalToDate"), Keys.chord(ENTER)): Keys 'ENTER + ' sent to object: 'Object Repository/Apply Leave/Page_OrangeHRM/input_To_leaveListcalToDate'

2021-08-19 21:35:03 - [MESSAGE][PASSED] - Keys 'ENTER + ' sent to object: 'Object Repository/Apply Leave/Page_OrangeHRM/input_To_leaveListcalToDate'

2021-08-19 21:35:03 - [TEST_STEP][PASSED] - uncheck(findTestObject("Object Repository/Apply Leave/Page_OrangeHRM/input_All_leaveList_chkSearchFilter_checkbo_a698f3")): Object 'Object Repository/Apply Leave/Page_OrangeHRM/input_All_leaveList_chkSearchFilter_checkbo_a698f3' is un-checked

2021-08-19 21:35:03 - [MESSAGE][PASSED] - Object 'Object Repository/Apply Leave/Page_OrangeHRM/input_All_leaveList_chkSearchFilter_checkbo_a698f3' is un-checked

2021-08-19 21:35:03 - [TEST_STEP][PASSED] - check(findTestObject("Object Repository/Apply Leave/Page_OrangeHRM/input_Pending Approval_leaveListchkSearchFilter")): Object 'Object Repository/Apply Leave/Page_OrangeHRM/input_Pending Approval_leaveListchkSearchFilter' is checked

2021-08-19 21:35:03 - [MESSAGE][PASSED] - Object 'Object Repository/Apply Leave/Page_OrangeHRM/input_Pending Approval_leaveListchkSearchFilter' is checked

2021-08-19 21:35:03 - [TEST_STEP][PASSED] - click(findTestObject("Object Repository/Apply Leave/Page_OrangeHRM/input_Taken_btnSearch")): Object: 'Object Repository/Apply Leave/Page_OrangeHRM/input_Taken_btnSearch' is clicked on

2021-08-19 21:35:04 - [MESSAGE][PASSED] - Object: 'Object Repository/Apply Leave/Page_OrangeHRM/input_Taken_btnSearch' is clicked on

2021-08-19 21:35:04 - [TEST_STEP][PASSED] - scrollToElement(findTestObject("Apply Leave/Page_OrangeHRM/th_Date"), 0): Scroll to object 'Object Repository/Apply Leave/Page_OrangeHRM/th_Date' successfully

2021-08-19 21:35:04 - [MESSAGE][WARNING] - Timeout '0' is invalid. Using default page load timeout: '30'

2021-08-19 21:35:05 - [MESSAGE][PASSED] - Scroll to object 'Object Repository/Apply Leave/Page_OrangeHRM/th_Date' successfully

2021-08-19 21:35:05 - [TEST_STEP][PASSED] - takeScreenshot(): Taking screenshot successfully

2021-08-19 21:35:06 - [MESSAGE][PASSED] - Taking screenshot successfully
[[ATTACHMENT|C:\\Users\\nguye\\Katalon Studio\\OrangeHRM\\Reports\\20210819_213101\\Apply Leave\\20210819_213101\\1629383705951.png]]

2021-08-19 21:35:06 - [TEST_STEP][PASSED] - if (days.equals("")): null

2021-08-19 21:35:06 - [TEST_STEP][PASSED] - else: Actual text 'Pending Approval(1.00)' and expected text 'Pending Approval(1.00)' are matched 

2021-08-19 21:35:06 - [TEST_STEP][PASSED] - verifyMatch(getText(findTestObject("Object Repository/Apply Leave/Page_OrangeHRM/a_2021-09-02 to 2021-09-03")), date, false, STOP_ON_FAILURE): Actual text '2021-09-02 (09:00 - 17:00)' and expected text '2021-09-02 (09:00 - 17:00)' are matched 

2021-08-19 21:35:06 - [MESSAGE][PASSED] - Text of object 'Object Repository/Apply Leave/Page_OrangeHRM/a_2021-09-02 to 2021-09-03' is: '2021-09-02 (09:00 - 17:00)'

2021-08-19 21:35:06 - [MESSAGE][PASSED] - Actual text '2021-09-02 (09:00 - 17:00)' and expected text '2021-09-02 (09:00 - 17:00)' are matched 

2021-08-19 21:35:06 - [TEST_STEP][PASSED] - verifyMatch(getText(findTestObject("Object Repository/Apply Leave/Page_OrangeHRM/a_Rachel Morris")), fullName, false, STOP_ON_FAILURE): Actual text 'Rachel Morris' and expected text 'Rachel Morris' are matched 

2021-08-19 21:35:06 - [MESSAGE][PASSED] - Text of object 'Object Repository/Apply Leave/Page_OrangeHRM/a_Rachel Morris' is: 'Rachel Morris'

2021-08-19 21:35:06 - [MESSAGE][PASSED] - Actual text 'Rachel Morris' and expected text 'Rachel Morris' are matched 

2021-08-19 21:35:06 - [TEST_STEP][PASSED] - verifyMatch(getText(findTestObject("Object Repository/Apply Leave/Page_OrangeHRM/td_Personal")), leaveType, false, STOP_ON_FAILURE): Actual text 'Personal' and expected text 'Personal' are matched 

2021-08-19 21:35:07 - [MESSAGE][PASSED] - Text of object 'Object Repository/Apply Leave/Page_OrangeHRM/td_Personal' is: 'Personal'

2021-08-19 21:35:07 - [MESSAGE][PASSED] - Actual text 'Personal' and expected text 'Personal' are matched 

2021-08-19 21:35:07 - [TEST_STEP][PASSED] - verifyMatch(25"))).toString(), parseDouble(days).toString(), false, STOP_ON_FAILURE): Actual text '49.0' and expected text '49.0' are matched 

2021-08-19 21:35:07 - [MESSAGE][PASSED] - Text of object 'Object Repository/Apply Leave/Page_OrangeHRM/td_49.25' is: '49.00'

2021-08-19 21:35:07 - [MESSAGE][PASSED] - Actual text '49.0' and expected text '49.0' are matched 

2021-08-19 21:35:07 - [TEST_STEP][PASSED] - verifyMatch(getText(findTestObject("Object Repository/Apply Leave/Page_OrangeHRM/td_0.75")), days, false, STOP_ON_FAILURE): Actual text '1.00' and expected text '1.00' are matched 

2021-08-19 21:35:07 - [MESSAGE][PASSED] - Text of object 'Object Repository/Apply Leave/Page_OrangeHRM/td_0.75' is: '1.00'

2021-08-19 21:35:07 - [MESSAGE][PASSED] - Actual text '1.00' and expected text '1.00' are matched 

2021-08-19 21:35:07 - [TEST_STEP][PASSED] - verifyMatch(getText(findTestObject("Object Repository/Apply Leave/Page_OrangeHRM/a_Pending Approval(0.75)")), status + "(" + days + ")", false, STOP_ON_FAILURE): Actual text 'Pending Approval(1.00)' and expected text 'Pending Approval(1.00)' are matched 

2021-08-19 21:35:08 - [MESSAGE][PASSED] - Text of object 'Object Repository/Apply Leave/Page_OrangeHRM/a_Pending Approval(0.75)' is: 'Pending Approval(1.00)'

2021-08-19 21:35:08 - [MESSAGE][PASSED] - Actual text 'Pending Approval(1.00)' and expected text 'Pending Approval(1.00)' are matched]]></system-out>
         <system-err><![CDATA[]]></system-err>
      </testcase>
      <testcase name="Test Cases/Apply Leave" time="24.539" classname="Test Cases/Apply Leave" status="PASSED">
         <system-out><![CDATA[2021-08-19 21:35:10 - [TEST_CASE][PASSED] - Test Cases/Apply Leave: Test Cases/Apply Leave

2021-08-19 21:35:10 - [TEST_STEP][PASSED] - com.database.mysql.connectDB("localhost", "orangehrm_mysql", "3306", "root", null): com.database.mysql.connectDB is PASSED

2021-08-19 21:35:10 - [MESSAGE][PASSED] - com.database.mysql.connectDB is PASSED

2021-08-19 21:35:10 - [TEST_STEP][PASSED] - com.database.mysql.execute("DELETE FROM `ohrm_leave_request` WHERE `emp_number`=3 AND `date_applied`='2021-09-02' AND `leave_type_id` = 3"): com.database.mysql.execute is PASSED

2021-08-19 21:35:10 - [MESSAGE][PASSED] - com.database.mysql.execute is PASSED

2021-08-19 21:35:10 - [TEST_STEP][PASSED] - com.database.mysql.execute("DELETE FROM `ohrm_leave` WHERE `emp_number` = 3 AND `leave_type_id`=3 and (`date`='2021-09-02' or `date`='2021-09-03') "): com.database.mysql.execute is PASSED

2021-08-19 21:35:10 - [MESSAGE][PASSED] - com.database.mysql.execute is PASSED

2021-08-19 21:35:10 - [TEST_STEP][PASSED] - com.database.mysql.closeDatabaseConnection(): com.database.mysql.closeDatabaseConnection is PASSED

2021-08-19 21:35:10 - [MESSAGE][PASSED] - com.database.mysql.closeDatabaseConnection is PASSED

2021-08-19 21:35:10 - [TEST_STEP][PASSED] - navigateToUrl("http://localhost/orangehrm/symfony/web/index.php/dashboard"): Navigate to 'http://localhost/orangehrm/symfony/web/index.php/dashboard' successfully

2021-08-19 21:35:10 - [MESSAGE][PASSED] - Navigate to 'http://localhost/orangehrm/symfony/web/index.php/dashboard' successfully

2021-08-19 21:35:10 - [TEST_STEP][PASSED] - click(findTestObject("Object Repository/Apply Leave/Page_OrangeHRM/img")): Object: 'Object Repository/Apply Leave/Page_OrangeHRM/img' is clicked on

2021-08-19 21:35:11 - [MESSAGE][PASSED] - Object: 'Object Repository/Apply Leave/Page_OrangeHRM/img' is clicked on

2021-08-19 21:35:11 - [TEST_STEP][PASSED] - selectOptionByValue(findTestObject("Object Repository/Apply Leave/Page_OrangeHRM/select_--Select--MarriageMaternityPersonalS_480ad7"), "3", true): All options with value '3' are selected in object 'Object Repository/Apply Leave/Page_OrangeHRM/select_--Select--MarriageMaternityPersonalS_480ad7'  using regular expression

2021-08-19 21:35:12 - [MESSAGE][PASSED] - All options with value '3' are selected in object 'Object Repository/Apply Leave/Page_OrangeHRM/select_--Select--MarriageMaternityPersonalS_480ad7'  using regular expression

2021-08-19 21:35:12 - [TEST_STEP][PASSED] - setText(findTestObject("Object Repository/Apply Leave/Page_OrangeHRM/input__applyleavetxtFromDate"), from): Text '2021-09-02' is set on object 'Object Repository/Apply Leave/Page_OrangeHRM/input__applyleavetxtFromDate'

2021-08-19 21:35:14 - [MESSAGE][PASSED] - Text '2021-09-02' is set on object 'Object Repository/Apply Leave/Page_OrangeHRM/input__applyleavetxtFromDate'

2021-08-19 21:35:14 - [TEST_STEP][PASSED] - sendKeys(findTestObject("Object Repository/Apply Leave/Page_OrangeHRM/input__applyleavetxtFromDate"), Keys.chord(ENTER)): Keys 'ENTER + ' sent to object: 'Object Repository/Apply Leave/Page_OrangeHRM/input__applyleavetxtFromDate'

2021-08-19 21:35:14 - [MESSAGE][PASSED] - Keys 'ENTER + ' sent to object: 'Object Repository/Apply Leave/Page_OrangeHRM/input__applyleavetxtFromDate'

2021-08-19 21:35:14 - [TEST_STEP][PASSED] - setText(findTestObject("Object Repository/Apply Leave/Page_OrangeHRM/input__applyleavetxtToDate"), to): Text '2021-09-02' is set on object 'Object Repository/Apply Leave/Page_OrangeHRM/input__applyleavetxtToDate'

2021-08-19 21:35:16 - [MESSAGE][PASSED] - Text '2021-09-02' is set on object 'Object Repository/Apply Leave/Page_OrangeHRM/input__applyleavetxtToDate'

2021-08-19 21:35:16 - [TEST_STEP][PASSED] - sendKeys(findTestObject("Object Repository/Apply Leave/Page_OrangeHRM/input__applyleavetxtToDate"), Keys.chord(ENTER)): Keys 'ENTER + ' sent to object: 'Object Repository/Apply Leave/Page_OrangeHRM/input__applyleavetxtToDate'

2021-08-19 21:35:16 - [MESSAGE][PASSED] - Keys 'ENTER + ' sent to object: 'Object Repository/Apply Leave/Page_OrangeHRM/input__applyleavetxtToDate'

2021-08-19 21:35:16 - [TEST_STEP][PASSED] - if (from.equals(to)): All options with value '18:00' are selected in object 'Object Repository/Apply Leave/Page_OrangeHRM/select_000000150030004501000115013001450200_bef9c6_1'  using regular expression

2021-08-19 21:35:16 - [TEST_STEP][PASSED] - selectOptionByValue(findTestObject("Object Repository/Apply Leave/Page_OrangeHRM/select_Full DayHalf DaySpecify Time"), duration1, true): All options with value 'specify_time' are selected in object 'Object Repository/Apply Leave/Page_OrangeHRM/select_Full DayHalf DaySpecify Time'  using regular expression

2021-08-19 21:35:18 - [MESSAGE][PASSED] - All options with value 'specify_time' are selected in object 'Object Repository/Apply Leave/Page_OrangeHRM/select_Full DayHalf DaySpecify Time'  using regular expression

2021-08-19 21:35:18 - [TEST_STEP][PASSED] - if (duration1.equals("half_day")): null

2021-08-19 21:35:18 - [TEST_STEP][PASSED] - if (duration1.equals("specify_time")): All options with value '18:00' are selected in object 'Object Repository/Apply Leave/Page_OrangeHRM/select_000000150030004501000115013001450200_bef9c6_1'  using regular expression

2021-08-19 21:35:18 - [TEST_STEP][PASSED] - selectOptionByValue(findTestObject("Object Repository/Apply Leave/Page_OrangeHRM/select_000000150030004501000115013001450200_bef9c6"), duration2, true): All options with value '09:00' are selected in object 'Object Repository/Apply Leave/Page_OrangeHRM/select_000000150030004501000115013001450200_bef9c6'  using regular expression

2021-08-19 21:35:21 - [MESSAGE][PASSED] - All options with value '09:00' are selected in object 'Object Repository/Apply Leave/Page_OrangeHRM/select_000000150030004501000115013001450200_bef9c6'  using regular expression

2021-08-19 21:35:21 - [TEST_STEP][PASSED] - selectOptionByValue(findTestObject("Object Repository/Apply Leave/Page_OrangeHRM/select_000000150030004501000115013001450200_bef9c6_1"), duration3, true): All options with value '18:00' are selected in object 'Object Repository/Apply Leave/Page_OrangeHRM/select_000000150030004501000115013001450200_bef9c6_1'  using regular expression

2021-08-19 21:35:24 - [MESSAGE][PASSED] - All options with value '18:00' are selected in object 'Object Repository/Apply Leave/Page_OrangeHRM/select_000000150030004501000115013001450200_bef9c6_1'  using regular expression

2021-08-19 21:35:24 - [TEST_STEP][PASSED] - scrollToElement(findTestObject("Apply Leave/Page_OrangeHRM/input__applyBtn"), 0): Scroll to object 'Object Repository/Apply Leave/Page_OrangeHRM/input__applyBtn' successfully

2021-08-19 21:35:24 - [MESSAGE][WARNING] - Timeout '0' is invalid. Using default page load timeout: '30'

2021-08-19 21:35:24 - [MESSAGE][PASSED] - Scroll to object 'Object Repository/Apply Leave/Page_OrangeHRM/input__applyBtn' successfully

2021-08-19 21:35:24 - [TEST_STEP][PASSED] - takeScreenshot(): Taking screenshot successfully

2021-08-19 21:35:25 - [MESSAGE][PASSED] - Taking screenshot successfully
[[ATTACHMENT|C:\\Users\\nguye\\Katalon Studio\\OrangeHRM\\Reports\\20210819_213101\\Apply Leave\\20210819_213101\\1629383725228.png]]

2021-08-19 21:35:25 - [TEST_STEP][PASSED] - click(findTestObject("Object Repository/Apply Leave/Page_OrangeHRM/input__applyBtn")): Object: 'Object Repository/Apply Leave/Page_OrangeHRM/input__applyBtn' is clicked on

2021-08-19 21:35:25 - [MESSAGE][PASSED] - Object: 'Object Repository/Apply Leave/Page_OrangeHRM/input__applyBtn' is clicked on

2021-08-19 21:35:25 - [TEST_STEP][PASSED] - navigateToUrl("http://localhost/orangehrm/symfony/web/index.php/leave/viewMyLeaveList/reset/1"): Navigate to 'http://localhost/orangehrm/symfony/web/index.php/leave/viewMyLeaveList/reset/1' successfully

2021-08-19 21:35:26 - [MESSAGE][PASSED] - Navigate to 'http://localhost/orangehrm/symfony/web/index.php/leave/viewMyLeaveList/reset/1' successfully

2021-08-19 21:35:26 - [TEST_STEP][PASSED] - setText(findTestObject("Object Repository/Apply Leave/Page_OrangeHRM/input_From_leaveListcalFromDate"), from): Text '2021-09-02' is set on object 'Object Repository/Apply Leave/Page_OrangeHRM/input_From_leaveListcalFromDate'

2021-08-19 21:35:27 - [MESSAGE][PASSED] - Text '2021-09-02' is set on object 'Object Repository/Apply Leave/Page_OrangeHRM/input_From_leaveListcalFromDate'

2021-08-19 21:35:27 - [TEST_STEP][PASSED] - sendKeys(findTestObject("Object Repository/Apply Leave/Page_OrangeHRM/input_From_leaveListcalFromDate"), Keys.chord(ENTER)): Keys 'ENTER + ' sent to object: 'Object Repository/Apply Leave/Page_OrangeHRM/input_From_leaveListcalFromDate'

2021-08-19 21:35:28 - [MESSAGE][PASSED] - Keys 'ENTER + ' sent to object: 'Object Repository/Apply Leave/Page_OrangeHRM/input_From_leaveListcalFromDate'

2021-08-19 21:35:28 - [TEST_STEP][PASSED] - setText(findTestObject("Object Repository/Apply Leave/Page_OrangeHRM/input_To_leaveListcalToDate"), to): Text '2021-09-02' is set on object 'Object Repository/Apply Leave/Page_OrangeHRM/input_To_leaveListcalToDate'

2021-08-19 21:35:29 - [MESSAGE][PASSED] - Text '2021-09-02' is set on object 'Object Repository/Apply Leave/Page_OrangeHRM/input_To_leaveListcalToDate'

2021-08-19 21:35:29 - [TEST_STEP][PASSED] - sendKeys(findTestObject("Object Repository/Apply Leave/Page_OrangeHRM/input_To_leaveListcalToDate"), Keys.chord(ENTER)): Keys 'ENTER + ' sent to object: 'Object Repository/Apply Leave/Page_OrangeHRM/input_To_leaveListcalToDate'

2021-08-19 21:35:29 - [MESSAGE][PASSED] - Keys 'ENTER + ' sent to object: 'Object Repository/Apply Leave/Page_OrangeHRM/input_To_leaveListcalToDate'

2021-08-19 21:35:29 - [TEST_STEP][PASSED] - uncheck(findTestObject("Object Repository/Apply Leave/Page_OrangeHRM/input_All_leaveList_chkSearchFilter_checkbo_a698f3")): Object 'Object Repository/Apply Leave/Page_OrangeHRM/input_All_leaveList_chkSearchFilter_checkbo_a698f3' is un-checked

2021-08-19 21:35:30 - [MESSAGE][PASSED] - Object 'Object Repository/Apply Leave/Page_OrangeHRM/input_All_leaveList_chkSearchFilter_checkbo_a698f3' is un-checked

2021-08-19 21:35:30 - [TEST_STEP][PASSED] - check(findTestObject("Object Repository/Apply Leave/Page_OrangeHRM/input_Pending Approval_leaveListchkSearchFilter")): Object 'Object Repository/Apply Leave/Page_OrangeHRM/input_Pending Approval_leaveListchkSearchFilter' is checked

2021-08-19 21:35:30 - [MESSAGE][PASSED] - Object 'Object Repository/Apply Leave/Page_OrangeHRM/input_Pending Approval_leaveListchkSearchFilter' is checked

2021-08-19 21:35:30 - [TEST_STEP][PASSED] - click(findTestObject("Object Repository/Apply Leave/Page_OrangeHRM/input_Taken_btnSearch")): Object: 'Object Repository/Apply Leave/Page_OrangeHRM/input_Taken_btnSearch' is clicked on

2021-08-19 21:35:31 - [MESSAGE][PASSED] - Object: 'Object Repository/Apply Leave/Page_OrangeHRM/input_Taken_btnSearch' is clicked on

2021-08-19 21:35:31 - [TEST_STEP][PASSED] - scrollToElement(findTestObject("Apply Leave/Page_OrangeHRM/th_Date"), 0): Scroll to object 'Object Repository/Apply Leave/Page_OrangeHRM/th_Date' successfully

2021-08-19 21:35:31 - [MESSAGE][WARNING] - Timeout '0' is invalid. Using default page load timeout: '30'

2021-08-19 21:35:32 - [MESSAGE][PASSED] - Scroll to object 'Object Repository/Apply Leave/Page_OrangeHRM/th_Date' successfully

2021-08-19 21:35:32 - [TEST_STEP][PASSED] - takeScreenshot(): Taking screenshot successfully

2021-08-19 21:35:32 - [MESSAGE][PASSED] - Taking screenshot successfully
[[ATTACHMENT|C:\\Users\\nguye\\Katalon Studio\\OrangeHRM\\Reports\\20210819_213101\\Apply Leave\\20210819_213101\\1629383732262.png]]

2021-08-19 21:35:32 - [TEST_STEP][PASSED] - if (days.equals("")): Actual text 'No Records Found' and expected text 'No Records Found' are matched 

2021-08-19 21:35:32 - [TEST_STEP][PASSED] - verifyMatch(getText(findTestObject("Object Repository/Apply Leave/Page_OrangeHRM/td_No Records Found")), "No Records Found", false, STOP_ON_FAILURE): Actual text 'No Records Found' and expected text 'No Records Found' are matched 

2021-08-19 21:35:32 - [MESSAGE][PASSED] - Text of object 'Object Repository/Apply Leave/Page_OrangeHRM/td_No Records Found' is: 'No Records Found'

2021-08-19 21:35:32 - [MESSAGE][PASSED] - Actual text 'No Records Found' and expected text 'No Records Found' are matched]]></system-out>
         <system-err><![CDATA[]]></system-err>
      </testcase>
      <testcase name="Test Cases/Apply Leave" time="24.609" classname="Test Cases/Apply Leave" status="FAILED">
         <failure type="FAILED" message="Test Cases/Apply Leave FAILED.
Reason:
com.kms.katalon.core.exception.StepFailedException: Actual text '2021-09-02 (03:00 - 05:00)' and expected text 'No Records Found' are not matched
	at com.kms.katalon.core.keyword.builtin.VerifyMatchKeyword$_verifyMatch_closure1.doCall(VerifyMatchKeyword.groovy:57)
	at com.kms.katalon.core.keyword.builtin.VerifyMatchKeyword$_verifyMatch_closure1.call(VerifyMatchKeyword.groovy)
	at com.kms.katalon.core.keyword.internal.KeywordMain.runKeyword(KeywordMain.groovy:74)
	at com.kms.katalon.core.keyword.builtin.VerifyMatchKeyword.verifyMatch(VerifyMatchKeyword.groovy:60)
	at com.kms.katalon.core.keyword.builtin.VerifyMatchKeyword.execute(VerifyMatchKeyword.groovy:45)
	at com.kms.katalon.core.keyword.internal.KeywordExecutor.executeKeywordForPlatform(KeywordExecutor.groovy:74)
	at com.kms.katalon.core.keyword.BuiltinKeywords.verifyMatch(BuiltinKeywords.groovy:55)
	at Apply Leave.run(Apply Leave:180)
	at com.kms.katalon.core.main.ScriptEngine.run(ScriptEngine.java:194)
	at com.kms.katalon.core.main.ScriptEngine.runScriptAsRawText(ScriptEngine.java:119)
	at com.kms.katalon.core.main.TestCaseExecutor.runScript(TestCaseExecutor.java:430)
	at com.kms.katalon.core.main.TestCaseExecutor.doExecute(TestCaseExecutor.java:421)
	at com.kms.katalon.core.main.TestCaseExecutor.processExecutionPhase(TestCaseExecutor.java:400)
	at com.kms.katalon.core.main.TestCaseExecutor.accessMainPhase(TestCaseExecutor.java:392)
	at com.kms.katalon.core.main.TestCaseExecutor.execute(TestCaseExecutor.java:273)
	at com.kms.katalon.core.main.TestSuiteExecutor.accessTestCaseMainPhase(TestSuiteExecutor.java:202)
	at com.kms.katalon.core.main.TestSuiteExecutor.accessTestSuiteMainPhase(TestSuiteExecutor.java:164)
	at com.kms.katalon.core.main.TestSuiteExecutor.execute(TestSuiteExecutor.java:105)
	at com.kms.katalon.core.main.TestCaseMain.startTestSuite(TestCaseMain.java:185)
	at com.kms.katalon.core.main.TestCaseMain$startTestSuite$0.call(Unknown Source)
	at TempTestSuite1629383461522.run(TempTestSuite1629383461522.groovy:36)
"/>
         <system-out><![CDATA[2021-08-19 21:35:34 - [TEST_CASE][FAILED] - Test Cases/Apply Leave: Test Cases/Apply Leave FAILED.
Reason:
com.kms.katalon.core.exception.StepFailedException: Actual text '2021-09-02 (03:00 - 05:00)' and expected text 'No Records Found' are not matched
	at com.kms.katalon.core.keyword.builtin.VerifyMatchKeyword$_verifyMatch_closure1.doCall(VerifyMatchKeyword.groovy:57)
	at com.kms.katalon.core.keyword.builtin.VerifyMatchKeyword$_verifyMatch_closure1.call(VerifyMatchKeyword.groovy)
	at com.kms.katalon.core.keyword.internal.KeywordMain.runKeyword(KeywordMain.groovy:74)
	at com.kms.katalon.core.keyword.builtin.VerifyMatchKeyword.verifyMatch(VerifyMatchKeyword.groovy:60)
	at com.kms.katalon.core.keyword.builtin.VerifyMatchKeyword.execute(VerifyMatchKeyword.groovy:45)
	at com.kms.katalon.core.keyword.internal.KeywordExecutor.executeKeywordForPlatform(KeywordExecutor.groovy:74)
	at com.kms.katalon.core.keyword.BuiltinKeywords.verifyMatch(BuiltinKeywords.groovy:55)
	at Apply Leave.run(Apply Leave:180)
	at com.kms.katalon.core.main.ScriptEngine.run(ScriptEngine.java:194)
	at com.kms.katalon.core.main.ScriptEngine.runScriptAsRawText(ScriptEngine.java:119)
	at com.kms.katalon.core.main.TestCaseExecutor.runScript(TestCaseExecutor.java:430)
	at com.kms.katalon.core.main.TestCaseExecutor.doExecute(TestCaseExecutor.java:421)
	at com.kms.katalon.core.main.TestCaseExecutor.processExecutionPhase(TestCaseExecutor.java:400)
	at com.kms.katalon.core.main.TestCaseExecutor.accessMainPhase(TestCaseExecutor.java:392)
	at com.kms.katalon.core.main.TestCaseExecutor.execute(TestCaseExecutor.java:273)
	at com.kms.katalon.core.main.TestSuiteExecutor.accessTestCaseMainPhase(TestSuiteExecutor.java:202)
	at com.kms.katalon.core.main.TestSuiteExecutor.accessTestSuiteMainPhase(TestSuiteExecutor.java:164)
	at com.kms.katalon.core.main.TestSuiteExecutor.execute(TestSuiteExecutor.java:105)
	at com.kms.katalon.core.main.TestCaseMain.startTestSuite(TestCaseMain.java:185)
	at com.kms.katalon.core.main.TestCaseMain$startTestSuite$0.call(Unknown Source)
	at TempTestSuite1629383461522.run(TempTestSuite1629383461522.groovy:36)


2021-08-19 21:35:34 - [TEST_STEP][PASSED] - com.database.mysql.connectDB("localhost", "orangehrm_mysql", "3306", "root", null): com.database.mysql.connectDB is PASSED

2021-08-19 21:35:34 - [MESSAGE][PASSED] - com.database.mysql.connectDB is PASSED

2021-08-19 21:35:34 - [TEST_STEP][PASSED] - com.database.mysql.execute("DELETE FROM `ohrm_leave_request` WHERE `emp_number`=3 AND `date_applied`='2021-09-02' AND `leave_type_id` = 3"): com.database.mysql.execute is PASSED

2021-08-19 21:35:34 - [MESSAGE][PASSED] - com.database.mysql.execute is PASSED

2021-08-19 21:35:34 - [TEST_STEP][PASSED] - com.database.mysql.execute("DELETE FROM `ohrm_leave` WHERE `emp_number` = 3 AND `leave_type_id`=3 and (`date`='2021-09-02' or `date`='2021-09-03') "): com.database.mysql.execute is PASSED

2021-08-19 21:35:34 - [MESSAGE][PASSED] - com.database.mysql.execute is PASSED

2021-08-19 21:35:34 - [TEST_STEP][PASSED] - com.database.mysql.closeDatabaseConnection(): com.database.mysql.closeDatabaseConnection is PASSED

2021-08-19 21:35:34 - [MESSAGE][PASSED] - com.database.mysql.closeDatabaseConnection is PASSED

2021-08-19 21:35:34 - [TEST_STEP][PASSED] - navigateToUrl("http://localhost/orangehrm/symfony/web/index.php/dashboard"): Navigate to 'http://localhost/orangehrm/symfony/web/index.php/dashboard' successfully

2021-08-19 21:35:35 - [MESSAGE][PASSED] - Navigate to 'http://localhost/orangehrm/symfony/web/index.php/dashboard' successfully

2021-08-19 21:35:35 - [TEST_STEP][PASSED] - click(findTestObject("Object Repository/Apply Leave/Page_OrangeHRM/img")): Object: 'Object Repository/Apply Leave/Page_OrangeHRM/img' is clicked on

2021-08-19 21:35:36 - [MESSAGE][PASSED] - Object: 'Object Repository/Apply Leave/Page_OrangeHRM/img' is clicked on

2021-08-19 21:35:36 - [TEST_STEP][PASSED] - selectOptionByValue(findTestObject("Object Repository/Apply Leave/Page_OrangeHRM/select_--Select--MarriageMaternityPersonalS_480ad7"), "3", true): All options with value '3' are selected in object 'Object Repository/Apply Leave/Page_OrangeHRM/select_--Select--MarriageMaternityPersonalS_480ad7'  using regular expression

2021-08-19 21:35:37 - [MESSAGE][PASSED] - All options with value '3' are selected in object 'Object Repository/Apply Leave/Page_OrangeHRM/select_--Select--MarriageMaternityPersonalS_480ad7'  using regular expression

2021-08-19 21:35:37 - [TEST_STEP][PASSED] - setText(findTestObject("Object Repository/Apply Leave/Page_OrangeHRM/input__applyleavetxtFromDate"), from): Text '2021-09-02' is set on object 'Object Repository/Apply Leave/Page_OrangeHRM/input__applyleavetxtFromDate'

2021-08-19 21:35:38 - [MESSAGE][PASSED] - Text '2021-09-02' is set on object 'Object Repository/Apply Leave/Page_OrangeHRM/input__applyleavetxtFromDate'

2021-08-19 21:35:38 - [TEST_STEP][PASSED] - sendKeys(findTestObject("Object Repository/Apply Leave/Page_OrangeHRM/input__applyleavetxtFromDate"), Keys.chord(ENTER)): Keys 'ENTER + ' sent to object: 'Object Repository/Apply Leave/Page_OrangeHRM/input__applyleavetxtFromDate'

2021-08-19 21:35:39 - [MESSAGE][PASSED] - Keys 'ENTER + ' sent to object: 'Object Repository/Apply Leave/Page_OrangeHRM/input__applyleavetxtFromDate'

2021-08-19 21:35:39 - [TEST_STEP][PASSED] - setText(findTestObject("Object Repository/Apply Leave/Page_OrangeHRM/input__applyleavetxtToDate"), to): Text '2021-09-02' is set on object 'Object Repository/Apply Leave/Page_OrangeHRM/input__applyleavetxtToDate'

2021-08-19 21:35:40 - [MESSAGE][PASSED] - Text '2021-09-02' is set on object 'Object Repository/Apply Leave/Page_OrangeHRM/input__applyleavetxtToDate'

2021-08-19 21:35:40 - [TEST_STEP][PASSED] - sendKeys(findTestObject("Object Repository/Apply Leave/Page_OrangeHRM/input__applyleavetxtToDate"), Keys.chord(ENTER)): Keys 'ENTER + ' sent to object: 'Object Repository/Apply Leave/Page_OrangeHRM/input__applyleavetxtToDate'

2021-08-19 21:35:41 - [MESSAGE][PASSED] - Keys 'ENTER + ' sent to object: 'Object Repository/Apply Leave/Page_OrangeHRM/input__applyleavetxtToDate'

2021-08-19 21:35:41 - [TEST_STEP][PASSED] - if (from.equals(to)): All options with value '05:00' are selected in object 'Object Repository/Apply Leave/Page_OrangeHRM/select_000000150030004501000115013001450200_bef9c6_1'  using regular expression

2021-08-19 21:35:41 - [TEST_STEP][PASSED] - selectOptionByValue(findTestObject("Object Repository/Apply Leave/Page_OrangeHRM/select_Full DayHalf DaySpecify Time"), duration1, true): All options with value 'specify_time' are selected in object 'Object Repository/Apply Leave/Page_OrangeHRM/select_Full DayHalf DaySpecify Time'  using regular expression

2021-08-19 21:35:42 - [MESSAGE][PASSED] - All options with value 'specify_time' are selected in object 'Object Repository/Apply Leave/Page_OrangeHRM/select_Full DayHalf DaySpecify Time'  using regular expression

2021-08-19 21:35:42 - [TEST_STEP][PASSED] - if (duration1.equals("half_day")): null

2021-08-19 21:35:42 - [TEST_STEP][PASSED] - if (duration1.equals("specify_time")): All options with value '05:00' are selected in object 'Object Repository/Apply Leave/Page_OrangeHRM/select_000000150030004501000115013001450200_bef9c6_1'  using regular expression

2021-08-19 21:35:42 - [TEST_STEP][PASSED] - selectOptionByValue(findTestObject("Object Repository/Apply Leave/Page_OrangeHRM/select_000000150030004501000115013001450200_bef9c6"), duration2, true): All options with value '03:00' are selected in object 'Object Repository/Apply Leave/Page_OrangeHRM/select_000000150030004501000115013001450200_bef9c6'  using regular expression

2021-08-19 21:35:45 - [MESSAGE][PASSED] - All options with value '03:00' are selected in object 'Object Repository/Apply Leave/Page_OrangeHRM/select_000000150030004501000115013001450200_bef9c6'  using regular expression

2021-08-19 21:35:45 - [TEST_STEP][PASSED] - selectOptionByValue(findTestObject("Object Repository/Apply Leave/Page_OrangeHRM/select_000000150030004501000115013001450200_bef9c6_1"), duration3, true): All options with value '05:00' are selected in object 'Object Repository/Apply Leave/Page_OrangeHRM/select_000000150030004501000115013001450200_bef9c6_1'  using regular expression

2021-08-19 21:35:48 - [MESSAGE][PASSED] - All options with value '05:00' are selected in object 'Object Repository/Apply Leave/Page_OrangeHRM/select_000000150030004501000115013001450200_bef9c6_1'  using regular expression

2021-08-19 21:35:48 - [TEST_STEP][PASSED] - scrollToElement(findTestObject("Apply Leave/Page_OrangeHRM/input__applyBtn"), 0): Scroll to object 'Object Repository/Apply Leave/Page_OrangeHRM/input__applyBtn' successfully

2021-08-19 21:35:48 - [MESSAGE][WARNING] - Timeout '0' is invalid. Using default page load timeout: '30'

2021-08-19 21:35:48 - [MESSAGE][PASSED] - Scroll to object 'Object Repository/Apply Leave/Page_OrangeHRM/input__applyBtn' successfully

2021-08-19 21:35:48 - [TEST_STEP][PASSED] - takeScreenshot(): Taking screenshot successfully

2021-08-19 21:35:48 - [MESSAGE][PASSED] - Taking screenshot successfully
[[ATTACHMENT|C:\\Users\\nguye\\Katalon Studio\\OrangeHRM\\Reports\\20210819_213101\\Apply Leave\\20210819_213101\\1629383748800.png]]

2021-08-19 21:35:48 - [TEST_STEP][PASSED] - click(findTestObject("Object Repository/Apply Leave/Page_OrangeHRM/input__applyBtn")): Object: 'Object Repository/Apply Leave/Page_OrangeHRM/input__applyBtn' is clicked on

2021-08-19 21:35:49 - [MESSAGE][PASSED] - Object: 'Object Repository/Apply Leave/Page_OrangeHRM/input__applyBtn' is clicked on

2021-08-19 21:35:49 - [TEST_STEP][PASSED] - navigateToUrl("http://localhost/orangehrm/symfony/web/index.php/leave/viewMyLeaveList/reset/1"): Navigate to 'http://localhost/orangehrm/symfony/web/index.php/leave/viewMyLeaveList/reset/1' successfully

2021-08-19 21:35:50 - [MESSAGE][PASSED] - Navigate to 'http://localhost/orangehrm/symfony/web/index.php/leave/viewMyLeaveList/reset/1' successfully

2021-08-19 21:35:50 - [TEST_STEP][PASSED] - setText(findTestObject("Object Repository/Apply Leave/Page_OrangeHRM/input_From_leaveListcalFromDate"), from): Text '2021-09-02' is set on object 'Object Repository/Apply Leave/Page_OrangeHRM/input_From_leaveListcalFromDate'

2021-08-19 21:35:52 - [MESSAGE][PASSED] - Text '2021-09-02' is set on object 'Object Repository/Apply Leave/Page_OrangeHRM/input_From_leaveListcalFromDate'

2021-08-19 21:35:52 - [TEST_STEP][PASSED] - sendKeys(findTestObject("Object Repository/Apply Leave/Page_OrangeHRM/input_From_leaveListcalFromDate"), Keys.chord(ENTER)): Keys 'ENTER + ' sent to object: 'Object Repository/Apply Leave/Page_OrangeHRM/input_From_leaveListcalFromDate'

2021-08-19 21:35:52 - [MESSAGE][PASSED] - Keys 'ENTER + ' sent to object: 'Object Repository/Apply Leave/Page_OrangeHRM/input_From_leaveListcalFromDate'

2021-08-19 21:35:52 - [TEST_STEP][PASSED] - setText(findTestObject("Object Repository/Apply Leave/Page_OrangeHRM/input_To_leaveListcalToDate"), to): Text '2021-09-02' is set on object 'Object Repository/Apply Leave/Page_OrangeHRM/input_To_leaveListcalToDate'

2021-08-19 21:35:53 - [MESSAGE][PASSED] - Text '2021-09-02' is set on object 'Object Repository/Apply Leave/Page_OrangeHRM/input_To_leaveListcalToDate'

2021-08-19 21:35:53 - [TEST_STEP][PASSED] - sendKeys(findTestObject("Object Repository/Apply Leave/Page_OrangeHRM/input_To_leaveListcalToDate"), Keys.chord(ENTER)): Keys 'ENTER + ' sent to object: 'Object Repository/Apply Leave/Page_OrangeHRM/input_To_leaveListcalToDate'

2021-08-19 21:35:54 - [MESSAGE][PASSED] - Keys 'ENTER + ' sent to object: 'Object Repository/Apply Leave/Page_OrangeHRM/input_To_leaveListcalToDate'

2021-08-19 21:35:54 - [TEST_STEP][PASSED] - uncheck(findTestObject("Object Repository/Apply Leave/Page_OrangeHRM/input_All_leaveList_chkSearchFilter_checkbo_a698f3")): Object 'Object Repository/Apply Leave/Page_OrangeHRM/input_All_leaveList_chkSearchFilter_checkbo_a698f3' is un-checked

2021-08-19 21:35:54 - [MESSAGE][PASSED] - Object 'Object Repository/Apply Leave/Page_OrangeHRM/input_All_leaveList_chkSearchFilter_checkbo_a698f3' is un-checked

2021-08-19 21:35:54 - [TEST_STEP][PASSED] - check(findTestObject("Object Repository/Apply Leave/Page_OrangeHRM/input_Pending Approval_leaveListchkSearchFilter")): Object 'Object Repository/Apply Leave/Page_OrangeHRM/input_Pending Approval_leaveListchkSearchFilter' is checked

2021-08-19 21:35:54 - [MESSAGE][PASSED] - Object 'Object Repository/Apply Leave/Page_OrangeHRM/input_Pending Approval_leaveListchkSearchFilter' is checked

2021-08-19 21:35:54 - [TEST_STEP][PASSED] - click(findTestObject("Object Repository/Apply Leave/Page_OrangeHRM/input_Taken_btnSearch")): Object: 'Object Repository/Apply Leave/Page_OrangeHRM/input_Taken_btnSearch' is clicked on

2021-08-19 21:35:55 - [MESSAGE][PASSED] - Object: 'Object Repository/Apply Leave/Page_OrangeHRM/input_Taken_btnSearch' is clicked on

2021-08-19 21:35:55 - [TEST_STEP][PASSED] - scrollToElement(findTestObject("Apply Leave/Page_OrangeHRM/th_Date"), 0): Scroll to object 'Object Repository/Apply Leave/Page_OrangeHRM/th_Date' successfully

2021-08-19 21:35:55 - [MESSAGE][WARNING] - Timeout '0' is invalid. Using default page load timeout: '30'

2021-08-19 21:35:56 - [MESSAGE][PASSED] - Scroll to object 'Object Repository/Apply Leave/Page_OrangeHRM/th_Date' successfully

2021-08-19 21:35:56 - [TEST_STEP][PASSED] - takeScreenshot(): Taking screenshot successfully

2021-08-19 21:35:57 - [MESSAGE][PASSED] - Taking screenshot successfully
[[ATTACHMENT|C:\\Users\\nguye\\Katalon Studio\\OrangeHRM\\Reports\\20210819_213101\\Apply Leave\\20210819_213101\\1629383756929.png]]

2021-08-19 21:35:57 - [TEST_STEP][FAILED] - if (days.equals("")): Unable to verify match between actual text '2021-09-02 (03:00 - 05:00)' and expected text 'No Records Found' (Root cause: com.kms.katalon.core.exception.StepFailedException: Actual text '2021-09-02 (03:00 - 05:00)' and expected text 'No Records Found' are not matched
	at com.kms.katalon.core.keyword.builtin.VerifyMatchKeyword$_verifyMatch_closure1.doCall(VerifyMatchKeyword.groovy:57)
	at com.kms.katalon.core.keyword.builtin.VerifyMatchKeyword$_verifyMatch_closure1.call(VerifyMatchKeyword.groovy)
	at com.kms.katalon.core.keyword.internal.KeywordMain.runKeyword(KeywordMain.groovy:74)
	at com.kms.katalon.core.keyword.builtin.VerifyMatchKeyword.verifyMatch(VerifyMatchKeyword.groovy:60)
	at com.kms.katalon.core.keyword.builtin.VerifyMatchKeyword.execute(VerifyMatchKeyword.groovy:45)
	at com.kms.katalon.core.keyword.internal.KeywordExecutor.executeKeywordForPlatform(KeywordExecutor.groovy:74)
	at com.kms.katalon.core.keyword.BuiltinKeywords.verifyMatch(BuiltinKeywords.groovy:55)
	at Apply Leave.run(Apply Leave:180)
	at com.kms.katalon.core.main.ScriptEngine.run(ScriptEngine.java:194)
	at com.kms.katalon.core.main.ScriptEngine.runScriptAsRawText(ScriptEngine.java:119)
	at com.kms.katalon.core.main.TestCaseExecutor.runScript(TestCaseExecutor.java:430)
	at com.kms.katalon.core.main.TestCaseExecutor.doExecute(TestCaseExecutor.java:421)
	at com.kms.katalon.core.main.TestCaseExecutor.processExecutionPhase(TestCaseExecutor.java:400)
	at com.kms.katalon.core.main.TestCaseExecutor.accessMainPhase(TestCaseExecutor.java:392)
	at com.kms.katalon.core.main.TestCaseExecutor.execute(TestCaseExecutor.java:273)
	at com.kms.katalon.core.main.TestSuiteExecutor.accessTestCaseMainPhase(TestSuiteExecutor.java:202)
	at com.kms.katalon.core.main.TestSuiteExecutor.accessTestSuiteMainPhase(TestSuiteExecutor.java:164)
	at com.kms.katalon.core.main.TestSuiteExecutor.execute(TestSuiteExecutor.java:105)
	at com.kms.katalon.core.main.TestCaseMain.startTestSuite(TestCaseMain.java:185)
	at com.kms.katalon.core.main.TestCaseMain$startTestSuite$0.call(Unknown Source)
	at TempTestSuite1629383461522.run(TempTestSuite1629383461522.groovy:36)
)

2021-08-19 21:35:57 - [TEST_STEP][FAILED] - verifyMatch(getText(findTestObject("Object Repository/Apply Leave/Page_OrangeHRM/td_No Records Found")), "No Records Found", false, STOP_ON_FAILURE): Unable to verify match between actual text '2021-09-02 (03:00 - 05:00)' and expected text 'No Records Found' (Root cause: com.kms.katalon.core.exception.StepFailedException: Actual text '2021-09-02 (03:00 - 05:00)' and expected text 'No Records Found' are not matched
	at com.kms.katalon.core.keyword.builtin.VerifyMatchKeyword$_verifyMatch_closure1.doCall(VerifyMatchKeyword.groovy:57)
	at com.kms.katalon.core.keyword.builtin.VerifyMatchKeyword$_verifyMatch_closure1.call(VerifyMatchKeyword.groovy)
	at com.kms.katalon.core.keyword.internal.KeywordMain.runKeyword(KeywordMain.groovy:74)
	at com.kms.katalon.core.keyword.builtin.VerifyMatchKeyword.verifyMatch(VerifyMatchKeyword.groovy:60)
	at com.kms.katalon.core.keyword.builtin.VerifyMatchKeyword.execute(VerifyMatchKeyword.groovy:45)
	at com.kms.katalon.core.keyword.internal.KeywordExecutor.executeKeywordForPlatform(KeywordExecutor.groovy:74)
	at com.kms.katalon.core.keyword.BuiltinKeywords.verifyMatch(BuiltinKeywords.groovy:55)
	at Apply Leave.run(Apply Leave:180)
	at com.kms.katalon.core.main.ScriptEngine.run(ScriptEngine.java:194)
	at com.kms.katalon.core.main.ScriptEngine.runScriptAsRawText(ScriptEngine.java:119)
	at com.kms.katalon.core.main.TestCaseExecutor.runScript(TestCaseExecutor.java:430)
	at com.kms.katalon.core.main.TestCaseExecutor.doExecute(TestCaseExecutor.java:421)
	at com.kms.katalon.core.main.TestCaseExecutor.processExecutionPhase(TestCaseExecutor.java:400)
	at com.kms.katalon.core.main.TestCaseExecutor.accessMainPhase(TestCaseExecutor.java:392)
	at com.kms.katalon.core.main.TestCaseExecutor.execute(TestCaseExecutor.java:273)
	at com.kms.katalon.core.main.TestSuiteExecutor.accessTestCaseMainPhase(TestSuiteExecutor.java:202)
	at com.kms.katalon.core.main.TestSuiteExecutor.accessTestSuiteMainPhase(TestSuiteExecutor.java:164)
	at com.kms.katalon.core.main.TestSuiteExecutor.execute(TestSuiteExecutor.java:105)
	at com.kms.katalon.core.main.TestCaseMain.startTestSuite(TestCaseMain.java:185)
	at com.kms.katalon.core.main.TestCaseMain$startTestSuite$0.call(Unknown Source)
	at TempTestSuite1629383461522.run(TempTestSuite1629383461522.groovy:36)
)

2021-08-19 21:35:57 - [MESSAGE][PASSED] - Text of object 'Object Repository/Apply Leave/Page_OrangeHRM/td_No Records Found' is: '2021-09-02 (03:00 - 05:00)'

2021-08-19 21:35:57 - [MESSAGE][FAILED] - Unable to verify match between actual text '2021-09-02 (03:00 - 05:00)' and expected text 'No Records Found' (Root cause: com.kms.katalon.core.exception.StepFailedException: Actual text '2021-09-02 (03:00 - 05:00)' and expected text 'No Records Found' are not matched
	at com.kms.katalon.core.keyword.builtin.VerifyMatchKeyword$_verifyMatch_closure1.doCall(VerifyMatchKeyword.groovy:57)
	at com.kms.katalon.core.keyword.builtin.VerifyMatchKeyword$_verifyMatch_closure1.call(VerifyMatchKeyword.groovy)
	at com.kms.katalon.core.keyword.internal.KeywordMain.runKeyword(KeywordMain.groovy:74)
	at com.kms.katalon.core.keyword.builtin.VerifyMatchKeyword.verifyMatch(VerifyMatchKeyword.groovy:60)
	at com.kms.katalon.core.keyword.builtin.VerifyMatchKeyword.execute(VerifyMatchKeyword.groovy:45)
	at com.kms.katalon.core.keyword.internal.KeywordExecutor.executeKeywordForPlatform(KeywordExecutor.groovy:74)
	at com.kms.katalon.core.keyword.BuiltinKeywords.verifyMatch(BuiltinKeywords.groovy:55)
	at Apply Leave.run(Apply Leave:180)
	at com.kms.katalon.core.main.ScriptEngine.run(ScriptEngine.java:194)
	at com.kms.katalon.core.main.ScriptEngine.runScriptAsRawText(ScriptEngine.java:119)
	at com.kms.katalon.core.main.TestCaseExecutor.runScript(TestCaseExecutor.java:430)
	at com.kms.katalon.core.main.TestCaseExecutor.doExecute(TestCaseExecutor.java:421)
	at com.kms.katalon.core.main.TestCaseExecutor.processExecutionPhase(TestCaseExecutor.java:400)
	at com.kms.katalon.core.main.TestCaseExecutor.accessMainPhase(TestCaseExecutor.java:392)
	at com.kms.katalon.core.main.TestCaseExecutor.execute(TestCaseExecutor.java:273)
	at com.kms.katalon.core.main.TestSuiteExecutor.accessTestCaseMainPhase(TestSuiteExecutor.java:202)
	at com.kms.katalon.core.main.TestSuiteExecutor.accessTestSuiteMainPhase(TestSuiteExecutor.java:164)
	at com.kms.katalon.core.main.TestSuiteExecutor.execute(TestSuiteExecutor.java:105)
	at com.kms.katalon.core.main.TestCaseMain.startTestSuite(TestCaseMain.java:185)
	at com.kms.katalon.core.main.TestCaseMain$startTestSuite$0.call(Unknown Source)
	at TempTestSuite1629383461522.run(TempTestSuite1629383461522.groovy:36)
)

2021-08-19 21:35:59 - [TEST_STEP][PASSED] - Video: Video recording for test case 'Test Cases/Apply Leave' .

2021-08-19 21:35:59 - [MESSAGE][INFO] - Video recording for test case 'Test Cases/Apply Leave' .]]></system-out>
         <system-err><![CDATA[2021-08-19 21:35:34 - [TEST_CASE][FAILED] - Test Cases/Apply Leave: Test Cases/Apply Leave FAILED.
Reason:
com.kms.katalon.core.exception.StepFailedException: Actual text '2021-09-02 (03:00 - 05:00)' and expected text 'No Records Found' are not matched
	at com.kms.katalon.core.keyword.builtin.VerifyMatchKeyword$_verifyMatch_closure1.doCall(VerifyMatchKeyword.groovy:57)
	at com.kms.katalon.core.keyword.builtin.VerifyMatchKeyword$_verifyMatch_closure1.call(VerifyMatchKeyword.groovy)
	at com.kms.katalon.core.keyword.internal.KeywordMain.runKeyword(KeywordMain.groovy:74)
	at com.kms.katalon.core.keyword.builtin.VerifyMatchKeyword.verifyMatch(VerifyMatchKeyword.groovy:60)
	at com.kms.katalon.core.keyword.builtin.VerifyMatchKeyword.execute(VerifyMatchKeyword.groovy:45)
	at com.kms.katalon.core.keyword.internal.KeywordExecutor.executeKeywordForPlatform(KeywordExecutor.groovy:74)
	at com.kms.katalon.core.keyword.BuiltinKeywords.verifyMatch(BuiltinKeywords.groovy:55)
	at Apply Leave.run(Apply Leave:180)
	at com.kms.katalon.core.main.ScriptEngine.run(ScriptEngine.java:194)
	at com.kms.katalon.core.main.ScriptEngine.runScriptAsRawText(ScriptEngine.java:119)
	at com.kms.katalon.core.main.TestCaseExecutor.runScript(TestCaseExecutor.java:430)
	at com.kms.katalon.core.main.TestCaseExecutor.doExecute(TestCaseExecutor.java:421)
	at com.kms.katalon.core.main.TestCaseExecutor.processExecutionPhase(TestCaseExecutor.java:400)
	at com.kms.katalon.core.main.TestCaseExecutor.accessMainPhase(TestCaseExecutor.java:392)
	at com.kms.katalon.core.main.TestCaseExecutor.execute(TestCaseExecutor.java:273)
	at com.kms.katalon.core.main.TestSuiteExecutor.accessTestCaseMainPhase(TestSuiteExecutor.java:202)
	at com.kms.katalon.core.main.TestSuiteExecutor.accessTestSuiteMainPhase(TestSuiteExecutor.java:164)
	at com.kms.katalon.core.main.TestSuiteExecutor.execute(TestSuiteExecutor.java:105)
	at com.kms.katalon.core.main.TestCaseMain.startTestSuite(TestCaseMain.java:185)
	at com.kms.katalon.core.main.TestCaseMain$startTestSuite$0.call(Unknown Source)
	at TempTestSuite1629383461522.run(TempTestSuite1629383461522.groovy:36)]]></system-err>
      </testcase>
      <testcase name="Test Cases/Apply Leave" time="21.254" classname="Test Cases/Apply Leave" status="PASSED">
         <system-out><![CDATA[2021-08-19 21:35:59 - [TEST_CASE][PASSED] - Test Cases/Apply Leave: Test Cases/Apply Leave

2021-08-19 21:35:59 - [TEST_STEP][PASSED] - com.database.mysql.connectDB("localhost", "orangehrm_mysql", "3306", "root", null): com.database.mysql.connectDB is PASSED

2021-08-19 21:35:59 - [MESSAGE][PASSED] - com.database.mysql.connectDB is PASSED

2021-08-19 21:35:59 - [TEST_STEP][PASSED] - com.database.mysql.execute("DELETE FROM `ohrm_leave_request` WHERE `emp_number`=3 AND `date_applied`='2021-09-02' AND `leave_type_id` = 3"): com.database.mysql.execute is PASSED

2021-08-19 21:35:59 - [MESSAGE][PASSED] - com.database.mysql.execute is PASSED

2021-08-19 21:35:59 - [TEST_STEP][PASSED] - com.database.mysql.execute("DELETE FROM `ohrm_leave` WHERE `emp_number` = 3 AND `leave_type_id`=3 and (`date`='2021-09-02' or `date`='2021-09-03') "): com.database.mysql.execute is PASSED

2021-08-19 21:35:59 - [MESSAGE][PASSED] - com.database.mysql.execute is PASSED

2021-08-19 21:35:59 - [TEST_STEP][PASSED] - com.database.mysql.closeDatabaseConnection(): com.database.mysql.closeDatabaseConnection is PASSED

2021-08-19 21:35:59 - [MESSAGE][PASSED] - com.database.mysql.closeDatabaseConnection is PASSED

2021-08-19 21:35:59 - [TEST_STEP][PASSED] - navigateToUrl("http://localhost/orangehrm/symfony/web/index.php/dashboard"): Navigate to 'http://localhost/orangehrm/symfony/web/index.php/dashboard' successfully

2021-08-19 21:36:00 - [MESSAGE][PASSED] - Navigate to 'http://localhost/orangehrm/symfony/web/index.php/dashboard' successfully

2021-08-19 21:36:00 - [TEST_STEP][PASSED] - click(findTestObject("Object Repository/Apply Leave/Page_OrangeHRM/img")): Object: 'Object Repository/Apply Leave/Page_OrangeHRM/img' is clicked on

2021-08-19 21:36:01 - [MESSAGE][PASSED] - Object: 'Object Repository/Apply Leave/Page_OrangeHRM/img' is clicked on

2021-08-19 21:36:01 - [TEST_STEP][PASSED] - selectOptionByValue(findTestObject("Object Repository/Apply Leave/Page_OrangeHRM/select_--Select--MarriageMaternityPersonalS_480ad7"), "3", true): All options with value '3' are selected in object 'Object Repository/Apply Leave/Page_OrangeHRM/select_--Select--MarriageMaternityPersonalS_480ad7'  using regular expression

2021-08-19 21:36:02 - [MESSAGE][PASSED] - All options with value '3' are selected in object 'Object Repository/Apply Leave/Page_OrangeHRM/select_--Select--MarriageMaternityPersonalS_480ad7'  using regular expression

2021-08-19 21:36:02 - [TEST_STEP][PASSED] - setText(findTestObject("Object Repository/Apply Leave/Page_OrangeHRM/input__applyleavetxtFromDate"), from): Text '2021-09-02' is set on object 'Object Repository/Apply Leave/Page_OrangeHRM/input__applyleavetxtFromDate'

2021-08-19 21:36:03 - [MESSAGE][PASSED] - Text '2021-09-02' is set on object 'Object Repository/Apply Leave/Page_OrangeHRM/input__applyleavetxtFromDate'

2021-08-19 21:36:03 - [TEST_STEP][PASSED] - sendKeys(findTestObject("Object Repository/Apply Leave/Page_OrangeHRM/input__applyleavetxtFromDate"), Keys.chord(ENTER)): Keys 'ENTER + ' sent to object: 'Object Repository/Apply Leave/Page_OrangeHRM/input__applyleavetxtFromDate'

2021-08-19 21:36:04 - [MESSAGE][PASSED] - Keys 'ENTER + ' sent to object: 'Object Repository/Apply Leave/Page_OrangeHRM/input__applyleavetxtFromDate'

2021-08-19 21:36:04 - [TEST_STEP][PASSED] - setText(findTestObject("Object Repository/Apply Leave/Page_OrangeHRM/input__applyleavetxtToDate"), to): Text '2021-09-03' is set on object 'Object Repository/Apply Leave/Page_OrangeHRM/input__applyleavetxtToDate'

2021-08-19 21:36:05 - [MESSAGE][PASSED] - Text '2021-09-03' is set on object 'Object Repository/Apply Leave/Page_OrangeHRM/input__applyleavetxtToDate'

2021-08-19 21:36:05 - [TEST_STEP][PASSED] - sendKeys(findTestObject("Object Repository/Apply Leave/Page_OrangeHRM/input__applyleavetxtToDate"), Keys.chord(ENTER)): Keys 'ENTER + ' sent to object: 'Object Repository/Apply Leave/Page_OrangeHRM/input__applyleavetxtToDate'

2021-08-19 21:36:06 - [MESSAGE][PASSED] - Keys 'ENTER + ' sent to object: 'Object Repository/Apply Leave/Page_OrangeHRM/input__applyleavetxtToDate'

2021-08-19 21:36:06 - [TEST_STEP][PASSED] - if (from.equals(to)): null

2021-08-19 21:36:06 - [TEST_STEP][PASSED] - else: null

2021-08-19 21:36:06 - [TEST_STEP][PASSED] - selectOptionByValue(findTestObject("Object Repository/Apply Leave/Page_OrangeHRM/select_NoneAll DaysStart Day OnlyEnd Day On_3e5258"), partialDays, true): All options with value '' are selected in object 'Object Repository/Apply Leave/Page_OrangeHRM/select_NoneAll DaysStart Day OnlyEnd Day On_3e5258'  using regular expression

2021-08-19 21:36:07 - [MESSAGE][PASSED] - All options with value '' are selected in object 'Object Repository/Apply Leave/Page_OrangeHRM/select_NoneAll DaysStart Day OnlyEnd Day On_3e5258'  using regular expression

2021-08-19 21:36:07 - [TEST_STEP][PASSED] - if (partialDays.equals("all") || partialDays.equals("start")): null

2021-08-19 21:36:07 - [TEST_STEP][PASSED] - if (partialDays.equals("end")): null

2021-08-19 21:36:07 - [TEST_STEP][PASSED] - if (partialDays.equals("start_end")): null

2021-08-19 21:36:07 - [TEST_STEP][PASSED] - scrollToElement(findTestObject("Apply Leave/Page_OrangeHRM/input__applyBtn"), 0): Scroll to object 'Object Repository/Apply Leave/Page_OrangeHRM/input__applyBtn' successfully

2021-08-19 21:36:07 - [MESSAGE][WARNING] - Timeout '0' is invalid. Using default page load timeout: '30'

2021-08-19 21:36:08 - [MESSAGE][PASSED] - Scroll to object 'Object Repository/Apply Leave/Page_OrangeHRM/input__applyBtn' successfully

2021-08-19 21:36:08 - [TEST_STEP][PASSED] - takeScreenshot(): Taking screenshot successfully

2021-08-19 21:36:08 - [MESSAGE][PASSED] - Taking screenshot successfully
[[ATTACHMENT|C:\\Users\\nguye\\Katalon Studio\\OrangeHRM\\Reports\\20210819_213101\\Apply Leave\\20210819_213101\\1629383768366.png]]

2021-08-19 21:36:08 - [TEST_STEP][PASSED] - click(findTestObject("Object Repository/Apply Leave/Page_OrangeHRM/input__applyBtn")): Object: 'Object Repository/Apply Leave/Page_OrangeHRM/input__applyBtn' is clicked on

2021-08-19 21:36:09 - [MESSAGE][PASSED] - Object: 'Object Repository/Apply Leave/Page_OrangeHRM/input__applyBtn' is clicked on

2021-08-19 21:36:09 - [TEST_STEP][PASSED] - navigateToUrl("http://localhost/orangehrm/symfony/web/index.php/leave/viewMyLeaveList/reset/1"): Navigate to 'http://localhost/orangehrm/symfony/web/index.php/leave/viewMyLeaveList/reset/1' successfully

2021-08-19 21:36:10 - [MESSAGE][PASSED] - Navigate to 'http://localhost/orangehrm/symfony/web/index.php/leave/viewMyLeaveList/reset/1' successfully

2021-08-19 21:36:10 - [TEST_STEP][PASSED] - setText(findTestObject("Object Repository/Apply Leave/Page_OrangeHRM/input_From_leaveListcalFromDate"), from): Text '2021-09-02' is set on object 'Object Repository/Apply Leave/Page_OrangeHRM/input_From_leaveListcalFromDate'

2021-08-19 21:36:11 - [MESSAGE][PASSED] - Text '2021-09-02' is set on object 'Object Repository/Apply Leave/Page_OrangeHRM/input_From_leaveListcalFromDate'

2021-08-19 21:36:11 - [TEST_STEP][PASSED] - sendKeys(findTestObject("Object Repository/Apply Leave/Page_OrangeHRM/input_From_leaveListcalFromDate"), Keys.chord(ENTER)): Keys 'ENTER + ' sent to object: 'Object Repository/Apply Leave/Page_OrangeHRM/input_From_leaveListcalFromDate'

2021-08-19 21:36:12 - [MESSAGE][PASSED] - Keys 'ENTER + ' sent to object: 'Object Repository/Apply Leave/Page_OrangeHRM/input_From_leaveListcalFromDate'

2021-08-19 21:36:12 - [TEST_STEP][PASSED] - setText(findTestObject("Object Repository/Apply Leave/Page_OrangeHRM/input_To_leaveListcalToDate"), to): Text '2021-09-03' is set on object 'Object Repository/Apply Leave/Page_OrangeHRM/input_To_leaveListcalToDate'

2021-08-19 21:36:13 - [MESSAGE][PASSED] - Text '2021-09-03' is set on object 'Object Repository/Apply Leave/Page_OrangeHRM/input_To_leaveListcalToDate'

2021-08-19 21:36:13 - [TEST_STEP][PASSED] - sendKeys(findTestObject("Object Repository/Apply Leave/Page_OrangeHRM/input_To_leaveListcalToDate"), Keys.chord(ENTER)): Keys 'ENTER + ' sent to object: 'Object Repository/Apply Leave/Page_OrangeHRM/input_To_leaveListcalToDate'

2021-08-19 21:36:13 - [MESSAGE][PASSED] - Keys 'ENTER + ' sent to object: 'Object Repository/Apply Leave/Page_OrangeHRM/input_To_leaveListcalToDate'

2021-08-19 21:36:13 - [TEST_STEP][PASSED] - uncheck(findTestObject("Object Repository/Apply Leave/Page_OrangeHRM/input_All_leaveList_chkSearchFilter_checkbo_a698f3")): Object 'Object Repository/Apply Leave/Page_OrangeHRM/input_All_leaveList_chkSearchFilter_checkbo_a698f3' is un-checked

2021-08-19 21:36:14 - [MESSAGE][PASSED] - Object 'Object Repository/Apply Leave/Page_OrangeHRM/input_All_leaveList_chkSearchFilter_checkbo_a698f3' is un-checked

2021-08-19 21:36:14 - [TEST_STEP][PASSED] - check(findTestObject("Object Repository/Apply Leave/Page_OrangeHRM/input_Pending Approval_leaveListchkSearchFilter")): Object 'Object Repository/Apply Leave/Page_OrangeHRM/input_Pending Approval_leaveListchkSearchFilter' is checked

2021-08-19 21:36:14 - [MESSAGE][PASSED] - Object 'Object Repository/Apply Leave/Page_OrangeHRM/input_Pending Approval_leaveListchkSearchFilter' is checked

2021-08-19 21:36:14 - [TEST_STEP][PASSED] - click(findTestObject("Object Repository/Apply Leave/Page_OrangeHRM/input_Taken_btnSearch")): Object: 'Object Repository/Apply Leave/Page_OrangeHRM/input_Taken_btnSearch' is clicked on

2021-08-19 21:36:15 - [MESSAGE][PASSED] - Object: 'Object Repository/Apply Leave/Page_OrangeHRM/input_Taken_btnSearch' is clicked on

2021-08-19 21:36:15 - [TEST_STEP][PASSED] - scrollToElement(findTestObject("Apply Leave/Page_OrangeHRM/th_Date"), 0): Scroll to object 'Object Repository/Apply Leave/Page_OrangeHRM/th_Date' successfully

2021-08-19 21:36:15 - [MESSAGE][WARNING] - Timeout '0' is invalid. Using default page load timeout: '30'

2021-08-19 21:36:16 - [MESSAGE][PASSED] - Scroll to object 'Object Repository/Apply Leave/Page_OrangeHRM/th_Date' successfully

2021-08-19 21:36:16 - [TEST_STEP][PASSED] - takeScreenshot(): Taking screenshot successfully

2021-08-19 21:36:16 - [MESSAGE][PASSED] - Taking screenshot successfully
[[ATTACHMENT|C:\\Users\\nguye\\Katalon Studio\\OrangeHRM\\Reports\\20210819_213101\\Apply Leave\\20210819_213101\\1629383776485.png]]

2021-08-19 21:36:16 - [TEST_STEP][PASSED] - if (days.equals("")): null

2021-08-19 21:36:16 - [TEST_STEP][PASSED] - else: Actual text 'Pending Approval(2.00)' and expected text 'Pending Approval(2.00)' are matched 

2021-08-19 21:36:16 - [TEST_STEP][PASSED] - verifyMatch(getText(findTestObject("Object Repository/Apply Leave/Page_OrangeHRM/a_2021-09-02 to 2021-09-03")), date, false, STOP_ON_FAILURE): Actual text '2021-09-02 to 2021-09-03' and expected text '2021-09-02 to 2021-09-03' are matched 

2021-08-19 21:36:17 - [MESSAGE][PASSED] - Text of object 'Object Repository/Apply Leave/Page_OrangeHRM/a_2021-09-02 to 2021-09-03' is: '2021-09-02 to 2021-09-03'

2021-08-19 21:36:17 - [MESSAGE][PASSED] - Actual text '2021-09-02 to 2021-09-03' and expected text '2021-09-02 to 2021-09-03' are matched 

2021-08-19 21:36:17 - [TEST_STEP][PASSED] - verifyMatch(getText(findTestObject("Object Repository/Apply Leave/Page_OrangeHRM/a_Rachel Morris")), fullName, false, STOP_ON_FAILURE): Actual text 'Rachel Morris' and expected text 'Rachel Morris' are matched 

2021-08-19 21:36:17 - [MESSAGE][PASSED] - Text of object 'Object Repository/Apply Leave/Page_OrangeHRM/a_Rachel Morris' is: 'Rachel Morris'

2021-08-19 21:36:17 - [MESSAGE][PASSED] - Actual text 'Rachel Morris' and expected text 'Rachel Morris' are matched 

2021-08-19 21:36:17 - [TEST_STEP][PASSED] - verifyMatch(getText(findTestObject("Object Repository/Apply Leave/Page_OrangeHRM/td_Personal")), leaveType, false, STOP_ON_FAILURE): Actual text 'Personal' and expected text 'Personal' are matched 

2021-08-19 21:36:17 - [MESSAGE][PASSED] - Text of object 'Object Repository/Apply Leave/Page_OrangeHRM/td_Personal' is: 'Personal'

2021-08-19 21:36:17 - [MESSAGE][PASSED] - Actual text 'Personal' and expected text 'Personal' are matched 

2021-08-19 21:36:17 - [TEST_STEP][PASSED] - verifyMatch(25"))).toString(), parseDouble(days).toString(), false, STOP_ON_FAILURE): Actual text '48.0' and expected text '48.0' are matched 

2021-08-19 21:36:18 - [MESSAGE][PASSED] - Text of object 'Object Repository/Apply Leave/Page_OrangeHRM/td_49.25' is: '48.00'

2021-08-19 21:36:18 - [MESSAGE][PASSED] - Actual text '48.0' and expected text '48.0' are matched 

2021-08-19 21:36:18 - [TEST_STEP][PASSED] - verifyMatch(getText(findTestObject("Object Repository/Apply Leave/Page_OrangeHRM/td_0.75")), days, false, STOP_ON_FAILURE): Actual text '2.00' and expected text '2.00' are matched 

2021-08-19 21:36:18 - [MESSAGE][PASSED] - Text of object 'Object Repository/Apply Leave/Page_OrangeHRM/td_0.75' is: '2.00'

2021-08-19 21:36:18 - [MESSAGE][PASSED] - Actual text '2.00' and expected text '2.00' are matched 

2021-08-19 21:36:18 - [TEST_STEP][PASSED] - verifyMatch(getText(findTestObject("Object Repository/Apply Leave/Page_OrangeHRM/a_Pending Approval(0.75)")), status + "(" + days + ")", false, STOP_ON_FAILURE): Actual text 'Pending Approval(2.00)' and expected text 'Pending Approval(2.00)' are matched 

2021-08-19 21:36:18 - [MESSAGE][PASSED] - Text of object 'Object Repository/Apply Leave/Page_OrangeHRM/a_Pending Approval(0.75)' is: 'Pending Approval(2.00)'

2021-08-19 21:36:18 - [MESSAGE][PASSED] - Actual text 'Pending Approval(2.00)' and expected text 'Pending Approval(2.00)' are matched]]></system-out>
         <system-err><![CDATA[]]></system-err>
      </testcase>
      <testcase name="Test Cases/Apply Leave" time="22.884" classname="Test Cases/Apply Leave" status="PASSED">
         <system-out><![CDATA[2021-08-19 21:36:20 - [TEST_CASE][PASSED] - Test Cases/Apply Leave: Test Cases/Apply Leave

2021-08-19 21:36:20 - [TEST_STEP][PASSED] - com.database.mysql.connectDB("localhost", "orangehrm_mysql", "3306", "root", null): com.database.mysql.connectDB is PASSED

2021-08-19 21:36:20 - [MESSAGE][PASSED] - com.database.mysql.connectDB is PASSED

2021-08-19 21:36:20 - [TEST_STEP][PASSED] - com.database.mysql.execute("DELETE FROM `ohrm_leave_request` WHERE `emp_number`=3 AND `date_applied`='2021-09-02' AND `leave_type_id` = 3"): com.database.mysql.execute is PASSED

2021-08-19 21:36:20 - [MESSAGE][PASSED] - com.database.mysql.execute is PASSED

2021-08-19 21:36:20 - [TEST_STEP][PASSED] - com.database.mysql.execute("DELETE FROM `ohrm_leave` WHERE `emp_number` = 3 AND `leave_type_id`=3 and (`date`='2021-09-02' or `date`='2021-09-03') "): com.database.mysql.execute is PASSED

2021-08-19 21:36:20 - [MESSAGE][PASSED] - com.database.mysql.execute is PASSED

2021-08-19 21:36:20 - [TEST_STEP][PASSED] - com.database.mysql.closeDatabaseConnection(): com.database.mysql.closeDatabaseConnection is PASSED

2021-08-19 21:36:20 - [MESSAGE][PASSED] - com.database.mysql.closeDatabaseConnection is PASSED

2021-08-19 21:36:20 - [TEST_STEP][PASSED] - navigateToUrl("http://localhost/orangehrm/symfony/web/index.php/dashboard"): Navigate to 'http://localhost/orangehrm/symfony/web/index.php/dashboard' successfully

2021-08-19 21:36:21 - [MESSAGE][PASSED] - Navigate to 'http://localhost/orangehrm/symfony/web/index.php/dashboard' successfully

2021-08-19 21:36:21 - [TEST_STEP][PASSED] - click(findTestObject("Object Repository/Apply Leave/Page_OrangeHRM/img")): Object: 'Object Repository/Apply Leave/Page_OrangeHRM/img' is clicked on

2021-08-19 21:36:22 - [MESSAGE][PASSED] - Object: 'Object Repository/Apply Leave/Page_OrangeHRM/img' is clicked on

2021-08-19 21:36:22 - [TEST_STEP][PASSED] - selectOptionByValue(findTestObject("Object Repository/Apply Leave/Page_OrangeHRM/select_--Select--MarriageMaternityPersonalS_480ad7"), "3", true): All options with value '3' are selected in object 'Object Repository/Apply Leave/Page_OrangeHRM/select_--Select--MarriageMaternityPersonalS_480ad7'  using regular expression

2021-08-19 21:36:23 - [MESSAGE][PASSED] - All options with value '3' are selected in object 'Object Repository/Apply Leave/Page_OrangeHRM/select_--Select--MarriageMaternityPersonalS_480ad7'  using regular expression

2021-08-19 21:36:23 - [TEST_STEP][PASSED] - setText(findTestObject("Object Repository/Apply Leave/Page_OrangeHRM/input__applyleavetxtFromDate"), from): Text '2021-09-02' is set on object 'Object Repository/Apply Leave/Page_OrangeHRM/input__applyleavetxtFromDate'

2021-08-19 21:36:25 - [MESSAGE][PASSED] - Text '2021-09-02' is set on object 'Object Repository/Apply Leave/Page_OrangeHRM/input__applyleavetxtFromDate'

2021-08-19 21:36:25 - [TEST_STEP][PASSED] - sendKeys(findTestObject("Object Repository/Apply Leave/Page_OrangeHRM/input__applyleavetxtFromDate"), Keys.chord(ENTER)): Keys 'ENTER + ' sent to object: 'Object Repository/Apply Leave/Page_OrangeHRM/input__applyleavetxtFromDate'

2021-08-19 21:36:25 - [MESSAGE][PASSED] - Keys 'ENTER + ' sent to object: 'Object Repository/Apply Leave/Page_OrangeHRM/input__applyleavetxtFromDate'

2021-08-19 21:36:25 - [TEST_STEP][PASSED] - setText(findTestObject("Object Repository/Apply Leave/Page_OrangeHRM/input__applyleavetxtToDate"), to): Text '2021-09-03' is set on object 'Object Repository/Apply Leave/Page_OrangeHRM/input__applyleavetxtToDate'

2021-08-19 21:36:27 - [MESSAGE][PASSED] - Text '2021-09-03' is set on object 'Object Repository/Apply Leave/Page_OrangeHRM/input__applyleavetxtToDate'

2021-08-19 21:36:27 - [TEST_STEP][PASSED] - sendKeys(findTestObject("Object Repository/Apply Leave/Page_OrangeHRM/input__applyleavetxtToDate"), Keys.chord(ENTER)): Keys 'ENTER + ' sent to object: 'Object Repository/Apply Leave/Page_OrangeHRM/input__applyleavetxtToDate'

2021-08-19 21:36:27 - [MESSAGE][PASSED] - Keys 'ENTER + ' sent to object: 'Object Repository/Apply Leave/Page_OrangeHRM/input__applyleavetxtToDate'

2021-08-19 21:36:27 - [TEST_STEP][PASSED] - if (from.equals(to)): null

2021-08-19 21:36:27 - [TEST_STEP][PASSED] - else: null

2021-08-19 21:36:27 - [TEST_STEP][PASSED] - selectOptionByValue(findTestObject("Object Repository/Apply Leave/Page_OrangeHRM/select_NoneAll DaysStart Day OnlyEnd Day On_3e5258"), partialDays, true): All options with value 'all' are selected in object 'Object Repository/Apply Leave/Page_OrangeHRM/select_NoneAll DaysStart Day OnlyEnd Day On_3e5258'  using regular expression

2021-08-19 21:36:28 - [MESSAGE][PASSED] - All options with value 'all' are selected in object 'Object Repository/Apply Leave/Page_OrangeHRM/select_NoneAll DaysStart Day OnlyEnd Day On_3e5258'  using regular expression

2021-08-19 21:36:28 - [TEST_STEP][PASSED] - if (partialDays.equals("all") || partialDays.equals("start")): null

2021-08-19 21:36:28 - [TEST_STEP][PASSED] - selectOptionByValue(findTestObject("Object Repository/Apply Leave/Page_OrangeHRM/applyleave_firstDuration_duration"), duration1, true): All options with value 'half_day' are selected in object 'Object Repository/Apply Leave/Page_OrangeHRM/applyleave_firstDuration_duration'  using regular expression

2021-08-19 21:36:29 - [MESSAGE][PASSED] - All options with value 'half_day' are selected in object 'Object Repository/Apply Leave/Page_OrangeHRM/applyleave_firstDuration_duration'  using regular expression

2021-08-19 21:36:29 - [TEST_STEP][PASSED] - if (duration1.equals("half_day")): All options with value 'AM' are selected in object 'Object Repository/Apply Leave/Page_OrangeHRM/applyleave_firstDuration_ampm'  using regular expression

2021-08-19 21:36:29 - [TEST_STEP][PASSED] - selectOptionByValue(findTestObject("Object Repository/Apply Leave/Page_OrangeHRM/applyleave_firstDuration_ampm"), duration2, true): All options with value 'AM' are selected in object 'Object Repository/Apply Leave/Page_OrangeHRM/applyleave_firstDuration_ampm'  using regular expression

2021-08-19 21:36:30 - [MESSAGE][PASSED] - All options with value 'AM' are selected in object 'Object Repository/Apply Leave/Page_OrangeHRM/applyleave_firstDuration_ampm'  using regular expression

2021-08-19 21:36:30 - [TEST_STEP][PASSED] - if (duration1.equals("specify_time")): null

2021-08-19 21:36:30 - [TEST_STEP][PASSED] - if (partialDays.equals("end")): null

2021-08-19 21:36:30 - [TEST_STEP][PASSED] - if (partialDays.equals("start_end")): null

2021-08-19 21:36:30 - [TEST_STEP][PASSED] - scrollToElement(findTestObject("Apply Leave/Page_OrangeHRM/input__applyBtn"), 0): Scroll to object 'Object Repository/Apply Leave/Page_OrangeHRM/input__applyBtn' successfully

2021-08-19 21:36:30 - [MESSAGE][WARNING] - Timeout '0' is invalid. Using default page load timeout: '30'

2021-08-19 21:36:31 - [MESSAGE][PASSED] - Scroll to object 'Object Repository/Apply Leave/Page_OrangeHRM/input__applyBtn' successfully

2021-08-19 21:36:31 - [TEST_STEP][PASSED] - takeScreenshot(): Taking screenshot successfully

2021-08-19 21:36:31 - [MESSAGE][PASSED] - Taking screenshot successfully
[[ATTACHMENT|C:\\Users\\nguye\\Katalon Studio\\OrangeHRM\\Reports\\20210819_213101\\Apply Leave\\20210819_213101\\1629383791494.png]]

2021-08-19 21:36:31 - [TEST_STEP][PASSED] - click(findTestObject("Object Repository/Apply Leave/Page_OrangeHRM/input__applyBtn")): Object: 'Object Repository/Apply Leave/Page_OrangeHRM/input__applyBtn' is clicked on

2021-08-19 21:36:32 - [MESSAGE][PASSED] - Object: 'Object Repository/Apply Leave/Page_OrangeHRM/input__applyBtn' is clicked on

2021-08-19 21:36:32 - [TEST_STEP][PASSED] - navigateToUrl("http://localhost/orangehrm/symfony/web/index.php/leave/viewMyLeaveList/reset/1"): Navigate to 'http://localhost/orangehrm/symfony/web/index.php/leave/viewMyLeaveList/reset/1' successfully

2021-08-19 21:36:33 - [MESSAGE][PASSED] - Navigate to 'http://localhost/orangehrm/symfony/web/index.php/leave/viewMyLeaveList/reset/1' successfully

2021-08-19 21:36:33 - [TEST_STEP][PASSED] - setText(findTestObject("Object Repository/Apply Leave/Page_OrangeHRM/input_From_leaveListcalFromDate"), from): Text '2021-09-02' is set on object 'Object Repository/Apply Leave/Page_OrangeHRM/input_From_leaveListcalFromDate'

2021-08-19 21:36:34 - [MESSAGE][PASSED] - Text '2021-09-02' is set on object 'Object Repository/Apply Leave/Page_OrangeHRM/input_From_leaveListcalFromDate'

2021-08-19 21:36:34 - [TEST_STEP][PASSED] - sendKeys(findTestObject("Object Repository/Apply Leave/Page_OrangeHRM/input_From_leaveListcalFromDate"), Keys.chord(ENTER)): Keys 'ENTER + ' sent to object: 'Object Repository/Apply Leave/Page_OrangeHRM/input_From_leaveListcalFromDate'

2021-08-19 21:36:35 - [MESSAGE][PASSED] - Keys 'ENTER + ' sent to object: 'Object Repository/Apply Leave/Page_OrangeHRM/input_From_leaveListcalFromDate'

2021-08-19 21:36:35 - [TEST_STEP][PASSED] - setText(findTestObject("Object Repository/Apply Leave/Page_OrangeHRM/input_To_leaveListcalToDate"), to): Text '2021-09-03' is set on object 'Object Repository/Apply Leave/Page_OrangeHRM/input_To_leaveListcalToDate'

2021-08-19 21:36:36 - [MESSAGE][PASSED] - Text '2021-09-03' is set on object 'Object Repository/Apply Leave/Page_OrangeHRM/input_To_leaveListcalToDate'

2021-08-19 21:36:36 - [TEST_STEP][PASSED] - sendKeys(findTestObject("Object Repository/Apply Leave/Page_OrangeHRM/input_To_leaveListcalToDate"), Keys.chord(ENTER)): Keys 'ENTER + ' sent to object: 'Object Repository/Apply Leave/Page_OrangeHRM/input_To_leaveListcalToDate'

2021-08-19 21:36:36 - [MESSAGE][PASSED] - Keys 'ENTER + ' sent to object: 'Object Repository/Apply Leave/Page_OrangeHRM/input_To_leaveListcalToDate'

2021-08-19 21:36:36 - [TEST_STEP][PASSED] - uncheck(findTestObject("Object Repository/Apply Leave/Page_OrangeHRM/input_All_leaveList_chkSearchFilter_checkbo_a698f3")): Object 'Object Repository/Apply Leave/Page_OrangeHRM/input_All_leaveList_chkSearchFilter_checkbo_a698f3' is un-checked

2021-08-19 21:36:37 - [MESSAGE][PASSED] - Object 'Object Repository/Apply Leave/Page_OrangeHRM/input_All_leaveList_chkSearchFilter_checkbo_a698f3' is un-checked

2021-08-19 21:36:37 - [TEST_STEP][PASSED] - check(findTestObject("Object Repository/Apply Leave/Page_OrangeHRM/input_Pending Approval_leaveListchkSearchFilter")): Object 'Object Repository/Apply Leave/Page_OrangeHRM/input_Pending Approval_leaveListchkSearchFilter' is checked

2021-08-19 21:36:37 - [MESSAGE][PASSED] - Object 'Object Repository/Apply Leave/Page_OrangeHRM/input_Pending Approval_leaveListchkSearchFilter' is checked

2021-08-19 21:36:37 - [TEST_STEP][PASSED] - click(findTestObject("Object Repository/Apply Leave/Page_OrangeHRM/input_Taken_btnSearch")): Object: 'Object Repository/Apply Leave/Page_OrangeHRM/input_Taken_btnSearch' is clicked on

2021-08-19 21:36:38 - [MESSAGE][PASSED] - Object: 'Object Repository/Apply Leave/Page_OrangeHRM/input_Taken_btnSearch' is clicked on

2021-08-19 21:36:38 - [TEST_STEP][PASSED] - scrollToElement(findTestObject("Apply Leave/Page_OrangeHRM/th_Date"), 0): Scroll to object 'Object Repository/Apply Leave/Page_OrangeHRM/th_Date' successfully

2021-08-19 21:36:38 - [MESSAGE][WARNING] - Timeout '0' is invalid. Using default page load timeout: '30'

2021-08-19 21:36:39 - [MESSAGE][PASSED] - Scroll to object 'Object Repository/Apply Leave/Page_OrangeHRM/th_Date' successfully

2021-08-19 21:36:39 - [TEST_STEP][PASSED] - takeScreenshot(): Taking screenshot successfully

2021-08-19 21:36:39 - [MESSAGE][PASSED] - Taking screenshot successfully
[[ATTACHMENT|C:\\Users\\nguye\\Katalon Studio\\OrangeHRM\\Reports\\20210819_213101\\Apply Leave\\20210819_213101\\1629383799609.png]]

2021-08-19 21:36:39 - [TEST_STEP][PASSED] - if (days.equals("")): null

2021-08-19 21:36:39 - [TEST_STEP][PASSED] - else: Actual text 'Pending Approval(1.00)' and expected text 'Pending Approval(1.00)' are matched 

2021-08-19 21:36:39 - [TEST_STEP][PASSED] - verifyMatch(getText(findTestObject("Object Repository/Apply Leave/Page_OrangeHRM/a_2021-09-02 to 2021-09-03")), date, false, STOP_ON_FAILURE): Actual text '2021-09-02 to 2021-09-03' and expected text '2021-09-02 to 2021-09-03' are matched 

2021-08-19 21:36:40 - [MESSAGE][PASSED] - Text of object 'Object Repository/Apply Leave/Page_OrangeHRM/a_2021-09-02 to 2021-09-03' is: '2021-09-02 to 2021-09-03'

2021-08-19 21:36:40 - [MESSAGE][PASSED] - Actual text '2021-09-02 to 2021-09-03' and expected text '2021-09-02 to 2021-09-03' are matched 

2021-08-19 21:36:40 - [TEST_STEP][PASSED] - verifyMatch(getText(findTestObject("Object Repository/Apply Leave/Page_OrangeHRM/a_Rachel Morris")), fullName, false, STOP_ON_FAILURE): Actual text 'Rachel Morris' and expected text 'Rachel Morris' are matched 

2021-08-19 21:36:40 - [MESSAGE][PASSED] - Text of object 'Object Repository/Apply Leave/Page_OrangeHRM/a_Rachel Morris' is: 'Rachel Morris'

2021-08-19 21:36:40 - [MESSAGE][PASSED] - Actual text 'Rachel Morris' and expected text 'Rachel Morris' are matched 

2021-08-19 21:36:40 - [TEST_STEP][PASSED] - verifyMatch(getText(findTestObject("Object Repository/Apply Leave/Page_OrangeHRM/td_Personal")), leaveType, false, STOP_ON_FAILURE): Actual text 'Personal' and expected text 'Personal' are matched 

2021-08-19 21:36:40 - [MESSAGE][PASSED] - Text of object 'Object Repository/Apply Leave/Page_OrangeHRM/td_Personal' is: 'Personal'

2021-08-19 21:36:40 - [MESSAGE][PASSED] - Actual text 'Personal' and expected text 'Personal' are matched 

2021-08-19 21:36:40 - [TEST_STEP][PASSED] - verifyMatch(25"))).toString(), parseDouble(days).toString(), false, STOP_ON_FAILURE): Actual text '49.0' and expected text '49.0' are matched 

2021-08-19 21:36:41 - [MESSAGE][PASSED] - Text of object 'Object Repository/Apply Leave/Page_OrangeHRM/td_49.25' is: '49.00'

2021-08-19 21:36:41 - [MESSAGE][PASSED] - Actual text '49.0' and expected text '49.0' are matched 

2021-08-19 21:36:41 - [TEST_STEP][PASSED] - verifyMatch(getText(findTestObject("Object Repository/Apply Leave/Page_OrangeHRM/td_0.75")), days, false, STOP_ON_FAILURE): Actual text '1.00' and expected text '1.00' are matched 

2021-08-19 21:36:41 - [MESSAGE][PASSED] - Text of object 'Object Repository/Apply Leave/Page_OrangeHRM/td_0.75' is: '1.00'

2021-08-19 21:36:41 - [MESSAGE][PASSED] - Actual text '1.00' and expected text '1.00' are matched 

2021-08-19 21:36:41 - [TEST_STEP][PASSED] - verifyMatch(getText(findTestObject("Object Repository/Apply Leave/Page_OrangeHRM/a_Pending Approval(0.75)")), status + "(" + days + ")", false, STOP_ON_FAILURE): Actual text 'Pending Approval(1.00)' and expected text 'Pending Approval(1.00)' are matched 

2021-08-19 21:36:41 - [MESSAGE][PASSED] - Text of object 'Object Repository/Apply Leave/Page_OrangeHRM/a_Pending Approval(0.75)' is: 'Pending Approval(1.00)'

2021-08-19 21:36:41 - [MESSAGE][PASSED] - Actual text 'Pending Approval(1.00)' and expected text 'Pending Approval(1.00)' are matched]]></system-out>
         <system-err><![CDATA[]]></system-err>
      </testcase>
      <testcase name="Test Cases/Apply Leave" time="23.204" classname="Test Cases/Apply Leave" status="PASSED">
         <system-out><![CDATA[2021-08-19 21:36:43 - [TEST_CASE][PASSED] - Test Cases/Apply Leave: Test Cases/Apply Leave

2021-08-19 21:36:43 - [TEST_STEP][PASSED] - com.database.mysql.connectDB("localhost", "orangehrm_mysql", "3306", "root", null): com.database.mysql.connectDB is PASSED

2021-08-19 21:36:43 - [MESSAGE][PASSED] - com.database.mysql.connectDB is PASSED

2021-08-19 21:36:43 - [TEST_STEP][PASSED] - com.database.mysql.execute("DELETE FROM `ohrm_leave_request` WHERE `emp_number`=3 AND `date_applied`='2021-09-02' AND `leave_type_id` = 3"): com.database.mysql.execute is PASSED

2021-08-19 21:36:43 - [MESSAGE][PASSED] - com.database.mysql.execute is PASSED

2021-08-19 21:36:43 - [TEST_STEP][PASSED] - com.database.mysql.execute("DELETE FROM `ohrm_leave` WHERE `emp_number` = 3 AND `leave_type_id`=3 and (`date`='2021-09-02' or `date`='2021-09-03') "): com.database.mysql.execute is PASSED

2021-08-19 21:36:43 - [MESSAGE][PASSED] - com.database.mysql.execute is PASSED

2021-08-19 21:36:43 - [TEST_STEP][PASSED] - com.database.mysql.closeDatabaseConnection(): com.database.mysql.closeDatabaseConnection is PASSED

2021-08-19 21:36:43 - [MESSAGE][PASSED] - com.database.mysql.closeDatabaseConnection is PASSED

2021-08-19 21:36:43 - [TEST_STEP][PASSED] - navigateToUrl("http://localhost/orangehrm/symfony/web/index.php/dashboard"): Navigate to 'http://localhost/orangehrm/symfony/web/index.php/dashboard' successfully

2021-08-19 21:36:44 - [MESSAGE][PASSED] - Navigate to 'http://localhost/orangehrm/symfony/web/index.php/dashboard' successfully

2021-08-19 21:36:44 - [TEST_STEP][PASSED] - click(findTestObject("Object Repository/Apply Leave/Page_OrangeHRM/img")): Object: 'Object Repository/Apply Leave/Page_OrangeHRM/img' is clicked on

2021-08-19 21:36:45 - [MESSAGE][PASSED] - Object: 'Object Repository/Apply Leave/Page_OrangeHRM/img' is clicked on

2021-08-19 21:36:45 - [TEST_STEP][PASSED] - selectOptionByValue(findTestObject("Object Repository/Apply Leave/Page_OrangeHRM/select_--Select--MarriageMaternityPersonalS_480ad7"), "3", true): All options with value '3' are selected in object 'Object Repository/Apply Leave/Page_OrangeHRM/select_--Select--MarriageMaternityPersonalS_480ad7'  using regular expression

2021-08-19 21:36:46 - [MESSAGE][PASSED] - All options with value '3' are selected in object 'Object Repository/Apply Leave/Page_OrangeHRM/select_--Select--MarriageMaternityPersonalS_480ad7'  using regular expression

2021-08-19 21:36:46 - [TEST_STEP][PASSED] - setText(findTestObject("Object Repository/Apply Leave/Page_OrangeHRM/input__applyleavetxtFromDate"), from): Text '2021-09-02' is set on object 'Object Repository/Apply Leave/Page_OrangeHRM/input__applyleavetxtFromDate'

2021-08-19 21:36:47 - [MESSAGE][PASSED] - Text '2021-09-02' is set on object 'Object Repository/Apply Leave/Page_OrangeHRM/input__applyleavetxtFromDate'

2021-08-19 21:36:47 - [TEST_STEP][PASSED] - sendKeys(findTestObject("Object Repository/Apply Leave/Page_OrangeHRM/input__applyleavetxtFromDate"), Keys.chord(ENTER)): Keys 'ENTER + ' sent to object: 'Object Repository/Apply Leave/Page_OrangeHRM/input__applyleavetxtFromDate'

2021-08-19 21:36:48 - [MESSAGE][PASSED] - Keys 'ENTER + ' sent to object: 'Object Repository/Apply Leave/Page_OrangeHRM/input__applyleavetxtFromDate'

2021-08-19 21:36:48 - [TEST_STEP][PASSED] - setText(findTestObject("Object Repository/Apply Leave/Page_OrangeHRM/input__applyleavetxtToDate"), to): Text '2021-09-03' is set on object 'Object Repository/Apply Leave/Page_OrangeHRM/input__applyleavetxtToDate'

2021-08-19 21:36:50 - [MESSAGE][PASSED] - Text '2021-09-03' is set on object 'Object Repository/Apply Leave/Page_OrangeHRM/input__applyleavetxtToDate'

2021-08-19 21:36:50 - [TEST_STEP][PASSED] - sendKeys(findTestObject("Object Repository/Apply Leave/Page_OrangeHRM/input__applyleavetxtToDate"), Keys.chord(ENTER)): Keys 'ENTER + ' sent to object: 'Object Repository/Apply Leave/Page_OrangeHRM/input__applyleavetxtToDate'

2021-08-19 21:36:50 - [MESSAGE][PASSED] - Keys 'ENTER + ' sent to object: 'Object Repository/Apply Leave/Page_OrangeHRM/input__applyleavetxtToDate'

2021-08-19 21:36:50 - [TEST_STEP][PASSED] - if (from.equals(to)): null

2021-08-19 21:36:50 - [TEST_STEP][PASSED] - else: null

2021-08-19 21:36:50 - [TEST_STEP][PASSED] - selectOptionByValue(findTestObject("Object Repository/Apply Leave/Page_OrangeHRM/select_NoneAll DaysStart Day OnlyEnd Day On_3e5258"), partialDays, true): All options with value 'all' are selected in object 'Object Repository/Apply Leave/Page_OrangeHRM/select_NoneAll DaysStart Day OnlyEnd Day On_3e5258'  using regular expression

2021-08-19 21:36:51 - [MESSAGE][PASSED] - All options with value 'all' are selected in object 'Object Repository/Apply Leave/Page_OrangeHRM/select_NoneAll DaysStart Day OnlyEnd Day On_3e5258'  using regular expression

2021-08-19 21:36:51 - [TEST_STEP][PASSED] - if (partialDays.equals("all") || partialDays.equals("start")): null

2021-08-19 21:36:51 - [TEST_STEP][PASSED] - selectOptionByValue(findTestObject("Object Repository/Apply Leave/Page_OrangeHRM/applyleave_firstDuration_duration"), duration1, true): All options with value 'half_day' are selected in object 'Object Repository/Apply Leave/Page_OrangeHRM/applyleave_firstDuration_duration'  using regular expression

2021-08-19 21:36:53 - [MESSAGE][PASSED] - All options with value 'half_day' are selected in object 'Object Repository/Apply Leave/Page_OrangeHRM/applyleave_firstDuration_duration'  using regular expression

2021-08-19 21:36:53 - [TEST_STEP][PASSED] - if (duration1.equals("half_day")): All options with value 'PM' are selected in object 'Object Repository/Apply Leave/Page_OrangeHRM/applyleave_firstDuration_ampm'  using regular expression

2021-08-19 21:36:53 - [TEST_STEP][PASSED] - selectOptionByValue(findTestObject("Object Repository/Apply Leave/Page_OrangeHRM/applyleave_firstDuration_ampm"), duration2, true): All options with value 'PM' are selected in object 'Object Repository/Apply Leave/Page_OrangeHRM/applyleave_firstDuration_ampm'  using regular expression

2021-08-19 21:36:54 - [MESSAGE][PASSED] - All options with value 'PM' are selected in object 'Object Repository/Apply Leave/Page_OrangeHRM/applyleave_firstDuration_ampm'  using regular expression

2021-08-19 21:36:54 - [TEST_STEP][PASSED] - if (duration1.equals("specify_time")): null

2021-08-19 21:36:54 - [TEST_STEP][PASSED] - if (partialDays.equals("end")): null

2021-08-19 21:36:54 - [TEST_STEP][PASSED] - if (partialDays.equals("start_end")): null

2021-08-19 21:36:54 - [TEST_STEP][PASSED] - scrollToElement(findTestObject("Apply Leave/Page_OrangeHRM/input__applyBtn"), 0): Scroll to object 'Object Repository/Apply Leave/Page_OrangeHRM/input__applyBtn' successfully

2021-08-19 21:36:54 - [MESSAGE][WARNING] - Timeout '0' is invalid. Using default page load timeout: '30'

2021-08-19 21:36:54 - [MESSAGE][PASSED] - Scroll to object 'Object Repository/Apply Leave/Page_OrangeHRM/input__applyBtn' successfully

2021-08-19 21:36:54 - [TEST_STEP][PASSED] - takeScreenshot(): Taking screenshot successfully

2021-08-19 21:36:54 - [MESSAGE][PASSED] - Taking screenshot successfully
[[ATTACHMENT|C:\\Users\\nguye\\Katalon Studio\\OrangeHRM\\Reports\\20210819_213101\\Apply Leave\\20210819_213101\\1629383814744.png]]

2021-08-19 21:36:54 - [TEST_STEP][PASSED] - click(findTestObject("Object Repository/Apply Leave/Page_OrangeHRM/input__applyBtn")): Object: 'Object Repository/Apply Leave/Page_OrangeHRM/input__applyBtn' is clicked on

2021-08-19 21:36:55 - [MESSAGE][PASSED] - Object: 'Object Repository/Apply Leave/Page_OrangeHRM/input__applyBtn' is clicked on

2021-08-19 21:36:55 - [TEST_STEP][PASSED] - navigateToUrl("http://localhost/orangehrm/symfony/web/index.php/leave/viewMyLeaveList/reset/1"): Navigate to 'http://localhost/orangehrm/symfony/web/index.php/leave/viewMyLeaveList/reset/1' successfully

2021-08-19 21:36:56 - [MESSAGE][PASSED] - Navigate to 'http://localhost/orangehrm/symfony/web/index.php/leave/viewMyLeaveList/reset/1' successfully

2021-08-19 21:36:56 - [TEST_STEP][PASSED] - setText(findTestObject("Object Repository/Apply Leave/Page_OrangeHRM/input_From_leaveListcalFromDate"), from): Text '2021-09-02' is set on object 'Object Repository/Apply Leave/Page_OrangeHRM/input_From_leaveListcalFromDate'

2021-08-19 21:36:58 - [MESSAGE][PASSED] - Text '2021-09-02' is set on object 'Object Repository/Apply Leave/Page_OrangeHRM/input_From_leaveListcalFromDate'

2021-08-19 21:36:58 - [TEST_STEP][PASSED] - sendKeys(findTestObject("Object Repository/Apply Leave/Page_OrangeHRM/input_From_leaveListcalFromDate"), Keys.chord(ENTER)): Keys 'ENTER + ' sent to object: 'Object Repository/Apply Leave/Page_OrangeHRM/input_From_leaveListcalFromDate'

2021-08-19 21:36:58 - [MESSAGE][PASSED] - Keys 'ENTER + ' sent to object: 'Object Repository/Apply Leave/Page_OrangeHRM/input_From_leaveListcalFromDate'

2021-08-19 21:36:58 - [TEST_STEP][PASSED] - setText(findTestObject("Object Repository/Apply Leave/Page_OrangeHRM/input_To_leaveListcalToDate"), to): Text '2021-09-03' is set on object 'Object Repository/Apply Leave/Page_OrangeHRM/input_To_leaveListcalToDate'

2021-08-19 21:36:59 - [MESSAGE][PASSED] - Text '2021-09-03' is set on object 'Object Repository/Apply Leave/Page_OrangeHRM/input_To_leaveListcalToDate'

2021-08-19 21:36:59 - [TEST_STEP][PASSED] - sendKeys(findTestObject("Object Repository/Apply Leave/Page_OrangeHRM/input_To_leaveListcalToDate"), Keys.chord(ENTER)): Keys 'ENTER + ' sent to object: 'Object Repository/Apply Leave/Page_OrangeHRM/input_To_leaveListcalToDate'

2021-08-19 21:37:00 - [MESSAGE][PASSED] - Keys 'ENTER + ' sent to object: 'Object Repository/Apply Leave/Page_OrangeHRM/input_To_leaveListcalToDate'

2021-08-19 21:37:00 - [TEST_STEP][PASSED] - uncheck(findTestObject("Object Repository/Apply Leave/Page_OrangeHRM/input_All_leaveList_chkSearchFilter_checkbo_a698f3")): Object 'Object Repository/Apply Leave/Page_OrangeHRM/input_All_leaveList_chkSearchFilter_checkbo_a698f3' is un-checked

2021-08-19 21:37:00 - [MESSAGE][PASSED] - Object 'Object Repository/Apply Leave/Page_OrangeHRM/input_All_leaveList_chkSearchFilter_checkbo_a698f3' is un-checked

2021-08-19 21:37:00 - [TEST_STEP][PASSED] - check(findTestObject("Object Repository/Apply Leave/Page_OrangeHRM/input_Pending Approval_leaveListchkSearchFilter")): Object 'Object Repository/Apply Leave/Page_OrangeHRM/input_Pending Approval_leaveListchkSearchFilter' is checked

2021-08-19 21:37:00 - [MESSAGE][PASSED] - Object 'Object Repository/Apply Leave/Page_OrangeHRM/input_Pending Approval_leaveListchkSearchFilter' is checked

2021-08-19 21:37:00 - [TEST_STEP][PASSED] - click(findTestObject("Object Repository/Apply Leave/Page_OrangeHRM/input_Taken_btnSearch")): Object: 'Object Repository/Apply Leave/Page_OrangeHRM/input_Taken_btnSearch' is clicked on

2021-08-19 21:37:01 - [MESSAGE][PASSED] - Object: 'Object Repository/Apply Leave/Page_OrangeHRM/input_Taken_btnSearch' is clicked on

2021-08-19 21:37:01 - [TEST_STEP][PASSED] - scrollToElement(findTestObject("Apply Leave/Page_OrangeHRM/th_Date"), 0): Scroll to object 'Object Repository/Apply Leave/Page_OrangeHRM/th_Date' successfully

2021-08-19 21:37:01 - [MESSAGE][WARNING] - Timeout '0' is invalid. Using default page load timeout: '30'

2021-08-19 21:37:02 - [MESSAGE][PASSED] - Scroll to object 'Object Repository/Apply Leave/Page_OrangeHRM/th_Date' successfully

2021-08-19 21:37:02 - [TEST_STEP][PASSED] - takeScreenshot(): Taking screenshot successfully

2021-08-19 21:37:02 - [MESSAGE][PASSED] - Taking screenshot successfully
[[ATTACHMENT|C:\\Users\\nguye\\Katalon Studio\\OrangeHRM\\Reports\\20210819_213101\\Apply Leave\\20210819_213101\\1629383822791.png]]

2021-08-19 21:37:02 - [TEST_STEP][PASSED] - if (days.equals("")): null

2021-08-19 21:37:02 - [TEST_STEP][PASSED] - else: Actual text 'Pending Approval(1.00)' and expected text 'Pending Approval(1.00)' are matched 

2021-08-19 21:37:02 - [TEST_STEP][PASSED] - verifyMatch(getText(findTestObject("Object Repository/Apply Leave/Page_OrangeHRM/a_2021-09-02 to 2021-09-03")), date, false, STOP_ON_FAILURE): Actual text '2021-09-02 to 2021-09-03' and expected text '2021-09-02 to 2021-09-03' are matched 

2021-08-19 21:37:03 - [MESSAGE][PASSED] - Text of object 'Object Repository/Apply Leave/Page_OrangeHRM/a_2021-09-02 to 2021-09-03' is: '2021-09-02 to 2021-09-03'

2021-08-19 21:37:03 - [MESSAGE][PASSED] - Actual text '2021-09-02 to 2021-09-03' and expected text '2021-09-02 to 2021-09-03' are matched 

2021-08-19 21:37:03 - [TEST_STEP][PASSED] - verifyMatch(getText(findTestObject("Object Repository/Apply Leave/Page_OrangeHRM/a_Rachel Morris")), fullName, false, STOP_ON_FAILURE): Actual text 'Rachel Morris' and expected text 'Rachel Morris' are matched 

2021-08-19 21:37:03 - [MESSAGE][PASSED] - Text of object 'Object Repository/Apply Leave/Page_OrangeHRM/a_Rachel Morris' is: 'Rachel Morris'

2021-08-19 21:37:03 - [MESSAGE][PASSED] - Actual text 'Rachel Morris' and expected text 'Rachel Morris' are matched 

2021-08-19 21:37:03 - [TEST_STEP][PASSED] - verifyMatch(getText(findTestObject("Object Repository/Apply Leave/Page_OrangeHRM/td_Personal")), leaveType, false, STOP_ON_FAILURE): Actual text 'Personal' and expected text 'Personal' are matched 

2021-08-19 21:37:03 - [MESSAGE][PASSED] - Text of object 'Object Repository/Apply Leave/Page_OrangeHRM/td_Personal' is: 'Personal'

2021-08-19 21:37:03 - [MESSAGE][PASSED] - Actual text 'Personal' and expected text 'Personal' are matched 

2021-08-19 21:37:03 - [TEST_STEP][PASSED] - verifyMatch(25"))).toString(), parseDouble(days).toString(), false, STOP_ON_FAILURE): Actual text '49.0' and expected text '49.0' are matched 

2021-08-19 21:37:04 - [MESSAGE][PASSED] - Text of object 'Object Repository/Apply Leave/Page_OrangeHRM/td_49.25' is: '49.00'

2021-08-19 21:37:04 - [MESSAGE][PASSED] - Actual text '49.0' and expected text '49.0' are matched 

2021-08-19 21:37:04 - [TEST_STEP][PASSED] - verifyMatch(getText(findTestObject("Object Repository/Apply Leave/Page_OrangeHRM/td_0.75")), days, false, STOP_ON_FAILURE): Actual text '1.00' and expected text '1.00' are matched 

2021-08-19 21:37:04 - [MESSAGE][PASSED] - Text of object 'Object Repository/Apply Leave/Page_OrangeHRM/td_0.75' is: '1.00'

2021-08-19 21:37:04 - [MESSAGE][PASSED] - Actual text '1.00' and expected text '1.00' are matched 

2021-08-19 21:37:04 - [TEST_STEP][PASSED] - verifyMatch(getText(findTestObject("Object Repository/Apply Leave/Page_OrangeHRM/a_Pending Approval(0.75)")), status + "(" + days + ")", false, STOP_ON_FAILURE): Actual text 'Pending Approval(1.00)' and expected text 'Pending Approval(1.00)' are matched 

2021-08-19 21:37:05 - [MESSAGE][PASSED] - Text of object 'Object Repository/Apply Leave/Page_OrangeHRM/a_Pending Approval(0.75)' is: 'Pending Approval(1.00)'

2021-08-19 21:37:05 - [MESSAGE][PASSED] - Actual text 'Pending Approval(1.00)' and expected text 'Pending Approval(1.00)' are matched]]></system-out>
         <system-err><![CDATA[]]></system-err>
      </testcase>
      <testcase name="Test Cases/Apply Leave" time="25.326" classname="Test Cases/Apply Leave" status="PASSED">
         <system-out><![CDATA[2021-08-19 21:37:07 - [TEST_CASE][PASSED] - Test Cases/Apply Leave: Test Cases/Apply Leave

2021-08-19 21:37:07 - [TEST_STEP][PASSED] - com.database.mysql.connectDB("localhost", "orangehrm_mysql", "3306", "root", null): com.database.mysql.connectDB is PASSED

2021-08-19 21:37:07 - [MESSAGE][PASSED] - com.database.mysql.connectDB is PASSED

2021-08-19 21:37:07 - [TEST_STEP][PASSED] - com.database.mysql.execute("DELETE FROM `ohrm_leave_request` WHERE `emp_number`=3 AND `date_applied`='2021-09-02' AND `leave_type_id` = 3"): com.database.mysql.execute is PASSED

2021-08-19 21:37:07 - [MESSAGE][PASSED] - com.database.mysql.execute is PASSED

2021-08-19 21:37:07 - [TEST_STEP][PASSED] - com.database.mysql.execute("DELETE FROM `ohrm_leave` WHERE `emp_number` = 3 AND `leave_type_id`=3 and (`date`='2021-09-02' or `date`='2021-09-03') "): com.database.mysql.execute is PASSED

2021-08-19 21:37:07 - [MESSAGE][PASSED] - com.database.mysql.execute is PASSED

2021-08-19 21:37:07 - [TEST_STEP][PASSED] - com.database.mysql.closeDatabaseConnection(): com.database.mysql.closeDatabaseConnection is PASSED

2021-08-19 21:37:07 - [MESSAGE][PASSED] - com.database.mysql.closeDatabaseConnection is PASSED

2021-08-19 21:37:07 - [TEST_STEP][PASSED] - navigateToUrl("http://localhost/orangehrm/symfony/web/index.php/dashboard"): Navigate to 'http://localhost/orangehrm/symfony/web/index.php/dashboard' successfully

2021-08-19 21:37:07 - [MESSAGE][PASSED] - Navigate to 'http://localhost/orangehrm/symfony/web/index.php/dashboard' successfully

2021-08-19 21:37:07 - [TEST_STEP][PASSED] - click(findTestObject("Object Repository/Apply Leave/Page_OrangeHRM/img")): Object: 'Object Repository/Apply Leave/Page_OrangeHRM/img' is clicked on

2021-08-19 21:37:08 - [MESSAGE][PASSED] - Object: 'Object Repository/Apply Leave/Page_OrangeHRM/img' is clicked on

2021-08-19 21:37:08 - [TEST_STEP][PASSED] - selectOptionByValue(findTestObject("Object Repository/Apply Leave/Page_OrangeHRM/select_--Select--MarriageMaternityPersonalS_480ad7"), "3", true): All options with value '3' are selected in object 'Object Repository/Apply Leave/Page_OrangeHRM/select_--Select--MarriageMaternityPersonalS_480ad7'  using regular expression

2021-08-19 21:37:09 - [MESSAGE][PASSED] - All options with value '3' are selected in object 'Object Repository/Apply Leave/Page_OrangeHRM/select_--Select--MarriageMaternityPersonalS_480ad7'  using regular expression

2021-08-19 21:37:09 - [TEST_STEP][PASSED] - setText(findTestObject("Object Repository/Apply Leave/Page_OrangeHRM/input__applyleavetxtFromDate"), from): Text '2021-09-02' is set on object 'Object Repository/Apply Leave/Page_OrangeHRM/input__applyleavetxtFromDate'

2021-08-19 21:37:11 - [MESSAGE][PASSED] - Text '2021-09-02' is set on object 'Object Repository/Apply Leave/Page_OrangeHRM/input__applyleavetxtFromDate'

2021-08-19 21:37:11 - [TEST_STEP][PASSED] - sendKeys(findTestObject("Object Repository/Apply Leave/Page_OrangeHRM/input__applyleavetxtFromDate"), Keys.chord(ENTER)): Keys 'ENTER + ' sent to object: 'Object Repository/Apply Leave/Page_OrangeHRM/input__applyleavetxtFromDate'

2021-08-19 21:37:11 - [MESSAGE][PASSED] - Keys 'ENTER + ' sent to object: 'Object Repository/Apply Leave/Page_OrangeHRM/input__applyleavetxtFromDate'

2021-08-19 21:37:11 - [TEST_STEP][PASSED] - setText(findTestObject("Object Repository/Apply Leave/Page_OrangeHRM/input__applyleavetxtToDate"), to): Text '2021-09-03' is set on object 'Object Repository/Apply Leave/Page_OrangeHRM/input__applyleavetxtToDate'

2021-08-19 21:37:13 - [MESSAGE][PASSED] - Text '2021-09-03' is set on object 'Object Repository/Apply Leave/Page_OrangeHRM/input__applyleavetxtToDate'

2021-08-19 21:37:13 - [TEST_STEP][PASSED] - sendKeys(findTestObject("Object Repository/Apply Leave/Page_OrangeHRM/input__applyleavetxtToDate"), Keys.chord(ENTER)): Keys 'ENTER + ' sent to object: 'Object Repository/Apply Leave/Page_OrangeHRM/input__applyleavetxtToDate'

2021-08-19 21:37:13 - [MESSAGE][PASSED] - Keys 'ENTER + ' sent to object: 'Object Repository/Apply Leave/Page_OrangeHRM/input__applyleavetxtToDate'

2021-08-19 21:37:13 - [TEST_STEP][PASSED] - if (from.equals(to)): null

2021-08-19 21:37:13 - [TEST_STEP][PASSED] - else: null

2021-08-19 21:37:13 - [TEST_STEP][PASSED] - selectOptionByValue(findTestObject("Object Repository/Apply Leave/Page_OrangeHRM/select_NoneAll DaysStart Day OnlyEnd Day On_3e5258"), partialDays, true): All options with value 'all' are selected in object 'Object Repository/Apply Leave/Page_OrangeHRM/select_NoneAll DaysStart Day OnlyEnd Day On_3e5258'  using regular expression

2021-08-19 21:37:15 - [MESSAGE][PASSED] - All options with value 'all' are selected in object 'Object Repository/Apply Leave/Page_OrangeHRM/select_NoneAll DaysStart Day OnlyEnd Day On_3e5258'  using regular expression

2021-08-19 21:37:15 - [TEST_STEP][PASSED] - if (partialDays.equals("all") || partialDays.equals("start")): All options with value '08:00' are selected in object 'Object Repository/Apply Leave/Page_OrangeHRM/select_000000150030004501000115013001450200_bef9c6_1_2_3'  using regular expression

2021-08-19 21:37:15 - [TEST_STEP][PASSED] - selectOptionByValue(findTestObject("Object Repository/Apply Leave/Page_OrangeHRM/applyleave_firstDuration_duration"), duration1, true): All options with value 'specify_time' are selected in object 'Object Repository/Apply Leave/Page_OrangeHRM/applyleave_firstDuration_duration'  using regular expression

2021-08-19 21:37:16 - [MESSAGE][PASSED] - All options with value 'specify_time' are selected in object 'Object Repository/Apply Leave/Page_OrangeHRM/applyleave_firstDuration_duration'  using regular expression

2021-08-19 21:37:16 - [TEST_STEP][PASSED] - if (duration1.equals("half_day")): null

2021-08-19 21:37:16 - [TEST_STEP][PASSED] - if (duration1.equals("specify_time")): All options with value '08:00' are selected in object 'Object Repository/Apply Leave/Page_OrangeHRM/select_000000150030004501000115013001450200_bef9c6_1_2_3'  using regular expression

2021-08-19 21:37:16 - [TEST_STEP][PASSED] - selectOptionByValue(findTestObject("Object Repository/Apply Leave/Page_OrangeHRM/select_000000150030004501000115013001450200_bef9c6_1_2"), duration2, true): All options with value '09:00' are selected in object 'Object Repository/Apply Leave/Page_OrangeHRM/select_000000150030004501000115013001450200_bef9c6_1_2'  using regular expression

2021-08-19 21:37:19 - [MESSAGE][PASSED] - All options with value '09:00' are selected in object 'Object Repository/Apply Leave/Page_OrangeHRM/select_000000150030004501000115013001450200_bef9c6_1_2'  using regular expression

2021-08-19 21:37:19 - [TEST_STEP][PASSED] - selectOptionByValue(findTestObject("Object Repository/Apply Leave/Page_OrangeHRM/select_000000150030004501000115013001450200_bef9c6_1_2_3"), duration3, true): All options with value '08:00' are selected in object 'Object Repository/Apply Leave/Page_OrangeHRM/select_000000150030004501000115013001450200_bef9c6_1_2_3'  using regular expression

2021-08-19 21:37:22 - [MESSAGE][PASSED] - All options with value '08:00' are selected in object 'Object Repository/Apply Leave/Page_OrangeHRM/select_000000150030004501000115013001450200_bef9c6_1_2_3'  using regular expression

2021-08-19 21:37:22 - [TEST_STEP][PASSED] - if (partialDays.equals("end")): null

2021-08-19 21:37:22 - [TEST_STEP][PASSED] - if (partialDays.equals("start_end")): null

2021-08-19 21:37:22 - [TEST_STEP][PASSED] - scrollToElement(findTestObject("Apply Leave/Page_OrangeHRM/input__applyBtn"), 0): Scroll to object 'Object Repository/Apply Leave/Page_OrangeHRM/input__applyBtn' successfully

2021-08-19 21:37:22 - [MESSAGE][WARNING] - Timeout '0' is invalid. Using default page load timeout: '30'

2021-08-19 21:37:22 - [MESSAGE][PASSED] - Scroll to object 'Object Repository/Apply Leave/Page_OrangeHRM/input__applyBtn' successfully

2021-08-19 21:37:22 - [TEST_STEP][PASSED] - takeScreenshot(): Taking screenshot successfully

2021-08-19 21:37:23 - [MESSAGE][PASSED] - Taking screenshot successfully
[[ATTACHMENT|C:\\Users\\nguye\\Katalon Studio\\OrangeHRM\\Reports\\20210819_213101\\Apply Leave\\20210819_213101\\1629383842916.png]]

2021-08-19 21:37:23 - [TEST_STEP][PASSED] - click(findTestObject("Object Repository/Apply Leave/Page_OrangeHRM/input__applyBtn")): Object: 'Object Repository/Apply Leave/Page_OrangeHRM/input__applyBtn' is clicked on

2021-08-19 21:37:23 - [MESSAGE][PASSED] - Object: 'Object Repository/Apply Leave/Page_OrangeHRM/input__applyBtn' is clicked on

2021-08-19 21:37:23 - [TEST_STEP][PASSED] - navigateToUrl("http://localhost/orangehrm/symfony/web/index.php/leave/viewMyLeaveList/reset/1"): Navigate to 'http://localhost/orangehrm/symfony/web/index.php/leave/viewMyLeaveList/reset/1' successfully

2021-08-19 21:37:23 - [MESSAGE][PASSED] - Navigate to 'http://localhost/orangehrm/symfony/web/index.php/leave/viewMyLeaveList/reset/1' successfully

2021-08-19 21:37:23 - [TEST_STEP][PASSED] - setText(findTestObject("Object Repository/Apply Leave/Page_OrangeHRM/input_From_leaveListcalFromDate"), from): Text '2021-09-02' is set on object 'Object Repository/Apply Leave/Page_OrangeHRM/input_From_leaveListcalFromDate'

2021-08-19 21:37:25 - [MESSAGE][PASSED] - Text '2021-09-02' is set on object 'Object Repository/Apply Leave/Page_OrangeHRM/input_From_leaveListcalFromDate'

2021-08-19 21:37:25 - [TEST_STEP][PASSED] - sendKeys(findTestObject("Object Repository/Apply Leave/Page_OrangeHRM/input_From_leaveListcalFromDate"), Keys.chord(ENTER)): Keys 'ENTER + ' sent to object: 'Object Repository/Apply Leave/Page_OrangeHRM/input_From_leaveListcalFromDate'

2021-08-19 21:37:26 - [MESSAGE][PASSED] - Keys 'ENTER + ' sent to object: 'Object Repository/Apply Leave/Page_OrangeHRM/input_From_leaveListcalFromDate'

2021-08-19 21:37:26 - [TEST_STEP][PASSED] - setText(findTestObject("Object Repository/Apply Leave/Page_OrangeHRM/input_To_leaveListcalToDate"), to): Text '2021-09-03' is set on object 'Object Repository/Apply Leave/Page_OrangeHRM/input_To_leaveListcalToDate'

2021-08-19 21:37:26 - [MESSAGE][PASSED] - Text '2021-09-03' is set on object 'Object Repository/Apply Leave/Page_OrangeHRM/input_To_leaveListcalToDate'

2021-08-19 21:37:26 - [TEST_STEP][PASSED] - sendKeys(findTestObject("Object Repository/Apply Leave/Page_OrangeHRM/input_To_leaveListcalToDate"), Keys.chord(ENTER)): Keys 'ENTER + ' sent to object: 'Object Repository/Apply Leave/Page_OrangeHRM/input_To_leaveListcalToDate'

2021-08-19 21:37:27 - [MESSAGE][PASSED] - Keys 'ENTER + ' sent to object: 'Object Repository/Apply Leave/Page_OrangeHRM/input_To_leaveListcalToDate'

2021-08-19 21:37:27 - [TEST_STEP][PASSED] - uncheck(findTestObject("Object Repository/Apply Leave/Page_OrangeHRM/input_All_leaveList_chkSearchFilter_checkbo_a698f3")): Object 'Object Repository/Apply Leave/Page_OrangeHRM/input_All_leaveList_chkSearchFilter_checkbo_a698f3' is un-checked

2021-08-19 21:37:27 - [MESSAGE][PASSED] - Object 'Object Repository/Apply Leave/Page_OrangeHRM/input_All_leaveList_chkSearchFilter_checkbo_a698f3' is un-checked

2021-08-19 21:37:27 - [TEST_STEP][PASSED] - check(findTestObject("Object Repository/Apply Leave/Page_OrangeHRM/input_Pending Approval_leaveListchkSearchFilter")): Object 'Object Repository/Apply Leave/Page_OrangeHRM/input_Pending Approval_leaveListchkSearchFilter' is checked

2021-08-19 21:37:28 - [MESSAGE][PASSED] - Object 'Object Repository/Apply Leave/Page_OrangeHRM/input_Pending Approval_leaveListchkSearchFilter' is checked

2021-08-19 21:37:28 - [TEST_STEP][PASSED] - click(findTestObject("Object Repository/Apply Leave/Page_OrangeHRM/input_Taken_btnSearch")): Object: 'Object Repository/Apply Leave/Page_OrangeHRM/input_Taken_btnSearch' is clicked on

2021-08-19 21:37:29 - [MESSAGE][PASSED] - Object: 'Object Repository/Apply Leave/Page_OrangeHRM/input_Taken_btnSearch' is clicked on

2021-08-19 21:37:29 - [TEST_STEP][PASSED] - scrollToElement(findTestObject("Apply Leave/Page_OrangeHRM/th_Date"), 0): Scroll to object 'Object Repository/Apply Leave/Page_OrangeHRM/th_Date' successfully

2021-08-19 21:37:29 - [MESSAGE][WARNING] - Timeout '0' is invalid. Using default page load timeout: '30'

2021-08-19 21:37:29 - [MESSAGE][PASSED] - Scroll to object 'Object Repository/Apply Leave/Page_OrangeHRM/th_Date' successfully

2021-08-19 21:37:29 - [TEST_STEP][PASSED] - takeScreenshot(): Taking screenshot successfully

2021-08-19 21:37:30 - [MESSAGE][PASSED] - Taking screenshot successfully
[[ATTACHMENT|C:\\Users\\nguye\\Katalon Studio\\OrangeHRM\\Reports\\20210819_213101\\Apply Leave\\20210819_213101\\1629383849871.png]]

2021-08-19 21:37:30 - [TEST_STEP][PASSED] - if (days.equals("")): Actual text 'No Records Found' and expected text 'No Records Found' are matched 

2021-08-19 21:37:30 - [TEST_STEP][PASSED] - verifyMatch(getText(findTestObject("Object Repository/Apply Leave/Page_OrangeHRM/td_No Records Found")), "No Records Found", false, STOP_ON_FAILURE): Actual text 'No Records Found' and expected text 'No Records Found' are matched 

2021-08-19 21:37:30 - [MESSAGE][PASSED] - Text of object 'Object Repository/Apply Leave/Page_OrangeHRM/td_No Records Found' is: 'No Records Found'

2021-08-19 21:37:30 - [MESSAGE][PASSED] - Actual text 'No Records Found' and expected text 'No Records Found' are matched]]></system-out>
         <system-err><![CDATA[]]></system-err>
      </testcase>
      <testcase name="Test Cases/Apply Leave" time="25.583" classname="Test Cases/Apply Leave" status="PASSED">
         <system-out><![CDATA[2021-08-19 21:37:32 - [TEST_CASE][PASSED] - Test Cases/Apply Leave: Test Cases/Apply Leave

2021-08-19 21:37:32 - [TEST_STEP][PASSED] - com.database.mysql.connectDB("localhost", "orangehrm_mysql", "3306", "root", null): com.database.mysql.connectDB is PASSED

2021-08-19 21:37:32 - [MESSAGE][PASSED] - com.database.mysql.connectDB is PASSED

2021-08-19 21:37:32 - [TEST_STEP][PASSED] - com.database.mysql.execute("DELETE FROM `ohrm_leave_request` WHERE `emp_number`=3 AND `date_applied`='2021-09-02' AND `leave_type_id` = 3"): com.database.mysql.execute is PASSED

2021-08-19 21:37:32 - [MESSAGE][PASSED] - com.database.mysql.execute is PASSED

2021-08-19 21:37:32 - [TEST_STEP][PASSED] - com.database.mysql.execute("DELETE FROM `ohrm_leave` WHERE `emp_number` = 3 AND `leave_type_id`=3 and (`date`='2021-09-02' or `date`='2021-09-03') "): com.database.mysql.execute is PASSED

2021-08-19 21:37:32 - [MESSAGE][PASSED] - com.database.mysql.execute is PASSED

2021-08-19 21:37:32 - [TEST_STEP][PASSED] - com.database.mysql.closeDatabaseConnection(): com.database.mysql.closeDatabaseConnection is PASSED

2021-08-19 21:37:32 - [MESSAGE][PASSED] - com.database.mysql.closeDatabaseConnection is PASSED

2021-08-19 21:37:32 - [TEST_STEP][PASSED] - navigateToUrl("http://localhost/orangehrm/symfony/web/index.php/dashboard"): Navigate to 'http://localhost/orangehrm/symfony/web/index.php/dashboard' successfully

2021-08-19 21:37:32 - [MESSAGE][PASSED] - Navigate to 'http://localhost/orangehrm/symfony/web/index.php/dashboard' successfully

2021-08-19 21:37:32 - [TEST_STEP][PASSED] - click(findTestObject("Object Repository/Apply Leave/Page_OrangeHRM/img")): Object: 'Object Repository/Apply Leave/Page_OrangeHRM/img' is clicked on

2021-08-19 21:37:33 - [MESSAGE][PASSED] - Object: 'Object Repository/Apply Leave/Page_OrangeHRM/img' is clicked on

2021-08-19 21:37:33 - [TEST_STEP][PASSED] - selectOptionByValue(findTestObject("Object Repository/Apply Leave/Page_OrangeHRM/select_--Select--MarriageMaternityPersonalS_480ad7"), "3", true): All options with value '3' are selected in object 'Object Repository/Apply Leave/Page_OrangeHRM/select_--Select--MarriageMaternityPersonalS_480ad7'  using regular expression

2021-08-19 21:37:35 - [MESSAGE][PASSED] - All options with value '3' are selected in object 'Object Repository/Apply Leave/Page_OrangeHRM/select_--Select--MarriageMaternityPersonalS_480ad7'  using regular expression

2021-08-19 21:37:35 - [TEST_STEP][PASSED] - setText(findTestObject("Object Repository/Apply Leave/Page_OrangeHRM/input__applyleavetxtFromDate"), from): Text '2021-09-02' is set on object 'Object Repository/Apply Leave/Page_OrangeHRM/input__applyleavetxtFromDate'

2021-08-19 21:37:36 - [MESSAGE][PASSED] - Text '2021-09-02' is set on object 'Object Repository/Apply Leave/Page_OrangeHRM/input__applyleavetxtFromDate'

2021-08-19 21:37:36 - [TEST_STEP][PASSED] - sendKeys(findTestObject("Object Repository/Apply Leave/Page_OrangeHRM/input__applyleavetxtFromDate"), Keys.chord(ENTER)): Keys 'ENTER + ' sent to object: 'Object Repository/Apply Leave/Page_OrangeHRM/input__applyleavetxtFromDate'

2021-08-19 21:37:37 - [MESSAGE][PASSED] - Keys 'ENTER + ' sent to object: 'Object Repository/Apply Leave/Page_OrangeHRM/input__applyleavetxtFromDate'

2021-08-19 21:37:37 - [TEST_STEP][PASSED] - setText(findTestObject("Object Repository/Apply Leave/Page_OrangeHRM/input__applyleavetxtToDate"), to): Text '2021-09-03' is set on object 'Object Repository/Apply Leave/Page_OrangeHRM/input__applyleavetxtToDate'

2021-08-19 21:37:38 - [MESSAGE][PASSED] - Text '2021-09-03' is set on object 'Object Repository/Apply Leave/Page_OrangeHRM/input__applyleavetxtToDate'

2021-08-19 21:37:38 - [TEST_STEP][PASSED] - sendKeys(findTestObject("Object Repository/Apply Leave/Page_OrangeHRM/input__applyleavetxtToDate"), Keys.chord(ENTER)): Keys 'ENTER + ' sent to object: 'Object Repository/Apply Leave/Page_OrangeHRM/input__applyleavetxtToDate'

2021-08-19 21:37:39 - [MESSAGE][PASSED] - Keys 'ENTER + ' sent to object: 'Object Repository/Apply Leave/Page_OrangeHRM/input__applyleavetxtToDate'

2021-08-19 21:37:39 - [TEST_STEP][PASSED] - if (from.equals(to)): null

2021-08-19 21:37:39 - [TEST_STEP][PASSED] - else: null

2021-08-19 21:37:39 - [TEST_STEP][PASSED] - selectOptionByValue(findTestObject("Object Repository/Apply Leave/Page_OrangeHRM/select_NoneAll DaysStart Day OnlyEnd Day On_3e5258"), partialDays, true): All options with value 'all' are selected in object 'Object Repository/Apply Leave/Page_OrangeHRM/select_NoneAll DaysStart Day OnlyEnd Day On_3e5258'  using regular expression

2021-08-19 21:37:40 - [MESSAGE][PASSED] - All options with value 'all' are selected in object 'Object Repository/Apply Leave/Page_OrangeHRM/select_NoneAll DaysStart Day OnlyEnd Day On_3e5258'  using regular expression

2021-08-19 21:37:40 - [TEST_STEP][PASSED] - if (partialDays.equals("all") || partialDays.equals("start")): All options with value '09:00' are selected in object 'Object Repository/Apply Leave/Page_OrangeHRM/select_000000150030004501000115013001450200_bef9c6_1_2_3'  using regular expression

2021-08-19 21:37:40 - [TEST_STEP][PASSED] - selectOptionByValue(findTestObject("Object Repository/Apply Leave/Page_OrangeHRM/applyleave_firstDuration_duration"), duration1, true): All options with value 'specify_time' are selected in object 'Object Repository/Apply Leave/Page_OrangeHRM/applyleave_firstDuration_duration'  using regular expression

2021-08-19 21:37:41 - [MESSAGE][PASSED] - All options with value 'specify_time' are selected in object 'Object Repository/Apply Leave/Page_OrangeHRM/applyleave_firstDuration_duration'  using regular expression

2021-08-19 21:37:41 - [TEST_STEP][PASSED] - if (duration1.equals("half_day")): null

2021-08-19 21:37:41 - [TEST_STEP][PASSED] - if (duration1.equals("specify_time")): All options with value '09:00' are selected in object 'Object Repository/Apply Leave/Page_OrangeHRM/select_000000150030004501000115013001450200_bef9c6_1_2_3'  using regular expression

2021-08-19 21:37:41 - [TEST_STEP][PASSED] - selectOptionByValue(findTestObject("Object Repository/Apply Leave/Page_OrangeHRM/select_000000150030004501000115013001450200_bef9c6_1_2"), duration2, true): All options with value '09:00' are selected in object 'Object Repository/Apply Leave/Page_OrangeHRM/select_000000150030004501000115013001450200_bef9c6_1_2'  using regular expression

2021-08-19 21:37:44 - [MESSAGE][PASSED] - All options with value '09:00' are selected in object 'Object Repository/Apply Leave/Page_OrangeHRM/select_000000150030004501000115013001450200_bef9c6_1_2'  using regular expression

2021-08-19 21:37:44 - [TEST_STEP][PASSED] - selectOptionByValue(findTestObject("Object Repository/Apply Leave/Page_OrangeHRM/select_000000150030004501000115013001450200_bef9c6_1_2_3"), duration3, true): All options with value '09:00' are selected in object 'Object Repository/Apply Leave/Page_OrangeHRM/select_000000150030004501000115013001450200_bef9c6_1_2_3'  using regular expression

2021-08-19 21:37:47 - [MESSAGE][PASSED] - All options with value '09:00' are selected in object 'Object Repository/Apply Leave/Page_OrangeHRM/select_000000150030004501000115013001450200_bef9c6_1_2_3'  using regular expression

2021-08-19 21:37:47 - [TEST_STEP][PASSED] - if (partialDays.equals("end")): null

2021-08-19 21:37:47 - [TEST_STEP][PASSED] - if (partialDays.equals("start_end")): null

2021-08-19 21:37:47 - [TEST_STEP][PASSED] - scrollToElement(findTestObject("Apply Leave/Page_OrangeHRM/input__applyBtn"), 0): Scroll to object 'Object Repository/Apply Leave/Page_OrangeHRM/input__applyBtn' successfully

2021-08-19 21:37:47 - [MESSAGE][WARNING] - Timeout '0' is invalid. Using default page load timeout: '30'

2021-08-19 21:37:48 - [MESSAGE][PASSED] - Scroll to object 'Object Repository/Apply Leave/Page_OrangeHRM/input__applyBtn' successfully

2021-08-19 21:37:48 - [TEST_STEP][PASSED] - takeScreenshot(): Taking screenshot successfully

2021-08-19 21:37:48 - [MESSAGE][PASSED] - Taking screenshot successfully
[[ATTACHMENT|C:\\Users\\nguye\\Katalon Studio\\OrangeHRM\\Reports\\20210819_213101\\Apply Leave\\20210819_213101\\1629383868514.png]]

2021-08-19 21:37:48 - [TEST_STEP][PASSED] - click(findTestObject("Object Repository/Apply Leave/Page_OrangeHRM/input__applyBtn")): Object: 'Object Repository/Apply Leave/Page_OrangeHRM/input__applyBtn' is clicked on

2021-08-19 21:37:49 - [MESSAGE][PASSED] - Object: 'Object Repository/Apply Leave/Page_OrangeHRM/input__applyBtn' is clicked on

2021-08-19 21:37:49 - [TEST_STEP][PASSED] - navigateToUrl("http://localhost/orangehrm/symfony/web/index.php/leave/viewMyLeaveList/reset/1"): Navigate to 'http://localhost/orangehrm/symfony/web/index.php/leave/viewMyLeaveList/reset/1' successfully

2021-08-19 21:37:49 - [MESSAGE][PASSED] - Navigate to 'http://localhost/orangehrm/symfony/web/index.php/leave/viewMyLeaveList/reset/1' successfully

2021-08-19 21:37:49 - [TEST_STEP][PASSED] - setText(findTestObject("Object Repository/Apply Leave/Page_OrangeHRM/input_From_leaveListcalFromDate"), from): Text '2021-09-02' is set on object 'Object Repository/Apply Leave/Page_OrangeHRM/input_From_leaveListcalFromDate'

2021-08-19 21:37:51 - [MESSAGE][PASSED] - Text '2021-09-02' is set on object 'Object Repository/Apply Leave/Page_OrangeHRM/input_From_leaveListcalFromDate'

2021-08-19 21:37:51 - [TEST_STEP][PASSED] - sendKeys(findTestObject("Object Repository/Apply Leave/Page_OrangeHRM/input_From_leaveListcalFromDate"), Keys.chord(ENTER)): Keys 'ENTER + ' sent to object: 'Object Repository/Apply Leave/Page_OrangeHRM/input_From_leaveListcalFromDate'

2021-08-19 21:37:51 - [MESSAGE][PASSED] - Keys 'ENTER + ' sent to object: 'Object Repository/Apply Leave/Page_OrangeHRM/input_From_leaveListcalFromDate'

2021-08-19 21:37:51 - [TEST_STEP][PASSED] - setText(findTestObject("Object Repository/Apply Leave/Page_OrangeHRM/input_To_leaveListcalToDate"), to): Text '2021-09-03' is set on object 'Object Repository/Apply Leave/Page_OrangeHRM/input_To_leaveListcalToDate'

2021-08-19 21:37:52 - [MESSAGE][PASSED] - Text '2021-09-03' is set on object 'Object Repository/Apply Leave/Page_OrangeHRM/input_To_leaveListcalToDate'

2021-08-19 21:37:52 - [TEST_STEP][PASSED] - sendKeys(findTestObject("Object Repository/Apply Leave/Page_OrangeHRM/input_To_leaveListcalToDate"), Keys.chord(ENTER)): Keys 'ENTER + ' sent to object: 'Object Repository/Apply Leave/Page_OrangeHRM/input_To_leaveListcalToDate'

2021-08-19 21:37:52 - [MESSAGE][PASSED] - Keys 'ENTER + ' sent to object: 'Object Repository/Apply Leave/Page_OrangeHRM/input_To_leaveListcalToDate'

2021-08-19 21:37:52 - [TEST_STEP][PASSED] - uncheck(findTestObject("Object Repository/Apply Leave/Page_OrangeHRM/input_All_leaveList_chkSearchFilter_checkbo_a698f3")): Object 'Object Repository/Apply Leave/Page_OrangeHRM/input_All_leaveList_chkSearchFilter_checkbo_a698f3' is un-checked

2021-08-19 21:37:53 - [MESSAGE][PASSED] - Object 'Object Repository/Apply Leave/Page_OrangeHRM/input_All_leaveList_chkSearchFilter_checkbo_a698f3' is un-checked

2021-08-19 21:37:53 - [TEST_STEP][PASSED] - check(findTestObject("Object Repository/Apply Leave/Page_OrangeHRM/input_Pending Approval_leaveListchkSearchFilter")): Object 'Object Repository/Apply Leave/Page_OrangeHRM/input_Pending Approval_leaveListchkSearchFilter' is checked

2021-08-19 21:37:53 - [MESSAGE][PASSED] - Object 'Object Repository/Apply Leave/Page_OrangeHRM/input_Pending Approval_leaveListchkSearchFilter' is checked

2021-08-19 21:37:53 - [TEST_STEP][PASSED] - click(findTestObject("Object Repository/Apply Leave/Page_OrangeHRM/input_Taken_btnSearch")): Object: 'Object Repository/Apply Leave/Page_OrangeHRM/input_Taken_btnSearch' is clicked on

2021-08-19 21:37:54 - [MESSAGE][PASSED] - Object: 'Object Repository/Apply Leave/Page_OrangeHRM/input_Taken_btnSearch' is clicked on

2021-08-19 21:37:54 - [TEST_STEP][PASSED] - scrollToElement(findTestObject("Apply Leave/Page_OrangeHRM/th_Date"), 0): Scroll to object 'Object Repository/Apply Leave/Page_OrangeHRM/th_Date' successfully

2021-08-19 21:37:54 - [MESSAGE][WARNING] - Timeout '0' is invalid. Using default page load timeout: '30'

2021-08-19 21:37:55 - [MESSAGE][PASSED] - Scroll to object 'Object Repository/Apply Leave/Page_OrangeHRM/th_Date' successfully

2021-08-19 21:37:55 - [TEST_STEP][PASSED] - takeScreenshot(): Taking screenshot successfully

2021-08-19 21:37:55 - [MESSAGE][PASSED] - Taking screenshot successfully
[[ATTACHMENT|C:\\Users\\nguye\\Katalon Studio\\OrangeHRM\\Reports\\20210819_213101\\Apply Leave\\20210819_213101\\1629383875564.png]]

2021-08-19 21:37:55 - [TEST_STEP][PASSED] - if (days.equals("")): Actual text 'No Records Found' and expected text 'No Records Found' are matched 

2021-08-19 21:37:55 - [TEST_STEP][PASSED] - verifyMatch(getText(findTestObject("Object Repository/Apply Leave/Page_OrangeHRM/td_No Records Found")), "No Records Found", false, STOP_ON_FAILURE): Actual text 'No Records Found' and expected text 'No Records Found' are matched 

2021-08-19 21:37:56 - [MESSAGE][PASSED] - Text of object 'Object Repository/Apply Leave/Page_OrangeHRM/td_No Records Found' is: 'No Records Found'

2021-08-19 21:37:56 - [MESSAGE][PASSED] - Actual text 'No Records Found' and expected text 'No Records Found' are matched]]></system-out>
         <system-err><![CDATA[]]></system-err>
      </testcase>
      <testcase name="Test Cases/Apply Leave" time="28.823" classname="Test Cases/Apply Leave" status="PASSED">
         <system-out><![CDATA[2021-08-19 21:37:58 - [TEST_CASE][PASSED] - Test Cases/Apply Leave: Test Cases/Apply Leave

2021-08-19 21:37:58 - [TEST_STEP][PASSED] - com.database.mysql.connectDB("localhost", "orangehrm_mysql", "3306", "root", null): com.database.mysql.connectDB is PASSED

2021-08-19 21:37:58 - [MESSAGE][PASSED] - com.database.mysql.connectDB is PASSED

2021-08-19 21:37:58 - [TEST_STEP][PASSED] - com.database.mysql.execute("DELETE FROM `ohrm_leave_request` WHERE `emp_number`=3 AND `date_applied`='2021-09-02' AND `leave_type_id` = 3"): com.database.mysql.execute is PASSED

2021-08-19 21:37:58 - [MESSAGE][PASSED] - com.database.mysql.execute is PASSED

2021-08-19 21:37:58 - [TEST_STEP][PASSED] - com.database.mysql.execute("DELETE FROM `ohrm_leave` WHERE `emp_number` = 3 AND `leave_type_id`=3 and (`date`='2021-09-02' or `date`='2021-09-03') "): com.database.mysql.execute is PASSED

2021-08-19 21:37:58 - [MESSAGE][PASSED] - com.database.mysql.execute is PASSED

2021-08-19 21:37:58 - [TEST_STEP][PASSED] - com.database.mysql.closeDatabaseConnection(): com.database.mysql.closeDatabaseConnection is PASSED

2021-08-19 21:37:58 - [MESSAGE][PASSED] - com.database.mysql.closeDatabaseConnection is PASSED

2021-08-19 21:37:58 - [TEST_STEP][PASSED] - navigateToUrl("http://localhost/orangehrm/symfony/web/index.php/dashboard"): Navigate to 'http://localhost/orangehrm/symfony/web/index.php/dashboard' successfully

2021-08-19 21:37:58 - [MESSAGE][PASSED] - Navigate to 'http://localhost/orangehrm/symfony/web/index.php/dashboard' successfully

2021-08-19 21:37:58 - [TEST_STEP][PASSED] - click(findTestObject("Object Repository/Apply Leave/Page_OrangeHRM/img")): Object: 'Object Repository/Apply Leave/Page_OrangeHRM/img' is clicked on

2021-08-19 21:37:59 - [MESSAGE][PASSED] - Object: 'Object Repository/Apply Leave/Page_OrangeHRM/img' is clicked on

2021-08-19 21:37:59 - [TEST_STEP][PASSED] - selectOptionByValue(findTestObject("Object Repository/Apply Leave/Page_OrangeHRM/select_--Select--MarriageMaternityPersonalS_480ad7"), "3", true): All options with value '3' are selected in object 'Object Repository/Apply Leave/Page_OrangeHRM/select_--Select--MarriageMaternityPersonalS_480ad7'  using regular expression

2021-08-19 21:38:00 - [MESSAGE][PASSED] - All options with value '3' are selected in object 'Object Repository/Apply Leave/Page_OrangeHRM/select_--Select--MarriageMaternityPersonalS_480ad7'  using regular expression

2021-08-19 21:38:00 - [TEST_STEP][PASSED] - setText(findTestObject("Object Repository/Apply Leave/Page_OrangeHRM/input__applyleavetxtFromDate"), from): Text '2021-09-02' is set on object 'Object Repository/Apply Leave/Page_OrangeHRM/input__applyleavetxtFromDate'

2021-08-19 21:38:02 - [MESSAGE][PASSED] - Text '2021-09-02' is set on object 'Object Repository/Apply Leave/Page_OrangeHRM/input__applyleavetxtFromDate'

2021-08-19 21:38:02 - [TEST_STEP][PASSED] - sendKeys(findTestObject("Object Repository/Apply Leave/Page_OrangeHRM/input__applyleavetxtFromDate"), Keys.chord(ENTER)): Keys 'ENTER + ' sent to object: 'Object Repository/Apply Leave/Page_OrangeHRM/input__applyleavetxtFromDate'

2021-08-19 21:38:02 - [MESSAGE][PASSED] - Keys 'ENTER + ' sent to object: 'Object Repository/Apply Leave/Page_OrangeHRM/input__applyleavetxtFromDate'

2021-08-19 21:38:02 - [TEST_STEP][PASSED] - setText(findTestObject("Object Repository/Apply Leave/Page_OrangeHRM/input__applyleavetxtToDate"), to): Text '2021-09-03' is set on object 'Object Repository/Apply Leave/Page_OrangeHRM/input__applyleavetxtToDate'

2021-08-19 21:38:04 - [MESSAGE][PASSED] - Text '2021-09-03' is set on object 'Object Repository/Apply Leave/Page_OrangeHRM/input__applyleavetxtToDate'

2021-08-19 21:38:04 - [TEST_STEP][PASSED] - sendKeys(findTestObject("Object Repository/Apply Leave/Page_OrangeHRM/input__applyleavetxtToDate"), Keys.chord(ENTER)): Keys 'ENTER + ' sent to object: 'Object Repository/Apply Leave/Page_OrangeHRM/input__applyleavetxtToDate'

2021-08-19 21:38:04 - [MESSAGE][PASSED] - Keys 'ENTER + ' sent to object: 'Object Repository/Apply Leave/Page_OrangeHRM/input__applyleavetxtToDate'

2021-08-19 21:38:04 - [TEST_STEP][PASSED] - if (from.equals(to)): null

2021-08-19 21:38:04 - [TEST_STEP][PASSED] - else: null

2021-08-19 21:38:04 - [TEST_STEP][PASSED] - selectOptionByValue(findTestObject("Object Repository/Apply Leave/Page_OrangeHRM/select_NoneAll DaysStart Day OnlyEnd Day On_3e5258"), partialDays, true): All options with value 'all' are selected in object 'Object Repository/Apply Leave/Page_OrangeHRM/select_NoneAll DaysStart Day OnlyEnd Day On_3e5258'  using regular expression

2021-08-19 21:38:06 - [MESSAGE][PASSED] - All options with value 'all' are selected in object 'Object Repository/Apply Leave/Page_OrangeHRM/select_NoneAll DaysStart Day OnlyEnd Day On_3e5258'  using regular expression

2021-08-19 21:38:06 - [TEST_STEP][PASSED] - if (partialDays.equals("all") || partialDays.equals("start")): All options with value '11:00' are selected in object 'Object Repository/Apply Leave/Page_OrangeHRM/select_000000150030004501000115013001450200_bef9c6_1_2_3'  using regular expression

2021-08-19 21:38:06 - [TEST_STEP][PASSED] - selectOptionByValue(findTestObject("Object Repository/Apply Leave/Page_OrangeHRM/applyleave_firstDuration_duration"), duration1, true): All options with value 'specify_time' are selected in object 'Object Repository/Apply Leave/Page_OrangeHRM/applyleave_firstDuration_duration'  using regular expression

2021-08-19 21:38:07 - [MESSAGE][PASSED] - All options with value 'specify_time' are selected in object 'Object Repository/Apply Leave/Page_OrangeHRM/applyleave_firstDuration_duration'  using regular expression

2021-08-19 21:38:07 - [TEST_STEP][PASSED] - if (duration1.equals("half_day")): null

2021-08-19 21:38:07 - [TEST_STEP][PASSED] - if (duration1.equals("specify_time")): All options with value '11:00' are selected in object 'Object Repository/Apply Leave/Page_OrangeHRM/select_000000150030004501000115013001450200_bef9c6_1_2_3'  using regular expression

2021-08-19 21:38:07 - [TEST_STEP][PASSED] - selectOptionByValue(findTestObject("Object Repository/Apply Leave/Page_OrangeHRM/select_000000150030004501000115013001450200_bef9c6_1_2"), duration2, true): All options with value '09:00' are selected in object 'Object Repository/Apply Leave/Page_OrangeHRM/select_000000150030004501000115013001450200_bef9c6_1_2'  using regular expression

2021-08-19 21:38:10 - [MESSAGE][PASSED] - All options with value '09:00' are selected in object 'Object Repository/Apply Leave/Page_OrangeHRM/select_000000150030004501000115013001450200_bef9c6_1_2'  using regular expression

2021-08-19 21:38:10 - [TEST_STEP][PASSED] - selectOptionByValue(findTestObject("Object Repository/Apply Leave/Page_OrangeHRM/select_000000150030004501000115013001450200_bef9c6_1_2_3"), duration3, true): All options with value '11:00' are selected in object 'Object Repository/Apply Leave/Page_OrangeHRM/select_000000150030004501000115013001450200_bef9c6_1_2_3'  using regular expression

2021-08-19 21:38:13 - [MESSAGE][PASSED] - All options with value '11:00' are selected in object 'Object Repository/Apply Leave/Page_OrangeHRM/select_000000150030004501000115013001450200_bef9c6_1_2_3'  using regular expression

2021-08-19 21:38:13 - [TEST_STEP][PASSED] - if (partialDays.equals("end")): null

2021-08-19 21:38:13 - [TEST_STEP][PASSED] - if (partialDays.equals("start_end")): null

2021-08-19 21:38:13 - [TEST_STEP][PASSED] - scrollToElement(findTestObject("Apply Leave/Page_OrangeHRM/input__applyBtn"), 0): Scroll to object 'Object Repository/Apply Leave/Page_OrangeHRM/input__applyBtn' successfully

2021-08-19 21:38:13 - [MESSAGE][WARNING] - Timeout '0' is invalid. Using default page load timeout: '30'

2021-08-19 21:38:13 - [MESSAGE][PASSED] - Scroll to object 'Object Repository/Apply Leave/Page_OrangeHRM/input__applyBtn' successfully

2021-08-19 21:38:13 - [TEST_STEP][PASSED] - takeScreenshot(): Taking screenshot successfully

2021-08-19 21:38:14 - [MESSAGE][PASSED] - Taking screenshot successfully
[[ATTACHMENT|C:\\Users\\nguye\\Katalon Studio\\OrangeHRM\\Reports\\20210819_213101\\Apply Leave\\20210819_213101\\1629383894197.png]]

2021-08-19 21:38:14 - [TEST_STEP][PASSED] - click(findTestObject("Object Repository/Apply Leave/Page_OrangeHRM/input__applyBtn")): Object: 'Object Repository/Apply Leave/Page_OrangeHRM/input__applyBtn' is clicked on

2021-08-19 21:38:15 - [MESSAGE][PASSED] - Object: 'Object Repository/Apply Leave/Page_OrangeHRM/input__applyBtn' is clicked on

2021-08-19 21:38:15 - [TEST_STEP][PASSED] - navigateToUrl("http://localhost/orangehrm/symfony/web/index.php/leave/viewMyLeaveList/reset/1"): Navigate to 'http://localhost/orangehrm/symfony/web/index.php/leave/viewMyLeaveList/reset/1' successfully

2021-08-19 21:38:16 - [MESSAGE][PASSED] - Navigate to 'http://localhost/orangehrm/symfony/web/index.php/leave/viewMyLeaveList/reset/1' successfully

2021-08-19 21:38:16 - [TEST_STEP][PASSED] - setText(findTestObject("Object Repository/Apply Leave/Page_OrangeHRM/input_From_leaveListcalFromDate"), from): Text '2021-09-02' is set on object 'Object Repository/Apply Leave/Page_OrangeHRM/input_From_leaveListcalFromDate'

2021-08-19 21:38:18 - [MESSAGE][PASSED] - Text '2021-09-02' is set on object 'Object Repository/Apply Leave/Page_OrangeHRM/input_From_leaveListcalFromDate'

2021-08-19 21:38:18 - [TEST_STEP][PASSED] - sendKeys(findTestObject("Object Repository/Apply Leave/Page_OrangeHRM/input_From_leaveListcalFromDate"), Keys.chord(ENTER)): Keys 'ENTER + ' sent to object: 'Object Repository/Apply Leave/Page_OrangeHRM/input_From_leaveListcalFromDate'

2021-08-19 21:38:18 - [MESSAGE][PASSED] - Keys 'ENTER + ' sent to object: 'Object Repository/Apply Leave/Page_OrangeHRM/input_From_leaveListcalFromDate'

2021-08-19 21:38:18 - [TEST_STEP][PASSED] - setText(findTestObject("Object Repository/Apply Leave/Page_OrangeHRM/input_To_leaveListcalToDate"), to): Text '2021-09-03' is set on object 'Object Repository/Apply Leave/Page_OrangeHRM/input_To_leaveListcalToDate'

2021-08-19 21:38:19 - [MESSAGE][PASSED] - Text '2021-09-03' is set on object 'Object Repository/Apply Leave/Page_OrangeHRM/input_To_leaveListcalToDate'

2021-08-19 21:38:19 - [TEST_STEP][PASSED] - sendKeys(findTestObject("Object Repository/Apply Leave/Page_OrangeHRM/input_To_leaveListcalToDate"), Keys.chord(ENTER)): Keys 'ENTER + ' sent to object: 'Object Repository/Apply Leave/Page_OrangeHRM/input_To_leaveListcalToDate'

2021-08-19 21:38:20 - [MESSAGE][PASSED] - Keys 'ENTER + ' sent to object: 'Object Repository/Apply Leave/Page_OrangeHRM/input_To_leaveListcalToDate'

2021-08-19 21:38:20 - [TEST_STEP][PASSED] - uncheck(findTestObject("Object Repository/Apply Leave/Page_OrangeHRM/input_All_leaveList_chkSearchFilter_checkbo_a698f3")): Object 'Object Repository/Apply Leave/Page_OrangeHRM/input_All_leaveList_chkSearchFilter_checkbo_a698f3' is un-checked

2021-08-19 21:38:20 - [MESSAGE][PASSED] - Object 'Object Repository/Apply Leave/Page_OrangeHRM/input_All_leaveList_chkSearchFilter_checkbo_a698f3' is un-checked

2021-08-19 21:38:20 - [TEST_STEP][PASSED] - check(findTestObject("Object Repository/Apply Leave/Page_OrangeHRM/input_Pending Approval_leaveListchkSearchFilter")): Object 'Object Repository/Apply Leave/Page_OrangeHRM/input_Pending Approval_leaveListchkSearchFilter' is checked

2021-08-19 21:38:20 - [MESSAGE][PASSED] - Object 'Object Repository/Apply Leave/Page_OrangeHRM/input_Pending Approval_leaveListchkSearchFilter' is checked

2021-08-19 21:38:20 - [TEST_STEP][PASSED] - click(findTestObject("Object Repository/Apply Leave/Page_OrangeHRM/input_Taken_btnSearch")): Object: 'Object Repository/Apply Leave/Page_OrangeHRM/input_Taken_btnSearch' is clicked on

2021-08-19 21:38:21 - [MESSAGE][PASSED] - Object: 'Object Repository/Apply Leave/Page_OrangeHRM/input_Taken_btnSearch' is clicked on

2021-08-19 21:38:21 - [TEST_STEP][PASSED] - scrollToElement(findTestObject("Apply Leave/Page_OrangeHRM/th_Date"), 0): Scroll to object 'Object Repository/Apply Leave/Page_OrangeHRM/th_Date' successfully

2021-08-19 21:38:21 - [MESSAGE][WARNING] - Timeout '0' is invalid. Using default page load timeout: '30'

2021-08-19 21:38:22 - [MESSAGE][PASSED] - Scroll to object 'Object Repository/Apply Leave/Page_OrangeHRM/th_Date' successfully

2021-08-19 21:38:22 - [TEST_STEP][PASSED] - takeScreenshot(): Taking screenshot successfully

2021-08-19 21:38:22 - [MESSAGE][PASSED] - Taking screenshot successfully
[[ATTACHMENT|C:\\Users\\nguye\\Katalon Studio\\OrangeHRM\\Reports\\20210819_213101\\Apply Leave\\20210819_213101\\1629383902822.png]]

2021-08-19 21:38:22 - [TEST_STEP][PASSED] - if (days.equals("")): null

2021-08-19 21:38:22 - [TEST_STEP][PASSED] - else: Actual text 'Pending Approval(0.50)' and expected text 'Pending Approval(0.50)' are matched 

2021-08-19 21:38:22 - [TEST_STEP][PASSED] - verifyMatch(getText(findTestObject("Object Repository/Apply Leave/Page_OrangeHRM/a_2021-09-02 to 2021-09-03")), date, false, STOP_ON_FAILURE): Actual text '2021-09-02 to 2021-09-03' and expected text '2021-09-02 to 2021-09-03' are matched 

2021-08-19 21:38:23 - [MESSAGE][PASSED] - Text of object 'Object Repository/Apply Leave/Page_OrangeHRM/a_2021-09-02 to 2021-09-03' is: '2021-09-02 to 2021-09-03'

2021-08-19 21:38:23 - [MESSAGE][PASSED] - Actual text '2021-09-02 to 2021-09-03' and expected text '2021-09-02 to 2021-09-03' are matched 

2021-08-19 21:38:23 - [TEST_STEP][PASSED] - verifyMatch(getText(findTestObject("Object Repository/Apply Leave/Page_OrangeHRM/a_Rachel Morris")), fullName, false, STOP_ON_FAILURE): Actual text 'Rachel Morris' and expected text 'Rachel Morris' are matched 

2021-08-19 21:38:23 - [MESSAGE][PASSED] - Text of object 'Object Repository/Apply Leave/Page_OrangeHRM/a_Rachel Morris' is: 'Rachel Morris'

2021-08-19 21:38:23 - [MESSAGE][PASSED] - Actual text 'Rachel Morris' and expected text 'Rachel Morris' are matched 

2021-08-19 21:38:23 - [TEST_STEP][PASSED] - verifyMatch(getText(findTestObject("Object Repository/Apply Leave/Page_OrangeHRM/td_Personal")), leaveType, false, STOP_ON_FAILURE): Actual text 'Personal' and expected text 'Personal' are matched 

2021-08-19 21:38:23 - [MESSAGE][PASSED] - Text of object 'Object Repository/Apply Leave/Page_OrangeHRM/td_Personal' is: 'Personal'

2021-08-19 21:38:23 - [MESSAGE][PASSED] - Actual text 'Personal' and expected text 'Personal' are matched 

2021-08-19 21:38:23 - [TEST_STEP][PASSED] - verifyMatch(25"))).toString(), parseDouble(days).toString(), false, STOP_ON_FAILURE): Actual text '49.5' and expected text '49.5' are matched 

2021-08-19 21:38:24 - [MESSAGE][PASSED] - Text of object 'Object Repository/Apply Leave/Page_OrangeHRM/td_49.25' is: '49.50'

2021-08-19 21:38:24 - [MESSAGE][PASSED] - Actual text '49.5' and expected text '49.5' are matched 

2021-08-19 21:38:24 - [TEST_STEP][PASSED] - verifyMatch(getText(findTestObject("Object Repository/Apply Leave/Page_OrangeHRM/td_0.75")), days, false, STOP_ON_FAILURE): Actual text '0.50' and expected text '0.50' are matched 

2021-08-19 21:38:24 - [MESSAGE][PASSED] - Text of object 'Object Repository/Apply Leave/Page_OrangeHRM/td_0.75' is: '0.50'

2021-08-19 21:38:24 - [MESSAGE][PASSED] - Actual text '0.50' and expected text '0.50' are matched 

2021-08-19 21:38:24 - [TEST_STEP][PASSED] - verifyMatch(getText(findTestObject("Object Repository/Apply Leave/Page_OrangeHRM/a_Pending Approval(0.75)")), status + "(" + days + ")", false, STOP_ON_FAILURE): Actual text 'Pending Approval(0.50)' and expected text 'Pending Approval(0.50)' are matched 

2021-08-19 21:38:25 - [MESSAGE][PASSED] - Text of object 'Object Repository/Apply Leave/Page_OrangeHRM/a_Pending Approval(0.75)' is: 'Pending Approval(0.50)'

2021-08-19 21:38:25 - [MESSAGE][PASSED] - Actual text 'Pending Approval(0.50)' and expected text 'Pending Approval(0.50)' are matched]]></system-out>
         <system-err><![CDATA[]]></system-err>
      </testcase>
      <testcase name="Test Cases/Apply Leave" time="28.688" classname="Test Cases/Apply Leave" status="PASSED">
         <system-out><![CDATA[2021-08-19 21:38:27 - [TEST_CASE][PASSED] - Test Cases/Apply Leave: Test Cases/Apply Leave

2021-08-19 21:38:27 - [TEST_STEP][PASSED] - com.database.mysql.connectDB("localhost", "orangehrm_mysql", "3306", "root", null): com.database.mysql.connectDB is PASSED

2021-08-19 21:38:27 - [MESSAGE][PASSED] - com.database.mysql.connectDB is PASSED

2021-08-19 21:38:27 - [TEST_STEP][PASSED] - com.database.mysql.execute("DELETE FROM `ohrm_leave_request` WHERE `emp_number`=3 AND `date_applied`='2021-09-02' AND `leave_type_id` = 3"): com.database.mysql.execute is PASSED

2021-08-19 21:38:27 - [MESSAGE][PASSED] - com.database.mysql.execute is PASSED

2021-08-19 21:38:27 - [TEST_STEP][PASSED] - com.database.mysql.execute("DELETE FROM `ohrm_leave` WHERE `emp_number` = 3 AND `leave_type_id`=3 and (`date`='2021-09-02' or `date`='2021-09-03') "): com.database.mysql.execute is PASSED

2021-08-19 21:38:27 - [MESSAGE][PASSED] - com.database.mysql.execute is PASSED

2021-08-19 21:38:27 - [TEST_STEP][PASSED] - com.database.mysql.closeDatabaseConnection(): com.database.mysql.closeDatabaseConnection is PASSED

2021-08-19 21:38:27 - [MESSAGE][PASSED] - com.database.mysql.closeDatabaseConnection is PASSED

2021-08-19 21:38:27 - [TEST_STEP][PASSED] - navigateToUrl("http://localhost/orangehrm/symfony/web/index.php/dashboard"): Navigate to 'http://localhost/orangehrm/symfony/web/index.php/dashboard' successfully

2021-08-19 21:38:27 - [MESSAGE][PASSED] - Navigate to 'http://localhost/orangehrm/symfony/web/index.php/dashboard' successfully

2021-08-19 21:38:27 - [TEST_STEP][PASSED] - click(findTestObject("Object Repository/Apply Leave/Page_OrangeHRM/img")): Object: 'Object Repository/Apply Leave/Page_OrangeHRM/img' is clicked on

2021-08-19 21:38:28 - [MESSAGE][PASSED] - Object: 'Object Repository/Apply Leave/Page_OrangeHRM/img' is clicked on

2021-08-19 21:38:28 - [TEST_STEP][PASSED] - selectOptionByValue(findTestObject("Object Repository/Apply Leave/Page_OrangeHRM/select_--Select--MarriageMaternityPersonalS_480ad7"), "3", true): All options with value '3' are selected in object 'Object Repository/Apply Leave/Page_OrangeHRM/select_--Select--MarriageMaternityPersonalS_480ad7'  using regular expression

2021-08-19 21:38:29 - [MESSAGE][PASSED] - All options with value '3' are selected in object 'Object Repository/Apply Leave/Page_OrangeHRM/select_--Select--MarriageMaternityPersonalS_480ad7'  using regular expression

2021-08-19 21:38:29 - [TEST_STEP][PASSED] - setText(findTestObject("Object Repository/Apply Leave/Page_OrangeHRM/input__applyleavetxtFromDate"), from): Text '2021-09-02' is set on object 'Object Repository/Apply Leave/Page_OrangeHRM/input__applyleavetxtFromDate'

2021-08-19 21:38:31 - [MESSAGE][PASSED] - Text '2021-09-02' is set on object 'Object Repository/Apply Leave/Page_OrangeHRM/input__applyleavetxtFromDate'

2021-08-19 21:38:31 - [TEST_STEP][PASSED] - sendKeys(findTestObject("Object Repository/Apply Leave/Page_OrangeHRM/input__applyleavetxtFromDate"), Keys.chord(ENTER)): Keys 'ENTER + ' sent to object: 'Object Repository/Apply Leave/Page_OrangeHRM/input__applyleavetxtFromDate'

2021-08-19 21:38:31 - [MESSAGE][PASSED] - Keys 'ENTER + ' sent to object: 'Object Repository/Apply Leave/Page_OrangeHRM/input__applyleavetxtFromDate'

2021-08-19 21:38:31 - [TEST_STEP][PASSED] - setText(findTestObject("Object Repository/Apply Leave/Page_OrangeHRM/input__applyleavetxtToDate"), to): Text '2021-09-03' is set on object 'Object Repository/Apply Leave/Page_OrangeHRM/input__applyleavetxtToDate'

2021-08-19 21:38:33 - [MESSAGE][PASSED] - Text '2021-09-03' is set on object 'Object Repository/Apply Leave/Page_OrangeHRM/input__applyleavetxtToDate'

2021-08-19 21:38:33 - [TEST_STEP][PASSED] - sendKeys(findTestObject("Object Repository/Apply Leave/Page_OrangeHRM/input__applyleavetxtToDate"), Keys.chord(ENTER)): Keys 'ENTER + ' sent to object: 'Object Repository/Apply Leave/Page_OrangeHRM/input__applyleavetxtToDate'

2021-08-19 21:38:33 - [MESSAGE][PASSED] - Keys 'ENTER + ' sent to object: 'Object Repository/Apply Leave/Page_OrangeHRM/input__applyleavetxtToDate'

2021-08-19 21:38:33 - [TEST_STEP][PASSED] - if (from.equals(to)): null

2021-08-19 21:38:33 - [TEST_STEP][PASSED] - else: null

2021-08-19 21:38:33 - [TEST_STEP][PASSED] - selectOptionByValue(findTestObject("Object Repository/Apply Leave/Page_OrangeHRM/select_NoneAll DaysStart Day OnlyEnd Day On_3e5258"), partialDays, true): All options with value 'all' are selected in object 'Object Repository/Apply Leave/Page_OrangeHRM/select_NoneAll DaysStart Day OnlyEnd Day On_3e5258'  using regular expression

2021-08-19 21:38:35 - [MESSAGE][PASSED] - All options with value 'all' are selected in object 'Object Repository/Apply Leave/Page_OrangeHRM/select_NoneAll DaysStart Day OnlyEnd Day On_3e5258'  using regular expression

2021-08-19 21:38:35 - [TEST_STEP][PASSED] - if (partialDays.equals("all") || partialDays.equals("start")): All options with value '17:00' are selected in object 'Object Repository/Apply Leave/Page_OrangeHRM/select_000000150030004501000115013001450200_bef9c6_1_2_3'  using regular expression

2021-08-19 21:38:35 - [TEST_STEP][PASSED] - selectOptionByValue(findTestObject("Object Repository/Apply Leave/Page_OrangeHRM/applyleave_firstDuration_duration"), duration1, true): All options with value 'specify_time' are selected in object 'Object Repository/Apply Leave/Page_OrangeHRM/applyleave_firstDuration_duration'  using regular expression

2021-08-19 21:38:36 - [MESSAGE][PASSED] - All options with value 'specify_time' are selected in object 'Object Repository/Apply Leave/Page_OrangeHRM/applyleave_firstDuration_duration'  using regular expression

2021-08-19 21:38:36 - [TEST_STEP][PASSED] - if (duration1.equals("half_day")): null

2021-08-19 21:38:36 - [TEST_STEP][PASSED] - if (duration1.equals("specify_time")): All options with value '17:00' are selected in object 'Object Repository/Apply Leave/Page_OrangeHRM/select_000000150030004501000115013001450200_bef9c6_1_2_3'  using regular expression

2021-08-19 21:38:36 - [TEST_STEP][PASSED] - selectOptionByValue(findTestObject("Object Repository/Apply Leave/Page_OrangeHRM/select_000000150030004501000115013001450200_bef9c6_1_2"), duration2, true): All options with value '09:00' are selected in object 'Object Repository/Apply Leave/Page_OrangeHRM/select_000000150030004501000115013001450200_bef9c6_1_2'  using regular expression

2021-08-19 21:38:39 - [MESSAGE][PASSED] - All options with value '09:00' are selected in object 'Object Repository/Apply Leave/Page_OrangeHRM/select_000000150030004501000115013001450200_bef9c6_1_2'  using regular expression

2021-08-19 21:38:39 - [TEST_STEP][PASSED] - selectOptionByValue(findTestObject("Object Repository/Apply Leave/Page_OrangeHRM/select_000000150030004501000115013001450200_bef9c6_1_2_3"), duration3, true): All options with value '17:00' are selected in object 'Object Repository/Apply Leave/Page_OrangeHRM/select_000000150030004501000115013001450200_bef9c6_1_2_3'  using regular expression

2021-08-19 21:38:42 - [MESSAGE][PASSED] - All options with value '17:00' are selected in object 'Object Repository/Apply Leave/Page_OrangeHRM/select_000000150030004501000115013001450200_bef9c6_1_2_3'  using regular expression

2021-08-19 21:38:42 - [TEST_STEP][PASSED] - if (partialDays.equals("end")): null

2021-08-19 21:38:42 - [TEST_STEP][PASSED] - if (partialDays.equals("start_end")): null

2021-08-19 21:38:42 - [TEST_STEP][PASSED] - scrollToElement(findTestObject("Apply Leave/Page_OrangeHRM/input__applyBtn"), 0): Scroll to object 'Object Repository/Apply Leave/Page_OrangeHRM/input__applyBtn' successfully

2021-08-19 21:38:42 - [MESSAGE][WARNING] - Timeout '0' is invalid. Using default page load timeout: '30'

2021-08-19 21:38:43 - [MESSAGE][PASSED] - Scroll to object 'Object Repository/Apply Leave/Page_OrangeHRM/input__applyBtn' successfully

2021-08-19 21:38:43 - [TEST_STEP][PASSED] - takeScreenshot(): Taking screenshot successfully

2021-08-19 21:38:43 - [MESSAGE][PASSED] - Taking screenshot successfully
[[ATTACHMENT|C:\\Users\\nguye\\Katalon Studio\\OrangeHRM\\Reports\\20210819_213101\\Apply Leave\\20210819_213101\\1629383923357.png]]

2021-08-19 21:38:43 - [TEST_STEP][PASSED] - click(findTestObject("Object Repository/Apply Leave/Page_OrangeHRM/input__applyBtn")): Object: 'Object Repository/Apply Leave/Page_OrangeHRM/input__applyBtn' is clicked on

2021-08-19 21:38:44 - [MESSAGE][PASSED] - Object: 'Object Repository/Apply Leave/Page_OrangeHRM/input__applyBtn' is clicked on

2021-08-19 21:38:44 - [TEST_STEP][PASSED] - navigateToUrl("http://localhost/orangehrm/symfony/web/index.php/leave/viewMyLeaveList/reset/1"): Navigate to 'http://localhost/orangehrm/symfony/web/index.php/leave/viewMyLeaveList/reset/1' successfully

2021-08-19 21:38:45 - [MESSAGE][PASSED] - Navigate to 'http://localhost/orangehrm/symfony/web/index.php/leave/viewMyLeaveList/reset/1' successfully

2021-08-19 21:38:45 - [TEST_STEP][PASSED] - setText(findTestObject("Object Repository/Apply Leave/Page_OrangeHRM/input_From_leaveListcalFromDate"), from): Text '2021-09-02' is set on object 'Object Repository/Apply Leave/Page_OrangeHRM/input_From_leaveListcalFromDate'

2021-08-19 21:38:46 - [MESSAGE][PASSED] - Text '2021-09-02' is set on object 'Object Repository/Apply Leave/Page_OrangeHRM/input_From_leaveListcalFromDate'

2021-08-19 21:38:46 - [TEST_STEP][PASSED] - sendKeys(findTestObject("Object Repository/Apply Leave/Page_OrangeHRM/input_From_leaveListcalFromDate"), Keys.chord(ENTER)): Keys 'ENTER + ' sent to object: 'Object Repository/Apply Leave/Page_OrangeHRM/input_From_leaveListcalFromDate'

2021-08-19 21:38:47 - [MESSAGE][PASSED] - Keys 'ENTER + ' sent to object: 'Object Repository/Apply Leave/Page_OrangeHRM/input_From_leaveListcalFromDate'

2021-08-19 21:38:47 - [TEST_STEP][PASSED] - setText(findTestObject("Object Repository/Apply Leave/Page_OrangeHRM/input_To_leaveListcalToDate"), to): Text '2021-09-03' is set on object 'Object Repository/Apply Leave/Page_OrangeHRM/input_To_leaveListcalToDate'

2021-08-19 21:38:48 - [MESSAGE][PASSED] - Text '2021-09-03' is set on object 'Object Repository/Apply Leave/Page_OrangeHRM/input_To_leaveListcalToDate'

2021-08-19 21:38:48 - [TEST_STEP][PASSED] - sendKeys(findTestObject("Object Repository/Apply Leave/Page_OrangeHRM/input_To_leaveListcalToDate"), Keys.chord(ENTER)): Keys 'ENTER + ' sent to object: 'Object Repository/Apply Leave/Page_OrangeHRM/input_To_leaveListcalToDate'

2021-08-19 21:38:48 - [MESSAGE][PASSED] - Keys 'ENTER + ' sent to object: 'Object Repository/Apply Leave/Page_OrangeHRM/input_To_leaveListcalToDate'

2021-08-19 21:38:48 - [TEST_STEP][PASSED] - uncheck(findTestObject("Object Repository/Apply Leave/Page_OrangeHRM/input_All_leaveList_chkSearchFilter_checkbo_a698f3")): Object 'Object Repository/Apply Leave/Page_OrangeHRM/input_All_leaveList_chkSearchFilter_checkbo_a698f3' is un-checked

2021-08-19 21:38:49 - [MESSAGE][PASSED] - Object 'Object Repository/Apply Leave/Page_OrangeHRM/input_All_leaveList_chkSearchFilter_checkbo_a698f3' is un-checked

2021-08-19 21:38:49 - [TEST_STEP][PASSED] - check(findTestObject("Object Repository/Apply Leave/Page_OrangeHRM/input_Pending Approval_leaveListchkSearchFilter")): Object 'Object Repository/Apply Leave/Page_OrangeHRM/input_Pending Approval_leaveListchkSearchFilter' is checked

2021-08-19 21:38:49 - [MESSAGE][PASSED] - Object 'Object Repository/Apply Leave/Page_OrangeHRM/input_Pending Approval_leaveListchkSearchFilter' is checked

2021-08-19 21:38:49 - [TEST_STEP][PASSED] - click(findTestObject("Object Repository/Apply Leave/Page_OrangeHRM/input_Taken_btnSearch")): Object: 'Object Repository/Apply Leave/Page_OrangeHRM/input_Taken_btnSearch' is clicked on

2021-08-19 21:38:50 - [MESSAGE][PASSED] - Object: 'Object Repository/Apply Leave/Page_OrangeHRM/input_Taken_btnSearch' is clicked on

2021-08-19 21:38:50 - [TEST_STEP][PASSED] - scrollToElement(findTestObject("Apply Leave/Page_OrangeHRM/th_Date"), 0): Scroll to object 'Object Repository/Apply Leave/Page_OrangeHRM/th_Date' successfully

2021-08-19 21:38:50 - [MESSAGE][WARNING] - Timeout '0' is invalid. Using default page load timeout: '30'

2021-08-19 21:38:51 - [MESSAGE][PASSED] - Scroll to object 'Object Repository/Apply Leave/Page_OrangeHRM/th_Date' successfully

2021-08-19 21:38:51 - [TEST_STEP][PASSED] - takeScreenshot(): Taking screenshot successfully

2021-08-19 21:38:51 - [MESSAGE][PASSED] - Taking screenshot successfully
[[ATTACHMENT|C:\\Users\\nguye\\Katalon Studio\\OrangeHRM\\Reports\\20210819_213101\\Apply Leave\\20210819_213101\\1629383931582.png]]

2021-08-19 21:38:51 - [TEST_STEP][PASSED] - if (days.equals("")): null

2021-08-19 21:38:51 - [TEST_STEP][PASSED] - else: Actual text 'Pending Approval(2.00)' and expected text 'Pending Approval(2.00)' are matched 

2021-08-19 21:38:51 - [TEST_STEP][PASSED] - verifyMatch(getText(findTestObject("Object Repository/Apply Leave/Page_OrangeHRM/a_2021-09-02 to 2021-09-03")), date, false, STOP_ON_FAILURE): Actual text '2021-09-02 to 2021-09-03' and expected text '2021-09-02 to 2021-09-03' are matched 

2021-08-19 21:38:52 - [MESSAGE][PASSED] - Text of object 'Object Repository/Apply Leave/Page_OrangeHRM/a_2021-09-02 to 2021-09-03' is: '2021-09-02 to 2021-09-03'

2021-08-19 21:38:52 - [MESSAGE][PASSED] - Actual text '2021-09-02 to 2021-09-03' and expected text '2021-09-02 to 2021-09-03' are matched 

2021-08-19 21:38:52 - [TEST_STEP][PASSED] - verifyMatch(getText(findTestObject("Object Repository/Apply Leave/Page_OrangeHRM/a_Rachel Morris")), fullName, false, STOP_ON_FAILURE): Actual text 'Rachel Morris' and expected text 'Rachel Morris' are matched 

2021-08-19 21:38:52 - [MESSAGE][PASSED] - Text of object 'Object Repository/Apply Leave/Page_OrangeHRM/a_Rachel Morris' is: 'Rachel Morris'

2021-08-19 21:38:52 - [MESSAGE][PASSED] - Actual text 'Rachel Morris' and expected text 'Rachel Morris' are matched 

2021-08-19 21:38:52 - [TEST_STEP][PASSED] - verifyMatch(getText(findTestObject("Object Repository/Apply Leave/Page_OrangeHRM/td_Personal")), leaveType, false, STOP_ON_FAILURE): Actual text 'Personal' and expected text 'Personal' are matched 

2021-08-19 21:38:52 - [MESSAGE][PASSED] - Text of object 'Object Repository/Apply Leave/Page_OrangeHRM/td_Personal' is: 'Personal'

2021-08-19 21:38:52 - [MESSAGE][PASSED] - Actual text 'Personal' and expected text 'Personal' are matched 

2021-08-19 21:38:52 - [TEST_STEP][PASSED] - verifyMatch(25"))).toString(), parseDouble(days).toString(), false, STOP_ON_FAILURE): Actual text '48.0' and expected text '48.0' are matched 

2021-08-19 21:38:53 - [MESSAGE][PASSED] - Text of object 'Object Repository/Apply Leave/Page_OrangeHRM/td_49.25' is: '48.00'

2021-08-19 21:38:53 - [MESSAGE][PASSED] - Actual text '48.0' and expected text '48.0' are matched 

2021-08-19 21:38:53 - [TEST_STEP][PASSED] - verifyMatch(getText(findTestObject("Object Repository/Apply Leave/Page_OrangeHRM/td_0.75")), days, false, STOP_ON_FAILURE): Actual text '2.00' and expected text '2.00' are matched 

2021-08-19 21:38:53 - [MESSAGE][PASSED] - Text of object 'Object Repository/Apply Leave/Page_OrangeHRM/td_0.75' is: '2.00'

2021-08-19 21:38:53 - [MESSAGE][PASSED] - Actual text '2.00' and expected text '2.00' are matched 

2021-08-19 21:38:53 - [TEST_STEP][PASSED] - verifyMatch(getText(findTestObject("Object Repository/Apply Leave/Page_OrangeHRM/a_Pending Approval(0.75)")), status + "(" + days + ")", false, STOP_ON_FAILURE): Actual text 'Pending Approval(2.00)' and expected text 'Pending Approval(2.00)' are matched 

2021-08-19 21:38:53 - [MESSAGE][PASSED] - Text of object 'Object Repository/Apply Leave/Page_OrangeHRM/a_Pending Approval(0.75)' is: 'Pending Approval(2.00)'

2021-08-19 21:38:53 - [MESSAGE][PASSED] - Actual text 'Pending Approval(2.00)' and expected text 'Pending Approval(2.00)' are matched]]></system-out>
         <system-err><![CDATA[]]></system-err>
      </testcase>
      <testcase name="Test Cases/Apply Leave" time="25.864" classname="Test Cases/Apply Leave" status="PASSED">
         <system-out><![CDATA[2021-08-19 21:38:55 - [TEST_CASE][PASSED] - Test Cases/Apply Leave: Test Cases/Apply Leave

2021-08-19 21:38:55 - [TEST_STEP][PASSED] - com.database.mysql.connectDB("localhost", "orangehrm_mysql", "3306", "root", null): com.database.mysql.connectDB is PASSED

2021-08-19 21:38:55 - [MESSAGE][PASSED] - com.database.mysql.connectDB is PASSED

2021-08-19 21:38:55 - [TEST_STEP][PASSED] - com.database.mysql.execute("DELETE FROM `ohrm_leave_request` WHERE `emp_number`=3 AND `date_applied`='2021-09-02' AND `leave_type_id` = 3"): com.database.mysql.execute is PASSED

2021-08-19 21:38:55 - [MESSAGE][PASSED] - com.database.mysql.execute is PASSED

2021-08-19 21:38:55 - [TEST_STEP][PASSED] - com.database.mysql.execute("DELETE FROM `ohrm_leave` WHERE `emp_number` = 3 AND `leave_type_id`=3 and (`date`='2021-09-02' or `date`='2021-09-03') "): com.database.mysql.execute is PASSED

2021-08-19 21:38:55 - [MESSAGE][PASSED] - com.database.mysql.execute is PASSED

2021-08-19 21:38:55 - [TEST_STEP][PASSED] - com.database.mysql.closeDatabaseConnection(): com.database.mysql.closeDatabaseConnection is PASSED

2021-08-19 21:38:55 - [MESSAGE][PASSED] - com.database.mysql.closeDatabaseConnection is PASSED

2021-08-19 21:38:55 - [TEST_STEP][PASSED] - navigateToUrl("http://localhost/orangehrm/symfony/web/index.php/dashboard"): Navigate to 'http://localhost/orangehrm/symfony/web/index.php/dashboard' successfully

2021-08-19 21:38:56 - [MESSAGE][PASSED] - Navigate to 'http://localhost/orangehrm/symfony/web/index.php/dashboard' successfully

2021-08-19 21:38:56 - [TEST_STEP][PASSED] - click(findTestObject("Object Repository/Apply Leave/Page_OrangeHRM/img")): Object: 'Object Repository/Apply Leave/Page_OrangeHRM/img' is clicked on

2021-08-19 21:38:57 - [MESSAGE][PASSED] - Object: 'Object Repository/Apply Leave/Page_OrangeHRM/img' is clicked on

2021-08-19 21:38:57 - [TEST_STEP][PASSED] - selectOptionByValue(findTestObject("Object Repository/Apply Leave/Page_OrangeHRM/select_--Select--MarriageMaternityPersonalS_480ad7"), "3", true): All options with value '3' are selected in object 'Object Repository/Apply Leave/Page_OrangeHRM/select_--Select--MarriageMaternityPersonalS_480ad7'  using regular expression

2021-08-19 21:38:58 - [MESSAGE][PASSED] - All options with value '3' are selected in object 'Object Repository/Apply Leave/Page_OrangeHRM/select_--Select--MarriageMaternityPersonalS_480ad7'  using regular expression

2021-08-19 21:38:58 - [TEST_STEP][PASSED] - setText(findTestObject("Object Repository/Apply Leave/Page_OrangeHRM/input__applyleavetxtFromDate"), from): Text '2021-09-02' is set on object 'Object Repository/Apply Leave/Page_OrangeHRM/input__applyleavetxtFromDate'

2021-08-19 21:38:59 - [MESSAGE][PASSED] - Text '2021-09-02' is set on object 'Object Repository/Apply Leave/Page_OrangeHRM/input__applyleavetxtFromDate'

2021-08-19 21:38:59 - [TEST_STEP][PASSED] - sendKeys(findTestObject("Object Repository/Apply Leave/Page_OrangeHRM/input__applyleavetxtFromDate"), Keys.chord(ENTER)): Keys 'ENTER + ' sent to object: 'Object Repository/Apply Leave/Page_OrangeHRM/input__applyleavetxtFromDate'

2021-08-19 21:39:00 - [MESSAGE][PASSED] - Keys 'ENTER + ' sent to object: 'Object Repository/Apply Leave/Page_OrangeHRM/input__applyleavetxtFromDate'

2021-08-19 21:39:00 - [TEST_STEP][PASSED] - setText(findTestObject("Object Repository/Apply Leave/Page_OrangeHRM/input__applyleavetxtToDate"), to): Text '2021-09-03' is set on object 'Object Repository/Apply Leave/Page_OrangeHRM/input__applyleavetxtToDate'

2021-08-19 21:39:01 - [MESSAGE][PASSED] - Text '2021-09-03' is set on object 'Object Repository/Apply Leave/Page_OrangeHRM/input__applyleavetxtToDate'

2021-08-19 21:39:01 - [TEST_STEP][PASSED] - sendKeys(findTestObject("Object Repository/Apply Leave/Page_OrangeHRM/input__applyleavetxtToDate"), Keys.chord(ENTER)): Keys 'ENTER + ' sent to object: 'Object Repository/Apply Leave/Page_OrangeHRM/input__applyleavetxtToDate'

2021-08-19 21:39:02 - [MESSAGE][PASSED] - Keys 'ENTER + ' sent to object: 'Object Repository/Apply Leave/Page_OrangeHRM/input__applyleavetxtToDate'

2021-08-19 21:39:02 - [TEST_STEP][PASSED] - if (from.equals(to)): null

2021-08-19 21:39:02 - [TEST_STEP][PASSED] - else: null

2021-08-19 21:39:02 - [TEST_STEP][PASSED] - selectOptionByValue(findTestObject("Object Repository/Apply Leave/Page_OrangeHRM/select_NoneAll DaysStart Day OnlyEnd Day On_3e5258"), partialDays, true): All options with value 'all' are selected in object 'Object Repository/Apply Leave/Page_OrangeHRM/select_NoneAll DaysStart Day OnlyEnd Day On_3e5258'  using regular expression

2021-08-19 21:39:04 - [MESSAGE][PASSED] - All options with value 'all' are selected in object 'Object Repository/Apply Leave/Page_OrangeHRM/select_NoneAll DaysStart Day OnlyEnd Day On_3e5258'  using regular expression

2021-08-19 21:39:04 - [TEST_STEP][PASSED] - if (partialDays.equals("all") || partialDays.equals("start")): All options with value '18:00' are selected in object 'Object Repository/Apply Leave/Page_OrangeHRM/select_000000150030004501000115013001450200_bef9c6_1_2_3'  using regular expression

2021-08-19 21:39:04 - [TEST_STEP][PASSED] - selectOptionByValue(findTestObject("Object Repository/Apply Leave/Page_OrangeHRM/applyleave_firstDuration_duration"), duration1, true): All options with value 'specify_time' are selected in object 'Object Repository/Apply Leave/Page_OrangeHRM/applyleave_firstDuration_duration'  using regular expression

2021-08-19 21:39:05 - [MESSAGE][PASSED] - All options with value 'specify_time' are selected in object 'Object Repository/Apply Leave/Page_OrangeHRM/applyleave_firstDuration_duration'  using regular expression

2021-08-19 21:39:05 - [TEST_STEP][PASSED] - if (duration1.equals("half_day")): null

2021-08-19 21:39:05 - [TEST_STEP][PASSED] - if (duration1.equals("specify_time")): All options with value '18:00' are selected in object 'Object Repository/Apply Leave/Page_OrangeHRM/select_000000150030004501000115013001450200_bef9c6_1_2_3'  using regular expression

2021-08-19 21:39:05 - [TEST_STEP][PASSED] - selectOptionByValue(findTestObject("Object Repository/Apply Leave/Page_OrangeHRM/select_000000150030004501000115013001450200_bef9c6_1_2"), duration2, true): All options with value '09:00' are selected in object 'Object Repository/Apply Leave/Page_OrangeHRM/select_000000150030004501000115013001450200_bef9c6_1_2'  using regular expression

2021-08-19 21:39:08 - [MESSAGE][PASSED] - All options with value '09:00' are selected in object 'Object Repository/Apply Leave/Page_OrangeHRM/select_000000150030004501000115013001450200_bef9c6_1_2'  using regular expression

2021-08-19 21:39:08 - [TEST_STEP][PASSED] - selectOptionByValue(findTestObject("Object Repository/Apply Leave/Page_OrangeHRM/select_000000150030004501000115013001450200_bef9c6_1_2_3"), duration3, true): All options with value '18:00' are selected in object 'Object Repository/Apply Leave/Page_OrangeHRM/select_000000150030004501000115013001450200_bef9c6_1_2_3'  using regular expression

2021-08-19 21:39:11 - [MESSAGE][PASSED] - All options with value '18:00' are selected in object 'Object Repository/Apply Leave/Page_OrangeHRM/select_000000150030004501000115013001450200_bef9c6_1_2_3'  using regular expression

2021-08-19 21:39:11 - [TEST_STEP][PASSED] - if (partialDays.equals("end")): null

2021-08-19 21:39:11 - [TEST_STEP][PASSED] - if (partialDays.equals("start_end")): null

2021-08-19 21:39:11 - [TEST_STEP][PASSED] - scrollToElement(findTestObject("Apply Leave/Page_OrangeHRM/input__applyBtn"), 0): Scroll to object 'Object Repository/Apply Leave/Page_OrangeHRM/input__applyBtn' successfully

2021-08-19 21:39:11 - [MESSAGE][WARNING] - Timeout '0' is invalid. Using default page load timeout: '30'

2021-08-19 21:39:12 - [MESSAGE][PASSED] - Scroll to object 'Object Repository/Apply Leave/Page_OrangeHRM/input__applyBtn' successfully

2021-08-19 21:39:12 - [TEST_STEP][PASSED] - takeScreenshot(): Taking screenshot successfully

2021-08-19 21:39:12 - [MESSAGE][PASSED] - Taking screenshot successfully
[[ATTACHMENT|C:\\Users\\nguye\\Katalon Studio\\OrangeHRM\\Reports\\20210819_213101\\Apply Leave\\20210819_213101\\1629383952362.png]]

2021-08-19 21:39:12 - [TEST_STEP][PASSED] - click(findTestObject("Object Repository/Apply Leave/Page_OrangeHRM/input__applyBtn")): Object: 'Object Repository/Apply Leave/Page_OrangeHRM/input__applyBtn' is clicked on

2021-08-19 21:39:12 - [MESSAGE][PASSED] - Object: 'Object Repository/Apply Leave/Page_OrangeHRM/input__applyBtn' is clicked on

2021-08-19 21:39:12 - [TEST_STEP][PASSED] - navigateToUrl("http://localhost/orangehrm/symfony/web/index.php/leave/viewMyLeaveList/reset/1"): Navigate to 'http://localhost/orangehrm/symfony/web/index.php/leave/viewMyLeaveList/reset/1' successfully

2021-08-19 21:39:13 - [MESSAGE][PASSED] - Navigate to 'http://localhost/orangehrm/symfony/web/index.php/leave/viewMyLeaveList/reset/1' successfully

2021-08-19 21:39:13 - [TEST_STEP][PASSED] - setText(findTestObject("Object Repository/Apply Leave/Page_OrangeHRM/input_From_leaveListcalFromDate"), from): Text '2021-09-02' is set on object 'Object Repository/Apply Leave/Page_OrangeHRM/input_From_leaveListcalFromDate'

2021-08-19 21:39:14 - [MESSAGE][PASSED] - Text '2021-09-02' is set on object 'Object Repository/Apply Leave/Page_OrangeHRM/input_From_leaveListcalFromDate'

2021-08-19 21:39:14 - [TEST_STEP][PASSED] - sendKeys(findTestObject("Object Repository/Apply Leave/Page_OrangeHRM/input_From_leaveListcalFromDate"), Keys.chord(ENTER)): Keys 'ENTER + ' sent to object: 'Object Repository/Apply Leave/Page_OrangeHRM/input_From_leaveListcalFromDate'

2021-08-19 21:39:15 - [MESSAGE][PASSED] - Keys 'ENTER + ' sent to object: 'Object Repository/Apply Leave/Page_OrangeHRM/input_From_leaveListcalFromDate'

2021-08-19 21:39:15 - [TEST_STEP][PASSED] - setText(findTestObject("Object Repository/Apply Leave/Page_OrangeHRM/input_To_leaveListcalToDate"), to): Text '2021-09-03' is set on object 'Object Repository/Apply Leave/Page_OrangeHRM/input_To_leaveListcalToDate'

2021-08-19 21:39:16 - [MESSAGE][PASSED] - Text '2021-09-03' is set on object 'Object Repository/Apply Leave/Page_OrangeHRM/input_To_leaveListcalToDate'

2021-08-19 21:39:16 - [TEST_STEP][PASSED] - sendKeys(findTestObject("Object Repository/Apply Leave/Page_OrangeHRM/input_To_leaveListcalToDate"), Keys.chord(ENTER)): Keys 'ENTER + ' sent to object: 'Object Repository/Apply Leave/Page_OrangeHRM/input_To_leaveListcalToDate'

2021-08-19 21:39:16 - [MESSAGE][PASSED] - Keys 'ENTER + ' sent to object: 'Object Repository/Apply Leave/Page_OrangeHRM/input_To_leaveListcalToDate'

2021-08-19 21:39:16 - [TEST_STEP][PASSED] - uncheck(findTestObject("Object Repository/Apply Leave/Page_OrangeHRM/input_All_leaveList_chkSearchFilter_checkbo_a698f3")): Object 'Object Repository/Apply Leave/Page_OrangeHRM/input_All_leaveList_chkSearchFilter_checkbo_a698f3' is un-checked

2021-08-19 21:39:17 - [MESSAGE][PASSED] - Object 'Object Repository/Apply Leave/Page_OrangeHRM/input_All_leaveList_chkSearchFilter_checkbo_a698f3' is un-checked

2021-08-19 21:39:17 - [TEST_STEP][PASSED] - check(findTestObject("Object Repository/Apply Leave/Page_OrangeHRM/input_Pending Approval_leaveListchkSearchFilter")): Object 'Object Repository/Apply Leave/Page_OrangeHRM/input_Pending Approval_leaveListchkSearchFilter' is checked

2021-08-19 21:39:17 - [MESSAGE][PASSED] - Object 'Object Repository/Apply Leave/Page_OrangeHRM/input_Pending Approval_leaveListchkSearchFilter' is checked

2021-08-19 21:39:17 - [TEST_STEP][PASSED] - click(findTestObject("Object Repository/Apply Leave/Page_OrangeHRM/input_Taken_btnSearch")): Object: 'Object Repository/Apply Leave/Page_OrangeHRM/input_Taken_btnSearch' is clicked on

2021-08-19 21:39:18 - [MESSAGE][PASSED] - Object: 'Object Repository/Apply Leave/Page_OrangeHRM/input_Taken_btnSearch' is clicked on

2021-08-19 21:39:18 - [TEST_STEP][PASSED] - scrollToElement(findTestObject("Apply Leave/Page_OrangeHRM/th_Date"), 0): Scroll to object 'Object Repository/Apply Leave/Page_OrangeHRM/th_Date' successfully

2021-08-19 21:39:18 - [MESSAGE][WARNING] - Timeout '0' is invalid. Using default page load timeout: '30'

2021-08-19 21:39:18 - [MESSAGE][PASSED] - Scroll to object 'Object Repository/Apply Leave/Page_OrangeHRM/th_Date' successfully

2021-08-19 21:39:18 - [TEST_STEP][PASSED] - takeScreenshot(): Taking screenshot successfully

2021-08-19 21:39:19 - [MESSAGE][PASSED] - Taking screenshot successfully
[[ATTACHMENT|C:\\Users\\nguye\\Katalon Studio\\OrangeHRM\\Reports\\20210819_213101\\Apply Leave\\20210819_213101\\1629383959230.png]]

2021-08-19 21:39:19 - [TEST_STEP][PASSED] - if (days.equals("")): Actual text 'No Records Found' and expected text 'No Records Found' are matched 

2021-08-19 21:39:19 - [TEST_STEP][PASSED] - verifyMatch(getText(findTestObject("Object Repository/Apply Leave/Page_OrangeHRM/td_No Records Found")), "No Records Found", false, STOP_ON_FAILURE): Actual text 'No Records Found' and expected text 'No Records Found' are matched 

2021-08-19 21:39:19 - [MESSAGE][PASSED] - Text of object 'Object Repository/Apply Leave/Page_OrangeHRM/td_No Records Found' is: 'No Records Found'

2021-08-19 21:39:19 - [MESSAGE][PASSED] - Actual text 'No Records Found' and expected text 'No Records Found' are matched]]></system-out>
         <system-err><![CDATA[]]></system-err>
      </testcase>
      <testcase name="Test Cases/Apply Leave" time="25.864" classname="Test Cases/Apply Leave" status="FAILED">
         <failure type="FAILED" message="Test Cases/Apply Leave FAILED.
Reason:
com.kms.katalon.core.exception.StepFailedException: Actual text '2021-09-02 to 2021-09-03' and expected text 'No Records Found' are not matched
	at com.kms.katalon.core.keyword.builtin.VerifyMatchKeyword$_verifyMatch_closure1.doCall(VerifyMatchKeyword.groovy:57)
	at com.kms.katalon.core.keyword.builtin.VerifyMatchKeyword$_verifyMatch_closure1.call(VerifyMatchKeyword.groovy)
	at com.kms.katalon.core.keyword.internal.KeywordMain.runKeyword(KeywordMain.groovy:74)
	at com.kms.katalon.core.keyword.builtin.VerifyMatchKeyword.verifyMatch(VerifyMatchKeyword.groovy:60)
	at com.kms.katalon.core.keyword.builtin.VerifyMatchKeyword.execute(VerifyMatchKeyword.groovy:45)
	at com.kms.katalon.core.keyword.internal.KeywordExecutor.executeKeywordForPlatform(KeywordExecutor.groovy:74)
	at com.kms.katalon.core.keyword.BuiltinKeywords.verifyMatch(BuiltinKeywords.groovy:55)
	at Apply Leave.run(Apply Leave:180)
	at com.kms.katalon.core.main.ScriptEngine.run(ScriptEngine.java:194)
	at com.kms.katalon.core.main.ScriptEngine.runScriptAsRawText(ScriptEngine.java:119)
	at com.kms.katalon.core.main.TestCaseExecutor.runScript(TestCaseExecutor.java:430)
	at com.kms.katalon.core.main.TestCaseExecutor.doExecute(TestCaseExecutor.java:421)
	at com.kms.katalon.core.main.TestCaseExecutor.processExecutionPhase(TestCaseExecutor.java:400)
	at com.kms.katalon.core.main.TestCaseExecutor.accessMainPhase(TestCaseExecutor.java:392)
	at com.kms.katalon.core.main.TestCaseExecutor.execute(TestCaseExecutor.java:273)
	at com.kms.katalon.core.main.TestSuiteExecutor.accessTestCaseMainPhase(TestSuiteExecutor.java:202)
	at com.kms.katalon.core.main.TestSuiteExecutor.accessTestSuiteMainPhase(TestSuiteExecutor.java:164)
	at com.kms.katalon.core.main.TestSuiteExecutor.execute(TestSuiteExecutor.java:105)
	at com.kms.katalon.core.main.TestCaseMain.startTestSuite(TestCaseMain.java:185)
	at com.kms.katalon.core.main.TestCaseMain$startTestSuite$0.call(Unknown Source)
	at TempTestSuite1629383461522.run(TempTestSuite1629383461522.groovy:36)
"/>
         <system-out><![CDATA[2021-08-19 21:39:21 - [TEST_CASE][FAILED] - Test Cases/Apply Leave: Test Cases/Apply Leave FAILED.
Reason:
com.kms.katalon.core.exception.StepFailedException: Actual text '2021-09-02 to 2021-09-03' and expected text 'No Records Found' are not matched
	at com.kms.katalon.core.keyword.builtin.VerifyMatchKeyword$_verifyMatch_closure1.doCall(VerifyMatchKeyword.groovy:57)
	at com.kms.katalon.core.keyword.builtin.VerifyMatchKeyword$_verifyMatch_closure1.call(VerifyMatchKeyword.groovy)
	at com.kms.katalon.core.keyword.internal.KeywordMain.runKeyword(KeywordMain.groovy:74)
	at com.kms.katalon.core.keyword.builtin.VerifyMatchKeyword.verifyMatch(VerifyMatchKeyword.groovy:60)
	at com.kms.katalon.core.keyword.builtin.VerifyMatchKeyword.execute(VerifyMatchKeyword.groovy:45)
	at com.kms.katalon.core.keyword.internal.KeywordExecutor.executeKeywordForPlatform(KeywordExecutor.groovy:74)
	at com.kms.katalon.core.keyword.BuiltinKeywords.verifyMatch(BuiltinKeywords.groovy:55)
	at Apply Leave.run(Apply Leave:180)
	at com.kms.katalon.core.main.ScriptEngine.run(ScriptEngine.java:194)
	at com.kms.katalon.core.main.ScriptEngine.runScriptAsRawText(ScriptEngine.java:119)
	at com.kms.katalon.core.main.TestCaseExecutor.runScript(TestCaseExecutor.java:430)
	at com.kms.katalon.core.main.TestCaseExecutor.doExecute(TestCaseExecutor.java:421)
	at com.kms.katalon.core.main.TestCaseExecutor.processExecutionPhase(TestCaseExecutor.java:400)
	at com.kms.katalon.core.main.TestCaseExecutor.accessMainPhase(TestCaseExecutor.java:392)
	at com.kms.katalon.core.main.TestCaseExecutor.execute(TestCaseExecutor.java:273)
	at com.kms.katalon.core.main.TestSuiteExecutor.accessTestCaseMainPhase(TestSuiteExecutor.java:202)
	at com.kms.katalon.core.main.TestSuiteExecutor.accessTestSuiteMainPhase(TestSuiteExecutor.java:164)
	at com.kms.katalon.core.main.TestSuiteExecutor.execute(TestSuiteExecutor.java:105)
	at com.kms.katalon.core.main.TestCaseMain.startTestSuite(TestCaseMain.java:185)
	at com.kms.katalon.core.main.TestCaseMain$startTestSuite$0.call(Unknown Source)
	at TempTestSuite1629383461522.run(TempTestSuite1629383461522.groovy:36)


2021-08-19 21:39:21 - [TEST_STEP][PASSED] - com.database.mysql.connectDB("localhost", "orangehrm_mysql", "3306", "root", null): com.database.mysql.connectDB is PASSED

2021-08-19 21:39:21 - [MESSAGE][PASSED] - com.database.mysql.connectDB is PASSED

2021-08-19 21:39:21 - [TEST_STEP][PASSED] - com.database.mysql.execute("DELETE FROM `ohrm_leave_request` WHERE `emp_number`=3 AND `date_applied`='2021-09-02' AND `leave_type_id` = 3"): com.database.mysql.execute is PASSED

2021-08-19 21:39:21 - [MESSAGE][PASSED] - com.database.mysql.execute is PASSED

2021-08-19 21:39:21 - [TEST_STEP][PASSED] - com.database.mysql.execute("DELETE FROM `ohrm_leave` WHERE `emp_number` = 3 AND `leave_type_id`=3 and (`date`='2021-09-02' or `date`='2021-09-03') "): com.database.mysql.execute is PASSED

2021-08-19 21:39:21 - [MESSAGE][PASSED] - com.database.mysql.execute is PASSED

2021-08-19 21:39:21 - [TEST_STEP][PASSED] - com.database.mysql.closeDatabaseConnection(): com.database.mysql.closeDatabaseConnection is PASSED

2021-08-19 21:39:21 - [MESSAGE][PASSED] - com.database.mysql.closeDatabaseConnection is PASSED

2021-08-19 21:39:21 - [TEST_STEP][PASSED] - navigateToUrl("http://localhost/orangehrm/symfony/web/index.php/dashboard"): Navigate to 'http://localhost/orangehrm/symfony/web/index.php/dashboard' successfully

2021-08-19 21:39:22 - [MESSAGE][PASSED] - Navigate to 'http://localhost/orangehrm/symfony/web/index.php/dashboard' successfully

2021-08-19 21:39:22 - [TEST_STEP][PASSED] - click(findTestObject("Object Repository/Apply Leave/Page_OrangeHRM/img")): Object: 'Object Repository/Apply Leave/Page_OrangeHRM/img' is clicked on

2021-08-19 21:39:23 - [MESSAGE][PASSED] - Object: 'Object Repository/Apply Leave/Page_OrangeHRM/img' is clicked on

2021-08-19 21:39:23 - [TEST_STEP][PASSED] - selectOptionByValue(findTestObject("Object Repository/Apply Leave/Page_OrangeHRM/select_--Select--MarriageMaternityPersonalS_480ad7"), "3", true): All options with value '3' are selected in object 'Object Repository/Apply Leave/Page_OrangeHRM/select_--Select--MarriageMaternityPersonalS_480ad7'  using regular expression

2021-08-19 21:39:24 - [MESSAGE][PASSED] - All options with value '3' are selected in object 'Object Repository/Apply Leave/Page_OrangeHRM/select_--Select--MarriageMaternityPersonalS_480ad7'  using regular expression

2021-08-19 21:39:24 - [TEST_STEP][PASSED] - setText(findTestObject("Object Repository/Apply Leave/Page_OrangeHRM/input__applyleavetxtFromDate"), from): Text '2021-09-02' is set on object 'Object Repository/Apply Leave/Page_OrangeHRM/input__applyleavetxtFromDate'

2021-08-19 21:39:25 - [MESSAGE][PASSED] - Text '2021-09-02' is set on object 'Object Repository/Apply Leave/Page_OrangeHRM/input__applyleavetxtFromDate'

2021-08-19 21:39:25 - [TEST_STEP][PASSED] - sendKeys(findTestObject("Object Repository/Apply Leave/Page_OrangeHRM/input__applyleavetxtFromDate"), Keys.chord(ENTER)): Keys 'ENTER + ' sent to object: 'Object Repository/Apply Leave/Page_OrangeHRM/input__applyleavetxtFromDate'

2021-08-19 21:39:26 - [MESSAGE][PASSED] - Keys 'ENTER + ' sent to object: 'Object Repository/Apply Leave/Page_OrangeHRM/input__applyleavetxtFromDate'

2021-08-19 21:39:26 - [TEST_STEP][PASSED] - setText(findTestObject("Object Repository/Apply Leave/Page_OrangeHRM/input__applyleavetxtToDate"), to): Text '2021-09-03' is set on object 'Object Repository/Apply Leave/Page_OrangeHRM/input__applyleavetxtToDate'

2021-08-19 21:39:27 - [MESSAGE][PASSED] - Text '2021-09-03' is set on object 'Object Repository/Apply Leave/Page_OrangeHRM/input__applyleavetxtToDate'

2021-08-19 21:39:27 - [TEST_STEP][PASSED] - sendKeys(findTestObject("Object Repository/Apply Leave/Page_OrangeHRM/input__applyleavetxtToDate"), Keys.chord(ENTER)): Keys 'ENTER + ' sent to object: 'Object Repository/Apply Leave/Page_OrangeHRM/input__applyleavetxtToDate'

2021-08-19 21:39:28 - [MESSAGE][PASSED] - Keys 'ENTER + ' sent to object: 'Object Repository/Apply Leave/Page_OrangeHRM/input__applyleavetxtToDate'

2021-08-19 21:39:28 - [TEST_STEP][PASSED] - if (from.equals(to)): null

2021-08-19 21:39:28 - [TEST_STEP][PASSED] - else: null

2021-08-19 21:39:28 - [TEST_STEP][PASSED] - selectOptionByValue(findTestObject("Object Repository/Apply Leave/Page_OrangeHRM/select_NoneAll DaysStart Day OnlyEnd Day On_3e5258"), partialDays, true): All options with value 'all' are selected in object 'Object Repository/Apply Leave/Page_OrangeHRM/select_NoneAll DaysStart Day OnlyEnd Day On_3e5258'  using regular expression

2021-08-19 21:39:29 - [MESSAGE][PASSED] - All options with value 'all' are selected in object 'Object Repository/Apply Leave/Page_OrangeHRM/select_NoneAll DaysStart Day OnlyEnd Day On_3e5258'  using regular expression

2021-08-19 21:39:29 - [TEST_STEP][PASSED] - if (partialDays.equals("all") || partialDays.equals("start")): All options with value '05:00' are selected in object 'Object Repository/Apply Leave/Page_OrangeHRM/select_000000150030004501000115013001450200_bef9c6_1_2_3'  using regular expression

2021-08-19 21:39:29 - [TEST_STEP][PASSED] - selectOptionByValue(findTestObject("Object Repository/Apply Leave/Page_OrangeHRM/applyleave_firstDuration_duration"), duration1, true): All options with value 'specify_time' are selected in object 'Object Repository/Apply Leave/Page_OrangeHRM/applyleave_firstDuration_duration'  using regular expression

2021-08-19 21:39:30 - [MESSAGE][PASSED] - All options with value 'specify_time' are selected in object 'Object Repository/Apply Leave/Page_OrangeHRM/applyleave_firstDuration_duration'  using regular expression

2021-08-19 21:39:30 - [TEST_STEP][PASSED] - if (duration1.equals("half_day")): null

2021-08-19 21:39:30 - [TEST_STEP][PASSED] - if (duration1.equals("specify_time")): All options with value '05:00' are selected in object 'Object Repository/Apply Leave/Page_OrangeHRM/select_000000150030004501000115013001450200_bef9c6_1_2_3'  using regular expression

2021-08-19 21:39:30 - [TEST_STEP][PASSED] - selectOptionByValue(findTestObject("Object Repository/Apply Leave/Page_OrangeHRM/select_000000150030004501000115013001450200_bef9c6_1_2"), duration2, true): All options with value '03:00' are selected in object 'Object Repository/Apply Leave/Page_OrangeHRM/select_000000150030004501000115013001450200_bef9c6_1_2'  using regular expression

2021-08-19 21:39:33 - [MESSAGE][PASSED] - All options with value '03:00' are selected in object 'Object Repository/Apply Leave/Page_OrangeHRM/select_000000150030004501000115013001450200_bef9c6_1_2'  using regular expression

2021-08-19 21:39:33 - [TEST_STEP][PASSED] - selectOptionByValue(findTestObject("Object Repository/Apply Leave/Page_OrangeHRM/select_000000150030004501000115013001450200_bef9c6_1_2_3"), duration3, true): All options with value '05:00' are selected in object 'Object Repository/Apply Leave/Page_OrangeHRM/select_000000150030004501000115013001450200_bef9c6_1_2_3'  using regular expression

2021-08-19 21:39:36 - [MESSAGE][PASSED] - All options with value '05:00' are selected in object 'Object Repository/Apply Leave/Page_OrangeHRM/select_000000150030004501000115013001450200_bef9c6_1_2_3'  using regular expression

2021-08-19 21:39:36 - [TEST_STEP][PASSED] - if (partialDays.equals("end")): null

2021-08-19 21:39:36 - [TEST_STEP][PASSED] - if (partialDays.equals("start_end")): null

2021-08-19 21:39:36 - [TEST_STEP][PASSED] - scrollToElement(findTestObject("Apply Leave/Page_OrangeHRM/input__applyBtn"), 0): Scroll to object 'Object Repository/Apply Leave/Page_OrangeHRM/input__applyBtn' successfully

2021-08-19 21:39:36 - [MESSAGE][WARNING] - Timeout '0' is invalid. Using default page load timeout: '30'

2021-08-19 21:39:36 - [MESSAGE][PASSED] - Scroll to object 'Object Repository/Apply Leave/Page_OrangeHRM/input__applyBtn' successfully

2021-08-19 21:39:36 - [TEST_STEP][PASSED] - takeScreenshot(): Taking screenshot successfully

2021-08-19 21:39:37 - [MESSAGE][PASSED] - Taking screenshot successfully
[[ATTACHMENT|C:\\Users\\nguye\\Katalon Studio\\OrangeHRM\\Reports\\20210819_213101\\Apply Leave\\20210819_213101\\1629383976911.png]]

2021-08-19 21:39:37 - [TEST_STEP][PASSED] - click(findTestObject("Object Repository/Apply Leave/Page_OrangeHRM/input__applyBtn")): Object: 'Object Repository/Apply Leave/Page_OrangeHRM/input__applyBtn' is clicked on

2021-08-19 21:39:37 - [MESSAGE][PASSED] - Object: 'Object Repository/Apply Leave/Page_OrangeHRM/input__applyBtn' is clicked on

2021-08-19 21:39:37 - [TEST_STEP][PASSED] - navigateToUrl("http://localhost/orangehrm/symfony/web/index.php/leave/viewMyLeaveList/reset/1"): Navigate to 'http://localhost/orangehrm/symfony/web/index.php/leave/viewMyLeaveList/reset/1' successfully

2021-08-19 21:39:38 - [MESSAGE][PASSED] - Navigate to 'http://localhost/orangehrm/symfony/web/index.php/leave/viewMyLeaveList/reset/1' successfully

2021-08-19 21:39:38 - [TEST_STEP][PASSED] - setText(findTestObject("Object Repository/Apply Leave/Page_OrangeHRM/input_From_leaveListcalFromDate"), from): Text '2021-09-02' is set on object 'Object Repository/Apply Leave/Page_OrangeHRM/input_From_leaveListcalFromDate'

2021-08-19 21:39:40 - [MESSAGE][PASSED] - Text '2021-09-02' is set on object 'Object Repository/Apply Leave/Page_OrangeHRM/input_From_leaveListcalFromDate'

2021-08-19 21:39:40 - [TEST_STEP][PASSED] - sendKeys(findTestObject("Object Repository/Apply Leave/Page_OrangeHRM/input_From_leaveListcalFromDate"), Keys.chord(ENTER)): Keys 'ENTER + ' sent to object: 'Object Repository/Apply Leave/Page_OrangeHRM/input_From_leaveListcalFromDate'

2021-08-19 21:39:40 - [MESSAGE][PASSED] - Keys 'ENTER + ' sent to object: 'Object Repository/Apply Leave/Page_OrangeHRM/input_From_leaveListcalFromDate'

2021-08-19 21:39:40 - [TEST_STEP][PASSED] - setText(findTestObject("Object Repository/Apply Leave/Page_OrangeHRM/input_To_leaveListcalToDate"), to): Text '2021-09-03' is set on object 'Object Repository/Apply Leave/Page_OrangeHRM/input_To_leaveListcalToDate'

2021-08-19 21:39:41 - [MESSAGE][PASSED] - Text '2021-09-03' is set on object 'Object Repository/Apply Leave/Page_OrangeHRM/input_To_leaveListcalToDate'

2021-08-19 21:39:41 - [TEST_STEP][PASSED] - sendKeys(findTestObject("Object Repository/Apply Leave/Page_OrangeHRM/input_To_leaveListcalToDate"), Keys.chord(ENTER)): Keys 'ENTER + ' sent to object: 'Object Repository/Apply Leave/Page_OrangeHRM/input_To_leaveListcalToDate'

2021-08-19 21:39:42 - [MESSAGE][PASSED] - Keys 'ENTER + ' sent to object: 'Object Repository/Apply Leave/Page_OrangeHRM/input_To_leaveListcalToDate'

2021-08-19 21:39:42 - [TEST_STEP][PASSED] - uncheck(findTestObject("Object Repository/Apply Leave/Page_OrangeHRM/input_All_leaveList_chkSearchFilter_checkbo_a698f3")): Object 'Object Repository/Apply Leave/Page_OrangeHRM/input_All_leaveList_chkSearchFilter_checkbo_a698f3' is un-checked

2021-08-19 21:39:42 - [MESSAGE][PASSED] - Object 'Object Repository/Apply Leave/Page_OrangeHRM/input_All_leaveList_chkSearchFilter_checkbo_a698f3' is un-checked

2021-08-19 21:39:42 - [TEST_STEP][PASSED] - check(findTestObject("Object Repository/Apply Leave/Page_OrangeHRM/input_Pending Approval_leaveListchkSearchFilter")): Object 'Object Repository/Apply Leave/Page_OrangeHRM/input_Pending Approval_leaveListchkSearchFilter' is checked

2021-08-19 21:39:43 - [MESSAGE][PASSED] - Object 'Object Repository/Apply Leave/Page_OrangeHRM/input_Pending Approval_leaveListchkSearchFilter' is checked

2021-08-19 21:39:43 - [TEST_STEP][PASSED] - click(findTestObject("Object Repository/Apply Leave/Page_OrangeHRM/input_Taken_btnSearch")): Object: 'Object Repository/Apply Leave/Page_OrangeHRM/input_Taken_btnSearch' is clicked on

2021-08-19 21:39:43 - [MESSAGE][PASSED] - Object: 'Object Repository/Apply Leave/Page_OrangeHRM/input_Taken_btnSearch' is clicked on

2021-08-19 21:39:43 - [TEST_STEP][PASSED] - scrollToElement(findTestObject("Apply Leave/Page_OrangeHRM/th_Date"), 0): Scroll to object 'Object Repository/Apply Leave/Page_OrangeHRM/th_Date' successfully

2021-08-19 21:39:44 - [MESSAGE][WARNING] - Timeout '0' is invalid. Using default page load timeout: '30'

2021-08-19 21:39:44 - [MESSAGE][PASSED] - Scroll to object 'Object Repository/Apply Leave/Page_OrangeHRM/th_Date' successfully

2021-08-19 21:39:44 - [TEST_STEP][PASSED] - takeScreenshot(): Taking screenshot successfully

2021-08-19 21:39:45 - [MESSAGE][PASSED] - Taking screenshot successfully
[[ATTACHMENT|C:\\Users\\nguye\\Katalon Studio\\OrangeHRM\\Reports\\20210819_213101\\Apply Leave\\20210819_213101\\1629383985090.png]]

2021-08-19 21:39:45 - [TEST_STEP][FAILED] - if (days.equals("")): Unable to verify match between actual text '2021-09-02 to 2021-09-03' and expected text 'No Records Found' (Root cause: com.kms.katalon.core.exception.StepFailedException: Actual text '2021-09-02 to 2021-09-03' and expected text 'No Records Found' are not matched
	at com.kms.katalon.core.keyword.builtin.VerifyMatchKeyword$_verifyMatch_closure1.doCall(VerifyMatchKeyword.groovy:57)
	at com.kms.katalon.core.keyword.builtin.VerifyMatchKeyword$_verifyMatch_closure1.call(VerifyMatchKeyword.groovy)
	at com.kms.katalon.core.keyword.internal.KeywordMain.runKeyword(KeywordMain.groovy:74)
	at com.kms.katalon.core.keyword.builtin.VerifyMatchKeyword.verifyMatch(VerifyMatchKeyword.groovy:60)
	at com.kms.katalon.core.keyword.builtin.VerifyMatchKeyword.execute(VerifyMatchKeyword.groovy:45)
	at com.kms.katalon.core.keyword.internal.KeywordExecutor.executeKeywordForPlatform(KeywordExecutor.groovy:74)
	at com.kms.katalon.core.keyword.BuiltinKeywords.verifyMatch(BuiltinKeywords.groovy:55)
	at Apply Leave.run(Apply Leave:180)
	at com.kms.katalon.core.main.ScriptEngine.run(ScriptEngine.java:194)
	at com.kms.katalon.core.main.ScriptEngine.runScriptAsRawText(ScriptEngine.java:119)
	at com.kms.katalon.core.main.TestCaseExecutor.runScript(TestCaseExecutor.java:430)
	at com.kms.katalon.core.main.TestCaseExecutor.doExecute(TestCaseExecutor.java:421)
	at com.kms.katalon.core.main.TestCaseExecutor.processExecutionPhase(TestCaseExecutor.java:400)
	at com.kms.katalon.core.main.TestCaseExecutor.accessMainPhase(TestCaseExecutor.java:392)
	at com.kms.katalon.core.main.TestCaseExecutor.execute(TestCaseExecutor.java:273)
	at com.kms.katalon.core.main.TestSuiteExecutor.accessTestCaseMainPhase(TestSuiteExecutor.java:202)
	at com.kms.katalon.core.main.TestSuiteExecutor.accessTestSuiteMainPhase(TestSuiteExecutor.java:164)
	at com.kms.katalon.core.main.TestSuiteExecutor.execute(TestSuiteExecutor.java:105)
	at com.kms.katalon.core.main.TestCaseMain.startTestSuite(TestCaseMain.java:185)
	at com.kms.katalon.core.main.TestCaseMain$startTestSuite$0.call(Unknown Source)
	at TempTestSuite1629383461522.run(TempTestSuite1629383461522.groovy:36)
)

2021-08-19 21:39:45 - [TEST_STEP][FAILED] - verifyMatch(getText(findTestObject("Object Repository/Apply Leave/Page_OrangeHRM/td_No Records Found")), "No Records Found", false, STOP_ON_FAILURE): Unable to verify match between actual text '2021-09-02 to 2021-09-03' and expected text 'No Records Found' (Root cause: com.kms.katalon.core.exception.StepFailedException: Actual text '2021-09-02 to 2021-09-03' and expected text 'No Records Found' are not matched
	at com.kms.katalon.core.keyword.builtin.VerifyMatchKeyword$_verifyMatch_closure1.doCall(VerifyMatchKeyword.groovy:57)
	at com.kms.katalon.core.keyword.builtin.VerifyMatchKeyword$_verifyMatch_closure1.call(VerifyMatchKeyword.groovy)
	at com.kms.katalon.core.keyword.internal.KeywordMain.runKeyword(KeywordMain.groovy:74)
	at com.kms.katalon.core.keyword.builtin.VerifyMatchKeyword.verifyMatch(VerifyMatchKeyword.groovy:60)
	at com.kms.katalon.core.keyword.builtin.VerifyMatchKeyword.execute(VerifyMatchKeyword.groovy:45)
	at com.kms.katalon.core.keyword.internal.KeywordExecutor.executeKeywordForPlatform(KeywordExecutor.groovy:74)
	at com.kms.katalon.core.keyword.BuiltinKeywords.verifyMatch(BuiltinKeywords.groovy:55)
	at Apply Leave.run(Apply Leave:180)
	at com.kms.katalon.core.main.ScriptEngine.run(ScriptEngine.java:194)
	at com.kms.katalon.core.main.ScriptEngine.runScriptAsRawText(ScriptEngine.java:119)
	at com.kms.katalon.core.main.TestCaseExecutor.runScript(TestCaseExecutor.java:430)
	at com.kms.katalon.core.main.TestCaseExecutor.doExecute(TestCaseExecutor.java:421)
	at com.kms.katalon.core.main.TestCaseExecutor.processExecutionPhase(TestCaseExecutor.java:400)
	at com.kms.katalon.core.main.TestCaseExecutor.accessMainPhase(TestCaseExecutor.java:392)
	at com.kms.katalon.core.main.TestCaseExecutor.execute(TestCaseExecutor.java:273)
	at com.kms.katalon.core.main.TestSuiteExecutor.accessTestCaseMainPhase(TestSuiteExecutor.java:202)
	at com.kms.katalon.core.main.TestSuiteExecutor.accessTestSuiteMainPhase(TestSuiteExecutor.java:164)
	at com.kms.katalon.core.main.TestSuiteExecutor.execute(TestSuiteExecutor.java:105)
	at com.kms.katalon.core.main.TestCaseMain.startTestSuite(TestCaseMain.java:185)
	at com.kms.katalon.core.main.TestCaseMain$startTestSuite$0.call(Unknown Source)
	at TempTestSuite1629383461522.run(TempTestSuite1629383461522.groovy:36)
)

2021-08-19 21:39:45 - [MESSAGE][PASSED] - Text of object 'Object Repository/Apply Leave/Page_OrangeHRM/td_No Records Found' is: '2021-09-02 to 2021-09-03'

2021-08-19 21:39:45 - [MESSAGE][FAILED] - Unable to verify match between actual text '2021-09-02 to 2021-09-03' and expected text 'No Records Found' (Root cause: com.kms.katalon.core.exception.StepFailedException: Actual text '2021-09-02 to 2021-09-03' and expected text 'No Records Found' are not matched
	at com.kms.katalon.core.keyword.builtin.VerifyMatchKeyword$_verifyMatch_closure1.doCall(VerifyMatchKeyword.groovy:57)
	at com.kms.katalon.core.keyword.builtin.VerifyMatchKeyword$_verifyMatch_closure1.call(VerifyMatchKeyword.groovy)
	at com.kms.katalon.core.keyword.internal.KeywordMain.runKeyword(KeywordMain.groovy:74)
	at com.kms.katalon.core.keyword.builtin.VerifyMatchKeyword.verifyMatch(VerifyMatchKeyword.groovy:60)
	at com.kms.katalon.core.keyword.builtin.VerifyMatchKeyword.execute(VerifyMatchKeyword.groovy:45)
	at com.kms.katalon.core.keyword.internal.KeywordExecutor.executeKeywordForPlatform(KeywordExecutor.groovy:74)
	at com.kms.katalon.core.keyword.BuiltinKeywords.verifyMatch(BuiltinKeywords.groovy:55)
	at Apply Leave.run(Apply Leave:180)
	at com.kms.katalon.core.main.ScriptEngine.run(ScriptEngine.java:194)
	at com.kms.katalon.core.main.ScriptEngine.runScriptAsRawText(ScriptEngine.java:119)
	at com.kms.katalon.core.main.TestCaseExecutor.runScript(TestCaseExecutor.java:430)
	at com.kms.katalon.core.main.TestCaseExecutor.doExecute(TestCaseExecutor.java:421)
	at com.kms.katalon.core.main.TestCaseExecutor.processExecutionPhase(TestCaseExecutor.java:400)
	at com.kms.katalon.core.main.TestCaseExecutor.accessMainPhase(TestCaseExecutor.java:392)
	at com.kms.katalon.core.main.TestCaseExecutor.execute(TestCaseExecutor.java:273)
	at com.kms.katalon.core.main.TestSuiteExecutor.accessTestCaseMainPhase(TestSuiteExecutor.java:202)
	at com.kms.katalon.core.main.TestSuiteExecutor.accessTestSuiteMainPhase(TestSuiteExecutor.java:164)
	at com.kms.katalon.core.main.TestSuiteExecutor.execute(TestSuiteExecutor.java:105)
	at com.kms.katalon.core.main.TestCaseMain.startTestSuite(TestCaseMain.java:185)
	at com.kms.katalon.core.main.TestCaseMain$startTestSuite$0.call(Unknown Source)
	at TempTestSuite1629383461522.run(TempTestSuite1629383461522.groovy:36)
)

2021-08-19 21:39:47 - [TEST_STEP][PASSED] - Video: Video recording for test case 'Test Cases/Apply Leave' .

2021-08-19 21:39:47 - [MESSAGE][INFO] - Video recording for test case 'Test Cases/Apply Leave' .]]></system-out>
         <system-err><![CDATA[2021-08-19 21:39:21 - [TEST_CASE][FAILED] - Test Cases/Apply Leave: Test Cases/Apply Leave FAILED.
Reason:
com.kms.katalon.core.exception.StepFailedException: Actual text '2021-09-02 to 2021-09-03' and expected text 'No Records Found' are not matched
	at com.kms.katalon.core.keyword.builtin.VerifyMatchKeyword$_verifyMatch_closure1.doCall(VerifyMatchKeyword.groovy:57)
	at com.kms.katalon.core.keyword.builtin.VerifyMatchKeyword$_verifyMatch_closure1.call(VerifyMatchKeyword.groovy)
	at com.kms.katalon.core.keyword.internal.KeywordMain.runKeyword(KeywordMain.groovy:74)
	at com.kms.katalon.core.keyword.builtin.VerifyMatchKeyword.verifyMatch(VerifyMatchKeyword.groovy:60)
	at com.kms.katalon.core.keyword.builtin.VerifyMatchKeyword.execute(VerifyMatchKeyword.groovy:45)
	at com.kms.katalon.core.keyword.internal.KeywordExecutor.executeKeywordForPlatform(KeywordExecutor.groovy:74)
	at com.kms.katalon.core.keyword.BuiltinKeywords.verifyMatch(BuiltinKeywords.groovy:55)
	at Apply Leave.run(Apply Leave:180)
	at com.kms.katalon.core.main.ScriptEngine.run(ScriptEngine.java:194)
	at com.kms.katalon.core.main.ScriptEngine.runScriptAsRawText(ScriptEngine.java:119)
	at com.kms.katalon.core.main.TestCaseExecutor.runScript(TestCaseExecutor.java:430)
	at com.kms.katalon.core.main.TestCaseExecutor.doExecute(TestCaseExecutor.java:421)
	at com.kms.katalon.core.main.TestCaseExecutor.processExecutionPhase(TestCaseExecutor.java:400)
	at com.kms.katalon.core.main.TestCaseExecutor.accessMainPhase(TestCaseExecutor.java:392)
	at com.kms.katalon.core.main.TestCaseExecutor.execute(TestCaseExecutor.java:273)
	at com.kms.katalon.core.main.TestSuiteExecutor.accessTestCaseMainPhase(TestSuiteExecutor.java:202)
	at com.kms.katalon.core.main.TestSuiteExecutor.accessTestSuiteMainPhase(TestSuiteExecutor.java:164)
	at com.kms.katalon.core.main.TestSuiteExecutor.execute(TestSuiteExecutor.java:105)
	at com.kms.katalon.core.main.TestCaseMain.startTestSuite(TestCaseMain.java:185)
	at com.kms.katalon.core.main.TestCaseMain$startTestSuite$0.call(Unknown Source)
	at TempTestSuite1629383461522.run(TempTestSuite1629383461522.groovy:36)]]></system-err>
      </testcase>
      <testcase name="Test Cases/Apply Leave" time="22.896" classname="Test Cases/Apply Leave" status="PASSED">
         <system-out><![CDATA[2021-08-19 21:39:47 - [TEST_CASE][PASSED] - Test Cases/Apply Leave: Test Cases/Apply Leave

2021-08-19 21:39:47 - [TEST_STEP][PASSED] - com.database.mysql.connectDB("localhost", "orangehrm_mysql", "3306", "root", null): com.database.mysql.connectDB is PASSED

2021-08-19 21:39:47 - [MESSAGE][PASSED] - com.database.mysql.connectDB is PASSED

2021-08-19 21:39:47 - [TEST_STEP][PASSED] - com.database.mysql.execute("DELETE FROM `ohrm_leave_request` WHERE `emp_number`=3 AND `date_applied`='2021-09-02' AND `leave_type_id` = 3"): com.database.mysql.execute is PASSED

2021-08-19 21:39:47 - [MESSAGE][PASSED] - com.database.mysql.execute is PASSED

2021-08-19 21:39:47 - [TEST_STEP][PASSED] - com.database.mysql.execute("DELETE FROM `ohrm_leave` WHERE `emp_number` = 3 AND `leave_type_id`=3 and (`date`='2021-09-02' or `date`='2021-09-03') "): com.database.mysql.execute is PASSED

2021-08-19 21:39:47 - [MESSAGE][PASSED] - com.database.mysql.execute is PASSED

2021-08-19 21:39:47 - [TEST_STEP][PASSED] - com.database.mysql.closeDatabaseConnection(): com.database.mysql.closeDatabaseConnection is PASSED

2021-08-19 21:39:47 - [MESSAGE][PASSED] - com.database.mysql.closeDatabaseConnection is PASSED

2021-08-19 21:39:47 - [TEST_STEP][PASSED] - navigateToUrl("http://localhost/orangehrm/symfony/web/index.php/dashboard"): Navigate to 'http://localhost/orangehrm/symfony/web/index.php/dashboard' successfully

2021-08-19 21:39:48 - [MESSAGE][PASSED] - Navigate to 'http://localhost/orangehrm/symfony/web/index.php/dashboard' successfully

2021-08-19 21:39:48 - [TEST_STEP][PASSED] - click(findTestObject("Object Repository/Apply Leave/Page_OrangeHRM/img")): Object: 'Object Repository/Apply Leave/Page_OrangeHRM/img' is clicked on

2021-08-19 21:39:49 - [MESSAGE][PASSED] - Object: 'Object Repository/Apply Leave/Page_OrangeHRM/img' is clicked on

2021-08-19 21:39:49 - [TEST_STEP][PASSED] - selectOptionByValue(findTestObject("Object Repository/Apply Leave/Page_OrangeHRM/select_--Select--MarriageMaternityPersonalS_480ad7"), "3", true): All options with value '3' are selected in object 'Object Repository/Apply Leave/Page_OrangeHRM/select_--Select--MarriageMaternityPersonalS_480ad7'  using regular expression

2021-08-19 21:39:50 - [MESSAGE][PASSED] - All options with value '3' are selected in object 'Object Repository/Apply Leave/Page_OrangeHRM/select_--Select--MarriageMaternityPersonalS_480ad7'  using regular expression

2021-08-19 21:39:50 - [TEST_STEP][PASSED] - setText(findTestObject("Object Repository/Apply Leave/Page_OrangeHRM/input__applyleavetxtFromDate"), from): Text '2021-09-02' is set on object 'Object Repository/Apply Leave/Page_OrangeHRM/input__applyleavetxtFromDate'

2021-08-19 21:39:51 - [MESSAGE][PASSED] - Text '2021-09-02' is set on object 'Object Repository/Apply Leave/Page_OrangeHRM/input__applyleavetxtFromDate'

2021-08-19 21:39:51 - [TEST_STEP][PASSED] - sendKeys(findTestObject("Object Repository/Apply Leave/Page_OrangeHRM/input__applyleavetxtFromDate"), Keys.chord(ENTER)): Keys 'ENTER + ' sent to object: 'Object Repository/Apply Leave/Page_OrangeHRM/input__applyleavetxtFromDate'

2021-08-19 21:39:52 - [MESSAGE][PASSED] - Keys 'ENTER + ' sent to object: 'Object Repository/Apply Leave/Page_OrangeHRM/input__applyleavetxtFromDate'

2021-08-19 21:39:52 - [TEST_STEP][PASSED] - setText(findTestObject("Object Repository/Apply Leave/Page_OrangeHRM/input__applyleavetxtToDate"), to): Text '2021-09-03' is set on object 'Object Repository/Apply Leave/Page_OrangeHRM/input__applyleavetxtToDate'

2021-08-19 21:39:53 - [MESSAGE][PASSED] - Text '2021-09-03' is set on object 'Object Repository/Apply Leave/Page_OrangeHRM/input__applyleavetxtToDate'

2021-08-19 21:39:53 - [TEST_STEP][PASSED] - sendKeys(findTestObject("Object Repository/Apply Leave/Page_OrangeHRM/input__applyleavetxtToDate"), Keys.chord(ENTER)): Keys 'ENTER + ' sent to object: 'Object Repository/Apply Leave/Page_OrangeHRM/input__applyleavetxtToDate'

2021-08-19 21:39:54 - [MESSAGE][PASSED] - Keys 'ENTER + ' sent to object: 'Object Repository/Apply Leave/Page_OrangeHRM/input__applyleavetxtToDate'

2021-08-19 21:39:54 - [TEST_STEP][PASSED] - if (from.equals(to)): null

2021-08-19 21:39:54 - [TEST_STEP][PASSED] - else: null

2021-08-19 21:39:54 - [TEST_STEP][PASSED] - selectOptionByValue(findTestObject("Object Repository/Apply Leave/Page_OrangeHRM/select_NoneAll DaysStart Day OnlyEnd Day On_3e5258"), partialDays, true): All options with value 'start' are selected in object 'Object Repository/Apply Leave/Page_OrangeHRM/select_NoneAll DaysStart Day OnlyEnd Day On_3e5258'  using regular expression

2021-08-19 21:39:55 - [MESSAGE][PASSED] - All options with value 'start' are selected in object 'Object Repository/Apply Leave/Page_OrangeHRM/select_NoneAll DaysStart Day OnlyEnd Day On_3e5258'  using regular expression

2021-08-19 21:39:55 - [TEST_STEP][PASSED] - if (partialDays.equals("all") || partialDays.equals("start")): null

2021-08-19 21:39:55 - [TEST_STEP][PASSED] - selectOptionByValue(findTestObject("Object Repository/Apply Leave/Page_OrangeHRM/applyleave_firstDuration_duration"), duration1, true): All options with value 'half_day' are selected in object 'Object Repository/Apply Leave/Page_OrangeHRM/applyleave_firstDuration_duration'  using regular expression

2021-08-19 21:39:56 - [MESSAGE][PASSED] - All options with value 'half_day' are selected in object 'Object Repository/Apply Leave/Page_OrangeHRM/applyleave_firstDuration_duration'  using regular expression

2021-08-19 21:39:56 - [TEST_STEP][PASSED] - if (duration1.equals("half_day")): All options with value 'AM' are selected in object 'Object Repository/Apply Leave/Page_OrangeHRM/applyleave_firstDuration_ampm'  using regular expression

2021-08-19 21:39:56 - [TEST_STEP][PASSED] - selectOptionByValue(findTestObject("Object Repository/Apply Leave/Page_OrangeHRM/applyleave_firstDuration_ampm"), duration2, true): All options with value 'AM' are selected in object 'Object Repository/Apply Leave/Page_OrangeHRM/applyleave_firstDuration_ampm'  using regular expression

2021-08-19 21:39:57 - [MESSAGE][PASSED] - All options with value 'AM' are selected in object 'Object Repository/Apply Leave/Page_OrangeHRM/applyleave_firstDuration_ampm'  using regular expression

2021-08-19 21:39:57 - [TEST_STEP][PASSED] - if (duration1.equals("specify_time")): null

2021-08-19 21:39:57 - [TEST_STEP][PASSED] - if (partialDays.equals("end")): null

2021-08-19 21:39:57 - [TEST_STEP][PASSED] - if (partialDays.equals("start_end")): null

2021-08-19 21:39:57 - [TEST_STEP][PASSED] - scrollToElement(findTestObject("Apply Leave/Page_OrangeHRM/input__applyBtn"), 0): Scroll to object 'Object Repository/Apply Leave/Page_OrangeHRM/input__applyBtn' successfully

2021-08-19 21:39:57 - [MESSAGE][WARNING] - Timeout '0' is invalid. Using default page load timeout: '30'

2021-08-19 21:39:58 - [MESSAGE][PASSED] - Scroll to object 'Object Repository/Apply Leave/Page_OrangeHRM/input__applyBtn' successfully

2021-08-19 21:39:58 - [TEST_STEP][PASSED] - takeScreenshot(): Taking screenshot successfully

2021-08-19 21:39:58 - [MESSAGE][PASSED] - Taking screenshot successfully
[[ATTACHMENT|C:\\Users\\nguye\\Katalon Studio\\OrangeHRM\\Reports\\20210819_213101\\Apply Leave\\20210819_213101\\1629383998278.png]]

2021-08-19 21:39:58 - [TEST_STEP][PASSED] - click(findTestObject("Object Repository/Apply Leave/Page_OrangeHRM/input__applyBtn")): Object: 'Object Repository/Apply Leave/Page_OrangeHRM/input__applyBtn' is clicked on

2021-08-19 21:39:59 - [MESSAGE][PASSED] - Object: 'Object Repository/Apply Leave/Page_OrangeHRM/input__applyBtn' is clicked on

2021-08-19 21:39:59 - [TEST_STEP][PASSED] - navigateToUrl("http://localhost/orangehrm/symfony/web/index.php/leave/viewMyLeaveList/reset/1"): Navigate to 'http://localhost/orangehrm/symfony/web/index.php/leave/viewMyLeaveList/reset/1' successfully

2021-08-19 21:40:00 - [MESSAGE][PASSED] - Navigate to 'http://localhost/orangehrm/symfony/web/index.php/leave/viewMyLeaveList/reset/1' successfully

2021-08-19 21:40:00 - [TEST_STEP][PASSED] - setText(findTestObject("Object Repository/Apply Leave/Page_OrangeHRM/input_From_leaveListcalFromDate"), from): Text '2021-09-02' is set on object 'Object Repository/Apply Leave/Page_OrangeHRM/input_From_leaveListcalFromDate'

2021-08-19 21:40:01 - [MESSAGE][PASSED] - Text '2021-09-02' is set on object 'Object Repository/Apply Leave/Page_OrangeHRM/input_From_leaveListcalFromDate'

2021-08-19 21:40:01 - [TEST_STEP][PASSED] - sendKeys(findTestObject("Object Repository/Apply Leave/Page_OrangeHRM/input_From_leaveListcalFromDate"), Keys.chord(ENTER)): Keys 'ENTER + ' sent to object: 'Object Repository/Apply Leave/Page_OrangeHRM/input_From_leaveListcalFromDate'

2021-08-19 21:40:02 - [MESSAGE][PASSED] - Keys 'ENTER + ' sent to object: 'Object Repository/Apply Leave/Page_OrangeHRM/input_From_leaveListcalFromDate'

2021-08-19 21:40:02 - [TEST_STEP][PASSED] - setText(findTestObject("Object Repository/Apply Leave/Page_OrangeHRM/input_To_leaveListcalToDate"), to): Text '2021-09-03' is set on object 'Object Repository/Apply Leave/Page_OrangeHRM/input_To_leaveListcalToDate'

2021-08-19 21:40:03 - [MESSAGE][PASSED] - Text '2021-09-03' is set on object 'Object Repository/Apply Leave/Page_OrangeHRM/input_To_leaveListcalToDate'

2021-08-19 21:40:03 - [TEST_STEP][PASSED] - sendKeys(findTestObject("Object Repository/Apply Leave/Page_OrangeHRM/input_To_leaveListcalToDate"), Keys.chord(ENTER)): Keys 'ENTER + ' sent to object: 'Object Repository/Apply Leave/Page_OrangeHRM/input_To_leaveListcalToDate'

2021-08-19 21:40:03 - [MESSAGE][PASSED] - Keys 'ENTER + ' sent to object: 'Object Repository/Apply Leave/Page_OrangeHRM/input_To_leaveListcalToDate'

2021-08-19 21:40:03 - [TEST_STEP][PASSED] - uncheck(findTestObject("Object Repository/Apply Leave/Page_OrangeHRM/input_All_leaveList_chkSearchFilter_checkbo_a698f3")): Object 'Object Repository/Apply Leave/Page_OrangeHRM/input_All_leaveList_chkSearchFilter_checkbo_a698f3' is un-checked

2021-08-19 21:40:04 - [MESSAGE][PASSED] - Object 'Object Repository/Apply Leave/Page_OrangeHRM/input_All_leaveList_chkSearchFilter_checkbo_a698f3' is un-checked

2021-08-19 21:40:04 - [TEST_STEP][PASSED] - check(findTestObject("Object Repository/Apply Leave/Page_OrangeHRM/input_Pending Approval_leaveListchkSearchFilter")): Object 'Object Repository/Apply Leave/Page_OrangeHRM/input_Pending Approval_leaveListchkSearchFilter' is checked

2021-08-19 21:40:04 - [MESSAGE][PASSED] - Object 'Object Repository/Apply Leave/Page_OrangeHRM/input_Pending Approval_leaveListchkSearchFilter' is checked

2021-08-19 21:40:04 - [TEST_STEP][PASSED] - click(findTestObject("Object Repository/Apply Leave/Page_OrangeHRM/input_Taken_btnSearch")): Object: 'Object Repository/Apply Leave/Page_OrangeHRM/input_Taken_btnSearch' is clicked on

2021-08-19 21:40:05 - [MESSAGE][PASSED] - Object: 'Object Repository/Apply Leave/Page_OrangeHRM/input_Taken_btnSearch' is clicked on

2021-08-19 21:40:05 - [TEST_STEP][PASSED] - scrollToElement(findTestObject("Apply Leave/Page_OrangeHRM/th_Date"), 0): Scroll to object 'Object Repository/Apply Leave/Page_OrangeHRM/th_Date' successfully

2021-08-19 21:40:05 - [MESSAGE][WARNING] - Timeout '0' is invalid. Using default page load timeout: '30'

2021-08-19 21:40:06 - [MESSAGE][PASSED] - Scroll to object 'Object Repository/Apply Leave/Page_OrangeHRM/th_Date' successfully

2021-08-19 21:40:06 - [TEST_STEP][PASSED] - takeScreenshot(): Taking screenshot successfully

2021-08-19 21:40:06 - [MESSAGE][PASSED] - Taking screenshot successfully
[[ATTACHMENT|C:\\Users\\nguye\\Katalon Studio\\OrangeHRM\\Reports\\20210819_213101\\Apply Leave\\20210819_213101\\1629384006462.png]]

2021-08-19 21:40:06 - [TEST_STEP][PASSED] - if (days.equals("")): null

2021-08-19 21:40:06 - [TEST_STEP][PASSED] - else: Actual text 'Pending Approval(1.50)' and expected text 'Pending Approval(1.50)' are matched 

2021-08-19 21:40:06 - [TEST_STEP][PASSED] - verifyMatch(getText(findTestObject("Object Repository/Apply Leave/Page_OrangeHRM/a_2021-09-02 to 2021-09-03")), date, false, STOP_ON_FAILURE): Actual text '2021-09-02 to 2021-09-03' and expected text '2021-09-02 to 2021-09-03' are matched 

2021-08-19 21:40:06 - [MESSAGE][PASSED] - Text of object 'Object Repository/Apply Leave/Page_OrangeHRM/a_2021-09-02 to 2021-09-03' is: '2021-09-02 to 2021-09-03'

2021-08-19 21:40:06 - [MESSAGE][PASSED] - Actual text '2021-09-02 to 2021-09-03' and expected text '2021-09-02 to 2021-09-03' are matched 

2021-08-19 21:40:06 - [TEST_STEP][PASSED] - verifyMatch(getText(findTestObject("Object Repository/Apply Leave/Page_OrangeHRM/a_Rachel Morris")), fullName, false, STOP_ON_FAILURE): Actual text 'Rachel Morris' and expected text 'Rachel Morris' are matched 

2021-08-19 21:40:07 - [MESSAGE][PASSED] - Text of object 'Object Repository/Apply Leave/Page_OrangeHRM/a_Rachel Morris' is: 'Rachel Morris'

2021-08-19 21:40:07 - [MESSAGE][PASSED] - Actual text 'Rachel Morris' and expected text 'Rachel Morris' are matched 

2021-08-19 21:40:07 - [TEST_STEP][PASSED] - verifyMatch(getText(findTestObject("Object Repository/Apply Leave/Page_OrangeHRM/td_Personal")), leaveType, false, STOP_ON_FAILURE): Actual text 'Personal' and expected text 'Personal' are matched 

2021-08-19 21:40:07 - [MESSAGE][PASSED] - Text of object 'Object Repository/Apply Leave/Page_OrangeHRM/td_Personal' is: 'Personal'

2021-08-19 21:40:07 - [MESSAGE][PASSED] - Actual text 'Personal' and expected text 'Personal' are matched 

2021-08-19 21:40:07 - [TEST_STEP][PASSED] - verifyMatch(25"))).toString(), parseDouble(days).toString(), false, STOP_ON_FAILURE): Actual text '48.5' and expected text '48.5' are matched 

2021-08-19 21:40:07 - [MESSAGE][PASSED] - Text of object 'Object Repository/Apply Leave/Page_OrangeHRM/td_49.25' is: '48.50'

2021-08-19 21:40:07 - [MESSAGE][PASSED] - Actual text '48.5' and expected text '48.5' are matched 

2021-08-19 21:40:07 - [TEST_STEP][PASSED] - verifyMatch(getText(findTestObject("Object Repository/Apply Leave/Page_OrangeHRM/td_0.75")), days, false, STOP_ON_FAILURE): Actual text '1.50' and expected text '1.50' are matched 

2021-08-19 21:40:08 - [MESSAGE][PASSED] - Text of object 'Object Repository/Apply Leave/Page_OrangeHRM/td_0.75' is: '1.50'

2021-08-19 21:40:08 - [MESSAGE][PASSED] - Actual text '1.50' and expected text '1.50' are matched 

2021-08-19 21:40:08 - [TEST_STEP][PASSED] - verifyMatch(getText(findTestObject("Object Repository/Apply Leave/Page_OrangeHRM/a_Pending Approval(0.75)")), status + "(" + days + ")", false, STOP_ON_FAILURE): Actual text 'Pending Approval(1.50)' and expected text 'Pending Approval(1.50)' are matched 

2021-08-19 21:40:08 - [MESSAGE][PASSED] - Text of object 'Object Repository/Apply Leave/Page_OrangeHRM/a_Pending Approval(0.75)' is: 'Pending Approval(1.50)'

2021-08-19 21:40:08 - [MESSAGE][PASSED] - Actual text 'Pending Approval(1.50)' and expected text 'Pending Approval(1.50)' are matched]]></system-out>
         <system-err><![CDATA[]]></system-err>
      </testcase>
      <testcase name="Test Cases/Apply Leave" time="23.506" classname="Test Cases/Apply Leave" status="PASSED">
         <system-out><![CDATA[2021-08-19 21:40:10 - [TEST_CASE][PASSED] - Test Cases/Apply Leave: Test Cases/Apply Leave

2021-08-19 21:40:10 - [TEST_STEP][PASSED] - com.database.mysql.connectDB("localhost", "orangehrm_mysql", "3306", "root", null): com.database.mysql.connectDB is PASSED

2021-08-19 21:40:10 - [MESSAGE][PASSED] - com.database.mysql.connectDB is PASSED

2021-08-19 21:40:10 - [TEST_STEP][PASSED] - com.database.mysql.execute("DELETE FROM `ohrm_leave_request` WHERE `emp_number`=3 AND `date_applied`='2021-09-02' AND `leave_type_id` = 3"): com.database.mysql.execute is PASSED

2021-08-19 21:40:10 - [MESSAGE][PASSED] - com.database.mysql.execute is PASSED

2021-08-19 21:40:10 - [TEST_STEP][PASSED] - com.database.mysql.execute("DELETE FROM `ohrm_leave` WHERE `emp_number` = 3 AND `leave_type_id`=3 and (`date`='2021-09-02' or `date`='2021-09-03') "): com.database.mysql.execute is PASSED

2021-08-19 21:40:10 - [MESSAGE][PASSED] - com.database.mysql.execute is PASSED

2021-08-19 21:40:10 - [TEST_STEP][PASSED] - com.database.mysql.closeDatabaseConnection(): com.database.mysql.closeDatabaseConnection is PASSED

2021-08-19 21:40:10 - [MESSAGE][PASSED] - com.database.mysql.closeDatabaseConnection is PASSED

2021-08-19 21:40:10 - [TEST_STEP][PASSED] - navigateToUrl("http://localhost/orangehrm/symfony/web/index.php/dashboard"): Navigate to 'http://localhost/orangehrm/symfony/web/index.php/dashboard' successfully

2021-08-19 21:40:11 - [MESSAGE][PASSED] - Navigate to 'http://localhost/orangehrm/symfony/web/index.php/dashboard' successfully

2021-08-19 21:40:11 - [TEST_STEP][PASSED] - click(findTestObject("Object Repository/Apply Leave/Page_OrangeHRM/img")): Object: 'Object Repository/Apply Leave/Page_OrangeHRM/img' is clicked on

2021-08-19 21:40:12 - [MESSAGE][PASSED] - Object: 'Object Repository/Apply Leave/Page_OrangeHRM/img' is clicked on

2021-08-19 21:40:12 - [TEST_STEP][PASSED] - selectOptionByValue(findTestObject("Object Repository/Apply Leave/Page_OrangeHRM/select_--Select--MarriageMaternityPersonalS_480ad7"), "3", true): All options with value '3' are selected in object 'Object Repository/Apply Leave/Page_OrangeHRM/select_--Select--MarriageMaternityPersonalS_480ad7'  using regular expression

2021-08-19 21:40:13 - [MESSAGE][PASSED] - All options with value '3' are selected in object 'Object Repository/Apply Leave/Page_OrangeHRM/select_--Select--MarriageMaternityPersonalS_480ad7'  using regular expression

2021-08-19 21:40:13 - [TEST_STEP][PASSED] - setText(findTestObject("Object Repository/Apply Leave/Page_OrangeHRM/input__applyleavetxtFromDate"), from): Text '2021-09-02' is set on object 'Object Repository/Apply Leave/Page_OrangeHRM/input__applyleavetxtFromDate'

2021-08-19 21:40:14 - [MESSAGE][PASSED] - Text '2021-09-02' is set on object 'Object Repository/Apply Leave/Page_OrangeHRM/input__applyleavetxtFromDate'

2021-08-19 21:40:14 - [TEST_STEP][PASSED] - sendKeys(findTestObject("Object Repository/Apply Leave/Page_OrangeHRM/input__applyleavetxtFromDate"), Keys.chord(ENTER)): Keys 'ENTER + ' sent to object: 'Object Repository/Apply Leave/Page_OrangeHRM/input__applyleavetxtFromDate'

2021-08-19 21:40:15 - [MESSAGE][PASSED] - Keys 'ENTER + ' sent to object: 'Object Repository/Apply Leave/Page_OrangeHRM/input__applyleavetxtFromDate'

2021-08-19 21:40:15 - [TEST_STEP][PASSED] - setText(findTestObject("Object Repository/Apply Leave/Page_OrangeHRM/input__applyleavetxtToDate"), to): Text '2021-09-03' is set on object 'Object Repository/Apply Leave/Page_OrangeHRM/input__applyleavetxtToDate'

2021-08-19 21:40:16 - [MESSAGE][PASSED] - Text '2021-09-03' is set on object 'Object Repository/Apply Leave/Page_OrangeHRM/input__applyleavetxtToDate'

2021-08-19 21:40:16 - [TEST_STEP][PASSED] - sendKeys(findTestObject("Object Repository/Apply Leave/Page_OrangeHRM/input__applyleavetxtToDate"), Keys.chord(ENTER)): Keys 'ENTER + ' sent to object: 'Object Repository/Apply Leave/Page_OrangeHRM/input__applyleavetxtToDate'

2021-08-19 21:40:17 - [MESSAGE][PASSED] - Keys 'ENTER + ' sent to object: 'Object Repository/Apply Leave/Page_OrangeHRM/input__applyleavetxtToDate'

2021-08-19 21:40:17 - [TEST_STEP][PASSED] - if (from.equals(to)): null

2021-08-19 21:40:17 - [TEST_STEP][PASSED] - else: null

2021-08-19 21:40:17 - [TEST_STEP][PASSED] - selectOptionByValue(findTestObject("Object Repository/Apply Leave/Page_OrangeHRM/select_NoneAll DaysStart Day OnlyEnd Day On_3e5258"), partialDays, true): All options with value 'start' are selected in object 'Object Repository/Apply Leave/Page_OrangeHRM/select_NoneAll DaysStart Day OnlyEnd Day On_3e5258'  using regular expression

2021-08-19 21:40:18 - [MESSAGE][PASSED] - All options with value 'start' are selected in object 'Object Repository/Apply Leave/Page_OrangeHRM/select_NoneAll DaysStart Day OnlyEnd Day On_3e5258'  using regular expression

2021-08-19 21:40:18 - [TEST_STEP][PASSED] - if (partialDays.equals("all") || partialDays.equals("start")): null

2021-08-19 21:40:18 - [TEST_STEP][PASSED] - selectOptionByValue(findTestObject("Object Repository/Apply Leave/Page_OrangeHRM/applyleave_firstDuration_duration"), duration1, true): All options with value 'half_day' are selected in object 'Object Repository/Apply Leave/Page_OrangeHRM/applyleave_firstDuration_duration'  using regular expression

2021-08-19 21:40:19 - [MESSAGE][PASSED] - All options with value 'half_day' are selected in object 'Object Repository/Apply Leave/Page_OrangeHRM/applyleave_firstDuration_duration'  using regular expression

2021-08-19 21:40:19 - [TEST_STEP][PASSED] - if (duration1.equals("half_day")): All options with value 'PM' are selected in object 'Object Repository/Apply Leave/Page_OrangeHRM/applyleave_firstDuration_ampm'  using regular expression

2021-08-19 21:40:19 - [TEST_STEP][PASSED] - selectOptionByValue(findTestObject("Object Repository/Apply Leave/Page_OrangeHRM/applyleave_firstDuration_ampm"), duration2, true): All options with value 'PM' are selected in object 'Object Repository/Apply Leave/Page_OrangeHRM/applyleave_firstDuration_ampm'  using regular expression

2021-08-19 21:40:20 - [MESSAGE][PASSED] - All options with value 'PM' are selected in object 'Object Repository/Apply Leave/Page_OrangeHRM/applyleave_firstDuration_ampm'  using regular expression

2021-08-19 21:40:20 - [TEST_STEP][PASSED] - if (duration1.equals("specify_time")): null

2021-08-19 21:40:20 - [TEST_STEP][PASSED] - if (partialDays.equals("end")): null

2021-08-19 21:40:20 - [TEST_STEP][PASSED] - if (partialDays.equals("start_end")): null

2021-08-19 21:40:20 - [TEST_STEP][PASSED] - scrollToElement(findTestObject("Apply Leave/Page_OrangeHRM/input__applyBtn"), 0): Scroll to object 'Object Repository/Apply Leave/Page_OrangeHRM/input__applyBtn' successfully

2021-08-19 21:40:20 - [MESSAGE][WARNING] - Timeout '0' is invalid. Using default page load timeout: '30'

2021-08-19 21:40:21 - [MESSAGE][PASSED] - Scroll to object 'Object Repository/Apply Leave/Page_OrangeHRM/input__applyBtn' successfully

2021-08-19 21:40:21 - [TEST_STEP][PASSED] - takeScreenshot(): Taking screenshot successfully

2021-08-19 21:40:21 - [MESSAGE][PASSED] - Taking screenshot successfully
[[ATTACHMENT|C:\\Users\\nguye\\Katalon Studio\\OrangeHRM\\Reports\\20210819_213101\\Apply Leave\\20210819_213101\\1629384021546.png]]

2021-08-19 21:40:21 - [TEST_STEP][PASSED] - click(findTestObject("Object Repository/Apply Leave/Page_OrangeHRM/input__applyBtn")): Object: 'Object Repository/Apply Leave/Page_OrangeHRM/input__applyBtn' is clicked on

2021-08-19 21:40:22 - [MESSAGE][PASSED] - Object: 'Object Repository/Apply Leave/Page_OrangeHRM/input__applyBtn' is clicked on

2021-08-19 21:40:22 - [TEST_STEP][PASSED] - navigateToUrl("http://localhost/orangehrm/symfony/web/index.php/leave/viewMyLeaveList/reset/1"): Navigate to 'http://localhost/orangehrm/symfony/web/index.php/leave/viewMyLeaveList/reset/1' successfully

2021-08-19 21:40:23 - [MESSAGE][PASSED] - Navigate to 'http://localhost/orangehrm/symfony/web/index.php/leave/viewMyLeaveList/reset/1' successfully

2021-08-19 21:40:23 - [TEST_STEP][PASSED] - setText(findTestObject("Object Repository/Apply Leave/Page_OrangeHRM/input_From_leaveListcalFromDate"), from): Text '2021-09-02' is set on object 'Object Repository/Apply Leave/Page_OrangeHRM/input_From_leaveListcalFromDate'

2021-08-19 21:40:25 - [MESSAGE][PASSED] - Text '2021-09-02' is set on object 'Object Repository/Apply Leave/Page_OrangeHRM/input_From_leaveListcalFromDate'

2021-08-19 21:40:25 - [TEST_STEP][PASSED] - sendKeys(findTestObject("Object Repository/Apply Leave/Page_OrangeHRM/input_From_leaveListcalFromDate"), Keys.chord(ENTER)): Keys 'ENTER + ' sent to object: 'Object Repository/Apply Leave/Page_OrangeHRM/input_From_leaveListcalFromDate'

2021-08-19 21:40:25 - [MESSAGE][PASSED] - Keys 'ENTER + ' sent to object: 'Object Repository/Apply Leave/Page_OrangeHRM/input_From_leaveListcalFromDate'

2021-08-19 21:40:25 - [TEST_STEP][PASSED] - setText(findTestObject("Object Repository/Apply Leave/Page_OrangeHRM/input_To_leaveListcalToDate"), to): Text '2021-09-03' is set on object 'Object Repository/Apply Leave/Page_OrangeHRM/input_To_leaveListcalToDate'

2021-08-19 21:40:26 - [MESSAGE][PASSED] - Text '2021-09-03' is set on object 'Object Repository/Apply Leave/Page_OrangeHRM/input_To_leaveListcalToDate'

2021-08-19 21:40:26 - [TEST_STEP][PASSED] - sendKeys(findTestObject("Object Repository/Apply Leave/Page_OrangeHRM/input_To_leaveListcalToDate"), Keys.chord(ENTER)): Keys 'ENTER + ' sent to object: 'Object Repository/Apply Leave/Page_OrangeHRM/input_To_leaveListcalToDate'

2021-08-19 21:40:27 - [MESSAGE][PASSED] - Keys 'ENTER + ' sent to object: 'Object Repository/Apply Leave/Page_OrangeHRM/input_To_leaveListcalToDate'

2021-08-19 21:40:27 - [TEST_STEP][PASSED] - uncheck(findTestObject("Object Repository/Apply Leave/Page_OrangeHRM/input_All_leaveList_chkSearchFilter_checkbo_a698f3")): Object 'Object Repository/Apply Leave/Page_OrangeHRM/input_All_leaveList_chkSearchFilter_checkbo_a698f3' is un-checked

2021-08-19 21:40:27 - [MESSAGE][PASSED] - Object 'Object Repository/Apply Leave/Page_OrangeHRM/input_All_leaveList_chkSearchFilter_checkbo_a698f3' is un-checked

2021-08-19 21:40:27 - [TEST_STEP][PASSED] - check(findTestObject("Object Repository/Apply Leave/Page_OrangeHRM/input_Pending Approval_leaveListchkSearchFilter")): Object 'Object Repository/Apply Leave/Page_OrangeHRM/input_Pending Approval_leaveListchkSearchFilter' is checked

2021-08-19 21:40:27 - [MESSAGE][PASSED] - Object 'Object Repository/Apply Leave/Page_OrangeHRM/input_Pending Approval_leaveListchkSearchFilter' is checked

2021-08-19 21:40:27 - [TEST_STEP][PASSED] - click(findTestObject("Object Repository/Apply Leave/Page_OrangeHRM/input_Taken_btnSearch")): Object: 'Object Repository/Apply Leave/Page_OrangeHRM/input_Taken_btnSearch' is clicked on

2021-08-19 21:40:28 - [MESSAGE][PASSED] - Object: 'Object Repository/Apply Leave/Page_OrangeHRM/input_Taken_btnSearch' is clicked on

2021-08-19 21:40:28 - [TEST_STEP][PASSED] - scrollToElement(findTestObject("Apply Leave/Page_OrangeHRM/th_Date"), 0): Scroll to object 'Object Repository/Apply Leave/Page_OrangeHRM/th_Date' successfully

2021-08-19 21:40:28 - [MESSAGE][WARNING] - Timeout '0' is invalid. Using default page load timeout: '30'

2021-08-19 21:40:29 - [MESSAGE][PASSED] - Scroll to object 'Object Repository/Apply Leave/Page_OrangeHRM/th_Date' successfully

2021-08-19 21:40:29 - [TEST_STEP][PASSED] - takeScreenshot(): Taking screenshot successfully

2021-08-19 21:40:30 - [MESSAGE][PASSED] - Taking screenshot successfully
[[ATTACHMENT|C:\\Users\\nguye\\Katalon Studio\\OrangeHRM\\Reports\\20210819_213101\\Apply Leave\\20210819_213101\\1629384029974.png]]

2021-08-19 21:40:30 - [TEST_STEP][PASSED] - if (days.equals("")): null

2021-08-19 21:40:30 - [TEST_STEP][PASSED] - else: Actual text 'Pending Approval(1.50)' and expected text 'Pending Approval(1.50)' are matched 

2021-08-19 21:40:30 - [TEST_STEP][PASSED] - verifyMatch(getText(findTestObject("Object Repository/Apply Leave/Page_OrangeHRM/a_2021-09-02 to 2021-09-03")), date, false, STOP_ON_FAILURE): Actual text '2021-09-02 to 2021-09-03' and expected text '2021-09-02 to 2021-09-03' are matched 

2021-08-19 21:40:30 - [MESSAGE][PASSED] - Text of object 'Object Repository/Apply Leave/Page_OrangeHRM/a_2021-09-02 to 2021-09-03' is: '2021-09-02 to 2021-09-03'

2021-08-19 21:40:30 - [MESSAGE][PASSED] - Actual text '2021-09-02 to 2021-09-03' and expected text '2021-09-02 to 2021-09-03' are matched 

2021-08-19 21:40:30 - [TEST_STEP][PASSED] - verifyMatch(getText(findTestObject("Object Repository/Apply Leave/Page_OrangeHRM/a_Rachel Morris")), fullName, false, STOP_ON_FAILURE): Actual text 'Rachel Morris' and expected text 'Rachel Morris' are matched 

2021-08-19 21:40:30 - [MESSAGE][PASSED] - Text of object 'Object Repository/Apply Leave/Page_OrangeHRM/a_Rachel Morris' is: 'Rachel Morris'

2021-08-19 21:40:30 - [MESSAGE][PASSED] - Actual text 'Rachel Morris' and expected text 'Rachel Morris' are matched 

2021-08-19 21:40:30 - [TEST_STEP][PASSED] - verifyMatch(getText(findTestObject("Object Repository/Apply Leave/Page_OrangeHRM/td_Personal")), leaveType, false, STOP_ON_FAILURE): Actual text 'Personal' and expected text 'Personal' are matched 

2021-08-19 21:40:31 - [MESSAGE][PASSED] - Text of object 'Object Repository/Apply Leave/Page_OrangeHRM/td_Personal' is: 'Personal'

2021-08-19 21:40:31 - [MESSAGE][PASSED] - Actual text 'Personal' and expected text 'Personal' are matched 

2021-08-19 21:40:31 - [TEST_STEP][PASSED] - verifyMatch(25"))).toString(), parseDouble(days).toString(), false, STOP_ON_FAILURE): Actual text '48.5' and expected text '48.5' are matched 

2021-08-19 21:40:31 - [MESSAGE][PASSED] - Text of object 'Object Repository/Apply Leave/Page_OrangeHRM/td_49.25' is: '48.50'

2021-08-19 21:40:31 - [MESSAGE][PASSED] - Actual text '48.5' and expected text '48.5' are matched 

2021-08-19 21:40:31 - [TEST_STEP][PASSED] - verifyMatch(getText(findTestObject("Object Repository/Apply Leave/Page_OrangeHRM/td_0.75")), days, false, STOP_ON_FAILURE): Actual text '1.50' and expected text '1.50' are matched 

2021-08-19 21:40:31 - [MESSAGE][PASSED] - Text of object 'Object Repository/Apply Leave/Page_OrangeHRM/td_0.75' is: '1.50'

2021-08-19 21:40:31 - [MESSAGE][PASSED] - Actual text '1.50' and expected text '1.50' are matched 

2021-08-19 21:40:31 - [TEST_STEP][PASSED] - verifyMatch(getText(findTestObject("Object Repository/Apply Leave/Page_OrangeHRM/a_Pending Approval(0.75)")), status + "(" + days + ")", false, STOP_ON_FAILURE): Actual text 'Pending Approval(1.50)' and expected text 'Pending Approval(1.50)' are matched 

2021-08-19 21:40:32 - [MESSAGE][PASSED] - Text of object 'Object Repository/Apply Leave/Page_OrangeHRM/a_Pending Approval(0.75)' is: 'Pending Approval(1.50)'

2021-08-19 21:40:32 - [MESSAGE][PASSED] - Actual text 'Pending Approval(1.50)' and expected text 'Pending Approval(1.50)' are matched]]></system-out>
         <system-err><![CDATA[]]></system-err>
      </testcase>
      <testcase name="Test Cases/Apply Leave" time="34.218" classname="Test Cases/Apply Leave" status="PASSED">
         <system-out><![CDATA[2021-08-19 21:40:34 - [TEST_CASE][PASSED] - Test Cases/Apply Leave: Test Cases/Apply Leave

2021-08-19 21:40:34 - [TEST_STEP][PASSED] - com.database.mysql.connectDB("localhost", "orangehrm_mysql", "3306", "root", null): com.database.mysql.connectDB is PASSED

2021-08-19 21:40:34 - [MESSAGE][PASSED] - com.database.mysql.connectDB is PASSED

2021-08-19 21:40:34 - [TEST_STEP][PASSED] - com.database.mysql.execute("DELETE FROM `ohrm_leave_request` WHERE `emp_number`=3 AND `date_applied`='2021-09-02' AND `leave_type_id` = 3"): com.database.mysql.execute is PASSED

2021-08-19 21:40:34 - [MESSAGE][PASSED] - com.database.mysql.execute is PASSED

2021-08-19 21:40:34 - [TEST_STEP][PASSED] - com.database.mysql.execute("DELETE FROM `ohrm_leave` WHERE `emp_number` = 3 AND `leave_type_id`=3 and (`date`='2021-09-02' or `date`='2021-09-03') "): com.database.mysql.execute is PASSED

2021-08-19 21:40:34 - [MESSAGE][PASSED] - com.database.mysql.execute is PASSED

2021-08-19 21:40:34 - [TEST_STEP][PASSED] - com.database.mysql.closeDatabaseConnection(): com.database.mysql.closeDatabaseConnection is PASSED

2021-08-19 21:40:34 - [MESSAGE][PASSED] - com.database.mysql.closeDatabaseConnection is PASSED

2021-08-19 21:40:34 - [TEST_STEP][PASSED] - navigateToUrl("http://localhost/orangehrm/symfony/web/index.php/dashboard"): Navigate to 'http://localhost/orangehrm/symfony/web/index.php/dashboard' successfully

2021-08-19 21:40:35 - [MESSAGE][PASSED] - Navigate to 'http://localhost/orangehrm/symfony/web/index.php/dashboard' successfully

2021-08-19 21:40:35 - [TEST_STEP][PASSED] - click(findTestObject("Object Repository/Apply Leave/Page_OrangeHRM/img")): Object: 'Object Repository/Apply Leave/Page_OrangeHRM/img' is clicked on

2021-08-19 21:40:36 - [MESSAGE][PASSED] - Object: 'Object Repository/Apply Leave/Page_OrangeHRM/img' is clicked on

2021-08-19 21:40:36 - [TEST_STEP][PASSED] - selectOptionByValue(findTestObject("Object Repository/Apply Leave/Page_OrangeHRM/select_--Select--MarriageMaternityPersonalS_480ad7"), "3", true): All options with value '3' are selected in object 'Object Repository/Apply Leave/Page_OrangeHRM/select_--Select--MarriageMaternityPersonalS_480ad7'  using regular expression

2021-08-19 21:40:37 - [MESSAGE][PASSED] - All options with value '3' are selected in object 'Object Repository/Apply Leave/Page_OrangeHRM/select_--Select--MarriageMaternityPersonalS_480ad7'  using regular expression

2021-08-19 21:40:37 - [TEST_STEP][PASSED] - setText(findTestObject("Object Repository/Apply Leave/Page_OrangeHRM/input__applyleavetxtFromDate"), from): Text '2021-09-02' is set on object 'Object Repository/Apply Leave/Page_OrangeHRM/input__applyleavetxtFromDate'

2021-08-19 21:40:39 - [MESSAGE][PASSED] - Text '2021-09-02' is set on object 'Object Repository/Apply Leave/Page_OrangeHRM/input__applyleavetxtFromDate'

2021-08-19 21:40:39 - [TEST_STEP][PASSED] - sendKeys(findTestObject("Object Repository/Apply Leave/Page_OrangeHRM/input__applyleavetxtFromDate"), Keys.chord(ENTER)): Keys 'ENTER + ' sent to object: 'Object Repository/Apply Leave/Page_OrangeHRM/input__applyleavetxtFromDate'

2021-08-19 21:40:39 - [MESSAGE][PASSED] - Keys 'ENTER + ' sent to object: 'Object Repository/Apply Leave/Page_OrangeHRM/input__applyleavetxtFromDate'

2021-08-19 21:40:39 - [TEST_STEP][PASSED] - setText(findTestObject("Object Repository/Apply Leave/Page_OrangeHRM/input__applyleavetxtToDate"), to): Text '2021-09-03' is set on object 'Object Repository/Apply Leave/Page_OrangeHRM/input__applyleavetxtToDate'

2021-08-19 21:40:40 - [MESSAGE][PASSED] - Text '2021-09-03' is set on object 'Object Repository/Apply Leave/Page_OrangeHRM/input__applyleavetxtToDate'

2021-08-19 21:40:40 - [TEST_STEP][PASSED] - sendKeys(findTestObject("Object Repository/Apply Leave/Page_OrangeHRM/input__applyleavetxtToDate"), Keys.chord(ENTER)): Keys 'ENTER + ' sent to object: 'Object Repository/Apply Leave/Page_OrangeHRM/input__applyleavetxtToDate'

2021-08-19 21:40:41 - [MESSAGE][PASSED] - Keys 'ENTER + ' sent to object: 'Object Repository/Apply Leave/Page_OrangeHRM/input__applyleavetxtToDate'

2021-08-19 21:40:41 - [TEST_STEP][PASSED] - if (from.equals(to)): null

2021-08-19 21:40:41 - [TEST_STEP][PASSED] - else: null

2021-08-19 21:40:41 - [TEST_STEP][PASSED] - selectOptionByValue(findTestObject("Object Repository/Apply Leave/Page_OrangeHRM/select_NoneAll DaysStart Day OnlyEnd Day On_3e5258"), partialDays, true): All options with value 'start' are selected in object 'Object Repository/Apply Leave/Page_OrangeHRM/select_NoneAll DaysStart Day OnlyEnd Day On_3e5258'  using regular expression

2021-08-19 21:40:43 - [MESSAGE][PASSED] - All options with value 'start' are selected in object 'Object Repository/Apply Leave/Page_OrangeHRM/select_NoneAll DaysStart Day OnlyEnd Day On_3e5258'  using regular expression

2021-08-19 21:40:43 - [TEST_STEP][PASSED] - if (partialDays.equals("all") || partialDays.equals("start")): All options with value '08:00' are selected in object 'Object Repository/Apply Leave/Page_OrangeHRM/select_000000150030004501000115013001450200_bef9c6_1_2_3'  using regular expression

2021-08-19 21:40:43 - [TEST_STEP][PASSED] - selectOptionByValue(findTestObject("Object Repository/Apply Leave/Page_OrangeHRM/applyleave_firstDuration_duration"), duration1, true): All options with value 'specify_time' are selected in object 'Object Repository/Apply Leave/Page_OrangeHRM/applyleave_firstDuration_duration'  using regular expression

2021-08-19 21:40:44 - [MESSAGE][PASSED] - All options with value 'specify_time' are selected in object 'Object Repository/Apply Leave/Page_OrangeHRM/applyleave_firstDuration_duration'  using regular expression

2021-08-19 21:40:44 - [TEST_STEP][PASSED] - if (duration1.equals("half_day")): null

2021-08-19 21:40:44 - [TEST_STEP][PASSED] - if (duration1.equals("specify_time")): All options with value '08:00' are selected in object 'Object Repository/Apply Leave/Page_OrangeHRM/select_000000150030004501000115013001450200_bef9c6_1_2_3'  using regular expression

2021-08-19 21:40:44 - [TEST_STEP][PASSED] - selectOptionByValue(findTestObject("Object Repository/Apply Leave/Page_OrangeHRM/select_000000150030004501000115013001450200_bef9c6_1_2"), duration2, true): All options with value '09:00' are selected in object 'Object Repository/Apply Leave/Page_OrangeHRM/select_000000150030004501000115013001450200_bef9c6_1_2'  using regular expression

2021-08-19 21:40:47 - [MESSAGE][PASSED] - All options with value '09:00' are selected in object 'Object Repository/Apply Leave/Page_OrangeHRM/select_000000150030004501000115013001450200_bef9c6_1_2'  using regular expression

2021-08-19 21:40:47 - [TEST_STEP][PASSED] - selectOptionByValue(findTestObject("Object Repository/Apply Leave/Page_OrangeHRM/select_000000150030004501000115013001450200_bef9c6_1_2_3"), duration3, true): All options with value '08:00' are selected in object 'Object Repository/Apply Leave/Page_OrangeHRM/select_000000150030004501000115013001450200_bef9c6_1_2_3'  using regular expression

2021-08-19 21:40:50 - [MESSAGE][PASSED] - All options with value '08:00' are selected in object 'Object Repository/Apply Leave/Page_OrangeHRM/select_000000150030004501000115013001450200_bef9c6_1_2_3'  using regular expression

2021-08-19 21:40:50 - [TEST_STEP][PASSED] - if (partialDays.equals("end")): null

2021-08-19 21:40:50 - [TEST_STEP][PASSED] - if (partialDays.equals("start_end")): null

2021-08-19 21:40:50 - [TEST_STEP][PASSED] - scrollToElement(findTestObject("Apply Leave/Page_OrangeHRM/input__applyBtn"), 0): Scroll to object 'Object Repository/Apply Leave/Page_OrangeHRM/input__applyBtn' successfully

2021-08-19 21:40:50 - [MESSAGE][WARNING] - Timeout '0' is invalid. Using default page load timeout: '30'

2021-08-19 21:40:50 - [MESSAGE][PASSED] - Scroll to object 'Object Repository/Apply Leave/Page_OrangeHRM/input__applyBtn' successfully

2021-08-19 21:40:50 - [TEST_STEP][PASSED] - takeScreenshot(): Taking screenshot successfully

2021-08-19 21:40:50 - [MESSAGE][PASSED] - Taking screenshot successfully
[[ATTACHMENT|C:\\Users\\nguye\\Katalon Studio\\OrangeHRM\\Reports\\20210819_213101\\Apply Leave\\20210819_213101\\1629384050754.png]]

2021-08-19 21:40:50 - [TEST_STEP][PASSED] - click(findTestObject("Object Repository/Apply Leave/Page_OrangeHRM/input__applyBtn")): Object: 'Object Repository/Apply Leave/Page_OrangeHRM/input__applyBtn' is clicked on

2021-08-19 21:40:51 - [MESSAGE][PASSED] - Object: 'Object Repository/Apply Leave/Page_OrangeHRM/input__applyBtn' is clicked on

2021-08-19 21:40:51 - [TEST_STEP][PASSED] - navigateToUrl("http://localhost/orangehrm/symfony/web/index.php/leave/viewMyLeaveList/reset/1"): Navigate to 'http://localhost/orangehrm/symfony/web/index.php/leave/viewMyLeaveList/reset/1' successfully

2021-08-19 21:40:51 - [MESSAGE][PASSED] - Navigate to 'http://localhost/orangehrm/symfony/web/index.php/leave/viewMyLeaveList/reset/1' successfully

2021-08-19 21:40:51 - [TEST_STEP][PASSED] - setText(findTestObject("Object Repository/Apply Leave/Page_OrangeHRM/input_From_leaveListcalFromDate"), from): Text '2021-09-02' is set on object 'Object Repository/Apply Leave/Page_OrangeHRM/input_From_leaveListcalFromDate'

2021-08-19 21:40:53 - [MESSAGE][PASSED] - Text '2021-09-02' is set on object 'Object Repository/Apply Leave/Page_OrangeHRM/input_From_leaveListcalFromDate'

2021-08-19 21:40:53 - [TEST_STEP][PASSED] - sendKeys(findTestObject("Object Repository/Apply Leave/Page_OrangeHRM/input_From_leaveListcalFromDate"), Keys.chord(ENTER)): Keys 'ENTER + ' sent to object: 'Object Repository/Apply Leave/Page_OrangeHRM/input_From_leaveListcalFromDate'

2021-08-19 21:40:53 - [MESSAGE][PASSED] - Keys 'ENTER + ' sent to object: 'Object Repository/Apply Leave/Page_OrangeHRM/input_From_leaveListcalFromDate'

2021-08-19 21:40:53 - [TEST_STEP][PASSED] - setText(findTestObject("Object Repository/Apply Leave/Page_OrangeHRM/input_To_leaveListcalToDate"), to): Text '2021-09-03' is set on object 'Object Repository/Apply Leave/Page_OrangeHRM/input_To_leaveListcalToDate'

2021-08-19 21:40:55 - [MESSAGE][PASSED] - Text '2021-09-03' is set on object 'Object Repository/Apply Leave/Page_OrangeHRM/input_To_leaveListcalToDate'

2021-08-19 21:40:55 - [TEST_STEP][PASSED] - sendKeys(findTestObject("Object Repository/Apply Leave/Page_OrangeHRM/input_To_leaveListcalToDate"), Keys.chord(ENTER)): Keys 'ENTER + ' sent to object: 'Object Repository/Apply Leave/Page_OrangeHRM/input_To_leaveListcalToDate'

2021-08-19 21:40:56 - [MESSAGE][PASSED] - Keys 'ENTER + ' sent to object: 'Object Repository/Apply Leave/Page_OrangeHRM/input_To_leaveListcalToDate'

2021-08-19 21:40:56 - [TEST_STEP][PASSED] - uncheck(findTestObject("Object Repository/Apply Leave/Page_OrangeHRM/input_All_leaveList_chkSearchFilter_checkbo_a698f3")): Object 'Object Repository/Apply Leave/Page_OrangeHRM/input_All_leaveList_chkSearchFilter_checkbo_a698f3' is un-checked

2021-08-19 21:40:58 - [MESSAGE][PASSED] - Object 'Object Repository/Apply Leave/Page_OrangeHRM/input_All_leaveList_chkSearchFilter_checkbo_a698f3' is un-checked

2021-08-19 21:40:58 - [TEST_STEP][PASSED] - check(findTestObject("Object Repository/Apply Leave/Page_OrangeHRM/input_Pending Approval_leaveListchkSearchFilter")): Object 'Object Repository/Apply Leave/Page_OrangeHRM/input_Pending Approval_leaveListchkSearchFilter' is checked

2021-08-19 21:41:00 - [MESSAGE][PASSED] - Object 'Object Repository/Apply Leave/Page_OrangeHRM/input_Pending Approval_leaveListchkSearchFilter' is checked

2021-08-19 21:41:00 - [TEST_STEP][PASSED] - click(findTestObject("Object Repository/Apply Leave/Page_OrangeHRM/input_Taken_btnSearch")): Object: 'Object Repository/Apply Leave/Page_OrangeHRM/input_Taken_btnSearch' is clicked on

2021-08-19 21:41:04 - [MESSAGE][PASSED] - Object: 'Object Repository/Apply Leave/Page_OrangeHRM/input_Taken_btnSearch' is clicked on

2021-08-19 21:41:04 - [TEST_STEP][PASSED] - scrollToElement(findTestObject("Apply Leave/Page_OrangeHRM/th_Date"), 0): Scroll to object 'Object Repository/Apply Leave/Page_OrangeHRM/th_Date' successfully

2021-08-19 21:41:04 - [MESSAGE][WARNING] - Timeout '0' is invalid. Using default page load timeout: '30'

2021-08-19 21:41:05 - [MESSAGE][PASSED] - Scroll to object 'Object Repository/Apply Leave/Page_OrangeHRM/th_Date' successfully

2021-08-19 21:41:05 - [TEST_STEP][PASSED] - takeScreenshot(): Taking screenshot successfully

2021-08-19 21:41:05 - [MESSAGE][PASSED] - Taking screenshot successfully
[[ATTACHMENT|C:\\Users\\nguye\\Katalon Studio\\OrangeHRM\\Reports\\20210819_213101\\Apply Leave\\20210819_213101\\1629384065490.png]]

2021-08-19 21:41:05 - [TEST_STEP][PASSED] - if (days.equals("")): Actual text 'No Records Found' and expected text 'No Records Found' are matched 

2021-08-19 21:41:05 - [TEST_STEP][PASSED] - verifyMatch(getText(findTestObject("Object Repository/Apply Leave/Page_OrangeHRM/td_No Records Found")), "No Records Found", false, STOP_ON_FAILURE): Actual text 'No Records Found' and expected text 'No Records Found' are matched 

2021-08-19 21:41:06 - [MESSAGE][PASSED] - Text of object 'Object Repository/Apply Leave/Page_OrangeHRM/td_No Records Found' is: 'No Records Found'

2021-08-19 21:41:06 - [MESSAGE][PASSED] - Actual text 'No Records Found' and expected text 'No Records Found' are matched]]></system-out>
         <system-err><![CDATA[]]></system-err>
      </testcase>
      <testcase name="Test Cases/Apply Leave" time="27.083" classname="Test Cases/Apply Leave" status="PASSED">
         <system-out><![CDATA[2021-08-19 21:41:08 - [TEST_CASE][PASSED] - Test Cases/Apply Leave: Test Cases/Apply Leave

2021-08-19 21:41:09 - [TEST_STEP][PASSED] - com.database.mysql.connectDB("localhost", "orangehrm_mysql", "3306", "root", null): com.database.mysql.connectDB is PASSED

2021-08-19 21:41:09 - [MESSAGE][PASSED] - com.database.mysql.connectDB is PASSED

2021-08-19 21:41:09 - [TEST_STEP][PASSED] - com.database.mysql.execute("DELETE FROM `ohrm_leave_request` WHERE `emp_number`=3 AND `date_applied`='2021-09-02' AND `leave_type_id` = 3"): com.database.mysql.execute is PASSED

2021-08-19 21:41:09 - [MESSAGE][PASSED] - com.database.mysql.execute is PASSED

2021-08-19 21:41:09 - [TEST_STEP][PASSED] - com.database.mysql.execute("DELETE FROM `ohrm_leave` WHERE `emp_number` = 3 AND `leave_type_id`=3 and (`date`='2021-09-02' or `date`='2021-09-03') "): com.database.mysql.execute is PASSED

2021-08-19 21:41:09 - [MESSAGE][PASSED] - com.database.mysql.execute is PASSED

2021-08-19 21:41:09 - [TEST_STEP][PASSED] - com.database.mysql.closeDatabaseConnection(): com.database.mysql.closeDatabaseConnection is PASSED

2021-08-19 21:41:09 - [MESSAGE][PASSED] - com.database.mysql.closeDatabaseConnection is PASSED

2021-08-19 21:41:09 - [TEST_STEP][PASSED] - navigateToUrl("http://localhost/orangehrm/symfony/web/index.php/dashboard"): Navigate to 'http://localhost/orangehrm/symfony/web/index.php/dashboard' successfully

2021-08-19 21:41:10 - [MESSAGE][PASSED] - Navigate to 'http://localhost/orangehrm/symfony/web/index.php/dashboard' successfully

2021-08-19 21:41:10 - [TEST_STEP][PASSED] - click(findTestObject("Object Repository/Apply Leave/Page_OrangeHRM/img")): Object: 'Object Repository/Apply Leave/Page_OrangeHRM/img' is clicked on

2021-08-19 21:41:11 - [MESSAGE][PASSED] - Object: 'Object Repository/Apply Leave/Page_OrangeHRM/img' is clicked on

2021-08-19 21:41:11 - [TEST_STEP][PASSED] - selectOptionByValue(findTestObject("Object Repository/Apply Leave/Page_OrangeHRM/select_--Select--MarriageMaternityPersonalS_480ad7"), "3", true): All options with value '3' are selected in object 'Object Repository/Apply Leave/Page_OrangeHRM/select_--Select--MarriageMaternityPersonalS_480ad7'  using regular expression

2021-08-19 21:41:13 - [MESSAGE][PASSED] - All options with value '3' are selected in object 'Object Repository/Apply Leave/Page_OrangeHRM/select_--Select--MarriageMaternityPersonalS_480ad7'  using regular expression

2021-08-19 21:41:13 - [TEST_STEP][PASSED] - setText(findTestObject("Object Repository/Apply Leave/Page_OrangeHRM/input__applyleavetxtFromDate"), from): Text '2021-09-02' is set on object 'Object Repository/Apply Leave/Page_OrangeHRM/input__applyleavetxtFromDate'

2021-08-19 21:41:14 - [MESSAGE][PASSED] - Text '2021-09-02' is set on object 'Object Repository/Apply Leave/Page_OrangeHRM/input__applyleavetxtFromDate'

2021-08-19 21:41:14 - [TEST_STEP][PASSED] - sendKeys(findTestObject("Object Repository/Apply Leave/Page_OrangeHRM/input__applyleavetxtFromDate"), Keys.chord(ENTER)): Keys 'ENTER + ' sent to object: 'Object Repository/Apply Leave/Page_OrangeHRM/input__applyleavetxtFromDate'

2021-08-19 21:41:15 - [MESSAGE][PASSED] - Keys 'ENTER + ' sent to object: 'Object Repository/Apply Leave/Page_OrangeHRM/input__applyleavetxtFromDate'

2021-08-19 21:41:15 - [TEST_STEP][PASSED] - setText(findTestObject("Object Repository/Apply Leave/Page_OrangeHRM/input__applyleavetxtToDate"), to): Text '2021-09-03' is set on object 'Object Repository/Apply Leave/Page_OrangeHRM/input__applyleavetxtToDate'

2021-08-19 21:41:16 - [MESSAGE][PASSED] - Text '2021-09-03' is set on object 'Object Repository/Apply Leave/Page_OrangeHRM/input__applyleavetxtToDate'

2021-08-19 21:41:16 - [TEST_STEP][PASSED] - sendKeys(findTestObject("Object Repository/Apply Leave/Page_OrangeHRM/input__applyleavetxtToDate"), Keys.chord(ENTER)): Keys 'ENTER + ' sent to object: 'Object Repository/Apply Leave/Page_OrangeHRM/input__applyleavetxtToDate'

2021-08-19 21:41:17 - [MESSAGE][PASSED] - Keys 'ENTER + ' sent to object: 'Object Repository/Apply Leave/Page_OrangeHRM/input__applyleavetxtToDate'

2021-08-19 21:41:17 - [TEST_STEP][PASSED] - if (from.equals(to)): null

2021-08-19 21:41:17 - [TEST_STEP][PASSED] - else: null

2021-08-19 21:41:17 - [TEST_STEP][PASSED] - selectOptionByValue(findTestObject("Object Repository/Apply Leave/Page_OrangeHRM/select_NoneAll DaysStart Day OnlyEnd Day On_3e5258"), partialDays, true): All options with value 'start' are selected in object 'Object Repository/Apply Leave/Page_OrangeHRM/select_NoneAll DaysStart Day OnlyEnd Day On_3e5258'  using regular expression

2021-08-19 21:41:18 - [MESSAGE][PASSED] - All options with value 'start' are selected in object 'Object Repository/Apply Leave/Page_OrangeHRM/select_NoneAll DaysStart Day OnlyEnd Day On_3e5258'  using regular expression

2021-08-19 21:41:18 - [TEST_STEP][PASSED] - if (partialDays.equals("all") || partialDays.equals("start")): All options with value '09:00' are selected in object 'Object Repository/Apply Leave/Page_OrangeHRM/select_000000150030004501000115013001450200_bef9c6_1_2_3'  using regular expression

2021-08-19 21:41:18 - [TEST_STEP][PASSED] - selectOptionByValue(findTestObject("Object Repository/Apply Leave/Page_OrangeHRM/applyleave_firstDuration_duration"), duration1, true): All options with value 'specify_time' are selected in object 'Object Repository/Apply Leave/Page_OrangeHRM/applyleave_firstDuration_duration'  using regular expression

2021-08-19 21:41:19 - [MESSAGE][PASSED] - All options with value 'specify_time' are selected in object 'Object Repository/Apply Leave/Page_OrangeHRM/applyleave_firstDuration_duration'  using regular expression

2021-08-19 21:41:19 - [TEST_STEP][PASSED] - if (duration1.equals("half_day")): null

2021-08-19 21:41:19 - [TEST_STEP][PASSED] - if (duration1.equals("specify_time")): All options with value '09:00' are selected in object 'Object Repository/Apply Leave/Page_OrangeHRM/select_000000150030004501000115013001450200_bef9c6_1_2_3'  using regular expression

2021-08-19 21:41:19 - [TEST_STEP][PASSED] - selectOptionByValue(findTestObject("Object Repository/Apply Leave/Page_OrangeHRM/select_000000150030004501000115013001450200_bef9c6_1_2"), duration2, true): All options with value '09:00' are selected in object 'Object Repository/Apply Leave/Page_OrangeHRM/select_000000150030004501000115013001450200_bef9c6_1_2'  using regular expression

2021-08-19 21:41:22 - [MESSAGE][PASSED] - All options with value '09:00' are selected in object 'Object Repository/Apply Leave/Page_OrangeHRM/select_000000150030004501000115013001450200_bef9c6_1_2'  using regular expression

2021-08-19 21:41:22 - [TEST_STEP][PASSED] - selectOptionByValue(findTestObject("Object Repository/Apply Leave/Page_OrangeHRM/select_000000150030004501000115013001450200_bef9c6_1_2_3"), duration3, true): All options with value '09:00' are selected in object 'Object Repository/Apply Leave/Page_OrangeHRM/select_000000150030004501000115013001450200_bef9c6_1_2_3'  using regular expression

2021-08-19 21:41:25 - [MESSAGE][PASSED] - All options with value '09:00' are selected in object 'Object Repository/Apply Leave/Page_OrangeHRM/select_000000150030004501000115013001450200_bef9c6_1_2_3'  using regular expression

2021-08-19 21:41:25 - [TEST_STEP][PASSED] - if (partialDays.equals("end")): null

2021-08-19 21:41:25 - [TEST_STEP][PASSED] - if (partialDays.equals("start_end")): null

2021-08-19 21:41:25 - [TEST_STEP][PASSED] - scrollToElement(findTestObject("Apply Leave/Page_OrangeHRM/input__applyBtn"), 0): Scroll to object 'Object Repository/Apply Leave/Page_OrangeHRM/input__applyBtn' successfully

2021-08-19 21:41:25 - [MESSAGE][WARNING] - Timeout '0' is invalid. Using default page load timeout: '30'

2021-08-19 21:41:26 - [MESSAGE][PASSED] - Scroll to object 'Object Repository/Apply Leave/Page_OrangeHRM/input__applyBtn' successfully

2021-08-19 21:41:26 - [TEST_STEP][PASSED] - takeScreenshot(): Taking screenshot successfully

2021-08-19 21:41:26 - [MESSAGE][PASSED] - Taking screenshot successfully
[[ATTACHMENT|C:\\Users\\nguye\\Katalon Studio\\OrangeHRM\\Reports\\20210819_213101\\Apply Leave\\20210819_213101\\1629384086475.png]]

2021-08-19 21:41:26 - [TEST_STEP][PASSED] - click(findTestObject("Object Repository/Apply Leave/Page_OrangeHRM/input__applyBtn")): Object: 'Object Repository/Apply Leave/Page_OrangeHRM/input__applyBtn' is clicked on

2021-08-19 21:41:27 - [MESSAGE][PASSED] - Object: 'Object Repository/Apply Leave/Page_OrangeHRM/input__applyBtn' is clicked on

2021-08-19 21:41:27 - [TEST_STEP][PASSED] - navigateToUrl("http://localhost/orangehrm/symfony/web/index.php/leave/viewMyLeaveList/reset/1"): Navigate to 'http://localhost/orangehrm/symfony/web/index.php/leave/viewMyLeaveList/reset/1' successfully

2021-08-19 21:41:27 - [MESSAGE][PASSED] - Navigate to 'http://localhost/orangehrm/symfony/web/index.php/leave/viewMyLeaveList/reset/1' successfully

2021-08-19 21:41:27 - [TEST_STEP][PASSED] - setText(findTestObject("Object Repository/Apply Leave/Page_OrangeHRM/input_From_leaveListcalFromDate"), from): Text '2021-09-02' is set on object 'Object Repository/Apply Leave/Page_OrangeHRM/input_From_leaveListcalFromDate'

2021-08-19 21:41:29 - [MESSAGE][PASSED] - Text '2021-09-02' is set on object 'Object Repository/Apply Leave/Page_OrangeHRM/input_From_leaveListcalFromDate'

2021-08-19 21:41:29 - [TEST_STEP][PASSED] - sendKeys(findTestObject("Object Repository/Apply Leave/Page_OrangeHRM/input_From_leaveListcalFromDate"), Keys.chord(ENTER)): Keys 'ENTER + ' sent to object: 'Object Repository/Apply Leave/Page_OrangeHRM/input_From_leaveListcalFromDate'

2021-08-19 21:41:29 - [MESSAGE][PASSED] - Keys 'ENTER + ' sent to object: 'Object Repository/Apply Leave/Page_OrangeHRM/input_From_leaveListcalFromDate'

2021-08-19 21:41:29 - [TEST_STEP][PASSED] - setText(findTestObject("Object Repository/Apply Leave/Page_OrangeHRM/input_To_leaveListcalToDate"), to): Text '2021-09-03' is set on object 'Object Repository/Apply Leave/Page_OrangeHRM/input_To_leaveListcalToDate'

2021-08-19 21:41:30 - [MESSAGE][PASSED] - Text '2021-09-03' is set on object 'Object Repository/Apply Leave/Page_OrangeHRM/input_To_leaveListcalToDate'

2021-08-19 21:41:30 - [TEST_STEP][PASSED] - sendKeys(findTestObject("Object Repository/Apply Leave/Page_OrangeHRM/input_To_leaveListcalToDate"), Keys.chord(ENTER)): Keys 'ENTER + ' sent to object: 'Object Repository/Apply Leave/Page_OrangeHRM/input_To_leaveListcalToDate'

2021-08-19 21:41:31 - [MESSAGE][PASSED] - Keys 'ENTER + ' sent to object: 'Object Repository/Apply Leave/Page_OrangeHRM/input_To_leaveListcalToDate'

2021-08-19 21:41:31 - [TEST_STEP][PASSED] - uncheck(findTestObject("Object Repository/Apply Leave/Page_OrangeHRM/input_All_leaveList_chkSearchFilter_checkbo_a698f3")): Object 'Object Repository/Apply Leave/Page_OrangeHRM/input_All_leaveList_chkSearchFilter_checkbo_a698f3' is un-checked

2021-08-19 21:41:31 - [MESSAGE][PASSED] - Object 'Object Repository/Apply Leave/Page_OrangeHRM/input_All_leaveList_chkSearchFilter_checkbo_a698f3' is un-checked

2021-08-19 21:41:31 - [TEST_STEP][PASSED] - check(findTestObject("Object Repository/Apply Leave/Page_OrangeHRM/input_Pending Approval_leaveListchkSearchFilter")): Object 'Object Repository/Apply Leave/Page_OrangeHRM/input_Pending Approval_leaveListchkSearchFilter' is checked

2021-08-19 21:41:31 - [MESSAGE][PASSED] - Object 'Object Repository/Apply Leave/Page_OrangeHRM/input_Pending Approval_leaveListchkSearchFilter' is checked

2021-08-19 21:41:31 - [TEST_STEP][PASSED] - click(findTestObject("Object Repository/Apply Leave/Page_OrangeHRM/input_Taken_btnSearch")): Object: 'Object Repository/Apply Leave/Page_OrangeHRM/input_Taken_btnSearch' is clicked on

2021-08-19 21:41:32 - [MESSAGE][PASSED] - Object: 'Object Repository/Apply Leave/Page_OrangeHRM/input_Taken_btnSearch' is clicked on

2021-08-19 21:41:32 - [TEST_STEP][PASSED] - scrollToElement(findTestObject("Apply Leave/Page_OrangeHRM/th_Date"), 0): Scroll to object 'Object Repository/Apply Leave/Page_OrangeHRM/th_Date' successfully

2021-08-19 21:41:32 - [MESSAGE][WARNING] - Timeout '0' is invalid. Using default page load timeout: '30'

2021-08-19 21:41:33 - [MESSAGE][PASSED] - Scroll to object 'Object Repository/Apply Leave/Page_OrangeHRM/th_Date' successfully

2021-08-19 21:41:33 - [TEST_STEP][PASSED] - takeScreenshot(): Taking screenshot successfully

2021-08-19 21:41:33 - [MESSAGE][PASSED] - Taking screenshot successfully
[[ATTACHMENT|C:\\Users\\nguye\\Katalon Studio\\OrangeHRM\\Reports\\20210819_213101\\Apply Leave\\20210819_213101\\1629384093471.png]]

2021-08-19 21:41:33 - [TEST_STEP][PASSED] - if (days.equals("")): Actual text 'No Records Found' and expected text 'No Records Found' are matched 

2021-08-19 21:41:33 - [TEST_STEP][PASSED] - verifyMatch(getText(findTestObject("Object Repository/Apply Leave/Page_OrangeHRM/td_No Records Found")), "No Records Found", false, STOP_ON_FAILURE): Actual text 'No Records Found' and expected text 'No Records Found' are matched 

2021-08-19 21:41:33 - [MESSAGE][PASSED] - Text of object 'Object Repository/Apply Leave/Page_OrangeHRM/td_No Records Found' is: 'No Records Found'

2021-08-19 21:41:33 - [MESSAGE][PASSED] - Actual text 'No Records Found' and expected text 'No Records Found' are matched]]></system-out>
         <system-err><![CDATA[]]></system-err>
      </testcase>
      <testcase name="Test Cases/Apply Leave" time="28.694" classname="Test Cases/Apply Leave" status="PASSED">
         <system-out><![CDATA[2021-08-19 21:41:36 - [TEST_CASE][PASSED] - Test Cases/Apply Leave: Test Cases/Apply Leave

2021-08-19 21:41:36 - [TEST_STEP][PASSED] - com.database.mysql.connectDB("localhost", "orangehrm_mysql", "3306", "root", null): com.database.mysql.connectDB is PASSED

2021-08-19 21:41:36 - [MESSAGE][PASSED] - com.database.mysql.connectDB is PASSED

2021-08-19 21:41:36 - [TEST_STEP][PASSED] - com.database.mysql.execute("DELETE FROM `ohrm_leave_request` WHERE `emp_number`=3 AND `date_applied`='2021-09-02' AND `leave_type_id` = 3"): com.database.mysql.execute is PASSED

2021-08-19 21:41:36 - [MESSAGE][PASSED] - com.database.mysql.execute is PASSED

2021-08-19 21:41:36 - [TEST_STEP][PASSED] - com.database.mysql.execute("DELETE FROM `ohrm_leave` WHERE `emp_number` = 3 AND `leave_type_id`=3 and (`date`='2021-09-02' or `date`='2021-09-03') "): com.database.mysql.execute is PASSED

2021-08-19 21:41:36 - [MESSAGE][PASSED] - com.database.mysql.execute is PASSED

2021-08-19 21:41:36 - [TEST_STEP][PASSED] - com.database.mysql.closeDatabaseConnection(): com.database.mysql.closeDatabaseConnection is PASSED

2021-08-19 21:41:36 - [MESSAGE][PASSED] - com.database.mysql.closeDatabaseConnection is PASSED

2021-08-19 21:41:36 - [TEST_STEP][PASSED] - navigateToUrl("http://localhost/orangehrm/symfony/web/index.php/dashboard"): Navigate to 'http://localhost/orangehrm/symfony/web/index.php/dashboard' successfully

2021-08-19 21:41:36 - [MESSAGE][PASSED] - Navigate to 'http://localhost/orangehrm/symfony/web/index.php/dashboard' successfully

2021-08-19 21:41:36 - [TEST_STEP][PASSED] - click(findTestObject("Object Repository/Apply Leave/Page_OrangeHRM/img")): Object: 'Object Repository/Apply Leave/Page_OrangeHRM/img' is clicked on

2021-08-19 21:41:37 - [MESSAGE][PASSED] - Object: 'Object Repository/Apply Leave/Page_OrangeHRM/img' is clicked on

2021-08-19 21:41:37 - [TEST_STEP][PASSED] - selectOptionByValue(findTestObject("Object Repository/Apply Leave/Page_OrangeHRM/select_--Select--MarriageMaternityPersonalS_480ad7"), "3", true): All options with value '3' are selected in object 'Object Repository/Apply Leave/Page_OrangeHRM/select_--Select--MarriageMaternityPersonalS_480ad7'  using regular expression

2021-08-19 21:41:38 - [MESSAGE][PASSED] - All options with value '3' are selected in object 'Object Repository/Apply Leave/Page_OrangeHRM/select_--Select--MarriageMaternityPersonalS_480ad7'  using regular expression

2021-08-19 21:41:38 - [TEST_STEP][PASSED] - setText(findTestObject("Object Repository/Apply Leave/Page_OrangeHRM/input__applyleavetxtFromDate"), from): Text '2021-09-02' is set on object 'Object Repository/Apply Leave/Page_OrangeHRM/input__applyleavetxtFromDate'

2021-08-19 21:41:40 - [MESSAGE][PASSED] - Text '2021-09-02' is set on object 'Object Repository/Apply Leave/Page_OrangeHRM/input__applyleavetxtFromDate'

2021-08-19 21:41:40 - [TEST_STEP][PASSED] - sendKeys(findTestObject("Object Repository/Apply Leave/Page_OrangeHRM/input__applyleavetxtFromDate"), Keys.chord(ENTER)): Keys 'ENTER + ' sent to object: 'Object Repository/Apply Leave/Page_OrangeHRM/input__applyleavetxtFromDate'

2021-08-19 21:41:40 - [MESSAGE][PASSED] - Keys 'ENTER + ' sent to object: 'Object Repository/Apply Leave/Page_OrangeHRM/input__applyleavetxtFromDate'

2021-08-19 21:41:40 - [TEST_STEP][PASSED] - setText(findTestObject("Object Repository/Apply Leave/Page_OrangeHRM/input__applyleavetxtToDate"), to): Text '2021-09-03' is set on object 'Object Repository/Apply Leave/Page_OrangeHRM/input__applyleavetxtToDate'

2021-08-19 21:41:42 - [MESSAGE][PASSED] - Text '2021-09-03' is set on object 'Object Repository/Apply Leave/Page_OrangeHRM/input__applyleavetxtToDate'

2021-08-19 21:41:42 - [TEST_STEP][PASSED] - sendKeys(findTestObject("Object Repository/Apply Leave/Page_OrangeHRM/input__applyleavetxtToDate"), Keys.chord(ENTER)): Keys 'ENTER + ' sent to object: 'Object Repository/Apply Leave/Page_OrangeHRM/input__applyleavetxtToDate'

2021-08-19 21:41:42 - [MESSAGE][PASSED] - Keys 'ENTER + ' sent to object: 'Object Repository/Apply Leave/Page_OrangeHRM/input__applyleavetxtToDate'

2021-08-19 21:41:42 - [TEST_STEP][PASSED] - if (from.equals(to)): null

2021-08-19 21:41:42 - [TEST_STEP][PASSED] - else: null

2021-08-19 21:41:42 - [TEST_STEP][PASSED] - selectOptionByValue(findTestObject("Object Repository/Apply Leave/Page_OrangeHRM/select_NoneAll DaysStart Day OnlyEnd Day On_3e5258"), partialDays, true): All options with value 'start' are selected in object 'Object Repository/Apply Leave/Page_OrangeHRM/select_NoneAll DaysStart Day OnlyEnd Day On_3e5258'  using regular expression

2021-08-19 21:41:44 - [MESSAGE][PASSED] - All options with value 'start' are selected in object 'Object Repository/Apply Leave/Page_OrangeHRM/select_NoneAll DaysStart Day OnlyEnd Day On_3e5258'  using regular expression

2021-08-19 21:41:44 - [TEST_STEP][PASSED] - if (partialDays.equals("all") || partialDays.equals("start")): All options with value '11:00' are selected in object 'Object Repository/Apply Leave/Page_OrangeHRM/select_000000150030004501000115013001450200_bef9c6_1_2_3'  using regular expression

2021-08-19 21:41:44 - [TEST_STEP][PASSED] - selectOptionByValue(findTestObject("Object Repository/Apply Leave/Page_OrangeHRM/applyleave_firstDuration_duration"), duration1, true): All options with value 'specify_time' are selected in object 'Object Repository/Apply Leave/Page_OrangeHRM/applyleave_firstDuration_duration'  using regular expression

2021-08-19 21:41:45 - [MESSAGE][PASSED] - All options with value 'specify_time' are selected in object 'Object Repository/Apply Leave/Page_OrangeHRM/applyleave_firstDuration_duration'  using regular expression

2021-08-19 21:41:45 - [TEST_STEP][PASSED] - if (duration1.equals("half_day")): null

2021-08-19 21:41:45 - [TEST_STEP][PASSED] - if (duration1.equals("specify_time")): All options with value '11:00' are selected in object 'Object Repository/Apply Leave/Page_OrangeHRM/select_000000150030004501000115013001450200_bef9c6_1_2_3'  using regular expression

2021-08-19 21:41:45 - [TEST_STEP][PASSED] - selectOptionByValue(findTestObject("Object Repository/Apply Leave/Page_OrangeHRM/select_000000150030004501000115013001450200_bef9c6_1_2"), duration2, true): All options with value '09:00' are selected in object 'Object Repository/Apply Leave/Page_OrangeHRM/select_000000150030004501000115013001450200_bef9c6_1_2'  using regular expression

2021-08-19 21:41:48 - [MESSAGE][PASSED] - All options with value '09:00' are selected in object 'Object Repository/Apply Leave/Page_OrangeHRM/select_000000150030004501000115013001450200_bef9c6_1_2'  using regular expression

2021-08-19 21:41:48 - [TEST_STEP][PASSED] - selectOptionByValue(findTestObject("Object Repository/Apply Leave/Page_OrangeHRM/select_000000150030004501000115013001450200_bef9c6_1_2_3"), duration3, true): All options with value '11:00' are selected in object 'Object Repository/Apply Leave/Page_OrangeHRM/select_000000150030004501000115013001450200_bef9c6_1_2_3'  using regular expression

2021-08-19 21:41:51 - [MESSAGE][PASSED] - All options with value '11:00' are selected in object 'Object Repository/Apply Leave/Page_OrangeHRM/select_000000150030004501000115013001450200_bef9c6_1_2_3'  using regular expression

2021-08-19 21:41:51 - [TEST_STEP][PASSED] - if (partialDays.equals("end")): null

2021-08-19 21:41:51 - [TEST_STEP][PASSED] - if (partialDays.equals("start_end")): null

2021-08-19 21:41:51 - [TEST_STEP][PASSED] - scrollToElement(findTestObject("Apply Leave/Page_OrangeHRM/input__applyBtn"), 0): Scroll to object 'Object Repository/Apply Leave/Page_OrangeHRM/input__applyBtn' successfully

2021-08-19 21:41:51 - [MESSAGE][WARNING] - Timeout '0' is invalid. Using default page load timeout: '30'

2021-08-19 21:41:51 - [MESSAGE][PASSED] - Scroll to object 'Object Repository/Apply Leave/Page_OrangeHRM/input__applyBtn' successfully

2021-08-19 21:41:51 - [TEST_STEP][PASSED] - takeScreenshot(): Taking screenshot successfully

2021-08-19 21:41:52 - [MESSAGE][PASSED] - Taking screenshot successfully
[[ATTACHMENT|C:\\Users\\nguye\\Katalon Studio\\OrangeHRM\\Reports\\20210819_213101\\Apply Leave\\20210819_213101\\1629384112161.png]]

2021-08-19 21:41:52 - [TEST_STEP][PASSED] - click(findTestObject("Object Repository/Apply Leave/Page_OrangeHRM/input__applyBtn")): Object: 'Object Repository/Apply Leave/Page_OrangeHRM/input__applyBtn' is clicked on

2021-08-19 21:41:53 - [MESSAGE][PASSED] - Object: 'Object Repository/Apply Leave/Page_OrangeHRM/input__applyBtn' is clicked on

2021-08-19 21:41:53 - [TEST_STEP][PASSED] - navigateToUrl("http://localhost/orangehrm/symfony/web/index.php/leave/viewMyLeaveList/reset/1"): Navigate to 'http://localhost/orangehrm/symfony/web/index.php/leave/viewMyLeaveList/reset/1' successfully

2021-08-19 21:41:54 - [MESSAGE][PASSED] - Navigate to 'http://localhost/orangehrm/symfony/web/index.php/leave/viewMyLeaveList/reset/1' successfully

2021-08-19 21:41:54 - [TEST_STEP][PASSED] - setText(findTestObject("Object Repository/Apply Leave/Page_OrangeHRM/input_From_leaveListcalFromDate"), from): Text '2021-09-02' is set on object 'Object Repository/Apply Leave/Page_OrangeHRM/input_From_leaveListcalFromDate'

2021-08-19 21:41:55 - [MESSAGE][PASSED] - Text '2021-09-02' is set on object 'Object Repository/Apply Leave/Page_OrangeHRM/input_From_leaveListcalFromDate'

2021-08-19 21:41:55 - [TEST_STEP][PASSED] - sendKeys(findTestObject("Object Repository/Apply Leave/Page_OrangeHRM/input_From_leaveListcalFromDate"), Keys.chord(ENTER)): Keys 'ENTER + ' sent to object: 'Object Repository/Apply Leave/Page_OrangeHRM/input_From_leaveListcalFromDate'

2021-08-19 21:41:56 - [MESSAGE][PASSED] - Keys 'ENTER + ' sent to object: 'Object Repository/Apply Leave/Page_OrangeHRM/input_From_leaveListcalFromDate'

2021-08-19 21:41:56 - [TEST_STEP][PASSED] - setText(findTestObject("Object Repository/Apply Leave/Page_OrangeHRM/input_To_leaveListcalToDate"), to): Text '2021-09-03' is set on object 'Object Repository/Apply Leave/Page_OrangeHRM/input_To_leaveListcalToDate'

2021-08-19 21:41:57 - [MESSAGE][PASSED] - Text '2021-09-03' is set on object 'Object Repository/Apply Leave/Page_OrangeHRM/input_To_leaveListcalToDate'

2021-08-19 21:41:57 - [TEST_STEP][PASSED] - sendKeys(findTestObject("Object Repository/Apply Leave/Page_OrangeHRM/input_To_leaveListcalToDate"), Keys.chord(ENTER)): Keys 'ENTER + ' sent to object: 'Object Repository/Apply Leave/Page_OrangeHRM/input_To_leaveListcalToDate'

2021-08-19 21:41:57 - [MESSAGE][PASSED] - Keys 'ENTER + ' sent to object: 'Object Repository/Apply Leave/Page_OrangeHRM/input_To_leaveListcalToDate'

2021-08-19 21:41:57 - [TEST_STEP][PASSED] - uncheck(findTestObject("Object Repository/Apply Leave/Page_OrangeHRM/input_All_leaveList_chkSearchFilter_checkbo_a698f3")): Object 'Object Repository/Apply Leave/Page_OrangeHRM/input_All_leaveList_chkSearchFilter_checkbo_a698f3' is un-checked

2021-08-19 21:41:58 - [MESSAGE][PASSED] - Object 'Object Repository/Apply Leave/Page_OrangeHRM/input_All_leaveList_chkSearchFilter_checkbo_a698f3' is un-checked

2021-08-19 21:41:58 - [TEST_STEP][PASSED] - check(findTestObject("Object Repository/Apply Leave/Page_OrangeHRM/input_Pending Approval_leaveListchkSearchFilter")): Object 'Object Repository/Apply Leave/Page_OrangeHRM/input_Pending Approval_leaveListchkSearchFilter' is checked

2021-08-19 21:41:58 - [MESSAGE][PASSED] - Object 'Object Repository/Apply Leave/Page_OrangeHRM/input_Pending Approval_leaveListchkSearchFilter' is checked

2021-08-19 21:41:58 - [TEST_STEP][PASSED] - click(findTestObject("Object Repository/Apply Leave/Page_OrangeHRM/input_Taken_btnSearch")): Object: 'Object Repository/Apply Leave/Page_OrangeHRM/input_Taken_btnSearch' is clicked on

2021-08-19 21:41:59 - [MESSAGE][PASSED] - Object: 'Object Repository/Apply Leave/Page_OrangeHRM/input_Taken_btnSearch' is clicked on

2021-08-19 21:41:59 - [TEST_STEP][PASSED] - scrollToElement(findTestObject("Apply Leave/Page_OrangeHRM/th_Date"), 0): Scroll to object 'Object Repository/Apply Leave/Page_OrangeHRM/th_Date' successfully

2021-08-19 21:41:59 - [MESSAGE][WARNING] - Timeout '0' is invalid. Using default page load timeout: '30'

2021-08-19 21:42:00 - [MESSAGE][PASSED] - Scroll to object 'Object Repository/Apply Leave/Page_OrangeHRM/th_Date' successfully

2021-08-19 21:42:00 - [TEST_STEP][PASSED] - takeScreenshot(): Taking screenshot successfully

2021-08-19 21:42:00 - [MESSAGE][PASSED] - Taking screenshot successfully
[[ATTACHMENT|C:\\Users\\nguye\\Katalon Studio\\OrangeHRM\\Reports\\20210819_213101\\Apply Leave\\20210819_213101\\1629384120415.png]]

2021-08-19 21:42:00 - [TEST_STEP][PASSED] - if (days.equals("")): null

2021-08-19 21:42:00 - [TEST_STEP][PASSED] - else: Actual text 'Pending Approval(1.25)' and expected text 'Pending Approval(1.25)' are matched 

2021-08-19 21:42:00 - [TEST_STEP][PASSED] - verifyMatch(getText(findTestObject("Object Repository/Apply Leave/Page_OrangeHRM/a_2021-09-02 to 2021-09-03")), date, false, STOP_ON_FAILURE): Actual text '2021-09-02 to 2021-09-03' and expected text '2021-09-02 to 2021-09-03' are matched 

2021-08-19 21:42:00 - [MESSAGE][PASSED] - Text of object 'Object Repository/Apply Leave/Page_OrangeHRM/a_2021-09-02 to 2021-09-03' is: '2021-09-02 to 2021-09-03'

2021-08-19 21:42:00 - [MESSAGE][PASSED] - Actual text '2021-09-02 to 2021-09-03' and expected text '2021-09-02 to 2021-09-03' are matched 

2021-08-19 21:42:00 - [TEST_STEP][PASSED] - verifyMatch(getText(findTestObject("Object Repository/Apply Leave/Page_OrangeHRM/a_Rachel Morris")), fullName, false, STOP_ON_FAILURE): Actual text 'Rachel Morris' and expected text 'Rachel Morris' are matched 

2021-08-19 21:42:01 - [MESSAGE][PASSED] - Text of object 'Object Repository/Apply Leave/Page_OrangeHRM/a_Rachel Morris' is: 'Rachel Morris'

2021-08-19 21:42:01 - [MESSAGE][PASSED] - Actual text 'Rachel Morris' and expected text 'Rachel Morris' are matched 

2021-08-19 21:42:01 - [TEST_STEP][PASSED] - verifyMatch(getText(findTestObject("Object Repository/Apply Leave/Page_OrangeHRM/td_Personal")), leaveType, false, STOP_ON_FAILURE): Actual text 'Personal' and expected text 'Personal' are matched 

2021-08-19 21:42:01 - [MESSAGE][PASSED] - Text of object 'Object Repository/Apply Leave/Page_OrangeHRM/td_Personal' is: 'Personal'

2021-08-19 21:42:01 - [MESSAGE][PASSED] - Actual text 'Personal' and expected text 'Personal' are matched 

2021-08-19 21:42:01 - [TEST_STEP][PASSED] - verifyMatch(25"))).toString(), parseDouble(days).toString(), false, STOP_ON_FAILURE): Actual text '48.75' and expected text '48.75' are matched 

2021-08-19 21:42:01 - [MESSAGE][PASSED] - Text of object 'Object Repository/Apply Leave/Page_OrangeHRM/td_49.25' is: '48.75'

2021-08-19 21:42:01 - [MESSAGE][PASSED] - Actual text '48.75' and expected text '48.75' are matched 

2021-08-19 21:42:01 - [TEST_STEP][PASSED] - verifyMatch(getText(findTestObject("Object Repository/Apply Leave/Page_OrangeHRM/td_0.75")), days, false, STOP_ON_FAILURE): Actual text '1.25' and expected text '1.25' are matched 

2021-08-19 21:42:02 - [MESSAGE][PASSED] - Text of object 'Object Repository/Apply Leave/Page_OrangeHRM/td_0.75' is: '1.25'

2021-08-19 21:42:02 - [MESSAGE][PASSED] - Actual text '1.25' and expected text '1.25' are matched 

2021-08-19 21:42:02 - [TEST_STEP][PASSED] - verifyMatch(getText(findTestObject("Object Repository/Apply Leave/Page_OrangeHRM/a_Pending Approval(0.75)")), status + "(" + days + ")", false, STOP_ON_FAILURE): Actual text 'Pending Approval(1.25)' and expected text 'Pending Approval(1.25)' are matched 

2021-08-19 21:42:02 - [MESSAGE][PASSED] - Text of object 'Object Repository/Apply Leave/Page_OrangeHRM/a_Pending Approval(0.75)' is: 'Pending Approval(1.25)'

2021-08-19 21:42:02 - [MESSAGE][PASSED] - Actual text 'Pending Approval(1.25)' and expected text 'Pending Approval(1.25)' are matched]]></system-out>
         <system-err><![CDATA[]]></system-err>
      </testcase>
      <testcase name="Test Cases/Apply Leave" time="28.675" classname="Test Cases/Apply Leave" status="PASSED">
         <system-out><![CDATA[2021-08-19 21:42:04 - [TEST_CASE][PASSED] - Test Cases/Apply Leave: Test Cases/Apply Leave

2021-08-19 21:42:04 - [TEST_STEP][PASSED] - com.database.mysql.connectDB("localhost", "orangehrm_mysql", "3306", "root", null): com.database.mysql.connectDB is PASSED

2021-08-19 21:42:04 - [MESSAGE][PASSED] - com.database.mysql.connectDB is PASSED

2021-08-19 21:42:04 - [TEST_STEP][PASSED] - com.database.mysql.execute("DELETE FROM `ohrm_leave_request` WHERE `emp_number`=3 AND `date_applied`='2021-09-02' AND `leave_type_id` = 3"): com.database.mysql.execute is PASSED

2021-08-19 21:42:04 - [MESSAGE][PASSED] - com.database.mysql.execute is PASSED

2021-08-19 21:42:04 - [TEST_STEP][PASSED] - com.database.mysql.execute("DELETE FROM `ohrm_leave` WHERE `emp_number` = 3 AND `leave_type_id`=3 and (`date`='2021-09-02' or `date`='2021-09-03') "): com.database.mysql.execute is PASSED

2021-08-19 21:42:04 - [MESSAGE][PASSED] - com.database.mysql.execute is PASSED

2021-08-19 21:42:04 - [TEST_STEP][PASSED] - com.database.mysql.closeDatabaseConnection(): com.database.mysql.closeDatabaseConnection is PASSED

2021-08-19 21:42:04 - [MESSAGE][PASSED] - com.database.mysql.closeDatabaseConnection is PASSED

2021-08-19 21:42:04 - [TEST_STEP][PASSED] - navigateToUrl("http://localhost/orangehrm/symfony/web/index.php/dashboard"): Navigate to 'http://localhost/orangehrm/symfony/web/index.php/dashboard' successfully

2021-08-19 21:42:05 - [MESSAGE][PASSED] - Navigate to 'http://localhost/orangehrm/symfony/web/index.php/dashboard' successfully

2021-08-19 21:42:05 - [TEST_STEP][PASSED] - click(findTestObject("Object Repository/Apply Leave/Page_OrangeHRM/img")): Object: 'Object Repository/Apply Leave/Page_OrangeHRM/img' is clicked on

2021-08-19 21:42:06 - [MESSAGE][PASSED] - Object: 'Object Repository/Apply Leave/Page_OrangeHRM/img' is clicked on

2021-08-19 21:42:06 - [TEST_STEP][PASSED] - selectOptionByValue(findTestObject("Object Repository/Apply Leave/Page_OrangeHRM/select_--Select--MarriageMaternityPersonalS_480ad7"), "3", true): All options with value '3' are selected in object 'Object Repository/Apply Leave/Page_OrangeHRM/select_--Select--MarriageMaternityPersonalS_480ad7'  using regular expression

2021-08-19 21:42:07 - [MESSAGE][PASSED] - All options with value '3' are selected in object 'Object Repository/Apply Leave/Page_OrangeHRM/select_--Select--MarriageMaternityPersonalS_480ad7'  using regular expression

2021-08-19 21:42:07 - [TEST_STEP][PASSED] - setText(findTestObject("Object Repository/Apply Leave/Page_OrangeHRM/input__applyleavetxtFromDate"), from): Text '2021-09-02' is set on object 'Object Repository/Apply Leave/Page_OrangeHRM/input__applyleavetxtFromDate'

2021-08-19 21:42:08 - [MESSAGE][PASSED] - Text '2021-09-02' is set on object 'Object Repository/Apply Leave/Page_OrangeHRM/input__applyleavetxtFromDate'

2021-08-19 21:42:08 - [TEST_STEP][PASSED] - sendKeys(findTestObject("Object Repository/Apply Leave/Page_OrangeHRM/input__applyleavetxtFromDate"), Keys.chord(ENTER)): Keys 'ENTER + ' sent to object: 'Object Repository/Apply Leave/Page_OrangeHRM/input__applyleavetxtFromDate'

2021-08-19 21:42:09 - [MESSAGE][PASSED] - Keys 'ENTER + ' sent to object: 'Object Repository/Apply Leave/Page_OrangeHRM/input__applyleavetxtFromDate'

2021-08-19 21:42:09 - [TEST_STEP][PASSED] - setText(findTestObject("Object Repository/Apply Leave/Page_OrangeHRM/input__applyleavetxtToDate"), to): Text '2021-09-03' is set on object 'Object Repository/Apply Leave/Page_OrangeHRM/input__applyleavetxtToDate'

2021-08-19 21:42:10 - [MESSAGE][PASSED] - Text '2021-09-03' is set on object 'Object Repository/Apply Leave/Page_OrangeHRM/input__applyleavetxtToDate'

2021-08-19 21:42:10 - [TEST_STEP][PASSED] - sendKeys(findTestObject("Object Repository/Apply Leave/Page_OrangeHRM/input__applyleavetxtToDate"), Keys.chord(ENTER)): Keys 'ENTER + ' sent to object: 'Object Repository/Apply Leave/Page_OrangeHRM/input__applyleavetxtToDate'

2021-08-19 21:42:11 - [MESSAGE][PASSED] - Keys 'ENTER + ' sent to object: 'Object Repository/Apply Leave/Page_OrangeHRM/input__applyleavetxtToDate'

2021-08-19 21:42:11 - [TEST_STEP][PASSED] - if (from.equals(to)): null

2021-08-19 21:42:11 - [TEST_STEP][PASSED] - else: null

2021-08-19 21:42:11 - [TEST_STEP][PASSED] - selectOptionByValue(findTestObject("Object Repository/Apply Leave/Page_OrangeHRM/select_NoneAll DaysStart Day OnlyEnd Day On_3e5258"), partialDays, true): All options with value 'start' are selected in object 'Object Repository/Apply Leave/Page_OrangeHRM/select_NoneAll DaysStart Day OnlyEnd Day On_3e5258'  using regular expression

2021-08-19 21:42:12 - [MESSAGE][PASSED] - All options with value 'start' are selected in object 'Object Repository/Apply Leave/Page_OrangeHRM/select_NoneAll DaysStart Day OnlyEnd Day On_3e5258'  using regular expression

2021-08-19 21:42:12 - [TEST_STEP][PASSED] - if (partialDays.equals("all") || partialDays.equals("start")): All options with value '17:00' are selected in object 'Object Repository/Apply Leave/Page_OrangeHRM/select_000000150030004501000115013001450200_bef9c6_1_2_3'  using regular expression

2021-08-19 21:42:12 - [TEST_STEP][PASSED] - selectOptionByValue(findTestObject("Object Repository/Apply Leave/Page_OrangeHRM/applyleave_firstDuration_duration"), duration1, true): All options with value 'specify_time' are selected in object 'Object Repository/Apply Leave/Page_OrangeHRM/applyleave_firstDuration_duration'  using regular expression

2021-08-19 21:42:13 - [MESSAGE][PASSED] - All options with value 'specify_time' are selected in object 'Object Repository/Apply Leave/Page_OrangeHRM/applyleave_firstDuration_duration'  using regular expression

2021-08-19 21:42:13 - [TEST_STEP][PASSED] - if (duration1.equals("half_day")): null

2021-08-19 21:42:13 - [TEST_STEP][PASSED] - if (duration1.equals("specify_time")): All options with value '17:00' are selected in object 'Object Repository/Apply Leave/Page_OrangeHRM/select_000000150030004501000115013001450200_bef9c6_1_2_3'  using regular expression

2021-08-19 21:42:13 - [TEST_STEP][PASSED] - selectOptionByValue(findTestObject("Object Repository/Apply Leave/Page_OrangeHRM/select_000000150030004501000115013001450200_bef9c6_1_2"), duration2, true): All options with value '09:00' are selected in object 'Object Repository/Apply Leave/Page_OrangeHRM/select_000000150030004501000115013001450200_bef9c6_1_2'  using regular expression

2021-08-19 21:42:16 - [MESSAGE][PASSED] - All options with value '09:00' are selected in object 'Object Repository/Apply Leave/Page_OrangeHRM/select_000000150030004501000115013001450200_bef9c6_1_2'  using regular expression

2021-08-19 21:42:16 - [TEST_STEP][PASSED] - selectOptionByValue(findTestObject("Object Repository/Apply Leave/Page_OrangeHRM/select_000000150030004501000115013001450200_bef9c6_1_2_3"), duration3, true): All options with value '17:00' are selected in object 'Object Repository/Apply Leave/Page_OrangeHRM/select_000000150030004501000115013001450200_bef9c6_1_2_3'  using regular expression

2021-08-19 21:42:20 - [MESSAGE][PASSED] - All options with value '17:00' are selected in object 'Object Repository/Apply Leave/Page_OrangeHRM/select_000000150030004501000115013001450200_bef9c6_1_2_3'  using regular expression

2021-08-19 21:42:20 - [TEST_STEP][PASSED] - if (partialDays.equals("end")): null

2021-08-19 21:42:20 - [TEST_STEP][PASSED] - if (partialDays.equals("start_end")): null

2021-08-19 21:42:20 - [TEST_STEP][PASSED] - scrollToElement(findTestObject("Apply Leave/Page_OrangeHRM/input__applyBtn"), 0): Scroll to object 'Object Repository/Apply Leave/Page_OrangeHRM/input__applyBtn' successfully

2021-08-19 21:42:20 - [MESSAGE][WARNING] - Timeout '0' is invalid. Using default page load timeout: '30'

2021-08-19 21:42:20 - [MESSAGE][PASSED] - Scroll to object 'Object Repository/Apply Leave/Page_OrangeHRM/input__applyBtn' successfully

2021-08-19 21:42:20 - [TEST_STEP][PASSED] - takeScreenshot(): Taking screenshot successfully

2021-08-19 21:42:21 - [MESSAGE][PASSED] - Taking screenshot successfully
[[ATTACHMENT|C:\\Users\\nguye\\Katalon Studio\\OrangeHRM\\Reports\\20210819_213101\\Apply Leave\\20210819_213101\\1629384141050.png]]

2021-08-19 21:42:21 - [TEST_STEP][PASSED] - click(findTestObject("Object Repository/Apply Leave/Page_OrangeHRM/input__applyBtn")): Object: 'Object Repository/Apply Leave/Page_OrangeHRM/input__applyBtn' is clicked on

2021-08-19 21:42:22 - [MESSAGE][PASSED] - Object: 'Object Repository/Apply Leave/Page_OrangeHRM/input__applyBtn' is clicked on

2021-08-19 21:42:22 - [TEST_STEP][PASSED] - navigateToUrl("http://localhost/orangehrm/symfony/web/index.php/leave/viewMyLeaveList/reset/1"): Navigate to 'http://localhost/orangehrm/symfony/web/index.php/leave/viewMyLeaveList/reset/1' successfully

2021-08-19 21:42:23 - [MESSAGE][PASSED] - Navigate to 'http://localhost/orangehrm/symfony/web/index.php/leave/viewMyLeaveList/reset/1' successfully

2021-08-19 21:42:23 - [TEST_STEP][PASSED] - setText(findTestObject("Object Repository/Apply Leave/Page_OrangeHRM/input_From_leaveListcalFromDate"), from): Text '2021-09-02' is set on object 'Object Repository/Apply Leave/Page_OrangeHRM/input_From_leaveListcalFromDate'

2021-08-19 21:42:24 - [MESSAGE][PASSED] - Text '2021-09-02' is set on object 'Object Repository/Apply Leave/Page_OrangeHRM/input_From_leaveListcalFromDate'

2021-08-19 21:42:24 - [TEST_STEP][PASSED] - sendKeys(findTestObject("Object Repository/Apply Leave/Page_OrangeHRM/input_From_leaveListcalFromDate"), Keys.chord(ENTER)): Keys 'ENTER + ' sent to object: 'Object Repository/Apply Leave/Page_OrangeHRM/input_From_leaveListcalFromDate'

2021-08-19 21:42:25 - [MESSAGE][PASSED] - Keys 'ENTER + ' sent to object: 'Object Repository/Apply Leave/Page_OrangeHRM/input_From_leaveListcalFromDate'

2021-08-19 21:42:25 - [TEST_STEP][PASSED] - setText(findTestObject("Object Repository/Apply Leave/Page_OrangeHRM/input_To_leaveListcalToDate"), to): Text '2021-09-03' is set on object 'Object Repository/Apply Leave/Page_OrangeHRM/input_To_leaveListcalToDate'

2021-08-19 21:42:26 - [MESSAGE][PASSED] - Text '2021-09-03' is set on object 'Object Repository/Apply Leave/Page_OrangeHRM/input_To_leaveListcalToDate'

2021-08-19 21:42:26 - [TEST_STEP][PASSED] - sendKeys(findTestObject("Object Repository/Apply Leave/Page_OrangeHRM/input_To_leaveListcalToDate"), Keys.chord(ENTER)): Keys 'ENTER + ' sent to object: 'Object Repository/Apply Leave/Page_OrangeHRM/input_To_leaveListcalToDate'

2021-08-19 21:42:26 - [MESSAGE][PASSED] - Keys 'ENTER + ' sent to object: 'Object Repository/Apply Leave/Page_OrangeHRM/input_To_leaveListcalToDate'

2021-08-19 21:42:26 - [TEST_STEP][PASSED] - uncheck(findTestObject("Object Repository/Apply Leave/Page_OrangeHRM/input_All_leaveList_chkSearchFilter_checkbo_a698f3")): Object 'Object Repository/Apply Leave/Page_OrangeHRM/input_All_leaveList_chkSearchFilter_checkbo_a698f3' is un-checked

2021-08-19 21:42:26 - [MESSAGE][PASSED] - Object 'Object Repository/Apply Leave/Page_OrangeHRM/input_All_leaveList_chkSearchFilter_checkbo_a698f3' is un-checked

2021-08-19 21:42:26 - [TEST_STEP][PASSED] - check(findTestObject("Object Repository/Apply Leave/Page_OrangeHRM/input_Pending Approval_leaveListchkSearchFilter")): Object 'Object Repository/Apply Leave/Page_OrangeHRM/input_Pending Approval_leaveListchkSearchFilter' is checked

2021-08-19 21:42:27 - [MESSAGE][PASSED] - Object 'Object Repository/Apply Leave/Page_OrangeHRM/input_Pending Approval_leaveListchkSearchFilter' is checked

2021-08-19 21:42:27 - [TEST_STEP][PASSED] - click(findTestObject("Object Repository/Apply Leave/Page_OrangeHRM/input_Taken_btnSearch")): Object: 'Object Repository/Apply Leave/Page_OrangeHRM/input_Taken_btnSearch' is clicked on

2021-08-19 21:42:28 - [MESSAGE][PASSED] - Object: 'Object Repository/Apply Leave/Page_OrangeHRM/input_Taken_btnSearch' is clicked on

2021-08-19 21:42:28 - [TEST_STEP][PASSED] - scrollToElement(findTestObject("Apply Leave/Page_OrangeHRM/th_Date"), 0): Scroll to object 'Object Repository/Apply Leave/Page_OrangeHRM/th_Date' successfully

2021-08-19 21:42:28 - [MESSAGE][WARNING] - Timeout '0' is invalid. Using default page load timeout: '30'

2021-08-19 21:42:29 - [MESSAGE][PASSED] - Scroll to object 'Object Repository/Apply Leave/Page_OrangeHRM/th_Date' successfully

2021-08-19 21:42:29 - [TEST_STEP][PASSED] - takeScreenshot(): Taking screenshot successfully

2021-08-19 21:42:29 - [MESSAGE][PASSED] - Taking screenshot successfully
[[ATTACHMENT|C:\\Users\\nguye\\Katalon Studio\\OrangeHRM\\Reports\\20210819_213101\\Apply Leave\\20210819_213101\\1629384149320.png]]

2021-08-19 21:42:29 - [TEST_STEP][PASSED] - if (days.equals("")): null

2021-08-19 21:42:29 - [TEST_STEP][PASSED] - else: Actual text 'Pending Approval(2.00)' and expected text 'Pending Approval(2.00)' are matched 

2021-08-19 21:42:29 - [TEST_STEP][PASSED] - verifyMatch(getText(findTestObject("Object Repository/Apply Leave/Page_OrangeHRM/a_2021-09-02 to 2021-09-03")), date, false, STOP_ON_FAILURE): Actual text '2021-09-02 to 2021-09-03' and expected text '2021-09-02 to 2021-09-03' are matched 

2021-08-19 21:42:29 - [MESSAGE][PASSED] - Text of object 'Object Repository/Apply Leave/Page_OrangeHRM/a_2021-09-02 to 2021-09-03' is: '2021-09-02 to 2021-09-03'

2021-08-19 21:42:29 - [MESSAGE][PASSED] - Actual text '2021-09-02 to 2021-09-03' and expected text '2021-09-02 to 2021-09-03' are matched 

2021-08-19 21:42:29 - [TEST_STEP][PASSED] - verifyMatch(getText(findTestObject("Object Repository/Apply Leave/Page_OrangeHRM/a_Rachel Morris")), fullName, false, STOP_ON_FAILURE): Actual text 'Rachel Morris' and expected text 'Rachel Morris' are matched 

2021-08-19 21:42:30 - [MESSAGE][PASSED] - Text of object 'Object Repository/Apply Leave/Page_OrangeHRM/a_Rachel Morris' is: 'Rachel Morris'

2021-08-19 21:42:30 - [MESSAGE][PASSED] - Actual text 'Rachel Morris' and expected text 'Rachel Morris' are matched 

2021-08-19 21:42:30 - [TEST_STEP][PASSED] - verifyMatch(getText(findTestObject("Object Repository/Apply Leave/Page_OrangeHRM/td_Personal")), leaveType, false, STOP_ON_FAILURE): Actual text 'Personal' and expected text 'Personal' are matched 

2021-08-19 21:42:30 - [MESSAGE][PASSED] - Text of object 'Object Repository/Apply Leave/Page_OrangeHRM/td_Personal' is: 'Personal'

2021-08-19 21:42:30 - [MESSAGE][PASSED] - Actual text 'Personal' and expected text 'Personal' are matched 

2021-08-19 21:42:30 - [TEST_STEP][PASSED] - verifyMatch(25"))).toString(), parseDouble(days).toString(), false, STOP_ON_FAILURE): Actual text '48.0' and expected text '48.0' are matched 

2021-08-19 21:42:30 - [MESSAGE][PASSED] - Text of object 'Object Repository/Apply Leave/Page_OrangeHRM/td_49.25' is: '48.00'

2021-08-19 21:42:30 - [MESSAGE][PASSED] - Actual text '48.0' and expected text '48.0' are matched 

2021-08-19 21:42:30 - [TEST_STEP][PASSED] - verifyMatch(getText(findTestObject("Object Repository/Apply Leave/Page_OrangeHRM/td_0.75")), days, false, STOP_ON_FAILURE): Actual text '2.00' and expected text '2.00' are matched 

2021-08-19 21:42:31 - [MESSAGE][PASSED] - Text of object 'Object Repository/Apply Leave/Page_OrangeHRM/td_0.75' is: '2.00'

2021-08-19 21:42:31 - [MESSAGE][PASSED] - Actual text '2.00' and expected text '2.00' are matched 

2021-08-19 21:42:31 - [TEST_STEP][PASSED] - verifyMatch(getText(findTestObject("Object Repository/Apply Leave/Page_OrangeHRM/a_Pending Approval(0.75)")), status + "(" + days + ")", false, STOP_ON_FAILURE): Actual text 'Pending Approval(2.00)' and expected text 'Pending Approval(2.00)' are matched 

2021-08-19 21:42:31 - [MESSAGE][PASSED] - Text of object 'Object Repository/Apply Leave/Page_OrangeHRM/a_Pending Approval(0.75)' is: 'Pending Approval(2.00)'

2021-08-19 21:42:31 - [MESSAGE][PASSED] - Actual text 'Pending Approval(2.00)' and expected text 'Pending Approval(2.00)' are matched]]></system-out>
         <system-err><![CDATA[]]></system-err>
      </testcase>
      <testcase name="Test Cases/Apply Leave" time="26.196" classname="Test Cases/Apply Leave" status="PASSED">
         <system-out><![CDATA[2021-08-19 21:42:33 - [TEST_CASE][PASSED] - Test Cases/Apply Leave: Test Cases/Apply Leave

2021-08-19 21:42:33 - [TEST_STEP][PASSED] - com.database.mysql.connectDB("localhost", "orangehrm_mysql", "3306", "root", null): com.database.mysql.connectDB is PASSED

2021-08-19 21:42:33 - [MESSAGE][PASSED] - com.database.mysql.connectDB is PASSED

2021-08-19 21:42:33 - [TEST_STEP][PASSED] - com.database.mysql.execute("DELETE FROM `ohrm_leave_request` WHERE `emp_number`=3 AND `date_applied`='2021-09-02' AND `leave_type_id` = 3"): com.database.mysql.execute is PASSED

2021-08-19 21:42:33 - [MESSAGE][PASSED] - com.database.mysql.execute is PASSED

2021-08-19 21:42:33 - [TEST_STEP][PASSED] - com.database.mysql.execute("DELETE FROM `ohrm_leave` WHERE `emp_number` = 3 AND `leave_type_id`=3 and (`date`='2021-09-02' or `date`='2021-09-03') "): com.database.mysql.execute is PASSED

2021-08-19 21:42:33 - [MESSAGE][PASSED] - com.database.mysql.execute is PASSED

2021-08-19 21:42:33 - [TEST_STEP][PASSED] - com.database.mysql.closeDatabaseConnection(): com.database.mysql.closeDatabaseConnection is PASSED

2021-08-19 21:42:33 - [MESSAGE][PASSED] - com.database.mysql.closeDatabaseConnection is PASSED

2021-08-19 21:42:33 - [TEST_STEP][PASSED] - navigateToUrl("http://localhost/orangehrm/symfony/web/index.php/dashboard"): Navigate to 'http://localhost/orangehrm/symfony/web/index.php/dashboard' successfully

2021-08-19 21:42:34 - [MESSAGE][PASSED] - Navigate to 'http://localhost/orangehrm/symfony/web/index.php/dashboard' successfully

2021-08-19 21:42:34 - [TEST_STEP][PASSED] - click(findTestObject("Object Repository/Apply Leave/Page_OrangeHRM/img")): Object: 'Object Repository/Apply Leave/Page_OrangeHRM/img' is clicked on

2021-08-19 21:42:35 - [MESSAGE][PASSED] - Object: 'Object Repository/Apply Leave/Page_OrangeHRM/img' is clicked on

2021-08-19 21:42:35 - [TEST_STEP][PASSED] - selectOptionByValue(findTestObject("Object Repository/Apply Leave/Page_OrangeHRM/select_--Select--MarriageMaternityPersonalS_480ad7"), "3", true): All options with value '3' are selected in object 'Object Repository/Apply Leave/Page_OrangeHRM/select_--Select--MarriageMaternityPersonalS_480ad7'  using regular expression

2021-08-19 21:42:36 - [MESSAGE][PASSED] - All options with value '3' are selected in object 'Object Repository/Apply Leave/Page_OrangeHRM/select_--Select--MarriageMaternityPersonalS_480ad7'  using regular expression

2021-08-19 21:42:36 - [TEST_STEP][PASSED] - setText(findTestObject("Object Repository/Apply Leave/Page_OrangeHRM/input__applyleavetxtFromDate"), from): Text '2021-09-02' is set on object 'Object Repository/Apply Leave/Page_OrangeHRM/input__applyleavetxtFromDate'

2021-08-19 21:42:37 - [MESSAGE][PASSED] - Text '2021-09-02' is set on object 'Object Repository/Apply Leave/Page_OrangeHRM/input__applyleavetxtFromDate'

2021-08-19 21:42:37 - [TEST_STEP][PASSED] - sendKeys(findTestObject("Object Repository/Apply Leave/Page_OrangeHRM/input__applyleavetxtFromDate"), Keys.chord(ENTER)): Keys 'ENTER + ' sent to object: 'Object Repository/Apply Leave/Page_OrangeHRM/input__applyleavetxtFromDate'

2021-08-19 21:42:38 - [MESSAGE][PASSED] - Keys 'ENTER + ' sent to object: 'Object Repository/Apply Leave/Page_OrangeHRM/input__applyleavetxtFromDate'

2021-08-19 21:42:38 - [TEST_STEP][PASSED] - setText(findTestObject("Object Repository/Apply Leave/Page_OrangeHRM/input__applyleavetxtToDate"), to): Text '2021-09-03' is set on object 'Object Repository/Apply Leave/Page_OrangeHRM/input__applyleavetxtToDate'

2021-08-19 21:42:39 - [MESSAGE][PASSED] - Text '2021-09-03' is set on object 'Object Repository/Apply Leave/Page_OrangeHRM/input__applyleavetxtToDate'

2021-08-19 21:42:39 - [TEST_STEP][PASSED] - sendKeys(findTestObject("Object Repository/Apply Leave/Page_OrangeHRM/input__applyleavetxtToDate"), Keys.chord(ENTER)): Keys 'ENTER + ' sent to object: 'Object Repository/Apply Leave/Page_OrangeHRM/input__applyleavetxtToDate'

2021-08-19 21:42:40 - [MESSAGE][PASSED] - Keys 'ENTER + ' sent to object: 'Object Repository/Apply Leave/Page_OrangeHRM/input__applyleavetxtToDate'

2021-08-19 21:42:40 - [TEST_STEP][PASSED] - if (from.equals(to)): null

2021-08-19 21:42:40 - [TEST_STEP][PASSED] - else: null

2021-08-19 21:42:40 - [TEST_STEP][PASSED] - selectOptionByValue(findTestObject("Object Repository/Apply Leave/Page_OrangeHRM/select_NoneAll DaysStart Day OnlyEnd Day On_3e5258"), partialDays, true): All options with value 'start' are selected in object 'Object Repository/Apply Leave/Page_OrangeHRM/select_NoneAll DaysStart Day OnlyEnd Day On_3e5258'  using regular expression

2021-08-19 21:42:41 - [MESSAGE][PASSED] - All options with value 'start' are selected in object 'Object Repository/Apply Leave/Page_OrangeHRM/select_NoneAll DaysStart Day OnlyEnd Day On_3e5258'  using regular expression

2021-08-19 21:42:41 - [TEST_STEP][PASSED] - if (partialDays.equals("all") || partialDays.equals("start")): All options with value '18:00' are selected in object 'Object Repository/Apply Leave/Page_OrangeHRM/select_000000150030004501000115013001450200_bef9c6_1_2_3'  using regular expression

2021-08-19 21:42:41 - [TEST_STEP][PASSED] - selectOptionByValue(findTestObject("Object Repository/Apply Leave/Page_OrangeHRM/applyleave_firstDuration_duration"), duration1, true): All options with value 'specify_time' are selected in object 'Object Repository/Apply Leave/Page_OrangeHRM/applyleave_firstDuration_duration'  using regular expression

2021-08-19 21:42:42 - [MESSAGE][PASSED] - All options with value 'specify_time' are selected in object 'Object Repository/Apply Leave/Page_OrangeHRM/applyleave_firstDuration_duration'  using regular expression

2021-08-19 21:42:42 - [TEST_STEP][PASSED] - if (duration1.equals("half_day")): null

2021-08-19 21:42:42 - [TEST_STEP][PASSED] - if (duration1.equals("specify_time")): All options with value '18:00' are selected in object 'Object Repository/Apply Leave/Page_OrangeHRM/select_000000150030004501000115013001450200_bef9c6_1_2_3'  using regular expression

2021-08-19 21:42:42 - [TEST_STEP][PASSED] - selectOptionByValue(findTestObject("Object Repository/Apply Leave/Page_OrangeHRM/select_000000150030004501000115013001450200_bef9c6_1_2"), duration2, true): All options with value '09:00' are selected in object 'Object Repository/Apply Leave/Page_OrangeHRM/select_000000150030004501000115013001450200_bef9c6_1_2'  using regular expression

2021-08-19 21:42:46 - [MESSAGE][PASSED] - All options with value '09:00' are selected in object 'Object Repository/Apply Leave/Page_OrangeHRM/select_000000150030004501000115013001450200_bef9c6_1_2'  using regular expression

2021-08-19 21:42:46 - [TEST_STEP][PASSED] - selectOptionByValue(findTestObject("Object Repository/Apply Leave/Page_OrangeHRM/select_000000150030004501000115013001450200_bef9c6_1_2_3"), duration3, true): All options with value '18:00' are selected in object 'Object Repository/Apply Leave/Page_OrangeHRM/select_000000150030004501000115013001450200_bef9c6_1_2_3'  using regular expression

2021-08-19 21:42:49 - [MESSAGE][PASSED] - All options with value '18:00' are selected in object 'Object Repository/Apply Leave/Page_OrangeHRM/select_000000150030004501000115013001450200_bef9c6_1_2_3'  using regular expression

2021-08-19 21:42:49 - [TEST_STEP][PASSED] - if (partialDays.equals("end")): null

2021-08-19 21:42:49 - [TEST_STEP][PASSED] - if (partialDays.equals("start_end")): null

2021-08-19 21:42:49 - [TEST_STEP][PASSED] - scrollToElement(findTestObject("Apply Leave/Page_OrangeHRM/input__applyBtn"), 0): Scroll to object 'Object Repository/Apply Leave/Page_OrangeHRM/input__applyBtn' successfully

2021-08-19 21:42:49 - [MESSAGE][WARNING] - Timeout '0' is invalid. Using default page load timeout: '30'

2021-08-19 21:42:49 - [MESSAGE][PASSED] - Scroll to object 'Object Repository/Apply Leave/Page_OrangeHRM/input__applyBtn' successfully

2021-08-19 21:42:49 - [TEST_STEP][PASSED] - takeScreenshot(): Taking screenshot successfully

2021-08-19 21:42:50 - [MESSAGE][PASSED] - Taking screenshot successfully
[[ATTACHMENT|C:\\Users\\nguye\\Katalon Studio\\OrangeHRM\\Reports\\20210819_213101\\Apply Leave\\20210819_213101\\1629384170228.png]]

2021-08-19 21:42:50 - [TEST_STEP][PASSED] - click(findTestObject("Object Repository/Apply Leave/Page_OrangeHRM/input__applyBtn")): Object: 'Object Repository/Apply Leave/Page_OrangeHRM/input__applyBtn' is clicked on

2021-08-19 21:42:50 - [MESSAGE][PASSED] - Object: 'Object Repository/Apply Leave/Page_OrangeHRM/input__applyBtn' is clicked on

2021-08-19 21:42:50 - [TEST_STEP][PASSED] - navigateToUrl("http://localhost/orangehrm/symfony/web/index.php/leave/viewMyLeaveList/reset/1"): Navigate to 'http://localhost/orangehrm/symfony/web/index.php/leave/viewMyLeaveList/reset/1' successfully

2021-08-19 21:42:51 - [MESSAGE][PASSED] - Navigate to 'http://localhost/orangehrm/symfony/web/index.php/leave/viewMyLeaveList/reset/1' successfully

2021-08-19 21:42:51 - [TEST_STEP][PASSED] - setText(findTestObject("Object Repository/Apply Leave/Page_OrangeHRM/input_From_leaveListcalFromDate"), from): Text '2021-09-02' is set on object 'Object Repository/Apply Leave/Page_OrangeHRM/input_From_leaveListcalFromDate'

2021-08-19 21:42:52 - [MESSAGE][PASSED] - Text '2021-09-02' is set on object 'Object Repository/Apply Leave/Page_OrangeHRM/input_From_leaveListcalFromDate'

2021-08-19 21:42:52 - [TEST_STEP][PASSED] - sendKeys(findTestObject("Object Repository/Apply Leave/Page_OrangeHRM/input_From_leaveListcalFromDate"), Keys.chord(ENTER)): Keys 'ENTER + ' sent to object: 'Object Repository/Apply Leave/Page_OrangeHRM/input_From_leaveListcalFromDate'

2021-08-19 21:42:53 - [MESSAGE][PASSED] - Keys 'ENTER + ' sent to object: 'Object Repository/Apply Leave/Page_OrangeHRM/input_From_leaveListcalFromDate'

2021-08-19 21:42:53 - [TEST_STEP][PASSED] - setText(findTestObject("Object Repository/Apply Leave/Page_OrangeHRM/input_To_leaveListcalToDate"), to): Text '2021-09-03' is set on object 'Object Repository/Apply Leave/Page_OrangeHRM/input_To_leaveListcalToDate'

2021-08-19 21:42:54 - [MESSAGE][PASSED] - Text '2021-09-03' is set on object 'Object Repository/Apply Leave/Page_OrangeHRM/input_To_leaveListcalToDate'

2021-08-19 21:42:54 - [TEST_STEP][PASSED] - sendKeys(findTestObject("Object Repository/Apply Leave/Page_OrangeHRM/input_To_leaveListcalToDate"), Keys.chord(ENTER)): Keys 'ENTER + ' sent to object: 'Object Repository/Apply Leave/Page_OrangeHRM/input_To_leaveListcalToDate'

2021-08-19 21:42:54 - [MESSAGE][PASSED] - Keys 'ENTER + ' sent to object: 'Object Repository/Apply Leave/Page_OrangeHRM/input_To_leaveListcalToDate'

2021-08-19 21:42:54 - [TEST_STEP][PASSED] - uncheck(findTestObject("Object Repository/Apply Leave/Page_OrangeHRM/input_All_leaveList_chkSearchFilter_checkbo_a698f3")): Object 'Object Repository/Apply Leave/Page_OrangeHRM/input_All_leaveList_chkSearchFilter_checkbo_a698f3' is un-checked

2021-08-19 21:42:55 - [MESSAGE][PASSED] - Object 'Object Repository/Apply Leave/Page_OrangeHRM/input_All_leaveList_chkSearchFilter_checkbo_a698f3' is un-checked

2021-08-19 21:42:55 - [TEST_STEP][PASSED] - check(findTestObject("Object Repository/Apply Leave/Page_OrangeHRM/input_Pending Approval_leaveListchkSearchFilter")): Object 'Object Repository/Apply Leave/Page_OrangeHRM/input_Pending Approval_leaveListchkSearchFilter' is checked

2021-08-19 21:42:55 - [MESSAGE][PASSED] - Object 'Object Repository/Apply Leave/Page_OrangeHRM/input_Pending Approval_leaveListchkSearchFilter' is checked

2021-08-19 21:42:55 - [TEST_STEP][PASSED] - click(findTestObject("Object Repository/Apply Leave/Page_OrangeHRM/input_Taken_btnSearch")): Object: 'Object Repository/Apply Leave/Page_OrangeHRM/input_Taken_btnSearch' is clicked on

2021-08-19 21:42:56 - [MESSAGE][PASSED] - Object: 'Object Repository/Apply Leave/Page_OrangeHRM/input_Taken_btnSearch' is clicked on

2021-08-19 21:42:56 - [TEST_STEP][PASSED] - scrollToElement(findTestObject("Apply Leave/Page_OrangeHRM/th_Date"), 0): Scroll to object 'Object Repository/Apply Leave/Page_OrangeHRM/th_Date' successfully

2021-08-19 21:42:56 - [MESSAGE][WARNING] - Timeout '0' is invalid. Using default page load timeout: '30'

2021-08-19 21:42:57 - [MESSAGE][PASSED] - Scroll to object 'Object Repository/Apply Leave/Page_OrangeHRM/th_Date' successfully

2021-08-19 21:42:57 - [TEST_STEP][PASSED] - takeScreenshot(): Taking screenshot successfully

2021-08-19 21:42:57 - [MESSAGE][PASSED] - Taking screenshot successfully
[[ATTACHMENT|C:\\Users\\nguye\\Katalon Studio\\OrangeHRM\\Reports\\20210819_213101\\Apply Leave\\20210819_213101\\1629384177284.png]]

2021-08-19 21:42:57 - [TEST_STEP][PASSED] - if (days.equals("")): Actual text 'No Records Found' and expected text 'No Records Found' are matched 

2021-08-19 21:42:57 - [TEST_STEP][PASSED] - verifyMatch(getText(findTestObject("Object Repository/Apply Leave/Page_OrangeHRM/td_No Records Found")), "No Records Found", false, STOP_ON_FAILURE): Actual text 'No Records Found' and expected text 'No Records Found' are matched 

2021-08-19 21:42:57 - [MESSAGE][PASSED] - Text of object 'Object Repository/Apply Leave/Page_OrangeHRM/td_No Records Found' is: 'No Records Found'

2021-08-19 21:42:57 - [MESSAGE][PASSED] - Actual text 'No Records Found' and expected text 'No Records Found' are matched]]></system-out>
         <system-err><![CDATA[]]></system-err>
      </testcase>
      <testcase name="Test Cases/Apply Leave" time="26.581" classname="Test Cases/Apply Leave" status="FAILED">
         <failure type="FAILED" message="Test Cases/Apply Leave FAILED.
Reason:
com.kms.katalon.core.exception.StepFailedException: Actual text '2021-09-02 to 2021-09-03' and expected text 'No Records Found' are not matched
	at com.kms.katalon.core.keyword.builtin.VerifyMatchKeyword$_verifyMatch_closure1.doCall(VerifyMatchKeyword.groovy:57)
	at com.kms.katalon.core.keyword.builtin.VerifyMatchKeyword$_verifyMatch_closure1.call(VerifyMatchKeyword.groovy)
	at com.kms.katalon.core.keyword.internal.KeywordMain.runKeyword(KeywordMain.groovy:74)
	at com.kms.katalon.core.keyword.builtin.VerifyMatchKeyword.verifyMatch(VerifyMatchKeyword.groovy:60)
	at com.kms.katalon.core.keyword.builtin.VerifyMatchKeyword.execute(VerifyMatchKeyword.groovy:45)
	at com.kms.katalon.core.keyword.internal.KeywordExecutor.executeKeywordForPlatform(KeywordExecutor.groovy:74)
	at com.kms.katalon.core.keyword.BuiltinKeywords.verifyMatch(BuiltinKeywords.groovy:55)
	at Apply Leave.run(Apply Leave:180)
	at com.kms.katalon.core.main.ScriptEngine.run(ScriptEngine.java:194)
	at com.kms.katalon.core.main.ScriptEngine.runScriptAsRawText(ScriptEngine.java:119)
	at com.kms.katalon.core.main.TestCaseExecutor.runScript(TestCaseExecutor.java:430)
	at com.kms.katalon.core.main.TestCaseExecutor.doExecute(TestCaseExecutor.java:421)
	at com.kms.katalon.core.main.TestCaseExecutor.processExecutionPhase(TestCaseExecutor.java:400)
	at com.kms.katalon.core.main.TestCaseExecutor.accessMainPhase(TestCaseExecutor.java:392)
	at com.kms.katalon.core.main.TestCaseExecutor.execute(TestCaseExecutor.java:273)
	at com.kms.katalon.core.main.TestSuiteExecutor.accessTestCaseMainPhase(TestSuiteExecutor.java:202)
	at com.kms.katalon.core.main.TestSuiteExecutor.accessTestSuiteMainPhase(TestSuiteExecutor.java:164)
	at com.kms.katalon.core.main.TestSuiteExecutor.execute(TestSuiteExecutor.java:105)
	at com.kms.katalon.core.main.TestCaseMain.startTestSuite(TestCaseMain.java:185)
	at com.kms.katalon.core.main.TestCaseMain$startTestSuite$0.call(Unknown Source)
	at TempTestSuite1629383461522.run(TempTestSuite1629383461522.groovy:36)
"/>
         <system-out><![CDATA[2021-08-19 21:42:59 - [TEST_CASE][FAILED] - Test Cases/Apply Leave: Test Cases/Apply Leave FAILED.
Reason:
com.kms.katalon.core.exception.StepFailedException: Actual text '2021-09-02 to 2021-09-03' and expected text 'No Records Found' are not matched
	at com.kms.katalon.core.keyword.builtin.VerifyMatchKeyword$_verifyMatch_closure1.doCall(VerifyMatchKeyword.groovy:57)
	at com.kms.katalon.core.keyword.builtin.VerifyMatchKeyword$_verifyMatch_closure1.call(VerifyMatchKeyword.groovy)
	at com.kms.katalon.core.keyword.internal.KeywordMain.runKeyword(KeywordMain.groovy:74)
	at com.kms.katalon.core.keyword.builtin.VerifyMatchKeyword.verifyMatch(VerifyMatchKeyword.groovy:60)
	at com.kms.katalon.core.keyword.builtin.VerifyMatchKeyword.execute(VerifyMatchKeyword.groovy:45)
	at com.kms.katalon.core.keyword.internal.KeywordExecutor.executeKeywordForPlatform(KeywordExecutor.groovy:74)
	at com.kms.katalon.core.keyword.BuiltinKeywords.verifyMatch(BuiltinKeywords.groovy:55)
	at Apply Leave.run(Apply Leave:180)
	at com.kms.katalon.core.main.ScriptEngine.run(ScriptEngine.java:194)
	at com.kms.katalon.core.main.ScriptEngine.runScriptAsRawText(ScriptEngine.java:119)
	at com.kms.katalon.core.main.TestCaseExecutor.runScript(TestCaseExecutor.java:430)
	at com.kms.katalon.core.main.TestCaseExecutor.doExecute(TestCaseExecutor.java:421)
	at com.kms.katalon.core.main.TestCaseExecutor.processExecutionPhase(TestCaseExecutor.java:400)
	at com.kms.katalon.core.main.TestCaseExecutor.accessMainPhase(TestCaseExecutor.java:392)
	at com.kms.katalon.core.main.TestCaseExecutor.execute(TestCaseExecutor.java:273)
	at com.kms.katalon.core.main.TestSuiteExecutor.accessTestCaseMainPhase(TestSuiteExecutor.java:202)
	at com.kms.katalon.core.main.TestSuiteExecutor.accessTestSuiteMainPhase(TestSuiteExecutor.java:164)
	at com.kms.katalon.core.main.TestSuiteExecutor.execute(TestSuiteExecutor.java:105)
	at com.kms.katalon.core.main.TestCaseMain.startTestSuite(TestCaseMain.java:185)
	at com.kms.katalon.core.main.TestCaseMain$startTestSuite$0.call(Unknown Source)
	at TempTestSuite1629383461522.run(TempTestSuite1629383461522.groovy:36)


2021-08-19 21:42:59 - [TEST_STEP][PASSED] - com.database.mysql.connectDB("localhost", "orangehrm_mysql", "3306", "root", null): com.database.mysql.connectDB is PASSED

2021-08-19 21:42:59 - [MESSAGE][PASSED] - com.database.mysql.connectDB is PASSED

2021-08-19 21:42:59 - [TEST_STEP][PASSED] - com.database.mysql.execute("DELETE FROM `ohrm_leave_request` WHERE `emp_number`=3 AND `date_applied`='2021-09-02' AND `leave_type_id` = 3"): com.database.mysql.execute is PASSED

2021-08-19 21:42:59 - [MESSAGE][PASSED] - com.database.mysql.execute is PASSED

2021-08-19 21:42:59 - [TEST_STEP][PASSED] - com.database.mysql.execute("DELETE FROM `ohrm_leave` WHERE `emp_number` = 3 AND `leave_type_id`=3 and (`date`='2021-09-02' or `date`='2021-09-03') "): com.database.mysql.execute is PASSED

2021-08-19 21:42:59 - [MESSAGE][PASSED] - com.database.mysql.execute is PASSED

2021-08-19 21:42:59 - [TEST_STEP][PASSED] - com.database.mysql.closeDatabaseConnection(): com.database.mysql.closeDatabaseConnection is PASSED

2021-08-19 21:42:59 - [MESSAGE][PASSED] - com.database.mysql.closeDatabaseConnection is PASSED

2021-08-19 21:42:59 - [TEST_STEP][PASSED] - navigateToUrl("http://localhost/orangehrm/symfony/web/index.php/dashboard"): Navigate to 'http://localhost/orangehrm/symfony/web/index.php/dashboard' successfully

2021-08-19 21:43:00 - [MESSAGE][PASSED] - Navigate to 'http://localhost/orangehrm/symfony/web/index.php/dashboard' successfully

2021-08-19 21:43:00 - [TEST_STEP][PASSED] - click(findTestObject("Object Repository/Apply Leave/Page_OrangeHRM/img")): Object: 'Object Repository/Apply Leave/Page_OrangeHRM/img' is clicked on

2021-08-19 21:43:01 - [MESSAGE][PASSED] - Object: 'Object Repository/Apply Leave/Page_OrangeHRM/img' is clicked on

2021-08-19 21:43:01 - [TEST_STEP][PASSED] - selectOptionByValue(findTestObject("Object Repository/Apply Leave/Page_OrangeHRM/select_--Select--MarriageMaternityPersonalS_480ad7"), "3", true): All options with value '3' are selected in object 'Object Repository/Apply Leave/Page_OrangeHRM/select_--Select--MarriageMaternityPersonalS_480ad7'  using regular expression

2021-08-19 21:43:02 - [MESSAGE][PASSED] - All options with value '3' are selected in object 'Object Repository/Apply Leave/Page_OrangeHRM/select_--Select--MarriageMaternityPersonalS_480ad7'  using regular expression

2021-08-19 21:43:02 - [TEST_STEP][PASSED] - setText(findTestObject("Object Repository/Apply Leave/Page_OrangeHRM/input__applyleavetxtFromDate"), from): Text '2021-09-02' is set on object 'Object Repository/Apply Leave/Page_OrangeHRM/input__applyleavetxtFromDate'

2021-08-19 21:43:04 - [MESSAGE][PASSED] - Text '2021-09-02' is set on object 'Object Repository/Apply Leave/Page_OrangeHRM/input__applyleavetxtFromDate'

2021-08-19 21:43:04 - [TEST_STEP][PASSED] - sendKeys(findTestObject("Object Repository/Apply Leave/Page_OrangeHRM/input__applyleavetxtFromDate"), Keys.chord(ENTER)): Keys 'ENTER + ' sent to object: 'Object Repository/Apply Leave/Page_OrangeHRM/input__applyleavetxtFromDate'

2021-08-19 21:43:04 - [MESSAGE][PASSED] - Keys 'ENTER + ' sent to object: 'Object Repository/Apply Leave/Page_OrangeHRM/input__applyleavetxtFromDate'

2021-08-19 21:43:04 - [TEST_STEP][PASSED] - setText(findTestObject("Object Repository/Apply Leave/Page_OrangeHRM/input__applyleavetxtToDate"), to): Text '2021-09-03' is set on object 'Object Repository/Apply Leave/Page_OrangeHRM/input__applyleavetxtToDate'

2021-08-19 21:43:06 - [MESSAGE][PASSED] - Text '2021-09-03' is set on object 'Object Repository/Apply Leave/Page_OrangeHRM/input__applyleavetxtToDate'

2021-08-19 21:43:06 - [TEST_STEP][PASSED] - sendKeys(findTestObject("Object Repository/Apply Leave/Page_OrangeHRM/input__applyleavetxtToDate"), Keys.chord(ENTER)): Keys 'ENTER + ' sent to object: 'Object Repository/Apply Leave/Page_OrangeHRM/input__applyleavetxtToDate'

2021-08-19 21:43:06 - [MESSAGE][PASSED] - Keys 'ENTER + ' sent to object: 'Object Repository/Apply Leave/Page_OrangeHRM/input__applyleavetxtToDate'

2021-08-19 21:43:06 - [TEST_STEP][PASSED] - if (from.equals(to)): null

2021-08-19 21:43:06 - [TEST_STEP][PASSED] - else: null

2021-08-19 21:43:06 - [TEST_STEP][PASSED] - selectOptionByValue(findTestObject("Object Repository/Apply Leave/Page_OrangeHRM/select_NoneAll DaysStart Day OnlyEnd Day On_3e5258"), partialDays, true): All options with value 'start' are selected in object 'Object Repository/Apply Leave/Page_OrangeHRM/select_NoneAll DaysStart Day OnlyEnd Day On_3e5258'  using regular expression

2021-08-19 21:43:08 - [MESSAGE][PASSED] - All options with value 'start' are selected in object 'Object Repository/Apply Leave/Page_OrangeHRM/select_NoneAll DaysStart Day OnlyEnd Day On_3e5258'  using regular expression

2021-08-19 21:43:08 - [TEST_STEP][PASSED] - if (partialDays.equals("all") || partialDays.equals("start")): All options with value '05:00' are selected in object 'Object Repository/Apply Leave/Page_OrangeHRM/select_000000150030004501000115013001450200_bef9c6_1_2_3'  using regular expression

2021-08-19 21:43:08 - [TEST_STEP][PASSED] - selectOptionByValue(findTestObject("Object Repository/Apply Leave/Page_OrangeHRM/applyleave_firstDuration_duration"), duration1, true): All options with value 'specify_time' are selected in object 'Object Repository/Apply Leave/Page_OrangeHRM/applyleave_firstDuration_duration'  using regular expression

2021-08-19 21:43:09 - [MESSAGE][PASSED] - All options with value 'specify_time' are selected in object 'Object Repository/Apply Leave/Page_OrangeHRM/applyleave_firstDuration_duration'  using regular expression

2021-08-19 21:43:09 - [TEST_STEP][PASSED] - if (duration1.equals("half_day")): null

2021-08-19 21:43:09 - [TEST_STEP][PASSED] - if (duration1.equals("specify_time")): All options with value '05:00' are selected in object 'Object Repository/Apply Leave/Page_OrangeHRM/select_000000150030004501000115013001450200_bef9c6_1_2_3'  using regular expression

2021-08-19 21:43:09 - [TEST_STEP][PASSED] - selectOptionByValue(findTestObject("Object Repository/Apply Leave/Page_OrangeHRM/select_000000150030004501000115013001450200_bef9c6_1_2"), duration2, true): All options with value '03:00' are selected in object 'Object Repository/Apply Leave/Page_OrangeHRM/select_000000150030004501000115013001450200_bef9c6_1_2'  using regular expression

2021-08-19 21:43:12 - [MESSAGE][PASSED] - All options with value '03:00' are selected in object 'Object Repository/Apply Leave/Page_OrangeHRM/select_000000150030004501000115013001450200_bef9c6_1_2'  using regular expression

2021-08-19 21:43:12 - [TEST_STEP][PASSED] - selectOptionByValue(findTestObject("Object Repository/Apply Leave/Page_OrangeHRM/select_000000150030004501000115013001450200_bef9c6_1_2_3"), duration3, true): All options with value '05:00' are selected in object 'Object Repository/Apply Leave/Page_OrangeHRM/select_000000150030004501000115013001450200_bef9c6_1_2_3'  using regular expression

2021-08-19 21:43:15 - [MESSAGE][PASSED] - All options with value '05:00' are selected in object 'Object Repository/Apply Leave/Page_OrangeHRM/select_000000150030004501000115013001450200_bef9c6_1_2_3'  using regular expression

2021-08-19 21:43:15 - [TEST_STEP][PASSED] - if (partialDays.equals("end")): null

2021-08-19 21:43:15 - [TEST_STEP][PASSED] - if (partialDays.equals("start_end")): null

2021-08-19 21:43:15 - [TEST_STEP][PASSED] - scrollToElement(findTestObject("Apply Leave/Page_OrangeHRM/input__applyBtn"), 0): Scroll to object 'Object Repository/Apply Leave/Page_OrangeHRM/input__applyBtn' successfully

2021-08-19 21:43:15 - [MESSAGE][WARNING] - Timeout '0' is invalid. Using default page load timeout: '30'

2021-08-19 21:43:15 - [MESSAGE][PASSED] - Scroll to object 'Object Repository/Apply Leave/Page_OrangeHRM/input__applyBtn' successfully

2021-08-19 21:43:15 - [TEST_STEP][PASSED] - takeScreenshot(): Taking screenshot successfully

2021-08-19 21:43:15 - [MESSAGE][PASSED] - Taking screenshot successfully
[[ATTACHMENT|C:\\Users\\nguye\\Katalon Studio\\OrangeHRM\\Reports\\20210819_213101\\Apply Leave\\20210819_213101\\1629384195742.png]]

2021-08-19 21:43:15 - [TEST_STEP][PASSED] - click(findTestObject("Object Repository/Apply Leave/Page_OrangeHRM/input__applyBtn")): Object: 'Object Repository/Apply Leave/Page_OrangeHRM/input__applyBtn' is clicked on

2021-08-19 21:43:16 - [MESSAGE][PASSED] - Object: 'Object Repository/Apply Leave/Page_OrangeHRM/input__applyBtn' is clicked on

2021-08-19 21:43:16 - [TEST_STEP][PASSED] - navigateToUrl("http://localhost/orangehrm/symfony/web/index.php/leave/viewMyLeaveList/reset/1"): Navigate to 'http://localhost/orangehrm/symfony/web/index.php/leave/viewMyLeaveList/reset/1' successfully

2021-08-19 21:43:17 - [MESSAGE][PASSED] - Navigate to 'http://localhost/orangehrm/symfony/web/index.php/leave/viewMyLeaveList/reset/1' successfully

2021-08-19 21:43:17 - [TEST_STEP][PASSED] - setText(findTestObject("Object Repository/Apply Leave/Page_OrangeHRM/input_From_leaveListcalFromDate"), from): Text '2021-09-02' is set on object 'Object Repository/Apply Leave/Page_OrangeHRM/input_From_leaveListcalFromDate'

2021-08-19 21:43:19 - [MESSAGE][PASSED] - Text '2021-09-02' is set on object 'Object Repository/Apply Leave/Page_OrangeHRM/input_From_leaveListcalFromDate'

2021-08-19 21:43:19 - [TEST_STEP][PASSED] - sendKeys(findTestObject("Object Repository/Apply Leave/Page_OrangeHRM/input_From_leaveListcalFromDate"), Keys.chord(ENTER)): Keys 'ENTER + ' sent to object: 'Object Repository/Apply Leave/Page_OrangeHRM/input_From_leaveListcalFromDate'

2021-08-19 21:43:19 - [MESSAGE][PASSED] - Keys 'ENTER + ' sent to object: 'Object Repository/Apply Leave/Page_OrangeHRM/input_From_leaveListcalFromDate'

2021-08-19 21:43:19 - [TEST_STEP][PASSED] - setText(findTestObject("Object Repository/Apply Leave/Page_OrangeHRM/input_To_leaveListcalToDate"), to): Text '2021-09-03' is set on object 'Object Repository/Apply Leave/Page_OrangeHRM/input_To_leaveListcalToDate'

2021-08-19 21:43:20 - [MESSAGE][PASSED] - Text '2021-09-03' is set on object 'Object Repository/Apply Leave/Page_OrangeHRM/input_To_leaveListcalToDate'

2021-08-19 21:43:20 - [TEST_STEP][PASSED] - sendKeys(findTestObject("Object Repository/Apply Leave/Page_OrangeHRM/input_To_leaveListcalToDate"), Keys.chord(ENTER)): Keys 'ENTER + ' sent to object: 'Object Repository/Apply Leave/Page_OrangeHRM/input_To_leaveListcalToDate'

2021-08-19 21:43:21 - [MESSAGE][PASSED] - Keys 'ENTER + ' sent to object: 'Object Repository/Apply Leave/Page_OrangeHRM/input_To_leaveListcalToDate'

2021-08-19 21:43:21 - [TEST_STEP][PASSED] - uncheck(findTestObject("Object Repository/Apply Leave/Page_OrangeHRM/input_All_leaveList_chkSearchFilter_checkbo_a698f3")): Object 'Object Repository/Apply Leave/Page_OrangeHRM/input_All_leaveList_chkSearchFilter_checkbo_a698f3' is un-checked

2021-08-19 21:43:21 - [MESSAGE][PASSED] - Object 'Object Repository/Apply Leave/Page_OrangeHRM/input_All_leaveList_chkSearchFilter_checkbo_a698f3' is un-checked

2021-08-19 21:43:21 - [TEST_STEP][PASSED] - check(findTestObject("Object Repository/Apply Leave/Page_OrangeHRM/input_Pending Approval_leaveListchkSearchFilter")): Object 'Object Repository/Apply Leave/Page_OrangeHRM/input_Pending Approval_leaveListchkSearchFilter' is checked

2021-08-19 21:43:21 - [MESSAGE][PASSED] - Object 'Object Repository/Apply Leave/Page_OrangeHRM/input_Pending Approval_leaveListchkSearchFilter' is checked

2021-08-19 21:43:21 - [TEST_STEP][PASSED] - click(findTestObject("Object Repository/Apply Leave/Page_OrangeHRM/input_Taken_btnSearch")): Object: 'Object Repository/Apply Leave/Page_OrangeHRM/input_Taken_btnSearch' is clicked on

2021-08-19 21:43:22 - [MESSAGE][PASSED] - Object: 'Object Repository/Apply Leave/Page_OrangeHRM/input_Taken_btnSearch' is clicked on

2021-08-19 21:43:22 - [TEST_STEP][PASSED] - scrollToElement(findTestObject("Apply Leave/Page_OrangeHRM/th_Date"), 0): Scroll to object 'Object Repository/Apply Leave/Page_OrangeHRM/th_Date' successfully

2021-08-19 21:43:22 - [MESSAGE][WARNING] - Timeout '0' is invalid. Using default page load timeout: '30'

2021-08-19 21:43:23 - [MESSAGE][PASSED] - Scroll to object 'Object Repository/Apply Leave/Page_OrangeHRM/th_Date' successfully

2021-08-19 21:43:23 - [TEST_STEP][PASSED] - takeScreenshot(): Taking screenshot successfully

2021-08-19 21:43:24 - [MESSAGE][PASSED] - Taking screenshot successfully
[[ATTACHMENT|C:\\Users\\nguye\\Katalon Studio\\OrangeHRM\\Reports\\20210819_213101\\Apply Leave\\20210819_213101\\1629384203936.png]]

2021-08-19 21:43:24 - [TEST_STEP][FAILED] - if (days.equals("")): Unable to verify match between actual text '2021-09-02 to 2021-09-03' and expected text 'No Records Found' (Root cause: com.kms.katalon.core.exception.StepFailedException: Actual text '2021-09-02 to 2021-09-03' and expected text 'No Records Found' are not matched
	at com.kms.katalon.core.keyword.builtin.VerifyMatchKeyword$_verifyMatch_closure1.doCall(VerifyMatchKeyword.groovy:57)
	at com.kms.katalon.core.keyword.builtin.VerifyMatchKeyword$_verifyMatch_closure1.call(VerifyMatchKeyword.groovy)
	at com.kms.katalon.core.keyword.internal.KeywordMain.runKeyword(KeywordMain.groovy:74)
	at com.kms.katalon.core.keyword.builtin.VerifyMatchKeyword.verifyMatch(VerifyMatchKeyword.groovy:60)
	at com.kms.katalon.core.keyword.builtin.VerifyMatchKeyword.execute(VerifyMatchKeyword.groovy:45)
	at com.kms.katalon.core.keyword.internal.KeywordExecutor.executeKeywordForPlatform(KeywordExecutor.groovy:74)
	at com.kms.katalon.core.keyword.BuiltinKeywords.verifyMatch(BuiltinKeywords.groovy:55)
	at Apply Leave.run(Apply Leave:180)
	at com.kms.katalon.core.main.ScriptEngine.run(ScriptEngine.java:194)
	at com.kms.katalon.core.main.ScriptEngine.runScriptAsRawText(ScriptEngine.java:119)
	at com.kms.katalon.core.main.TestCaseExecutor.runScript(TestCaseExecutor.java:430)
	at com.kms.katalon.core.main.TestCaseExecutor.doExecute(TestCaseExecutor.java:421)
	at com.kms.katalon.core.main.TestCaseExecutor.processExecutionPhase(TestCaseExecutor.java:400)
	at com.kms.katalon.core.main.TestCaseExecutor.accessMainPhase(TestCaseExecutor.java:392)
	at com.kms.katalon.core.main.TestCaseExecutor.execute(TestCaseExecutor.java:273)
	at com.kms.katalon.core.main.TestSuiteExecutor.accessTestCaseMainPhase(TestSuiteExecutor.java:202)
	at com.kms.katalon.core.main.TestSuiteExecutor.accessTestSuiteMainPhase(TestSuiteExecutor.java:164)
	at com.kms.katalon.core.main.TestSuiteExecutor.execute(TestSuiteExecutor.java:105)
	at com.kms.katalon.core.main.TestCaseMain.startTestSuite(TestCaseMain.java:185)
	at com.kms.katalon.core.main.TestCaseMain$startTestSuite$0.call(Unknown Source)
	at TempTestSuite1629383461522.run(TempTestSuite1629383461522.groovy:36)
)

2021-08-19 21:43:24 - [TEST_STEP][FAILED] - verifyMatch(getText(findTestObject("Object Repository/Apply Leave/Page_OrangeHRM/td_No Records Found")), "No Records Found", false, STOP_ON_FAILURE): Unable to verify match between actual text '2021-09-02 to 2021-09-03' and expected text 'No Records Found' (Root cause: com.kms.katalon.core.exception.StepFailedException: Actual text '2021-09-02 to 2021-09-03' and expected text 'No Records Found' are not matched
	at com.kms.katalon.core.keyword.builtin.VerifyMatchKeyword$_verifyMatch_closure1.doCall(VerifyMatchKeyword.groovy:57)
	at com.kms.katalon.core.keyword.builtin.VerifyMatchKeyword$_verifyMatch_closure1.call(VerifyMatchKeyword.groovy)
	at com.kms.katalon.core.keyword.internal.KeywordMain.runKeyword(KeywordMain.groovy:74)
	at com.kms.katalon.core.keyword.builtin.VerifyMatchKeyword.verifyMatch(VerifyMatchKeyword.groovy:60)
	at com.kms.katalon.core.keyword.builtin.VerifyMatchKeyword.execute(VerifyMatchKeyword.groovy:45)
	at com.kms.katalon.core.keyword.internal.KeywordExecutor.executeKeywordForPlatform(KeywordExecutor.groovy:74)
	at com.kms.katalon.core.keyword.BuiltinKeywords.verifyMatch(BuiltinKeywords.groovy:55)
	at Apply Leave.run(Apply Leave:180)
	at com.kms.katalon.core.main.ScriptEngine.run(ScriptEngine.java:194)
	at com.kms.katalon.core.main.ScriptEngine.runScriptAsRawText(ScriptEngine.java:119)
	at com.kms.katalon.core.main.TestCaseExecutor.runScript(TestCaseExecutor.java:430)
	at com.kms.katalon.core.main.TestCaseExecutor.doExecute(TestCaseExecutor.java:421)
	at com.kms.katalon.core.main.TestCaseExecutor.processExecutionPhase(TestCaseExecutor.java:400)
	at com.kms.katalon.core.main.TestCaseExecutor.accessMainPhase(TestCaseExecutor.java:392)
	at com.kms.katalon.core.main.TestCaseExecutor.execute(TestCaseExecutor.java:273)
	at com.kms.katalon.core.main.TestSuiteExecutor.accessTestCaseMainPhase(TestSuiteExecutor.java:202)
	at com.kms.katalon.core.main.TestSuiteExecutor.accessTestSuiteMainPhase(TestSuiteExecutor.java:164)
	at com.kms.katalon.core.main.TestSuiteExecutor.execute(TestSuiteExecutor.java:105)
	at com.kms.katalon.core.main.TestCaseMain.startTestSuite(TestCaseMain.java:185)
	at com.kms.katalon.core.main.TestCaseMain$startTestSuite$0.call(Unknown Source)
	at TempTestSuite1629383461522.run(TempTestSuite1629383461522.groovy:36)
)

2021-08-19 21:43:24 - [MESSAGE][PASSED] - Text of object 'Object Repository/Apply Leave/Page_OrangeHRM/td_No Records Found' is: '2021-09-02 to 2021-09-03'

2021-08-19 21:43:24 - [MESSAGE][FAILED] - Unable to verify match between actual text '2021-09-02 to 2021-09-03' and expected text 'No Records Found' (Root cause: com.kms.katalon.core.exception.StepFailedException: Actual text '2021-09-02 to 2021-09-03' and expected text 'No Records Found' are not matched
	at com.kms.katalon.core.keyword.builtin.VerifyMatchKeyword$_verifyMatch_closure1.doCall(VerifyMatchKeyword.groovy:57)
	at com.kms.katalon.core.keyword.builtin.VerifyMatchKeyword$_verifyMatch_closure1.call(VerifyMatchKeyword.groovy)
	at com.kms.katalon.core.keyword.internal.KeywordMain.runKeyword(KeywordMain.groovy:74)
	at com.kms.katalon.core.keyword.builtin.VerifyMatchKeyword.verifyMatch(VerifyMatchKeyword.groovy:60)
	at com.kms.katalon.core.keyword.builtin.VerifyMatchKeyword.execute(VerifyMatchKeyword.groovy:45)
	at com.kms.katalon.core.keyword.internal.KeywordExecutor.executeKeywordForPlatform(KeywordExecutor.groovy:74)
	at com.kms.katalon.core.keyword.BuiltinKeywords.verifyMatch(BuiltinKeywords.groovy:55)
	at Apply Leave.run(Apply Leave:180)
	at com.kms.katalon.core.main.ScriptEngine.run(ScriptEngine.java:194)
	at com.kms.katalon.core.main.ScriptEngine.runScriptAsRawText(ScriptEngine.java:119)
	at com.kms.katalon.core.main.TestCaseExecutor.runScript(TestCaseExecutor.java:430)
	at com.kms.katalon.core.main.TestCaseExecutor.doExecute(TestCaseExecutor.java:421)
	at com.kms.katalon.core.main.TestCaseExecutor.processExecutionPhase(TestCaseExecutor.java:400)
	at com.kms.katalon.core.main.TestCaseExecutor.accessMainPhase(TestCaseExecutor.java:392)
	at com.kms.katalon.core.main.TestCaseExecutor.execute(TestCaseExecutor.java:273)
	at com.kms.katalon.core.main.TestSuiteExecutor.accessTestCaseMainPhase(TestSuiteExecutor.java:202)
	at com.kms.katalon.core.main.TestSuiteExecutor.accessTestSuiteMainPhase(TestSuiteExecutor.java:164)
	at com.kms.katalon.core.main.TestSuiteExecutor.execute(TestSuiteExecutor.java:105)
	at com.kms.katalon.core.main.TestCaseMain.startTestSuite(TestCaseMain.java:185)
	at com.kms.katalon.core.main.TestCaseMain$startTestSuite$0.call(Unknown Source)
	at TempTestSuite1629383461522.run(TempTestSuite1629383461522.groovy:36)
)

2021-08-19 21:43:26 - [TEST_STEP][PASSED] - Video: Video recording for test case 'Test Cases/Apply Leave' .

2021-08-19 21:43:26 - [MESSAGE][INFO] - Video recording for test case 'Test Cases/Apply Leave' .]]></system-out>
         <system-err><![CDATA[2021-08-19 21:42:59 - [TEST_CASE][FAILED] - Test Cases/Apply Leave: Test Cases/Apply Leave FAILED.
Reason:
com.kms.katalon.core.exception.StepFailedException: Actual text '2021-09-02 to 2021-09-03' and expected text 'No Records Found' are not matched
	at com.kms.katalon.core.keyword.builtin.VerifyMatchKeyword$_verifyMatch_closure1.doCall(VerifyMatchKeyword.groovy:57)
	at com.kms.katalon.core.keyword.builtin.VerifyMatchKeyword$_verifyMatch_closure1.call(VerifyMatchKeyword.groovy)
	at com.kms.katalon.core.keyword.internal.KeywordMain.runKeyword(KeywordMain.groovy:74)
	at com.kms.katalon.core.keyword.builtin.VerifyMatchKeyword.verifyMatch(VerifyMatchKeyword.groovy:60)
	at com.kms.katalon.core.keyword.builtin.VerifyMatchKeyword.execute(VerifyMatchKeyword.groovy:45)
	at com.kms.katalon.core.keyword.internal.KeywordExecutor.executeKeywordForPlatform(KeywordExecutor.groovy:74)
	at com.kms.katalon.core.keyword.BuiltinKeywords.verifyMatch(BuiltinKeywords.groovy:55)
	at Apply Leave.run(Apply Leave:180)
	at com.kms.katalon.core.main.ScriptEngine.run(ScriptEngine.java:194)
	at com.kms.katalon.core.main.ScriptEngine.runScriptAsRawText(ScriptEngine.java:119)
	at com.kms.katalon.core.main.TestCaseExecutor.runScript(TestCaseExecutor.java:430)
	at com.kms.katalon.core.main.TestCaseExecutor.doExecute(TestCaseExecutor.java:421)
	at com.kms.katalon.core.main.TestCaseExecutor.processExecutionPhase(TestCaseExecutor.java:400)
	at com.kms.katalon.core.main.TestCaseExecutor.accessMainPhase(TestCaseExecutor.java:392)
	at com.kms.katalon.core.main.TestCaseExecutor.execute(TestCaseExecutor.java:273)
	at com.kms.katalon.core.main.TestSuiteExecutor.accessTestCaseMainPhase(TestSuiteExecutor.java:202)
	at com.kms.katalon.core.main.TestSuiteExecutor.accessTestSuiteMainPhase(TestSuiteExecutor.java:164)
	at com.kms.katalon.core.main.TestSuiteExecutor.execute(TestSuiteExecutor.java:105)
	at com.kms.katalon.core.main.TestCaseMain.startTestSuite(TestCaseMain.java:185)
	at com.kms.katalon.core.main.TestCaseMain$startTestSuite$0.call(Unknown Source)
	at TempTestSuite1629383461522.run(TempTestSuite1629383461522.groovy:36)]]></system-err>
      </testcase>
      <testcase name="Test Cases/Apply Leave" time="23.47" classname="Test Cases/Apply Leave" status="PASSED">
         <system-out><![CDATA[2021-08-19 21:43:26 - [TEST_CASE][PASSED] - Test Cases/Apply Leave: Test Cases/Apply Leave

2021-08-19 21:43:26 - [TEST_STEP][PASSED] - com.database.mysql.connectDB("localhost", "orangehrm_mysql", "3306", "root", null): com.database.mysql.connectDB is PASSED

2021-08-19 21:43:26 - [MESSAGE][PASSED] - com.database.mysql.connectDB is PASSED

2021-08-19 21:43:26 - [TEST_STEP][PASSED] - com.database.mysql.execute("DELETE FROM `ohrm_leave_request` WHERE `emp_number`=3 AND `date_applied`='2021-09-02' AND `leave_type_id` = 3"): com.database.mysql.execute is PASSED

2021-08-19 21:43:26 - [MESSAGE][PASSED] - com.database.mysql.execute is PASSED

2021-08-19 21:43:26 - [TEST_STEP][PASSED] - com.database.mysql.execute("DELETE FROM `ohrm_leave` WHERE `emp_number` = 3 AND `leave_type_id`=3 and (`date`='2021-09-02' or `date`='2021-09-03') "): com.database.mysql.execute is PASSED

2021-08-19 21:43:26 - [MESSAGE][PASSED] - com.database.mysql.execute is PASSED

2021-08-19 21:43:26 - [TEST_STEP][PASSED] - com.database.mysql.closeDatabaseConnection(): com.database.mysql.closeDatabaseConnection is PASSED

2021-08-19 21:43:26 - [MESSAGE][PASSED] - com.database.mysql.closeDatabaseConnection is PASSED

2021-08-19 21:43:26 - [TEST_STEP][PASSED] - navigateToUrl("http://localhost/orangehrm/symfony/web/index.php/dashboard"): Navigate to 'http://localhost/orangehrm/symfony/web/index.php/dashboard' successfully

2021-08-19 21:43:27 - [MESSAGE][PASSED] - Navigate to 'http://localhost/orangehrm/symfony/web/index.php/dashboard' successfully

2021-08-19 21:43:27 - [TEST_STEP][PASSED] - click(findTestObject("Object Repository/Apply Leave/Page_OrangeHRM/img")): Object: 'Object Repository/Apply Leave/Page_OrangeHRM/img' is clicked on

2021-08-19 21:43:27 - [MESSAGE][PASSED] - Object: 'Object Repository/Apply Leave/Page_OrangeHRM/img' is clicked on

2021-08-19 21:43:27 - [TEST_STEP][PASSED] - selectOptionByValue(findTestObject("Object Repository/Apply Leave/Page_OrangeHRM/select_--Select--MarriageMaternityPersonalS_480ad7"), "3", true): All options with value '3' are selected in object 'Object Repository/Apply Leave/Page_OrangeHRM/select_--Select--MarriageMaternityPersonalS_480ad7'  using regular expression

2021-08-19 21:43:29 - [MESSAGE][PASSED] - All options with value '3' are selected in object 'Object Repository/Apply Leave/Page_OrangeHRM/select_--Select--MarriageMaternityPersonalS_480ad7'  using regular expression

2021-08-19 21:43:29 - [TEST_STEP][PASSED] - setText(findTestObject("Object Repository/Apply Leave/Page_OrangeHRM/input__applyleavetxtFromDate"), from): Text '2021-09-02' is set on object 'Object Repository/Apply Leave/Page_OrangeHRM/input__applyleavetxtFromDate'

2021-08-19 21:43:30 - [MESSAGE][PASSED] - Text '2021-09-02' is set on object 'Object Repository/Apply Leave/Page_OrangeHRM/input__applyleavetxtFromDate'

2021-08-19 21:43:30 - [TEST_STEP][PASSED] - sendKeys(findTestObject("Object Repository/Apply Leave/Page_OrangeHRM/input__applyleavetxtFromDate"), Keys.chord(ENTER)): Keys 'ENTER + ' sent to object: 'Object Repository/Apply Leave/Page_OrangeHRM/input__applyleavetxtFromDate'

2021-08-19 21:43:31 - [MESSAGE][PASSED] - Keys 'ENTER + ' sent to object: 'Object Repository/Apply Leave/Page_OrangeHRM/input__applyleavetxtFromDate'

2021-08-19 21:43:31 - [TEST_STEP][PASSED] - setText(findTestObject("Object Repository/Apply Leave/Page_OrangeHRM/input__applyleavetxtToDate"), to): Text '2021-09-03' is set on object 'Object Repository/Apply Leave/Page_OrangeHRM/input__applyleavetxtToDate'

2021-08-19 21:43:32 - [MESSAGE][PASSED] - Text '2021-09-03' is set on object 'Object Repository/Apply Leave/Page_OrangeHRM/input__applyleavetxtToDate'

2021-08-19 21:43:32 - [TEST_STEP][PASSED] - sendKeys(findTestObject("Object Repository/Apply Leave/Page_OrangeHRM/input__applyleavetxtToDate"), Keys.chord(ENTER)): Keys 'ENTER + ' sent to object: 'Object Repository/Apply Leave/Page_OrangeHRM/input__applyleavetxtToDate'

2021-08-19 21:43:33 - [MESSAGE][PASSED] - Keys 'ENTER + ' sent to object: 'Object Repository/Apply Leave/Page_OrangeHRM/input__applyleavetxtToDate'

2021-08-19 21:43:33 - [TEST_STEP][PASSED] - if (from.equals(to)): null

2021-08-19 21:43:33 - [TEST_STEP][PASSED] - else: null

2021-08-19 21:43:33 - [TEST_STEP][PASSED] - selectOptionByValue(findTestObject("Object Repository/Apply Leave/Page_OrangeHRM/select_NoneAll DaysStart Day OnlyEnd Day On_3e5258"), partialDays, true): All options with value 'end' are selected in object 'Object Repository/Apply Leave/Page_OrangeHRM/select_NoneAll DaysStart Day OnlyEnd Day On_3e5258'  using regular expression

2021-08-19 21:43:34 - [MESSAGE][PASSED] - All options with value 'end' are selected in object 'Object Repository/Apply Leave/Page_OrangeHRM/select_NoneAll DaysStart Day OnlyEnd Day On_3e5258'  using regular expression

2021-08-19 21:43:34 - [TEST_STEP][PASSED] - if (partialDays.equals("all") || partialDays.equals("start")): null

2021-08-19 21:43:34 - [TEST_STEP][PASSED] - if (partialDays.equals("end")): null

2021-08-19 21:43:34 - [TEST_STEP][PASSED] - selectOptionByValue(findTestObject("Object Repository/Apply Leave/Page_OrangeHRM/select_Half DaySpecify Time_1"), duration1, true): All options with value 'half_day' are selected in object 'Object Repository/Apply Leave/Page_OrangeHRM/select_Half DaySpecify Time_1'  using regular expression

2021-08-19 21:43:35 - [MESSAGE][PASSED] - All options with value 'half_day' are selected in object 'Object Repository/Apply Leave/Page_OrangeHRM/select_Half DaySpecify Time_1'  using regular expression

2021-08-19 21:43:35 - [TEST_STEP][PASSED] - if (duration1.equals("half_day")): All options with value 'AM' are selected in object 'Object Repository/Apply Leave/Page_OrangeHRM/select_MorningAfternoon_1'  using regular expression

2021-08-19 21:43:35 - [TEST_STEP][PASSED] - selectOptionByValue(findTestObject("Object Repository/Apply Leave/Page_OrangeHRM/select_MorningAfternoon_1"), duration2, true): All options with value 'AM' are selected in object 'Object Repository/Apply Leave/Page_OrangeHRM/select_MorningAfternoon_1'  using regular expression

2021-08-19 21:43:36 - [MESSAGE][PASSED] - All options with value 'AM' are selected in object 'Object Repository/Apply Leave/Page_OrangeHRM/select_MorningAfternoon_1'  using regular expression

2021-08-19 21:43:36 - [TEST_STEP][PASSED] - if (duration1.equals("specify_time")): null

2021-08-19 21:43:36 - [TEST_STEP][PASSED] - if (partialDays.equals("start_end")): null

2021-08-19 21:43:36 - [TEST_STEP][PASSED] - scrollToElement(findTestObject("Apply Leave/Page_OrangeHRM/input__applyBtn"), 0): Scroll to object 'Object Repository/Apply Leave/Page_OrangeHRM/input__applyBtn' successfully

2021-08-19 21:43:36 - [MESSAGE][WARNING] - Timeout '0' is invalid. Using default page load timeout: '30'

2021-08-19 21:43:37 - [MESSAGE][PASSED] - Scroll to object 'Object Repository/Apply Leave/Page_OrangeHRM/input__applyBtn' successfully

2021-08-19 21:43:37 - [TEST_STEP][PASSED] - takeScreenshot(): Taking screenshot successfully

2021-08-19 21:43:37 - [MESSAGE][PASSED] - Taking screenshot successfully
[[ATTACHMENT|C:\\Users\\nguye\\Katalon Studio\\OrangeHRM\\Reports\\20210819_213101\\Apply Leave\\20210819_213101\\1629384217409.png]]

2021-08-19 21:43:37 - [TEST_STEP][PASSED] - click(findTestObject("Object Repository/Apply Leave/Page_OrangeHRM/input__applyBtn")): Object: 'Object Repository/Apply Leave/Page_OrangeHRM/input__applyBtn' is clicked on

2021-08-19 21:43:38 - [MESSAGE][PASSED] - Object: 'Object Repository/Apply Leave/Page_OrangeHRM/input__applyBtn' is clicked on

2021-08-19 21:43:38 - [TEST_STEP][PASSED] - navigateToUrl("http://localhost/orangehrm/symfony/web/index.php/leave/viewMyLeaveList/reset/1"): Navigate to 'http://localhost/orangehrm/symfony/web/index.php/leave/viewMyLeaveList/reset/1' successfully

2021-08-19 21:43:39 - [MESSAGE][PASSED] - Navigate to 'http://localhost/orangehrm/symfony/web/index.php/leave/viewMyLeaveList/reset/1' successfully

2021-08-19 21:43:39 - [TEST_STEP][PASSED] - setText(findTestObject("Object Repository/Apply Leave/Page_OrangeHRM/input_From_leaveListcalFromDate"), from): Text '2021-09-02' is set on object 'Object Repository/Apply Leave/Page_OrangeHRM/input_From_leaveListcalFromDate'

2021-08-19 21:43:41 - [MESSAGE][PASSED] - Text '2021-09-02' is set on object 'Object Repository/Apply Leave/Page_OrangeHRM/input_From_leaveListcalFromDate'

2021-08-19 21:43:41 - [TEST_STEP][PASSED] - sendKeys(findTestObject("Object Repository/Apply Leave/Page_OrangeHRM/input_From_leaveListcalFromDate"), Keys.chord(ENTER)): Keys 'ENTER + ' sent to object: 'Object Repository/Apply Leave/Page_OrangeHRM/input_From_leaveListcalFromDate'

2021-08-19 21:43:41 - [MESSAGE][PASSED] - Keys 'ENTER + ' sent to object: 'Object Repository/Apply Leave/Page_OrangeHRM/input_From_leaveListcalFromDate'

2021-08-19 21:43:41 - [TEST_STEP][PASSED] - setText(findTestObject("Object Repository/Apply Leave/Page_OrangeHRM/input_To_leaveListcalToDate"), to): Text '2021-09-03' is set on object 'Object Repository/Apply Leave/Page_OrangeHRM/input_To_leaveListcalToDate'

2021-08-19 21:43:42 - [MESSAGE][PASSED] - Text '2021-09-03' is set on object 'Object Repository/Apply Leave/Page_OrangeHRM/input_To_leaveListcalToDate'

2021-08-19 21:43:42 - [TEST_STEP][PASSED] - sendKeys(findTestObject("Object Repository/Apply Leave/Page_OrangeHRM/input_To_leaveListcalToDate"), Keys.chord(ENTER)): Keys 'ENTER + ' sent to object: 'Object Repository/Apply Leave/Page_OrangeHRM/input_To_leaveListcalToDate'

2021-08-19 21:43:43 - [MESSAGE][PASSED] - Keys 'ENTER + ' sent to object: 'Object Repository/Apply Leave/Page_OrangeHRM/input_To_leaveListcalToDate'

2021-08-19 21:43:43 - [TEST_STEP][PASSED] - uncheck(findTestObject("Object Repository/Apply Leave/Page_OrangeHRM/input_All_leaveList_chkSearchFilter_checkbo_a698f3")): Object 'Object Repository/Apply Leave/Page_OrangeHRM/input_All_leaveList_chkSearchFilter_checkbo_a698f3' is un-checked

2021-08-19 21:43:43 - [MESSAGE][PASSED] - Object 'Object Repository/Apply Leave/Page_OrangeHRM/input_All_leaveList_chkSearchFilter_checkbo_a698f3' is un-checked

2021-08-19 21:43:43 - [TEST_STEP][PASSED] - check(findTestObject("Object Repository/Apply Leave/Page_OrangeHRM/input_Pending Approval_leaveListchkSearchFilter")): Object 'Object Repository/Apply Leave/Page_OrangeHRM/input_Pending Approval_leaveListchkSearchFilter' is checked

2021-08-19 21:43:43 - [MESSAGE][PASSED] - Object 'Object Repository/Apply Leave/Page_OrangeHRM/input_Pending Approval_leaveListchkSearchFilter' is checked

2021-08-19 21:43:43 - [TEST_STEP][PASSED] - click(findTestObject("Object Repository/Apply Leave/Page_OrangeHRM/input_Taken_btnSearch")): Object: 'Object Repository/Apply Leave/Page_OrangeHRM/input_Taken_btnSearch' is clicked on

2021-08-19 21:43:44 - [MESSAGE][PASSED] - Object: 'Object Repository/Apply Leave/Page_OrangeHRM/input_Taken_btnSearch' is clicked on

2021-08-19 21:43:44 - [TEST_STEP][PASSED] - scrollToElement(findTestObject("Apply Leave/Page_OrangeHRM/th_Date"), 0): Scroll to object 'Object Repository/Apply Leave/Page_OrangeHRM/th_Date' successfully

2021-08-19 21:43:44 - [MESSAGE][WARNING] - Timeout '0' is invalid. Using default page load timeout: '30'

2021-08-19 21:43:45 - [MESSAGE][PASSED] - Scroll to object 'Object Repository/Apply Leave/Page_OrangeHRM/th_Date' successfully

2021-08-19 21:43:45 - [TEST_STEP][PASSED] - takeScreenshot(): Taking screenshot successfully

2021-08-19 21:43:45 - [MESSAGE][PASSED] - Taking screenshot successfully
[[ATTACHMENT|C:\\Users\\nguye\\Katalon Studio\\OrangeHRM\\Reports\\20210819_213101\\Apply Leave\\20210819_213101\\1629384225775.png]]

2021-08-19 21:43:45 - [TEST_STEP][PASSED] - if (days.equals("")): null

2021-08-19 21:43:45 - [TEST_STEP][PASSED] - else: Actual text 'Pending Approval(1.50)' and expected text 'Pending Approval(1.50)' are matched 

2021-08-19 21:43:45 - [TEST_STEP][PASSED] - verifyMatch(getText(findTestObject("Object Repository/Apply Leave/Page_OrangeHRM/a_2021-09-02 to 2021-09-03")), date, false, STOP_ON_FAILURE): Actual text '2021-09-02 to 2021-09-03' and expected text '2021-09-02 to 2021-09-03' are matched 

2021-08-19 21:43:46 - [MESSAGE][PASSED] - Text of object 'Object Repository/Apply Leave/Page_OrangeHRM/a_2021-09-02 to 2021-09-03' is: '2021-09-02 to 2021-09-03'

2021-08-19 21:43:46 - [MESSAGE][PASSED] - Actual text '2021-09-02 to 2021-09-03' and expected text '2021-09-02 to 2021-09-03' are matched 

2021-08-19 21:43:46 - [TEST_STEP][PASSED] - verifyMatch(getText(findTestObject("Object Repository/Apply Leave/Page_OrangeHRM/a_Rachel Morris")), fullName, false, STOP_ON_FAILURE): Actual text 'Rachel Morris' and expected text 'Rachel Morris' are matched 

2021-08-19 21:43:46 - [MESSAGE][PASSED] - Text of object 'Object Repository/Apply Leave/Page_OrangeHRM/a_Rachel Morris' is: 'Rachel Morris'

2021-08-19 21:43:46 - [MESSAGE][PASSED] - Actual text 'Rachel Morris' and expected text 'Rachel Morris' are matched 

2021-08-19 21:43:46 - [TEST_STEP][PASSED] - verifyMatch(getText(findTestObject("Object Repository/Apply Leave/Page_OrangeHRM/td_Personal")), leaveType, false, STOP_ON_FAILURE): Actual text 'Personal' and expected text 'Personal' are matched 

2021-08-19 21:43:46 - [MESSAGE][PASSED] - Text of object 'Object Repository/Apply Leave/Page_OrangeHRM/td_Personal' is: 'Personal'

2021-08-19 21:43:46 - [MESSAGE][PASSED] - Actual text 'Personal' and expected text 'Personal' are matched 

2021-08-19 21:43:46 - [TEST_STEP][PASSED] - verifyMatch(25"))).toString(), parseDouble(days).toString(), false, STOP_ON_FAILURE): Actual text '48.5' and expected text '48.5' are matched 

2021-08-19 21:43:47 - [MESSAGE][PASSED] - Text of object 'Object Repository/Apply Leave/Page_OrangeHRM/td_49.25' is: '48.50'

2021-08-19 21:43:47 - [MESSAGE][PASSED] - Actual text '48.5' and expected text '48.5' are matched 

2021-08-19 21:43:47 - [TEST_STEP][PASSED] - verifyMatch(getText(findTestObject("Object Repository/Apply Leave/Page_OrangeHRM/td_0.75")), days, false, STOP_ON_FAILURE): Actual text '1.50' and expected text '1.50' are matched 

2021-08-19 21:43:47 - [MESSAGE][PASSED] - Text of object 'Object Repository/Apply Leave/Page_OrangeHRM/td_0.75' is: '1.50'

2021-08-19 21:43:47 - [MESSAGE][PASSED] - Actual text '1.50' and expected text '1.50' are matched 

2021-08-19 21:43:47 - [TEST_STEP][PASSED] - verifyMatch(getText(findTestObject("Object Repository/Apply Leave/Page_OrangeHRM/a_Pending Approval(0.75)")), status + "(" + days + ")", false, STOP_ON_FAILURE): Actual text 'Pending Approval(1.50)' and expected text 'Pending Approval(1.50)' are matched 

2021-08-19 21:43:47 - [MESSAGE][PASSED] - Text of object 'Object Repository/Apply Leave/Page_OrangeHRM/a_Pending Approval(0.75)' is: 'Pending Approval(1.50)'

2021-08-19 21:43:47 - [MESSAGE][PASSED] - Actual text 'Pending Approval(1.50)' and expected text 'Pending Approval(1.50)' are matched]]></system-out>
         <system-err><![CDATA[]]></system-err>
      </testcase>
      <testcase name="Test Cases/Apply Leave" time="23.534" classname="Test Cases/Apply Leave" status="PASSED">
         <system-out><![CDATA[2021-08-19 21:43:50 - [TEST_CASE][PASSED] - Test Cases/Apply Leave: Test Cases/Apply Leave

2021-08-19 21:43:50 - [TEST_STEP][PASSED] - com.database.mysql.connectDB("localhost", "orangehrm_mysql", "3306", "root", null): com.database.mysql.connectDB is PASSED

2021-08-19 21:43:50 - [MESSAGE][PASSED] - com.database.mysql.connectDB is PASSED

2021-08-19 21:43:50 - [TEST_STEP][PASSED] - com.database.mysql.execute("DELETE FROM `ohrm_leave_request` WHERE `emp_number`=3 AND `date_applied`='2021-09-02' AND `leave_type_id` = 3"): com.database.mysql.execute is PASSED

2021-08-19 21:43:50 - [MESSAGE][PASSED] - com.database.mysql.execute is PASSED

2021-08-19 21:43:50 - [TEST_STEP][PASSED] - com.database.mysql.execute("DELETE FROM `ohrm_leave` WHERE `emp_number` = 3 AND `leave_type_id`=3 and (`date`='2021-09-02' or `date`='2021-09-03') "): com.database.mysql.execute is PASSED

2021-08-19 21:43:50 - [MESSAGE][PASSED] - com.database.mysql.execute is PASSED

2021-08-19 21:43:50 - [TEST_STEP][PASSED] - com.database.mysql.closeDatabaseConnection(): com.database.mysql.closeDatabaseConnection is PASSED

2021-08-19 21:43:50 - [MESSAGE][PASSED] - com.database.mysql.closeDatabaseConnection is PASSED

2021-08-19 21:43:50 - [TEST_STEP][PASSED] - navigateToUrl("http://localhost/orangehrm/symfony/web/index.php/dashboard"): Navigate to 'http://localhost/orangehrm/symfony/web/index.php/dashboard' successfully

2021-08-19 21:43:50 - [MESSAGE][PASSED] - Navigate to 'http://localhost/orangehrm/symfony/web/index.php/dashboard' successfully

2021-08-19 21:43:50 - [TEST_STEP][PASSED] - click(findTestObject("Object Repository/Apply Leave/Page_OrangeHRM/img")): Object: 'Object Repository/Apply Leave/Page_OrangeHRM/img' is clicked on

2021-08-19 21:43:51 - [MESSAGE][PASSED] - Object: 'Object Repository/Apply Leave/Page_OrangeHRM/img' is clicked on

2021-08-19 21:43:51 - [TEST_STEP][PASSED] - selectOptionByValue(findTestObject("Object Repository/Apply Leave/Page_OrangeHRM/select_--Select--MarriageMaternityPersonalS_480ad7"), "3", true): All options with value '3' are selected in object 'Object Repository/Apply Leave/Page_OrangeHRM/select_--Select--MarriageMaternityPersonalS_480ad7'  using regular expression

2021-08-19 21:43:52 - [MESSAGE][PASSED] - All options with value '3' are selected in object 'Object Repository/Apply Leave/Page_OrangeHRM/select_--Select--MarriageMaternityPersonalS_480ad7'  using regular expression

2021-08-19 21:43:52 - [TEST_STEP][PASSED] - setText(findTestObject("Object Repository/Apply Leave/Page_OrangeHRM/input__applyleavetxtFromDate"), from): Text '2021-09-02' is set on object 'Object Repository/Apply Leave/Page_OrangeHRM/input__applyleavetxtFromDate'

2021-08-19 21:43:54 - [MESSAGE][PASSED] - Text '2021-09-02' is set on object 'Object Repository/Apply Leave/Page_OrangeHRM/input__applyleavetxtFromDate'

2021-08-19 21:43:54 - [TEST_STEP][PASSED] - sendKeys(findTestObject("Object Repository/Apply Leave/Page_OrangeHRM/input__applyleavetxtFromDate"), Keys.chord(ENTER)): Keys 'ENTER + ' sent to object: 'Object Repository/Apply Leave/Page_OrangeHRM/input__applyleavetxtFromDate'

2021-08-19 21:43:54 - [MESSAGE][PASSED] - Keys 'ENTER + ' sent to object: 'Object Repository/Apply Leave/Page_OrangeHRM/input__applyleavetxtFromDate'

2021-08-19 21:43:54 - [TEST_STEP][PASSED] - setText(findTestObject("Object Repository/Apply Leave/Page_OrangeHRM/input__applyleavetxtToDate"), to): Text '2021-09-03' is set on object 'Object Repository/Apply Leave/Page_OrangeHRM/input__applyleavetxtToDate'

2021-08-19 21:43:56 - [MESSAGE][PASSED] - Text '2021-09-03' is set on object 'Object Repository/Apply Leave/Page_OrangeHRM/input__applyleavetxtToDate'

2021-08-19 21:43:56 - [TEST_STEP][PASSED] - sendKeys(findTestObject("Object Repository/Apply Leave/Page_OrangeHRM/input__applyleavetxtToDate"), Keys.chord(ENTER)): Keys 'ENTER + ' sent to object: 'Object Repository/Apply Leave/Page_OrangeHRM/input__applyleavetxtToDate'

2021-08-19 21:43:57 - [MESSAGE][PASSED] - Keys 'ENTER + ' sent to object: 'Object Repository/Apply Leave/Page_OrangeHRM/input__applyleavetxtToDate'

2021-08-19 21:43:57 - [TEST_STEP][PASSED] - if (from.equals(to)): null

2021-08-19 21:43:57 - [TEST_STEP][PASSED] - else: null

2021-08-19 21:43:57 - [TEST_STEP][PASSED] - selectOptionByValue(findTestObject("Object Repository/Apply Leave/Page_OrangeHRM/select_NoneAll DaysStart Day OnlyEnd Day On_3e5258"), partialDays, true): All options with value 'end' are selected in object 'Object Repository/Apply Leave/Page_OrangeHRM/select_NoneAll DaysStart Day OnlyEnd Day On_3e5258'  using regular expression

2021-08-19 21:43:58 - [MESSAGE][PASSED] - All options with value 'end' are selected in object 'Object Repository/Apply Leave/Page_OrangeHRM/select_NoneAll DaysStart Day OnlyEnd Day On_3e5258'  using regular expression

2021-08-19 21:43:58 - [TEST_STEP][PASSED] - if (partialDays.equals("all") || partialDays.equals("start")): null

2021-08-19 21:43:58 - [TEST_STEP][PASSED] - if (partialDays.equals("end")): null

2021-08-19 21:43:58 - [TEST_STEP][PASSED] - selectOptionByValue(findTestObject("Object Repository/Apply Leave/Page_OrangeHRM/select_Half DaySpecify Time_1"), duration1, true): All options with value 'half_day' are selected in object 'Object Repository/Apply Leave/Page_OrangeHRM/select_Half DaySpecify Time_1'  using regular expression

2021-08-19 21:43:59 - [MESSAGE][PASSED] - All options with value 'half_day' are selected in object 'Object Repository/Apply Leave/Page_OrangeHRM/select_Half DaySpecify Time_1'  using regular expression

2021-08-19 21:43:59 - [TEST_STEP][PASSED] - if (duration1.equals("half_day")): All options with value 'PM' are selected in object 'Object Repository/Apply Leave/Page_OrangeHRM/select_MorningAfternoon_1'  using regular expression

2021-08-19 21:43:59 - [TEST_STEP][PASSED] - selectOptionByValue(findTestObject("Object Repository/Apply Leave/Page_OrangeHRM/select_MorningAfternoon_1"), duration2, true): All options with value 'PM' are selected in object 'Object Repository/Apply Leave/Page_OrangeHRM/select_MorningAfternoon_1'  using regular expression

2021-08-19 21:44:00 - [MESSAGE][PASSED] - All options with value 'PM' are selected in object 'Object Repository/Apply Leave/Page_OrangeHRM/select_MorningAfternoon_1'  using regular expression

2021-08-19 21:44:00 - [TEST_STEP][PASSED] - if (duration1.equals("specify_time")): null

2021-08-19 21:44:00 - [TEST_STEP][PASSED] - if (partialDays.equals("start_end")): null

2021-08-19 21:44:00 - [TEST_STEP][PASSED] - scrollToElement(findTestObject("Apply Leave/Page_OrangeHRM/input__applyBtn"), 0): Scroll to object 'Object Repository/Apply Leave/Page_OrangeHRM/input__applyBtn' successfully

2021-08-19 21:44:00 - [MESSAGE][WARNING] - Timeout '0' is invalid. Using default page load timeout: '30'

2021-08-19 21:44:00 - [MESSAGE][PASSED] - Scroll to object 'Object Repository/Apply Leave/Page_OrangeHRM/input__applyBtn' successfully

2021-08-19 21:44:00 - [TEST_STEP][PASSED] - takeScreenshot(): Taking screenshot successfully

2021-08-19 21:44:01 - [MESSAGE][PASSED] - Taking screenshot successfully
[[ATTACHMENT|C:\\Users\\nguye\\Katalon Studio\\OrangeHRM\\Reports\\20210819_213101\\Apply Leave\\20210819_213101\\1629384241222.png]]

2021-08-19 21:44:01 - [TEST_STEP][PASSED] - click(findTestObject("Object Repository/Apply Leave/Page_OrangeHRM/input__applyBtn")): Object: 'Object Repository/Apply Leave/Page_OrangeHRM/input__applyBtn' is clicked on

2021-08-19 21:44:02 - [MESSAGE][PASSED] - Object: 'Object Repository/Apply Leave/Page_OrangeHRM/input__applyBtn' is clicked on

2021-08-19 21:44:02 - [TEST_STEP][PASSED] - navigateToUrl("http://localhost/orangehrm/symfony/web/index.php/leave/viewMyLeaveList/reset/1"): Navigate to 'http://localhost/orangehrm/symfony/web/index.php/leave/viewMyLeaveList/reset/1' successfully

2021-08-19 21:44:03 - [MESSAGE][PASSED] - Navigate to 'http://localhost/orangehrm/symfony/web/index.php/leave/viewMyLeaveList/reset/1' successfully

2021-08-19 21:44:03 - [TEST_STEP][PASSED] - setText(findTestObject("Object Repository/Apply Leave/Page_OrangeHRM/input_From_leaveListcalFromDate"), from): Text '2021-09-02' is set on object 'Object Repository/Apply Leave/Page_OrangeHRM/input_From_leaveListcalFromDate'

2021-08-19 21:44:04 - [MESSAGE][PASSED] - Text '2021-09-02' is set on object 'Object Repository/Apply Leave/Page_OrangeHRM/input_From_leaveListcalFromDate'

2021-08-19 21:44:04 - [TEST_STEP][PASSED] - sendKeys(findTestObject("Object Repository/Apply Leave/Page_OrangeHRM/input_From_leaveListcalFromDate"), Keys.chord(ENTER)): Keys 'ENTER + ' sent to object: 'Object Repository/Apply Leave/Page_OrangeHRM/input_From_leaveListcalFromDate'

2021-08-19 21:44:05 - [MESSAGE][PASSED] - Keys 'ENTER + ' sent to object: 'Object Repository/Apply Leave/Page_OrangeHRM/input_From_leaveListcalFromDate'

2021-08-19 21:44:05 - [TEST_STEP][PASSED] - setText(findTestObject("Object Repository/Apply Leave/Page_OrangeHRM/input_To_leaveListcalToDate"), to): Text '2021-09-03' is set on object 'Object Repository/Apply Leave/Page_OrangeHRM/input_To_leaveListcalToDate'

2021-08-19 21:44:06 - [MESSAGE][PASSED] - Text '2021-09-03' is set on object 'Object Repository/Apply Leave/Page_OrangeHRM/input_To_leaveListcalToDate'

2021-08-19 21:44:06 - [TEST_STEP][PASSED] - sendKeys(findTestObject("Object Repository/Apply Leave/Page_OrangeHRM/input_To_leaveListcalToDate"), Keys.chord(ENTER)): Keys 'ENTER + ' sent to object: 'Object Repository/Apply Leave/Page_OrangeHRM/input_To_leaveListcalToDate'

2021-08-19 21:44:06 - [MESSAGE][PASSED] - Keys 'ENTER + ' sent to object: 'Object Repository/Apply Leave/Page_OrangeHRM/input_To_leaveListcalToDate'

2021-08-19 21:44:06 - [TEST_STEP][PASSED] - uncheck(findTestObject("Object Repository/Apply Leave/Page_OrangeHRM/input_All_leaveList_chkSearchFilter_checkbo_a698f3")): Object 'Object Repository/Apply Leave/Page_OrangeHRM/input_All_leaveList_chkSearchFilter_checkbo_a698f3' is un-checked

2021-08-19 21:44:07 - [MESSAGE][PASSED] - Object 'Object Repository/Apply Leave/Page_OrangeHRM/input_All_leaveList_chkSearchFilter_checkbo_a698f3' is un-checked

2021-08-19 21:44:07 - [TEST_STEP][PASSED] - check(findTestObject("Object Repository/Apply Leave/Page_OrangeHRM/input_Pending Approval_leaveListchkSearchFilter")): Object 'Object Repository/Apply Leave/Page_OrangeHRM/input_Pending Approval_leaveListchkSearchFilter' is checked

2021-08-19 21:44:07 - [MESSAGE][PASSED] - Object 'Object Repository/Apply Leave/Page_OrangeHRM/input_Pending Approval_leaveListchkSearchFilter' is checked

2021-08-19 21:44:07 - [TEST_STEP][PASSED] - click(findTestObject("Object Repository/Apply Leave/Page_OrangeHRM/input_Taken_btnSearch")): Object: 'Object Repository/Apply Leave/Page_OrangeHRM/input_Taken_btnSearch' is clicked on

2021-08-19 21:44:08 - [MESSAGE][PASSED] - Object: 'Object Repository/Apply Leave/Page_OrangeHRM/input_Taken_btnSearch' is clicked on

2021-08-19 21:44:08 - [TEST_STEP][PASSED] - scrollToElement(findTestObject("Apply Leave/Page_OrangeHRM/th_Date"), 0): Scroll to object 'Object Repository/Apply Leave/Page_OrangeHRM/th_Date' successfully

2021-08-19 21:44:08 - [MESSAGE][WARNING] - Timeout '0' is invalid. Using default page load timeout: '30'

2021-08-19 21:44:09 - [MESSAGE][PASSED] - Scroll to object 'Object Repository/Apply Leave/Page_OrangeHRM/th_Date' successfully

2021-08-19 21:44:09 - [TEST_STEP][PASSED] - takeScreenshot(): Taking screenshot successfully

2021-08-19 21:44:09 - [MESSAGE][PASSED] - Taking screenshot successfully
[[ATTACHMENT|C:\\Users\\nguye\\Katalon Studio\\OrangeHRM\\Reports\\20210819_213101\\Apply Leave\\20210819_213101\\1629384249369.png]]

2021-08-19 21:44:09 - [TEST_STEP][PASSED] - if (days.equals("")): null

2021-08-19 21:44:09 - [TEST_STEP][PASSED] - else: Actual text 'Pending Approval(1.50)' and expected text 'Pending Approval(1.50)' are matched 

2021-08-19 21:44:09 - [TEST_STEP][PASSED] - verifyMatch(getText(findTestObject("Object Repository/Apply Leave/Page_OrangeHRM/a_2021-09-02 to 2021-09-03")), date, false, STOP_ON_FAILURE): Actual text '2021-09-02 to 2021-09-03' and expected text '2021-09-02 to 2021-09-03' are matched 

2021-08-19 21:44:09 - [MESSAGE][PASSED] - Text of object 'Object Repository/Apply Leave/Page_OrangeHRM/a_2021-09-02 to 2021-09-03' is: '2021-09-02 to 2021-09-03'

2021-08-19 21:44:09 - [MESSAGE][PASSED] - Actual text '2021-09-02 to 2021-09-03' and expected text '2021-09-02 to 2021-09-03' are matched 

2021-08-19 21:44:09 - [TEST_STEP][PASSED] - verifyMatch(getText(findTestObject("Object Repository/Apply Leave/Page_OrangeHRM/a_Rachel Morris")), fullName, false, STOP_ON_FAILURE): Actual text 'Rachel Morris' and expected text 'Rachel Morris' are matched 

2021-08-19 21:44:10 - [MESSAGE][PASSED] - Text of object 'Object Repository/Apply Leave/Page_OrangeHRM/a_Rachel Morris' is: 'Rachel Morris'

2021-08-19 21:44:10 - [MESSAGE][PASSED] - Actual text 'Rachel Morris' and expected text 'Rachel Morris' are matched 

2021-08-19 21:44:10 - [TEST_STEP][PASSED] - verifyMatch(getText(findTestObject("Object Repository/Apply Leave/Page_OrangeHRM/td_Personal")), leaveType, false, STOP_ON_FAILURE): Actual text 'Personal' and expected text 'Personal' are matched 

2021-08-19 21:44:10 - [MESSAGE][PASSED] - Text of object 'Object Repository/Apply Leave/Page_OrangeHRM/td_Personal' is: 'Personal'

2021-08-19 21:44:10 - [MESSAGE][PASSED] - Actual text 'Personal' and expected text 'Personal' are matched 

2021-08-19 21:44:10 - [TEST_STEP][PASSED] - verifyMatch(25"))).toString(), parseDouble(days).toString(), false, STOP_ON_FAILURE): Actual text '48.5' and expected text '48.5' are matched 

2021-08-19 21:44:10 - [MESSAGE][PASSED] - Text of object 'Object Repository/Apply Leave/Page_OrangeHRM/td_49.25' is: '48.50'

2021-08-19 21:44:10 - [MESSAGE][PASSED] - Actual text '48.5' and expected text '48.5' are matched 

2021-08-19 21:44:10 - [TEST_STEP][PASSED] - verifyMatch(getText(findTestObject("Object Repository/Apply Leave/Page_OrangeHRM/td_0.75")), days, false, STOP_ON_FAILURE): Actual text '1.50' and expected text '1.50' are matched 

2021-08-19 21:44:11 - [MESSAGE][PASSED] - Text of object 'Object Repository/Apply Leave/Page_OrangeHRM/td_0.75' is: '1.50'

2021-08-19 21:44:11 - [MESSAGE][PASSED] - Actual text '1.50' and expected text '1.50' are matched 

2021-08-19 21:44:11 - [TEST_STEP][PASSED] - verifyMatch(getText(findTestObject("Object Repository/Apply Leave/Page_OrangeHRM/a_Pending Approval(0.75)")), status + "(" + days + ")", false, STOP_ON_FAILURE): Actual text 'Pending Approval(1.50)' and expected text 'Pending Approval(1.50)' are matched 

2021-08-19 21:44:11 - [MESSAGE][PASSED] - Text of object 'Object Repository/Apply Leave/Page_OrangeHRM/a_Pending Approval(0.75)' is: 'Pending Approval(1.50)'

2021-08-19 21:44:11 - [MESSAGE][PASSED] - Actual text 'Pending Approval(1.50)' and expected text 'Pending Approval(1.50)' are matched]]></system-out>
         <system-err><![CDATA[]]></system-err>
      </testcase>
      <testcase name="Test Cases/Apply Leave" time="25.853" classname="Test Cases/Apply Leave" status="PASSED">
         <system-out><![CDATA[2021-08-19 21:44:13 - [TEST_CASE][PASSED] - Test Cases/Apply Leave: Test Cases/Apply Leave

2021-08-19 21:44:13 - [TEST_STEP][PASSED] - com.database.mysql.connectDB("localhost", "orangehrm_mysql", "3306", "root", null): com.database.mysql.connectDB is PASSED

2021-08-19 21:44:13 - [MESSAGE][PASSED] - com.database.mysql.connectDB is PASSED

2021-08-19 21:44:13 - [TEST_STEP][PASSED] - com.database.mysql.execute("DELETE FROM `ohrm_leave_request` WHERE `emp_number`=3 AND `date_applied`='2021-09-02' AND `leave_type_id` = 3"): com.database.mysql.execute is PASSED

2021-08-19 21:44:13 - [MESSAGE][PASSED] - com.database.mysql.execute is PASSED

2021-08-19 21:44:13 - [TEST_STEP][PASSED] - com.database.mysql.execute("DELETE FROM `ohrm_leave` WHERE `emp_number` = 3 AND `leave_type_id`=3 and (`date`='2021-09-02' or `date`='2021-09-03') "): com.database.mysql.execute is PASSED

2021-08-19 21:44:13 - [MESSAGE][PASSED] - com.database.mysql.execute is PASSED

2021-08-19 21:44:13 - [TEST_STEP][PASSED] - com.database.mysql.closeDatabaseConnection(): com.database.mysql.closeDatabaseConnection is PASSED

2021-08-19 21:44:13 - [MESSAGE][PASSED] - com.database.mysql.closeDatabaseConnection is PASSED

2021-08-19 21:44:13 - [TEST_STEP][PASSED] - navigateToUrl("http://localhost/orangehrm/symfony/web/index.php/dashboard"): Navigate to 'http://localhost/orangehrm/symfony/web/index.php/dashboard' successfully

2021-08-19 21:44:14 - [MESSAGE][PASSED] - Navigate to 'http://localhost/orangehrm/symfony/web/index.php/dashboard' successfully

2021-08-19 21:44:14 - [TEST_STEP][PASSED] - click(findTestObject("Object Repository/Apply Leave/Page_OrangeHRM/img")): Object: 'Object Repository/Apply Leave/Page_OrangeHRM/img' is clicked on

2021-08-19 21:44:15 - [MESSAGE][PASSED] - Object: 'Object Repository/Apply Leave/Page_OrangeHRM/img' is clicked on

2021-08-19 21:44:15 - [TEST_STEP][PASSED] - selectOptionByValue(findTestObject("Object Repository/Apply Leave/Page_OrangeHRM/select_--Select--MarriageMaternityPersonalS_480ad7"), "3", true): All options with value '3' are selected in object 'Object Repository/Apply Leave/Page_OrangeHRM/select_--Select--MarriageMaternityPersonalS_480ad7'  using regular expression

2021-08-19 21:44:16 - [MESSAGE][PASSED] - All options with value '3' are selected in object 'Object Repository/Apply Leave/Page_OrangeHRM/select_--Select--MarriageMaternityPersonalS_480ad7'  using regular expression

2021-08-19 21:44:16 - [TEST_STEP][PASSED] - setText(findTestObject("Object Repository/Apply Leave/Page_OrangeHRM/input__applyleavetxtFromDate"), from): Text '2021-09-02' is set on object 'Object Repository/Apply Leave/Page_OrangeHRM/input__applyleavetxtFromDate'

2021-08-19 21:44:17 - [MESSAGE][PASSED] - Text '2021-09-02' is set on object 'Object Repository/Apply Leave/Page_OrangeHRM/input__applyleavetxtFromDate'

2021-08-19 21:44:17 - [TEST_STEP][PASSED] - sendKeys(findTestObject("Object Repository/Apply Leave/Page_OrangeHRM/input__applyleavetxtFromDate"), Keys.chord(ENTER)): Keys 'ENTER + ' sent to object: 'Object Repository/Apply Leave/Page_OrangeHRM/input__applyleavetxtFromDate'

2021-08-19 21:44:18 - [MESSAGE][PASSED] - Keys 'ENTER + ' sent to object: 'Object Repository/Apply Leave/Page_OrangeHRM/input__applyleavetxtFromDate'

2021-08-19 21:44:18 - [TEST_STEP][PASSED] - setText(findTestObject("Object Repository/Apply Leave/Page_OrangeHRM/input__applyleavetxtToDate"), to): Text '2021-09-03' is set on object 'Object Repository/Apply Leave/Page_OrangeHRM/input__applyleavetxtToDate'

2021-08-19 21:44:19 - [MESSAGE][PASSED] - Text '2021-09-03' is set on object 'Object Repository/Apply Leave/Page_OrangeHRM/input__applyleavetxtToDate'

2021-08-19 21:44:19 - [TEST_STEP][PASSED] - sendKeys(findTestObject("Object Repository/Apply Leave/Page_OrangeHRM/input__applyleavetxtToDate"), Keys.chord(ENTER)): Keys 'ENTER + ' sent to object: 'Object Repository/Apply Leave/Page_OrangeHRM/input__applyleavetxtToDate'

2021-08-19 21:44:20 - [MESSAGE][PASSED] - Keys 'ENTER + ' sent to object: 'Object Repository/Apply Leave/Page_OrangeHRM/input__applyleavetxtToDate'

2021-08-19 21:44:20 - [TEST_STEP][PASSED] - if (from.equals(to)): null

2021-08-19 21:44:20 - [TEST_STEP][PASSED] - else: null

2021-08-19 21:44:20 - [TEST_STEP][PASSED] - selectOptionByValue(findTestObject("Object Repository/Apply Leave/Page_OrangeHRM/select_NoneAll DaysStart Day OnlyEnd Day On_3e5258"), partialDays, true): All options with value 'end' are selected in object 'Object Repository/Apply Leave/Page_OrangeHRM/select_NoneAll DaysStart Day OnlyEnd Day On_3e5258'  using regular expression

2021-08-19 21:44:21 - [MESSAGE][PASSED] - All options with value 'end' are selected in object 'Object Repository/Apply Leave/Page_OrangeHRM/select_NoneAll DaysStart Day OnlyEnd Day On_3e5258'  using regular expression

2021-08-19 21:44:21 - [TEST_STEP][PASSED] - if (partialDays.equals("all") || partialDays.equals("start")): null

2021-08-19 21:44:21 - [TEST_STEP][PASSED] - if (partialDays.equals("end")): All options with value '08:00' are selected in object 'Object Repository/Apply Leave/Page_OrangeHRM/applyleave_secondDuration_time_to'  using regular expression

2021-08-19 21:44:21 - [TEST_STEP][PASSED] - selectOptionByValue(findTestObject("Object Repository/Apply Leave/Page_OrangeHRM/select_Half DaySpecify Time_1"), duration1, true): All options with value 'specify_time' are selected in object 'Object Repository/Apply Leave/Page_OrangeHRM/select_Half DaySpecify Time_1'  using regular expression

2021-08-19 21:44:23 - [MESSAGE][PASSED] - All options with value 'specify_time' are selected in object 'Object Repository/Apply Leave/Page_OrangeHRM/select_Half DaySpecify Time_1'  using regular expression

2021-08-19 21:44:23 - [TEST_STEP][PASSED] - if (duration1.equals("half_day")): null

2021-08-19 21:44:23 - [TEST_STEP][PASSED] - if (duration1.equals("specify_time")): All options with value '08:00' are selected in object 'Object Repository/Apply Leave/Page_OrangeHRM/applyleave_secondDuration_time_to'  using regular expression

2021-08-19 21:44:23 - [TEST_STEP][PASSED] - selectOptionByValue(findTestObject("Object Repository/Apply Leave/Page_OrangeHRM/applyleave_secondDuration_time_from"), duration2, true): All options with value '09:00' are selected in object 'Object Repository/Apply Leave/Page_OrangeHRM/applyleave_secondDuration_time_from'  using regular expression

2021-08-19 21:44:26 - [MESSAGE][PASSED] - All options with value '09:00' are selected in object 'Object Repository/Apply Leave/Page_OrangeHRM/applyleave_secondDuration_time_from'  using regular expression

2021-08-19 21:44:26 - [TEST_STEP][PASSED] - selectOptionByValue(findTestObject("Object Repository/Apply Leave/Page_OrangeHRM/applyleave_secondDuration_time_to"), duration3, true): All options with value '08:00' are selected in object 'Object Repository/Apply Leave/Page_OrangeHRM/applyleave_secondDuration_time_to'  using regular expression

2021-08-19 21:44:29 - [MESSAGE][PASSED] - All options with value '08:00' are selected in object 'Object Repository/Apply Leave/Page_OrangeHRM/applyleave_secondDuration_time_to'  using regular expression

2021-08-19 21:44:29 - [TEST_STEP][PASSED] - if (partialDays.equals("start_end")): null

2021-08-19 21:44:29 - [TEST_STEP][PASSED] - scrollToElement(findTestObject("Apply Leave/Page_OrangeHRM/input__applyBtn"), 0): Scroll to object 'Object Repository/Apply Leave/Page_OrangeHRM/input__applyBtn' successfully

2021-08-19 21:44:29 - [MESSAGE][WARNING] - Timeout '0' is invalid. Using default page load timeout: '30'

2021-08-19 21:44:29 - [MESSAGE][PASSED] - Scroll to object 'Object Repository/Apply Leave/Page_OrangeHRM/input__applyBtn' successfully

2021-08-19 21:44:29 - [TEST_STEP][PASSED] - takeScreenshot(): Taking screenshot successfully

2021-08-19 21:44:29 - [MESSAGE][PASSED] - Taking screenshot successfully
[[ATTACHMENT|C:\\Users\\nguye\\Katalon Studio\\OrangeHRM\\Reports\\20210819_213101\\Apply Leave\\20210819_213101\\1629384269682.png]]

2021-08-19 21:44:29 - [TEST_STEP][PASSED] - click(findTestObject("Object Repository/Apply Leave/Page_OrangeHRM/input__applyBtn")): Object: 'Object Repository/Apply Leave/Page_OrangeHRM/input__applyBtn' is clicked on

2021-08-19 21:44:30 - [MESSAGE][PASSED] - Object: 'Object Repository/Apply Leave/Page_OrangeHRM/input__applyBtn' is clicked on

2021-08-19 21:44:30 - [TEST_STEP][PASSED] - navigateToUrl("http://localhost/orangehrm/symfony/web/index.php/leave/viewMyLeaveList/reset/1"): Navigate to 'http://localhost/orangehrm/symfony/web/index.php/leave/viewMyLeaveList/reset/1' successfully

2021-08-19 21:44:31 - [MESSAGE][PASSED] - Navigate to 'http://localhost/orangehrm/symfony/web/index.php/leave/viewMyLeaveList/reset/1' successfully

2021-08-19 21:44:31 - [TEST_STEP][PASSED] - setText(findTestObject("Object Repository/Apply Leave/Page_OrangeHRM/input_From_leaveListcalFromDate"), from): Text '2021-09-02' is set on object 'Object Repository/Apply Leave/Page_OrangeHRM/input_From_leaveListcalFromDate'

2021-08-19 21:44:32 - [MESSAGE][PASSED] - Text '2021-09-02' is set on object 'Object Repository/Apply Leave/Page_OrangeHRM/input_From_leaveListcalFromDate'

2021-08-19 21:44:32 - [TEST_STEP][PASSED] - sendKeys(findTestObject("Object Repository/Apply Leave/Page_OrangeHRM/input_From_leaveListcalFromDate"), Keys.chord(ENTER)): Keys 'ENTER + ' sent to object: 'Object Repository/Apply Leave/Page_OrangeHRM/input_From_leaveListcalFromDate'

2021-08-19 21:44:33 - [MESSAGE][PASSED] - Keys 'ENTER + ' sent to object: 'Object Repository/Apply Leave/Page_OrangeHRM/input_From_leaveListcalFromDate'

2021-08-19 21:44:33 - [TEST_STEP][PASSED] - setText(findTestObject("Object Repository/Apply Leave/Page_OrangeHRM/input_To_leaveListcalToDate"), to): Text '2021-09-03' is set on object 'Object Repository/Apply Leave/Page_OrangeHRM/input_To_leaveListcalToDate'

2021-08-19 21:44:33 - [MESSAGE][PASSED] - Text '2021-09-03' is set on object 'Object Repository/Apply Leave/Page_OrangeHRM/input_To_leaveListcalToDate'

2021-08-19 21:44:33 - [TEST_STEP][PASSED] - sendKeys(findTestObject("Object Repository/Apply Leave/Page_OrangeHRM/input_To_leaveListcalToDate"), Keys.chord(ENTER)): Keys 'ENTER + ' sent to object: 'Object Repository/Apply Leave/Page_OrangeHRM/input_To_leaveListcalToDate'

2021-08-19 21:44:34 - [MESSAGE][PASSED] - Keys 'ENTER + ' sent to object: 'Object Repository/Apply Leave/Page_OrangeHRM/input_To_leaveListcalToDate'

2021-08-19 21:44:34 - [TEST_STEP][PASSED] - uncheck(findTestObject("Object Repository/Apply Leave/Page_OrangeHRM/input_All_leaveList_chkSearchFilter_checkbo_a698f3")): Object 'Object Repository/Apply Leave/Page_OrangeHRM/input_All_leaveList_chkSearchFilter_checkbo_a698f3' is un-checked

2021-08-19 21:44:34 - [MESSAGE][PASSED] - Object 'Object Repository/Apply Leave/Page_OrangeHRM/input_All_leaveList_chkSearchFilter_checkbo_a698f3' is un-checked

2021-08-19 21:44:34 - [TEST_STEP][PASSED] - check(findTestObject("Object Repository/Apply Leave/Page_OrangeHRM/input_Pending Approval_leaveListchkSearchFilter")): Object 'Object Repository/Apply Leave/Page_OrangeHRM/input_Pending Approval_leaveListchkSearchFilter' is checked

2021-08-19 21:44:35 - [MESSAGE][PASSED] - Object 'Object Repository/Apply Leave/Page_OrangeHRM/input_Pending Approval_leaveListchkSearchFilter' is checked

2021-08-19 21:44:35 - [TEST_STEP][PASSED] - click(findTestObject("Object Repository/Apply Leave/Page_OrangeHRM/input_Taken_btnSearch")): Object: 'Object Repository/Apply Leave/Page_OrangeHRM/input_Taken_btnSearch' is clicked on

2021-08-19 21:44:36 - [MESSAGE][PASSED] - Object: 'Object Repository/Apply Leave/Page_OrangeHRM/input_Taken_btnSearch' is clicked on

2021-08-19 21:44:36 - [TEST_STEP][PASSED] - scrollToElement(findTestObject("Apply Leave/Page_OrangeHRM/th_Date"), 0): Scroll to object 'Object Repository/Apply Leave/Page_OrangeHRM/th_Date' successfully

2021-08-19 21:44:36 - [MESSAGE][WARNING] - Timeout '0' is invalid. Using default page load timeout: '30'

2021-08-19 21:44:36 - [MESSAGE][PASSED] - Scroll to object 'Object Repository/Apply Leave/Page_OrangeHRM/th_Date' successfully

2021-08-19 21:44:36 - [TEST_STEP][PASSED] - takeScreenshot(): Taking screenshot successfully

2021-08-19 21:44:37 - [MESSAGE][PASSED] - Taking screenshot successfully
[[ATTACHMENT|C:\\Users\\nguye\\Katalon Studio\\OrangeHRM\\Reports\\20210819_213101\\Apply Leave\\20210819_213101\\1629384276918.png]]

2021-08-19 21:44:37 - [TEST_STEP][PASSED] - if (days.equals("")): Actual text 'No Records Found' and expected text 'No Records Found' are matched 

2021-08-19 21:44:37 - [TEST_STEP][PASSED] - verifyMatch(getText(findTestObject("Object Repository/Apply Leave/Page_OrangeHRM/td_No Records Found")), "No Records Found", false, STOP_ON_FAILURE): Actual text 'No Records Found' and expected text 'No Records Found' are matched 

2021-08-19 21:44:37 - [MESSAGE][PASSED] - Text of object 'Object Repository/Apply Leave/Page_OrangeHRM/td_No Records Found' is: 'No Records Found'

2021-08-19 21:44:37 - [MESSAGE][PASSED] - Actual text 'No Records Found' and expected text 'No Records Found' are matched]]></system-out>
         <system-err><![CDATA[]]></system-err>
      </testcase>
      <testcase name="Test Cases/Apply Leave" time="25.502" classname="Test Cases/Apply Leave" status="PASSED">
         <system-out><![CDATA[2021-08-19 21:44:39 - [TEST_CASE][PASSED] - Test Cases/Apply Leave: Test Cases/Apply Leave

2021-08-19 21:44:39 - [TEST_STEP][PASSED] - com.database.mysql.connectDB("localhost", "orangehrm_mysql", "3306", "root", null): com.database.mysql.connectDB is PASSED

2021-08-19 21:44:39 - [MESSAGE][PASSED] - com.database.mysql.connectDB is PASSED

2021-08-19 21:44:39 - [TEST_STEP][PASSED] - com.database.mysql.execute("DELETE FROM `ohrm_leave_request` WHERE `emp_number`=3 AND `date_applied`='2021-09-02' AND `leave_type_id` = 3"): com.database.mysql.execute is PASSED

2021-08-19 21:44:39 - [MESSAGE][PASSED] - com.database.mysql.execute is PASSED

2021-08-19 21:44:39 - [TEST_STEP][PASSED] - com.database.mysql.execute("DELETE FROM `ohrm_leave` WHERE `emp_number` = 3 AND `leave_type_id`=3 and (`date`='2021-09-02' or `date`='2021-09-03') "): com.database.mysql.execute is PASSED

2021-08-19 21:44:39 - [MESSAGE][PASSED] - com.database.mysql.execute is PASSED

2021-08-19 21:44:39 - [TEST_STEP][PASSED] - com.database.mysql.closeDatabaseConnection(): com.database.mysql.closeDatabaseConnection is PASSED

2021-08-19 21:44:39 - [MESSAGE][PASSED] - com.database.mysql.closeDatabaseConnection is PASSED

2021-08-19 21:44:39 - [TEST_STEP][PASSED] - navigateToUrl("http://localhost/orangehrm/symfony/web/index.php/dashboard"): Navigate to 'http://localhost/orangehrm/symfony/web/index.php/dashboard' successfully

2021-08-19 21:44:39 - [MESSAGE][PASSED] - Navigate to 'http://localhost/orangehrm/symfony/web/index.php/dashboard' successfully

2021-08-19 21:44:39 - [TEST_STEP][PASSED] - click(findTestObject("Object Repository/Apply Leave/Page_OrangeHRM/img")): Object: 'Object Repository/Apply Leave/Page_OrangeHRM/img' is clicked on

2021-08-19 21:44:40 - [MESSAGE][PASSED] - Object: 'Object Repository/Apply Leave/Page_OrangeHRM/img' is clicked on

2021-08-19 21:44:40 - [TEST_STEP][PASSED] - selectOptionByValue(findTestObject("Object Repository/Apply Leave/Page_OrangeHRM/select_--Select--MarriageMaternityPersonalS_480ad7"), "3", true): All options with value '3' are selected in object 'Object Repository/Apply Leave/Page_OrangeHRM/select_--Select--MarriageMaternityPersonalS_480ad7'  using regular expression

2021-08-19 21:44:42 - [MESSAGE][PASSED] - All options with value '3' are selected in object 'Object Repository/Apply Leave/Page_OrangeHRM/select_--Select--MarriageMaternityPersonalS_480ad7'  using regular expression

2021-08-19 21:44:42 - [TEST_STEP][PASSED] - setText(findTestObject("Object Repository/Apply Leave/Page_OrangeHRM/input__applyleavetxtFromDate"), from): Text '2021-09-02' is set on object 'Object Repository/Apply Leave/Page_OrangeHRM/input__applyleavetxtFromDate'

2021-08-19 21:44:43 - [MESSAGE][PASSED] - Text '2021-09-02' is set on object 'Object Repository/Apply Leave/Page_OrangeHRM/input__applyleavetxtFromDate'

2021-08-19 21:44:43 - [TEST_STEP][PASSED] - sendKeys(findTestObject("Object Repository/Apply Leave/Page_OrangeHRM/input__applyleavetxtFromDate"), Keys.chord(ENTER)): Keys 'ENTER + ' sent to object: 'Object Repository/Apply Leave/Page_OrangeHRM/input__applyleavetxtFromDate'

2021-08-19 21:44:44 - [MESSAGE][PASSED] - Keys 'ENTER + ' sent to object: 'Object Repository/Apply Leave/Page_OrangeHRM/input__applyleavetxtFromDate'

2021-08-19 21:44:44 - [TEST_STEP][PASSED] - setText(findTestObject("Object Repository/Apply Leave/Page_OrangeHRM/input__applyleavetxtToDate"), to): Text '2021-09-03' is set on object 'Object Repository/Apply Leave/Page_OrangeHRM/input__applyleavetxtToDate'

2021-08-19 21:44:45 - [MESSAGE][PASSED] - Text '2021-09-03' is set on object 'Object Repository/Apply Leave/Page_OrangeHRM/input__applyleavetxtToDate'

2021-08-19 21:44:45 - [TEST_STEP][PASSED] - sendKeys(findTestObject("Object Repository/Apply Leave/Page_OrangeHRM/input__applyleavetxtToDate"), Keys.chord(ENTER)): Keys 'ENTER + ' sent to object: 'Object Repository/Apply Leave/Page_OrangeHRM/input__applyleavetxtToDate'

2021-08-19 21:44:46 - [MESSAGE][PASSED] - Keys 'ENTER + ' sent to object: 'Object Repository/Apply Leave/Page_OrangeHRM/input__applyleavetxtToDate'

2021-08-19 21:44:46 - [TEST_STEP][PASSED] - if (from.equals(to)): null

2021-08-19 21:44:46 - [TEST_STEP][PASSED] - else: null

2021-08-19 21:44:46 - [TEST_STEP][PASSED] - selectOptionByValue(findTestObject("Object Repository/Apply Leave/Page_OrangeHRM/select_NoneAll DaysStart Day OnlyEnd Day On_3e5258"), partialDays, true): All options with value 'end' are selected in object 'Object Repository/Apply Leave/Page_OrangeHRM/select_NoneAll DaysStart Day OnlyEnd Day On_3e5258'  using regular expression

2021-08-19 21:44:47 - [MESSAGE][PASSED] - All options with value 'end' are selected in object 'Object Repository/Apply Leave/Page_OrangeHRM/select_NoneAll DaysStart Day OnlyEnd Day On_3e5258'  using regular expression

2021-08-19 21:44:47 - [TEST_STEP][PASSED] - if (partialDays.equals("all") || partialDays.equals("start")): null

2021-08-19 21:44:47 - [TEST_STEP][PASSED] - if (partialDays.equals("end")): All options with value '09:00' are selected in object 'Object Repository/Apply Leave/Page_OrangeHRM/applyleave_secondDuration_time_to'  using regular expression

2021-08-19 21:44:47 - [TEST_STEP][PASSED] - selectOptionByValue(findTestObject("Object Repository/Apply Leave/Page_OrangeHRM/select_Half DaySpecify Time_1"), duration1, true): All options with value 'specify_time' are selected in object 'Object Repository/Apply Leave/Page_OrangeHRM/select_Half DaySpecify Time_1'  using regular expression

2021-08-19 21:44:48 - [MESSAGE][PASSED] - All options with value 'specify_time' are selected in object 'Object Repository/Apply Leave/Page_OrangeHRM/select_Half DaySpecify Time_1'  using regular expression

2021-08-19 21:44:48 - [TEST_STEP][PASSED] - if (duration1.equals("half_day")): null

2021-08-19 21:44:48 - [TEST_STEP][PASSED] - if (duration1.equals("specify_time")): All options with value '09:00' are selected in object 'Object Repository/Apply Leave/Page_OrangeHRM/applyleave_secondDuration_time_to'  using regular expression

2021-08-19 21:44:48 - [TEST_STEP][PASSED] - selectOptionByValue(findTestObject("Object Repository/Apply Leave/Page_OrangeHRM/applyleave_secondDuration_time_from"), duration2, true): All options with value '09:00' are selected in object 'Object Repository/Apply Leave/Page_OrangeHRM/applyleave_secondDuration_time_from'  using regular expression

2021-08-19 21:44:51 - [MESSAGE][PASSED] - All options with value '09:00' are selected in object 'Object Repository/Apply Leave/Page_OrangeHRM/applyleave_secondDuration_time_from'  using regular expression

2021-08-19 21:44:51 - [TEST_STEP][PASSED] - selectOptionByValue(findTestObject("Object Repository/Apply Leave/Page_OrangeHRM/applyleave_secondDuration_time_to"), duration3, true): All options with value '09:00' are selected in object 'Object Repository/Apply Leave/Page_OrangeHRM/applyleave_secondDuration_time_to'  using regular expression

2021-08-19 21:44:54 - [MESSAGE][PASSED] - All options with value '09:00' are selected in object 'Object Repository/Apply Leave/Page_OrangeHRM/applyleave_secondDuration_time_to'  using regular expression

2021-08-19 21:44:54 - [TEST_STEP][PASSED] - if (partialDays.equals("start_end")): null

2021-08-19 21:44:54 - [TEST_STEP][PASSED] - scrollToElement(findTestObject("Apply Leave/Page_OrangeHRM/input__applyBtn"), 0): Scroll to object 'Object Repository/Apply Leave/Page_OrangeHRM/input__applyBtn' successfully

2021-08-19 21:44:54 - [MESSAGE][WARNING] - Timeout '0' is invalid. Using default page load timeout: '30'

2021-08-19 21:44:55 - [MESSAGE][PASSED] - Scroll to object 'Object Repository/Apply Leave/Page_OrangeHRM/input__applyBtn' successfully

2021-08-19 21:44:55 - [TEST_STEP][PASSED] - takeScreenshot(): Taking screenshot successfully

2021-08-19 21:44:55 - [MESSAGE][PASSED] - Taking screenshot successfully
[[ATTACHMENT|C:\\Users\\nguye\\Katalon Studio\\OrangeHRM\\Reports\\20210819_213101\\Apply Leave\\20210819_213101\\1629384295503.png]]

2021-08-19 21:44:55 - [TEST_STEP][PASSED] - click(findTestObject("Object Repository/Apply Leave/Page_OrangeHRM/input__applyBtn")): Object: 'Object Repository/Apply Leave/Page_OrangeHRM/input__applyBtn' is clicked on

2021-08-19 21:44:56 - [MESSAGE][PASSED] - Object: 'Object Repository/Apply Leave/Page_OrangeHRM/input__applyBtn' is clicked on

2021-08-19 21:44:56 - [TEST_STEP][PASSED] - navigateToUrl("http://localhost/orangehrm/symfony/web/index.php/leave/viewMyLeaveList/reset/1"): Navigate to 'http://localhost/orangehrm/symfony/web/index.php/leave/viewMyLeaveList/reset/1' successfully

2021-08-19 21:44:56 - [MESSAGE][PASSED] - Navigate to 'http://localhost/orangehrm/symfony/web/index.php/leave/viewMyLeaveList/reset/1' successfully

2021-08-19 21:44:56 - [TEST_STEP][PASSED] - setText(findTestObject("Object Repository/Apply Leave/Page_OrangeHRM/input_From_leaveListcalFromDate"), from): Text '2021-09-02' is set on object 'Object Repository/Apply Leave/Page_OrangeHRM/input_From_leaveListcalFromDate'

2021-08-19 21:44:58 - [MESSAGE][PASSED] - Text '2021-09-02' is set on object 'Object Repository/Apply Leave/Page_OrangeHRM/input_From_leaveListcalFromDate'

2021-08-19 21:44:58 - [TEST_STEP][PASSED] - sendKeys(findTestObject("Object Repository/Apply Leave/Page_OrangeHRM/input_From_leaveListcalFromDate"), Keys.chord(ENTER)): Keys 'ENTER + ' sent to object: 'Object Repository/Apply Leave/Page_OrangeHRM/input_From_leaveListcalFromDate'

2021-08-19 21:44:58 - [MESSAGE][PASSED] - Keys 'ENTER + ' sent to object: 'Object Repository/Apply Leave/Page_OrangeHRM/input_From_leaveListcalFromDate'

2021-08-19 21:44:58 - [TEST_STEP][PASSED] - setText(findTestObject("Object Repository/Apply Leave/Page_OrangeHRM/input_To_leaveListcalToDate"), to): Text '2021-09-03' is set on object 'Object Repository/Apply Leave/Page_OrangeHRM/input_To_leaveListcalToDate'

2021-08-19 21:44:59 - [MESSAGE][PASSED] - Text '2021-09-03' is set on object 'Object Repository/Apply Leave/Page_OrangeHRM/input_To_leaveListcalToDate'

2021-08-19 21:44:59 - [TEST_STEP][PASSED] - sendKeys(findTestObject("Object Repository/Apply Leave/Page_OrangeHRM/input_To_leaveListcalToDate"), Keys.chord(ENTER)): Keys 'ENTER + ' sent to object: 'Object Repository/Apply Leave/Page_OrangeHRM/input_To_leaveListcalToDate'

2021-08-19 21:45:00 - [MESSAGE][PASSED] - Keys 'ENTER + ' sent to object: 'Object Repository/Apply Leave/Page_OrangeHRM/input_To_leaveListcalToDate'

2021-08-19 21:45:00 - [TEST_STEP][PASSED] - uncheck(findTestObject("Object Repository/Apply Leave/Page_OrangeHRM/input_All_leaveList_chkSearchFilter_checkbo_a698f3")): Object 'Object Repository/Apply Leave/Page_OrangeHRM/input_All_leaveList_chkSearchFilter_checkbo_a698f3' is un-checked

2021-08-19 21:45:00 - [MESSAGE][PASSED] - Object 'Object Repository/Apply Leave/Page_OrangeHRM/input_All_leaveList_chkSearchFilter_checkbo_a698f3' is un-checked

2021-08-19 21:45:00 - [TEST_STEP][PASSED] - check(findTestObject("Object Repository/Apply Leave/Page_OrangeHRM/input_Pending Approval_leaveListchkSearchFilter")): Object 'Object Repository/Apply Leave/Page_OrangeHRM/input_Pending Approval_leaveListchkSearchFilter' is checked

2021-08-19 21:45:00 - [MESSAGE][PASSED] - Object 'Object Repository/Apply Leave/Page_OrangeHRM/input_Pending Approval_leaveListchkSearchFilter' is checked

2021-08-19 21:45:00 - [TEST_STEP][PASSED] - click(findTestObject("Object Repository/Apply Leave/Page_OrangeHRM/input_Taken_btnSearch")): Object: 'Object Repository/Apply Leave/Page_OrangeHRM/input_Taken_btnSearch' is clicked on

2021-08-19 21:45:01 - [MESSAGE][PASSED] - Object: 'Object Repository/Apply Leave/Page_OrangeHRM/input_Taken_btnSearch' is clicked on

2021-08-19 21:45:01 - [TEST_STEP][PASSED] - scrollToElement(findTestObject("Apply Leave/Page_OrangeHRM/th_Date"), 0): Scroll to object 'Object Repository/Apply Leave/Page_OrangeHRM/th_Date' successfully

2021-08-19 21:45:01 - [MESSAGE][WARNING] - Timeout '0' is invalid. Using default page load timeout: '30'

2021-08-19 21:45:02 - [MESSAGE][PASSED] - Scroll to object 'Object Repository/Apply Leave/Page_OrangeHRM/th_Date' successfully

2021-08-19 21:45:02 - [TEST_STEP][PASSED] - takeScreenshot(): Taking screenshot successfully

2021-08-19 21:45:02 - [MESSAGE][PASSED] - Taking screenshot successfully
[[ATTACHMENT|C:\\Users\\nguye\\Katalon Studio\\OrangeHRM\\Reports\\20210819_213101\\Apply Leave\\20210819_213101\\1629384302544.png]]

2021-08-19 21:45:02 - [TEST_STEP][PASSED] - if (days.equals("")): Actual text 'No Records Found' and expected text 'No Records Found' are matched 

2021-08-19 21:45:02 - [TEST_STEP][PASSED] - verifyMatch(getText(findTestObject("Object Repository/Apply Leave/Page_OrangeHRM/td_No Records Found")), "No Records Found", false, STOP_ON_FAILURE): Actual text 'No Records Found' and expected text 'No Records Found' are matched 

2021-08-19 21:45:03 - [MESSAGE][PASSED] - Text of object 'Object Repository/Apply Leave/Page_OrangeHRM/td_No Records Found' is: 'No Records Found'

2021-08-19 21:45:03 - [MESSAGE][PASSED] - Actual text 'No Records Found' and expected text 'No Records Found' are matched]]></system-out>
         <system-err><![CDATA[]]></system-err>
      </testcase>
      <testcase name="Test Cases/Apply Leave" time="29.416" classname="Test Cases/Apply Leave" status="PASSED">
         <system-out><![CDATA[2021-08-19 21:45:05 - [TEST_CASE][PASSED] - Test Cases/Apply Leave: Test Cases/Apply Leave

2021-08-19 21:45:05 - [TEST_STEP][PASSED] - com.database.mysql.connectDB("localhost", "orangehrm_mysql", "3306", "root", null): com.database.mysql.connectDB is PASSED

2021-08-19 21:45:05 - [MESSAGE][PASSED] - com.database.mysql.connectDB is PASSED

2021-08-19 21:45:05 - [TEST_STEP][PASSED] - com.database.mysql.execute("DELETE FROM `ohrm_leave_request` WHERE `emp_number`=3 AND `date_applied`='2021-09-02' AND `leave_type_id` = 3"): com.database.mysql.execute is PASSED

2021-08-19 21:45:05 - [MESSAGE][PASSED] - com.database.mysql.execute is PASSED

2021-08-19 21:45:05 - [TEST_STEP][PASSED] - com.database.mysql.execute("DELETE FROM `ohrm_leave` WHERE `emp_number` = 3 AND `leave_type_id`=3 and (`date`='2021-09-02' or `date`='2021-09-03') "): com.database.mysql.execute is PASSED

2021-08-19 21:45:05 - [MESSAGE][PASSED] - com.database.mysql.execute is PASSED

2021-08-19 21:45:05 - [TEST_STEP][PASSED] - com.database.mysql.closeDatabaseConnection(): com.database.mysql.closeDatabaseConnection is PASSED

2021-08-19 21:45:05 - [MESSAGE][PASSED] - com.database.mysql.closeDatabaseConnection is PASSED

2021-08-19 21:45:05 - [TEST_STEP][PASSED] - navigateToUrl("http://localhost/orangehrm/symfony/web/index.php/dashboard"): Navigate to 'http://localhost/orangehrm/symfony/web/index.php/dashboard' successfully

2021-08-19 21:45:05 - [MESSAGE][PASSED] - Navigate to 'http://localhost/orangehrm/symfony/web/index.php/dashboard' successfully

2021-08-19 21:45:05 - [TEST_STEP][PASSED] - click(findTestObject("Object Repository/Apply Leave/Page_OrangeHRM/img")): Object: 'Object Repository/Apply Leave/Page_OrangeHRM/img' is clicked on

2021-08-19 21:45:06 - [MESSAGE][PASSED] - Object: 'Object Repository/Apply Leave/Page_OrangeHRM/img' is clicked on

2021-08-19 21:45:06 - [TEST_STEP][PASSED] - selectOptionByValue(findTestObject("Object Repository/Apply Leave/Page_OrangeHRM/select_--Select--MarriageMaternityPersonalS_480ad7"), "3", true): All options with value '3' are selected in object 'Object Repository/Apply Leave/Page_OrangeHRM/select_--Select--MarriageMaternityPersonalS_480ad7'  using regular expression

2021-08-19 21:45:07 - [MESSAGE][PASSED] - All options with value '3' are selected in object 'Object Repository/Apply Leave/Page_OrangeHRM/select_--Select--MarriageMaternityPersonalS_480ad7'  using regular expression

2021-08-19 21:45:07 - [TEST_STEP][PASSED] - setText(findTestObject("Object Repository/Apply Leave/Page_OrangeHRM/input__applyleavetxtFromDate"), from): Text '2021-09-02' is set on object 'Object Repository/Apply Leave/Page_OrangeHRM/input__applyleavetxtFromDate'

2021-08-19 21:45:09 - [MESSAGE][PASSED] - Text '2021-09-02' is set on object 'Object Repository/Apply Leave/Page_OrangeHRM/input__applyleavetxtFromDate'

2021-08-19 21:45:09 - [TEST_STEP][PASSED] - sendKeys(findTestObject("Object Repository/Apply Leave/Page_OrangeHRM/input__applyleavetxtFromDate"), Keys.chord(ENTER)): Keys 'ENTER + ' sent to object: 'Object Repository/Apply Leave/Page_OrangeHRM/input__applyleavetxtFromDate'

2021-08-19 21:45:10 - [MESSAGE][PASSED] - Keys 'ENTER + ' sent to object: 'Object Repository/Apply Leave/Page_OrangeHRM/input__applyleavetxtFromDate'

2021-08-19 21:45:10 - [TEST_STEP][PASSED] - setText(findTestObject("Object Repository/Apply Leave/Page_OrangeHRM/input__applyleavetxtToDate"), to): Text '2021-09-03' is set on object 'Object Repository/Apply Leave/Page_OrangeHRM/input__applyleavetxtToDate'

2021-08-19 21:45:11 - [MESSAGE][PASSED] - Text '2021-09-03' is set on object 'Object Repository/Apply Leave/Page_OrangeHRM/input__applyleavetxtToDate'

2021-08-19 21:45:11 - [TEST_STEP][PASSED] - sendKeys(findTestObject("Object Repository/Apply Leave/Page_OrangeHRM/input__applyleavetxtToDate"), Keys.chord(ENTER)): Keys 'ENTER + ' sent to object: 'Object Repository/Apply Leave/Page_OrangeHRM/input__applyleavetxtToDate'

2021-08-19 21:45:12 - [MESSAGE][PASSED] - Keys 'ENTER + ' sent to object: 'Object Repository/Apply Leave/Page_OrangeHRM/input__applyleavetxtToDate'

2021-08-19 21:45:12 - [TEST_STEP][PASSED] - if (from.equals(to)): null

2021-08-19 21:45:12 - [TEST_STEP][PASSED] - else: null

2021-08-19 21:45:12 - [TEST_STEP][PASSED] - selectOptionByValue(findTestObject("Object Repository/Apply Leave/Page_OrangeHRM/select_NoneAll DaysStart Day OnlyEnd Day On_3e5258"), partialDays, true): All options with value 'end' are selected in object 'Object Repository/Apply Leave/Page_OrangeHRM/select_NoneAll DaysStart Day OnlyEnd Day On_3e5258'  using regular expression

2021-08-19 21:45:13 - [MESSAGE][PASSED] - All options with value 'end' are selected in object 'Object Repository/Apply Leave/Page_OrangeHRM/select_NoneAll DaysStart Day OnlyEnd Day On_3e5258'  using regular expression

2021-08-19 21:45:13 - [TEST_STEP][PASSED] - if (partialDays.equals("all") || partialDays.equals("start")): null

2021-08-19 21:45:13 - [TEST_STEP][PASSED] - if (partialDays.equals("end")): All options with value '11:00' are selected in object 'Object Repository/Apply Leave/Page_OrangeHRM/applyleave_secondDuration_time_to'  using regular expression

2021-08-19 21:45:13 - [TEST_STEP][PASSED] - selectOptionByValue(findTestObject("Object Repository/Apply Leave/Page_OrangeHRM/select_Half DaySpecify Time_1"), duration1, true): All options with value 'specify_time' are selected in object 'Object Repository/Apply Leave/Page_OrangeHRM/select_Half DaySpecify Time_1'  using regular expression

2021-08-19 21:45:14 - [MESSAGE][PASSED] - All options with value 'specify_time' are selected in object 'Object Repository/Apply Leave/Page_OrangeHRM/select_Half DaySpecify Time_1'  using regular expression

2021-08-19 21:45:14 - [TEST_STEP][PASSED] - if (duration1.equals("half_day")): null

2021-08-19 21:45:14 - [TEST_STEP][PASSED] - if (duration1.equals("specify_time")): All options with value '11:00' are selected in object 'Object Repository/Apply Leave/Page_OrangeHRM/applyleave_secondDuration_time_to'  using regular expression

2021-08-19 21:45:14 - [TEST_STEP][PASSED] - selectOptionByValue(findTestObject("Object Repository/Apply Leave/Page_OrangeHRM/applyleave_secondDuration_time_from"), duration2, true): All options with value '09:00' are selected in object 'Object Repository/Apply Leave/Page_OrangeHRM/applyleave_secondDuration_time_from'  using regular expression

2021-08-19 21:45:17 - [MESSAGE][PASSED] - All options with value '09:00' are selected in object 'Object Repository/Apply Leave/Page_OrangeHRM/applyleave_secondDuration_time_from'  using regular expression

2021-08-19 21:45:17 - [TEST_STEP][PASSED] - selectOptionByValue(findTestObject("Object Repository/Apply Leave/Page_OrangeHRM/applyleave_secondDuration_time_to"), duration3, true): All options with value '11:00' are selected in object 'Object Repository/Apply Leave/Page_OrangeHRM/applyleave_secondDuration_time_to'  using regular expression

2021-08-19 21:45:20 - [MESSAGE][PASSED] - All options with value '11:00' are selected in object 'Object Repository/Apply Leave/Page_OrangeHRM/applyleave_secondDuration_time_to'  using regular expression

2021-08-19 21:45:20 - [TEST_STEP][PASSED] - if (partialDays.equals("start_end")): null

2021-08-19 21:45:20 - [TEST_STEP][PASSED] - scrollToElement(findTestObject("Apply Leave/Page_OrangeHRM/input__applyBtn"), 0): Scroll to object 'Object Repository/Apply Leave/Page_OrangeHRM/input__applyBtn' successfully

2021-08-19 21:45:21 - [MESSAGE][WARNING] - Timeout '0' is invalid. Using default page load timeout: '30'

2021-08-19 21:45:21 - [MESSAGE][PASSED] - Scroll to object 'Object Repository/Apply Leave/Page_OrangeHRM/input__applyBtn' successfully

2021-08-19 21:45:21 - [TEST_STEP][PASSED] - takeScreenshot(): Taking screenshot successfully

2021-08-19 21:45:21 - [MESSAGE][PASSED] - Taking screenshot successfully
[[ATTACHMENT|C:\\Users\\nguye\\Katalon Studio\\OrangeHRM\\Reports\\20210819_213101\\Apply Leave\\20210819_213101\\1629384321548.png]]

2021-08-19 21:45:21 - [TEST_STEP][PASSED] - click(findTestObject("Object Repository/Apply Leave/Page_OrangeHRM/input__applyBtn")): Object: 'Object Repository/Apply Leave/Page_OrangeHRM/input__applyBtn' is clicked on

2021-08-19 21:45:22 - [MESSAGE][PASSED] - Object: 'Object Repository/Apply Leave/Page_OrangeHRM/input__applyBtn' is clicked on

2021-08-19 21:45:22 - [TEST_STEP][PASSED] - navigateToUrl("http://localhost/orangehrm/symfony/web/index.php/leave/viewMyLeaveList/reset/1"): Navigate to 'http://localhost/orangehrm/symfony/web/index.php/leave/viewMyLeaveList/reset/1' successfully

2021-08-19 21:45:24 - [MESSAGE][PASSED] - Navigate to 'http://localhost/orangehrm/symfony/web/index.php/leave/viewMyLeaveList/reset/1' successfully

2021-08-19 21:45:24 - [TEST_STEP][PASSED] - setText(findTestObject("Object Repository/Apply Leave/Page_OrangeHRM/input_From_leaveListcalFromDate"), from): Text '2021-09-02' is set on object 'Object Repository/Apply Leave/Page_OrangeHRM/input_From_leaveListcalFromDate'

2021-08-19 21:45:25 - [MESSAGE][PASSED] - Text '2021-09-02' is set on object 'Object Repository/Apply Leave/Page_OrangeHRM/input_From_leaveListcalFromDate'

2021-08-19 21:45:25 - [TEST_STEP][PASSED] - sendKeys(findTestObject("Object Repository/Apply Leave/Page_OrangeHRM/input_From_leaveListcalFromDate"), Keys.chord(ENTER)): Keys 'ENTER + ' sent to object: 'Object Repository/Apply Leave/Page_OrangeHRM/input_From_leaveListcalFromDate'

2021-08-19 21:45:26 - [MESSAGE][PASSED] - Keys 'ENTER + ' sent to object: 'Object Repository/Apply Leave/Page_OrangeHRM/input_From_leaveListcalFromDate'

2021-08-19 21:45:26 - [TEST_STEP][PASSED] - setText(findTestObject("Object Repository/Apply Leave/Page_OrangeHRM/input_To_leaveListcalToDate"), to): Text '2021-09-03' is set on object 'Object Repository/Apply Leave/Page_OrangeHRM/input_To_leaveListcalToDate'

2021-08-19 21:45:27 - [MESSAGE][PASSED] - Text '2021-09-03' is set on object 'Object Repository/Apply Leave/Page_OrangeHRM/input_To_leaveListcalToDate'

2021-08-19 21:45:27 - [TEST_STEP][PASSED] - sendKeys(findTestObject("Object Repository/Apply Leave/Page_OrangeHRM/input_To_leaveListcalToDate"), Keys.chord(ENTER)): Keys 'ENTER + ' sent to object: 'Object Repository/Apply Leave/Page_OrangeHRM/input_To_leaveListcalToDate'

2021-08-19 21:45:27 - [MESSAGE][PASSED] - Keys 'ENTER + ' sent to object: 'Object Repository/Apply Leave/Page_OrangeHRM/input_To_leaveListcalToDate'

2021-08-19 21:45:27 - [TEST_STEP][PASSED] - uncheck(findTestObject("Object Repository/Apply Leave/Page_OrangeHRM/input_All_leaveList_chkSearchFilter_checkbo_a698f3")): Object 'Object Repository/Apply Leave/Page_OrangeHRM/input_All_leaveList_chkSearchFilter_checkbo_a698f3' is un-checked

2021-08-19 21:45:27 - [MESSAGE][PASSED] - Object 'Object Repository/Apply Leave/Page_OrangeHRM/input_All_leaveList_chkSearchFilter_checkbo_a698f3' is un-checked

2021-08-19 21:45:27 - [TEST_STEP][PASSED] - check(findTestObject("Object Repository/Apply Leave/Page_OrangeHRM/input_Pending Approval_leaveListchkSearchFilter")): Object 'Object Repository/Apply Leave/Page_OrangeHRM/input_Pending Approval_leaveListchkSearchFilter' is checked

2021-08-19 21:45:28 - [MESSAGE][PASSED] - Object 'Object Repository/Apply Leave/Page_OrangeHRM/input_Pending Approval_leaveListchkSearchFilter' is checked

2021-08-19 21:45:28 - [TEST_STEP][PASSED] - click(findTestObject("Object Repository/Apply Leave/Page_OrangeHRM/input_Taken_btnSearch")): Object: 'Object Repository/Apply Leave/Page_OrangeHRM/input_Taken_btnSearch' is clicked on

2021-08-19 21:45:29 - [MESSAGE][PASSED] - Object: 'Object Repository/Apply Leave/Page_OrangeHRM/input_Taken_btnSearch' is clicked on

2021-08-19 21:45:29 - [TEST_STEP][PASSED] - scrollToElement(findTestObject("Apply Leave/Page_OrangeHRM/th_Date"), 0): Scroll to object 'Object Repository/Apply Leave/Page_OrangeHRM/th_Date' successfully

2021-08-19 21:45:29 - [MESSAGE][WARNING] - Timeout '0' is invalid. Using default page load timeout: '30'

2021-08-19 21:45:30 - [MESSAGE][PASSED] - Scroll to object 'Object Repository/Apply Leave/Page_OrangeHRM/th_Date' successfully

2021-08-19 21:45:30 - [TEST_STEP][PASSED] - takeScreenshot(): Taking screenshot successfully

2021-08-19 21:45:30 - [MESSAGE][PASSED] - Taking screenshot successfully
[[ATTACHMENT|C:\\Users\\nguye\\Katalon Studio\\OrangeHRM\\Reports\\20210819_213101\\Apply Leave\\20210819_213101\\1629384330332.png]]

2021-08-19 21:45:30 - [TEST_STEP][PASSED] - if (days.equals("")): null

2021-08-19 21:45:30 - [TEST_STEP][PASSED] - else: Actual text 'Pending Approval(1.25)' and expected text 'Pending Approval(1.25)' are matched 

2021-08-19 21:45:30 - [TEST_STEP][PASSED] - verifyMatch(getText(findTestObject("Object Repository/Apply Leave/Page_OrangeHRM/a_2021-09-02 to 2021-09-03")), date, false, STOP_ON_FAILURE): Actual text '2021-09-02 to 2021-09-03' and expected text '2021-09-02 to 2021-09-03' are matched 

2021-08-19 21:45:30 - [MESSAGE][PASSED] - Text of object 'Object Repository/Apply Leave/Page_OrangeHRM/a_2021-09-02 to 2021-09-03' is: '2021-09-02 to 2021-09-03'

2021-08-19 21:45:30 - [MESSAGE][PASSED] - Actual text '2021-09-02 to 2021-09-03' and expected text '2021-09-02 to 2021-09-03' are matched 

2021-08-19 21:45:30 - [TEST_STEP][PASSED] - verifyMatch(getText(findTestObject("Object Repository/Apply Leave/Page_OrangeHRM/a_Rachel Morris")), fullName, false, STOP_ON_FAILURE): Actual text 'Rachel Morris' and expected text 'Rachel Morris' are matched 

2021-08-19 21:45:31 - [MESSAGE][PASSED] - Text of object 'Object Repository/Apply Leave/Page_OrangeHRM/a_Rachel Morris' is: 'Rachel Morris'

2021-08-19 21:45:31 - [MESSAGE][PASSED] - Actual text 'Rachel Morris' and expected text 'Rachel Morris' are matched 

2021-08-19 21:45:31 - [TEST_STEP][PASSED] - verifyMatch(getText(findTestObject("Object Repository/Apply Leave/Page_OrangeHRM/td_Personal")), leaveType, false, STOP_ON_FAILURE): Actual text 'Personal' and expected text 'Personal' are matched 

2021-08-19 21:45:31 - [MESSAGE][PASSED] - Text of object 'Object Repository/Apply Leave/Page_OrangeHRM/td_Personal' is: 'Personal'

2021-08-19 21:45:31 - [MESSAGE][PASSED] - Actual text 'Personal' and expected text 'Personal' are matched 

2021-08-19 21:45:31 - [TEST_STEP][PASSED] - verifyMatch(25"))).toString(), parseDouble(days).toString(), false, STOP_ON_FAILURE): Actual text '48.75' and expected text '48.75' are matched 

2021-08-19 21:45:31 - [MESSAGE][PASSED] - Text of object 'Object Repository/Apply Leave/Page_OrangeHRM/td_49.25' is: '48.75'

2021-08-19 21:45:31 - [MESSAGE][PASSED] - Actual text '48.75' and expected text '48.75' are matched 

2021-08-19 21:45:31 - [TEST_STEP][PASSED] - verifyMatch(getText(findTestObject("Object Repository/Apply Leave/Page_OrangeHRM/td_0.75")), days, false, STOP_ON_FAILURE): Actual text '1.25' and expected text '1.25' are matched 

2021-08-19 21:45:32 - [MESSAGE][PASSED] - Text of object 'Object Repository/Apply Leave/Page_OrangeHRM/td_0.75' is: '1.25'

2021-08-19 21:45:32 - [MESSAGE][PASSED] - Actual text '1.25' and expected text '1.25' are matched 

2021-08-19 21:45:32 - [TEST_STEP][PASSED] - verifyMatch(getText(findTestObject("Object Repository/Apply Leave/Page_OrangeHRM/a_Pending Approval(0.75)")), status + "(" + days + ")", false, STOP_ON_FAILURE): Actual text 'Pending Approval(1.25)' and expected text 'Pending Approval(1.25)' are matched 

2021-08-19 21:45:32 - [MESSAGE][PASSED] - Text of object 'Object Repository/Apply Leave/Page_OrangeHRM/a_Pending Approval(0.75)' is: 'Pending Approval(1.25)'

2021-08-19 21:45:32 - [MESSAGE][PASSED] - Actual text 'Pending Approval(1.25)' and expected text 'Pending Approval(1.25)' are matched]]></system-out>
         <system-err><![CDATA[]]></system-err>
      </testcase>
      <testcase name="Test Cases/Apply Leave" time="28.607" classname="Test Cases/Apply Leave" status="PASSED">
         <system-out><![CDATA[2021-08-19 21:45:34 - [TEST_CASE][PASSED] - Test Cases/Apply Leave: Test Cases/Apply Leave

2021-08-19 21:45:34 - [TEST_STEP][PASSED] - com.database.mysql.connectDB("localhost", "orangehrm_mysql", "3306", "root", null): com.database.mysql.connectDB is PASSED

2021-08-19 21:45:34 - [MESSAGE][PASSED] - com.database.mysql.connectDB is PASSED

2021-08-19 21:45:34 - [TEST_STEP][PASSED] - com.database.mysql.execute("DELETE FROM `ohrm_leave_request` WHERE `emp_number`=3 AND `date_applied`='2021-09-02' AND `leave_type_id` = 3"): com.database.mysql.execute is PASSED

2021-08-19 21:45:34 - [MESSAGE][PASSED] - com.database.mysql.execute is PASSED

2021-08-19 21:45:34 - [TEST_STEP][PASSED] - com.database.mysql.execute("DELETE FROM `ohrm_leave` WHERE `emp_number` = 3 AND `leave_type_id`=3 and (`date`='2021-09-02' or `date`='2021-09-03') "): com.database.mysql.execute is PASSED

2021-08-19 21:45:34 - [MESSAGE][PASSED] - com.database.mysql.execute is PASSED

2021-08-19 21:45:34 - [TEST_STEP][PASSED] - com.database.mysql.closeDatabaseConnection(): com.database.mysql.closeDatabaseConnection is PASSED

2021-08-19 21:45:34 - [MESSAGE][PASSED] - com.database.mysql.closeDatabaseConnection is PASSED

2021-08-19 21:45:34 - [TEST_STEP][PASSED] - navigateToUrl("http://localhost/orangehrm/symfony/web/index.php/dashboard"): Navigate to 'http://localhost/orangehrm/symfony/web/index.php/dashboard' successfully

2021-08-19 21:45:35 - [MESSAGE][PASSED] - Navigate to 'http://localhost/orangehrm/symfony/web/index.php/dashboard' successfully

2021-08-19 21:45:35 - [TEST_STEP][PASSED] - click(findTestObject("Object Repository/Apply Leave/Page_OrangeHRM/img")): Object: 'Object Repository/Apply Leave/Page_OrangeHRM/img' is clicked on

2021-08-19 21:45:36 - [MESSAGE][PASSED] - Object: 'Object Repository/Apply Leave/Page_OrangeHRM/img' is clicked on

2021-08-19 21:45:36 - [TEST_STEP][PASSED] - selectOptionByValue(findTestObject("Object Repository/Apply Leave/Page_OrangeHRM/select_--Select--MarriageMaternityPersonalS_480ad7"), "3", true): All options with value '3' are selected in object 'Object Repository/Apply Leave/Page_OrangeHRM/select_--Select--MarriageMaternityPersonalS_480ad7'  using regular expression

2021-08-19 21:45:37 - [MESSAGE][PASSED] - All options with value '3' are selected in object 'Object Repository/Apply Leave/Page_OrangeHRM/select_--Select--MarriageMaternityPersonalS_480ad7'  using regular expression

2021-08-19 21:45:37 - [TEST_STEP][PASSED] - setText(findTestObject("Object Repository/Apply Leave/Page_OrangeHRM/input__applyleavetxtFromDate"), from): Text '2021-09-02' is set on object 'Object Repository/Apply Leave/Page_OrangeHRM/input__applyleavetxtFromDate'

2021-08-19 21:45:39 - [MESSAGE][PASSED] - Text '2021-09-02' is set on object 'Object Repository/Apply Leave/Page_OrangeHRM/input__applyleavetxtFromDate'

2021-08-19 21:45:39 - [TEST_STEP][PASSED] - sendKeys(findTestObject("Object Repository/Apply Leave/Page_OrangeHRM/input__applyleavetxtFromDate"), Keys.chord(ENTER)): Keys 'ENTER + ' sent to object: 'Object Repository/Apply Leave/Page_OrangeHRM/input__applyleavetxtFromDate'

2021-08-19 21:45:39 - [MESSAGE][PASSED] - Keys 'ENTER + ' sent to object: 'Object Repository/Apply Leave/Page_OrangeHRM/input__applyleavetxtFromDate'

2021-08-19 21:45:39 - [TEST_STEP][PASSED] - setText(findTestObject("Object Repository/Apply Leave/Page_OrangeHRM/input__applyleavetxtToDate"), to): Text '2021-09-03' is set on object 'Object Repository/Apply Leave/Page_OrangeHRM/input__applyleavetxtToDate'

2021-08-19 21:45:40 - [MESSAGE][PASSED] - Text '2021-09-03' is set on object 'Object Repository/Apply Leave/Page_OrangeHRM/input__applyleavetxtToDate'

2021-08-19 21:45:40 - [TEST_STEP][PASSED] - sendKeys(findTestObject("Object Repository/Apply Leave/Page_OrangeHRM/input__applyleavetxtToDate"), Keys.chord(ENTER)): Keys 'ENTER + ' sent to object: 'Object Repository/Apply Leave/Page_OrangeHRM/input__applyleavetxtToDate'

2021-08-19 21:45:41 - [MESSAGE][PASSED] - Keys 'ENTER + ' sent to object: 'Object Repository/Apply Leave/Page_OrangeHRM/input__applyleavetxtToDate'

2021-08-19 21:45:41 - [TEST_STEP][PASSED] - if (from.equals(to)): null

2021-08-19 21:45:41 - [TEST_STEP][PASSED] - else: null

2021-08-19 21:45:41 - [TEST_STEP][PASSED] - selectOptionByValue(findTestObject("Object Repository/Apply Leave/Page_OrangeHRM/select_NoneAll DaysStart Day OnlyEnd Day On_3e5258"), partialDays, true): All options with value 'end' are selected in object 'Object Repository/Apply Leave/Page_OrangeHRM/select_NoneAll DaysStart Day OnlyEnd Day On_3e5258'  using regular expression

2021-08-19 21:45:42 - [MESSAGE][PASSED] - All options with value 'end' are selected in object 'Object Repository/Apply Leave/Page_OrangeHRM/select_NoneAll DaysStart Day OnlyEnd Day On_3e5258'  using regular expression

2021-08-19 21:45:42 - [TEST_STEP][PASSED] - if (partialDays.equals("all") || partialDays.equals("start")): null

2021-08-19 21:45:42 - [TEST_STEP][PASSED] - if (partialDays.equals("end")): All options with value '17:00' are selected in object 'Object Repository/Apply Leave/Page_OrangeHRM/applyleave_secondDuration_time_to'  using regular expression

2021-08-19 21:45:42 - [TEST_STEP][PASSED] - selectOptionByValue(findTestObject("Object Repository/Apply Leave/Page_OrangeHRM/select_Half DaySpecify Time_1"), duration1, true): All options with value 'specify_time' are selected in object 'Object Repository/Apply Leave/Page_OrangeHRM/select_Half DaySpecify Time_1'  using regular expression

2021-08-19 21:45:44 - [MESSAGE][PASSED] - All options with value 'specify_time' are selected in object 'Object Repository/Apply Leave/Page_OrangeHRM/select_Half DaySpecify Time_1'  using regular expression

2021-08-19 21:45:44 - [TEST_STEP][PASSED] - if (duration1.equals("half_day")): null

2021-08-19 21:45:44 - [TEST_STEP][PASSED] - if (duration1.equals("specify_time")): All options with value '17:00' are selected in object 'Object Repository/Apply Leave/Page_OrangeHRM/applyleave_secondDuration_time_to'  using regular expression

2021-08-19 21:45:44 - [TEST_STEP][PASSED] - selectOptionByValue(findTestObject("Object Repository/Apply Leave/Page_OrangeHRM/applyleave_secondDuration_time_from"), duration2, true): All options with value '09:00' are selected in object 'Object Repository/Apply Leave/Page_OrangeHRM/applyleave_secondDuration_time_from'  using regular expression

2021-08-19 21:45:47 - [MESSAGE][PASSED] - All options with value '09:00' are selected in object 'Object Repository/Apply Leave/Page_OrangeHRM/applyleave_secondDuration_time_from'  using regular expression

2021-08-19 21:45:47 - [TEST_STEP][PASSED] - selectOptionByValue(findTestObject("Object Repository/Apply Leave/Page_OrangeHRM/applyleave_secondDuration_time_to"), duration3, true): All options with value '17:00' are selected in object 'Object Repository/Apply Leave/Page_OrangeHRM/applyleave_secondDuration_time_to'  using regular expression

2021-08-19 21:45:50 - [MESSAGE][PASSED] - All options with value '17:00' are selected in object 'Object Repository/Apply Leave/Page_OrangeHRM/applyleave_secondDuration_time_to'  using regular expression

2021-08-19 21:45:50 - [TEST_STEP][PASSED] - if (partialDays.equals("start_end")): null

2021-08-19 21:45:50 - [TEST_STEP][PASSED] - scrollToElement(findTestObject("Apply Leave/Page_OrangeHRM/input__applyBtn"), 0): Scroll to object 'Object Repository/Apply Leave/Page_OrangeHRM/input__applyBtn' successfully

2021-08-19 21:45:50 - [MESSAGE][WARNING] - Timeout '0' is invalid. Using default page load timeout: '30'

2021-08-19 21:45:50 - [MESSAGE][PASSED] - Scroll to object 'Object Repository/Apply Leave/Page_OrangeHRM/input__applyBtn' successfully

2021-08-19 21:45:50 - [TEST_STEP][PASSED] - takeScreenshot(): Taking screenshot successfully

2021-08-19 21:45:51 - [MESSAGE][PASSED] - Taking screenshot successfully
[[ATTACHMENT|C:\\Users\\nguye\\Katalon Studio\\OrangeHRM\\Reports\\20210819_213101\\Apply Leave\\20210819_213101\\1629384351102.png]]

2021-08-19 21:45:51 - [TEST_STEP][PASSED] - click(findTestObject("Object Repository/Apply Leave/Page_OrangeHRM/input__applyBtn")): Object: 'Object Repository/Apply Leave/Page_OrangeHRM/input__applyBtn' is clicked on

2021-08-19 21:45:52 - [MESSAGE][PASSED] - Object: 'Object Repository/Apply Leave/Page_OrangeHRM/input__applyBtn' is clicked on

2021-08-19 21:45:52 - [TEST_STEP][PASSED] - navigateToUrl("http://localhost/orangehrm/symfony/web/index.php/leave/viewMyLeaveList/reset/1"): Navigate to 'http://localhost/orangehrm/symfony/web/index.php/leave/viewMyLeaveList/reset/1' successfully

2021-08-19 21:45:53 - [MESSAGE][PASSED] - Navigate to 'http://localhost/orangehrm/symfony/web/index.php/leave/viewMyLeaveList/reset/1' successfully

2021-08-19 21:45:53 - [TEST_STEP][PASSED] - setText(findTestObject("Object Repository/Apply Leave/Page_OrangeHRM/input_From_leaveListcalFromDate"), from): Text '2021-09-02' is set on object 'Object Repository/Apply Leave/Page_OrangeHRM/input_From_leaveListcalFromDate'

2021-08-19 21:45:54 - [MESSAGE][PASSED] - Text '2021-09-02' is set on object 'Object Repository/Apply Leave/Page_OrangeHRM/input_From_leaveListcalFromDate'

2021-08-19 21:45:54 - [TEST_STEP][PASSED] - sendKeys(findTestObject("Object Repository/Apply Leave/Page_OrangeHRM/input_From_leaveListcalFromDate"), Keys.chord(ENTER)): Keys 'ENTER + ' sent to object: 'Object Repository/Apply Leave/Page_OrangeHRM/input_From_leaveListcalFromDate'

2021-08-19 21:45:55 - [MESSAGE][PASSED] - Keys 'ENTER + ' sent to object: 'Object Repository/Apply Leave/Page_OrangeHRM/input_From_leaveListcalFromDate'

2021-08-19 21:45:55 - [TEST_STEP][PASSED] - setText(findTestObject("Object Repository/Apply Leave/Page_OrangeHRM/input_To_leaveListcalToDate"), to): Text '2021-09-03' is set on object 'Object Repository/Apply Leave/Page_OrangeHRM/input_To_leaveListcalToDate'

2021-08-19 21:45:55 - [MESSAGE][PASSED] - Text '2021-09-03' is set on object 'Object Repository/Apply Leave/Page_OrangeHRM/input_To_leaveListcalToDate'

2021-08-19 21:45:55 - [TEST_STEP][PASSED] - sendKeys(findTestObject("Object Repository/Apply Leave/Page_OrangeHRM/input_To_leaveListcalToDate"), Keys.chord(ENTER)): Keys 'ENTER + ' sent to object: 'Object Repository/Apply Leave/Page_OrangeHRM/input_To_leaveListcalToDate'

2021-08-19 21:45:56 - [MESSAGE][PASSED] - Keys 'ENTER + ' sent to object: 'Object Repository/Apply Leave/Page_OrangeHRM/input_To_leaveListcalToDate'

2021-08-19 21:45:56 - [TEST_STEP][PASSED] - uncheck(findTestObject("Object Repository/Apply Leave/Page_OrangeHRM/input_All_leaveList_chkSearchFilter_checkbo_a698f3")): Object 'Object Repository/Apply Leave/Page_OrangeHRM/input_All_leaveList_chkSearchFilter_checkbo_a698f3' is un-checked

2021-08-19 21:45:56 - [MESSAGE][PASSED] - Object 'Object Repository/Apply Leave/Page_OrangeHRM/input_All_leaveList_chkSearchFilter_checkbo_a698f3' is un-checked

2021-08-19 21:45:56 - [TEST_STEP][PASSED] - check(findTestObject("Object Repository/Apply Leave/Page_OrangeHRM/input_Pending Approval_leaveListchkSearchFilter")): Object 'Object Repository/Apply Leave/Page_OrangeHRM/input_Pending Approval_leaveListchkSearchFilter' is checked

2021-08-19 21:45:57 - [MESSAGE][PASSED] - Object 'Object Repository/Apply Leave/Page_OrangeHRM/input_Pending Approval_leaveListchkSearchFilter' is checked

2021-08-19 21:45:57 - [TEST_STEP][PASSED] - click(findTestObject("Object Repository/Apply Leave/Page_OrangeHRM/input_Taken_btnSearch")): Object: 'Object Repository/Apply Leave/Page_OrangeHRM/input_Taken_btnSearch' is clicked on

2021-08-19 21:45:58 - [MESSAGE][PASSED] - Object: 'Object Repository/Apply Leave/Page_OrangeHRM/input_Taken_btnSearch' is clicked on

2021-08-19 21:45:58 - [TEST_STEP][PASSED] - scrollToElement(findTestObject("Apply Leave/Page_OrangeHRM/th_Date"), 0): Scroll to object 'Object Repository/Apply Leave/Page_OrangeHRM/th_Date' successfully

2021-08-19 21:45:58 - [MESSAGE][WARNING] - Timeout '0' is invalid. Using default page load timeout: '30'

2021-08-19 21:45:58 - [MESSAGE][PASSED] - Scroll to object 'Object Repository/Apply Leave/Page_OrangeHRM/th_Date' successfully

2021-08-19 21:45:58 - [TEST_STEP][PASSED] - takeScreenshot(): Taking screenshot successfully

2021-08-19 21:45:59 - [MESSAGE][PASSED] - Taking screenshot successfully
[[ATTACHMENT|C:\\Users\\nguye\\Katalon Studio\\OrangeHRM\\Reports\\20210819_213101\\Apply Leave\\20210819_213101\\1629384359054.png]]

2021-08-19 21:45:59 - [TEST_STEP][PASSED] - if (days.equals("")): null

2021-08-19 21:45:59 - [TEST_STEP][PASSED] - else: Actual text 'Pending Approval(2.00)' and expected text 'Pending Approval(2.00)' are matched 

2021-08-19 21:45:59 - [TEST_STEP][PASSED] - verifyMatch(getText(findTestObject("Object Repository/Apply Leave/Page_OrangeHRM/a_2021-09-02 to 2021-09-03")), date, false, STOP_ON_FAILURE): Actual text '2021-09-02 to 2021-09-03' and expected text '2021-09-02 to 2021-09-03' are matched 

2021-08-19 21:45:59 - [MESSAGE][PASSED] - Text of object 'Object Repository/Apply Leave/Page_OrangeHRM/a_2021-09-02 to 2021-09-03' is: '2021-09-02 to 2021-09-03'

2021-08-19 21:45:59 - [MESSAGE][PASSED] - Actual text '2021-09-02 to 2021-09-03' and expected text '2021-09-02 to 2021-09-03' are matched 

2021-08-19 21:45:59 - [TEST_STEP][PASSED] - verifyMatch(getText(findTestObject("Object Repository/Apply Leave/Page_OrangeHRM/a_Rachel Morris")), fullName, false, STOP_ON_FAILURE): Actual text 'Rachel Morris' and expected text 'Rachel Morris' are matched 

2021-08-19 21:45:59 - [MESSAGE][PASSED] - Text of object 'Object Repository/Apply Leave/Page_OrangeHRM/a_Rachel Morris' is: 'Rachel Morris'

2021-08-19 21:45:59 - [MESSAGE][PASSED] - Actual text 'Rachel Morris' and expected text 'Rachel Morris' are matched 

2021-08-19 21:45:59 - [TEST_STEP][PASSED] - verifyMatch(getText(findTestObject("Object Repository/Apply Leave/Page_OrangeHRM/td_Personal")), leaveType, false, STOP_ON_FAILURE): Actual text 'Personal' and expected text 'Personal' are matched 

2021-08-19 21:46:00 - [MESSAGE][PASSED] - Text of object 'Object Repository/Apply Leave/Page_OrangeHRM/td_Personal' is: 'Personal'

2021-08-19 21:46:00 - [MESSAGE][PASSED] - Actual text 'Personal' and expected text 'Personal' are matched 

2021-08-19 21:46:00 - [TEST_STEP][PASSED] - verifyMatch(25"))).toString(), parseDouble(days).toString(), false, STOP_ON_FAILURE): Actual text '48.0' and expected text '48.0' are matched 

2021-08-19 21:46:00 - [MESSAGE][PASSED] - Text of object 'Object Repository/Apply Leave/Page_OrangeHRM/td_49.25' is: '48.00'

2021-08-19 21:46:00 - [MESSAGE][PASSED] - Actual text '48.0' and expected text '48.0' are matched 

2021-08-19 21:46:00 - [TEST_STEP][PASSED] - verifyMatch(getText(findTestObject("Object Repository/Apply Leave/Page_OrangeHRM/td_0.75")), days, false, STOP_ON_FAILURE): Actual text '2.00' and expected text '2.00' are matched 

2021-08-19 21:46:00 - [MESSAGE][PASSED] - Text of object 'Object Repository/Apply Leave/Page_OrangeHRM/td_0.75' is: '2.00'

2021-08-19 21:46:00 - [MESSAGE][PASSED] - Actual text '2.00' and expected text '2.00' are matched 

2021-08-19 21:46:00 - [TEST_STEP][PASSED] - verifyMatch(getText(findTestObject("Object Repository/Apply Leave/Page_OrangeHRM/a_Pending Approval(0.75)")), status + "(" + days + ")", false, STOP_ON_FAILURE): Actual text 'Pending Approval(2.00)' and expected text 'Pending Approval(2.00)' are matched 

2021-08-19 21:46:01 - [MESSAGE][PASSED] - Text of object 'Object Repository/Apply Leave/Page_OrangeHRM/a_Pending Approval(0.75)' is: 'Pending Approval(2.00)'

2021-08-19 21:46:01 - [MESSAGE][PASSED] - Actual text 'Pending Approval(2.00)' and expected text 'Pending Approval(2.00)' are matched]]></system-out>
         <system-err><![CDATA[]]></system-err>
      </testcase>
      <testcase name="Test Cases/Apply Leave" time="25.979" classname="Test Cases/Apply Leave" status="PASSED">
         <system-out><![CDATA[2021-08-19 21:46:03 - [TEST_CASE][PASSED] - Test Cases/Apply Leave: Test Cases/Apply Leave

2021-08-19 21:46:03 - [TEST_STEP][PASSED] - com.database.mysql.connectDB("localhost", "orangehrm_mysql", "3306", "root", null): com.database.mysql.connectDB is PASSED

2021-08-19 21:46:03 - [MESSAGE][PASSED] - com.database.mysql.connectDB is PASSED

2021-08-19 21:46:03 - [TEST_STEP][PASSED] - com.database.mysql.execute("DELETE FROM `ohrm_leave_request` WHERE `emp_number`=3 AND `date_applied`='2021-09-02' AND `leave_type_id` = 3"): com.database.mysql.execute is PASSED

2021-08-19 21:46:03 - [MESSAGE][PASSED] - com.database.mysql.execute is PASSED

2021-08-19 21:46:03 - [TEST_STEP][PASSED] - com.database.mysql.execute("DELETE FROM `ohrm_leave` WHERE `emp_number` = 3 AND `leave_type_id`=3 and (`date`='2021-09-02' or `date`='2021-09-03') "): com.database.mysql.execute is PASSED

2021-08-19 21:46:03 - [MESSAGE][PASSED] - com.database.mysql.execute is PASSED

2021-08-19 21:46:03 - [TEST_STEP][PASSED] - com.database.mysql.closeDatabaseConnection(): com.database.mysql.closeDatabaseConnection is PASSED

2021-08-19 21:46:03 - [MESSAGE][PASSED] - com.database.mysql.closeDatabaseConnection is PASSED

2021-08-19 21:46:03 - [TEST_STEP][PASSED] - navigateToUrl("http://localhost/orangehrm/symfony/web/index.php/dashboard"): Navigate to 'http://localhost/orangehrm/symfony/web/index.php/dashboard' successfully

2021-08-19 21:46:03 - [MESSAGE][PASSED] - Navigate to 'http://localhost/orangehrm/symfony/web/index.php/dashboard' successfully

2021-08-19 21:46:03 - [TEST_STEP][PASSED] - click(findTestObject("Object Repository/Apply Leave/Page_OrangeHRM/img")): Object: 'Object Repository/Apply Leave/Page_OrangeHRM/img' is clicked on

2021-08-19 21:46:04 - [MESSAGE][PASSED] - Object: 'Object Repository/Apply Leave/Page_OrangeHRM/img' is clicked on

2021-08-19 21:46:04 - [TEST_STEP][PASSED] - selectOptionByValue(findTestObject("Object Repository/Apply Leave/Page_OrangeHRM/select_--Select--MarriageMaternityPersonalS_480ad7"), "3", true): All options with value '3' are selected in object 'Object Repository/Apply Leave/Page_OrangeHRM/select_--Select--MarriageMaternityPersonalS_480ad7'  using regular expression

2021-08-19 21:46:05 - [MESSAGE][PASSED] - All options with value '3' are selected in object 'Object Repository/Apply Leave/Page_OrangeHRM/select_--Select--MarriageMaternityPersonalS_480ad7'  using regular expression

2021-08-19 21:46:05 - [TEST_STEP][PASSED] - setText(findTestObject("Object Repository/Apply Leave/Page_OrangeHRM/input__applyleavetxtFromDate"), from): Text '2021-09-02' is set on object 'Object Repository/Apply Leave/Page_OrangeHRM/input__applyleavetxtFromDate'

2021-08-19 21:46:07 - [MESSAGE][PASSED] - Text '2021-09-02' is set on object 'Object Repository/Apply Leave/Page_OrangeHRM/input__applyleavetxtFromDate'

2021-08-19 21:46:07 - [TEST_STEP][PASSED] - sendKeys(findTestObject("Object Repository/Apply Leave/Page_OrangeHRM/input__applyleavetxtFromDate"), Keys.chord(ENTER)): Keys 'ENTER + ' sent to object: 'Object Repository/Apply Leave/Page_OrangeHRM/input__applyleavetxtFromDate'

2021-08-19 21:46:07 - [MESSAGE][PASSED] - Keys 'ENTER + ' sent to object: 'Object Repository/Apply Leave/Page_OrangeHRM/input__applyleavetxtFromDate'

2021-08-19 21:46:07 - [TEST_STEP][PASSED] - setText(findTestObject("Object Repository/Apply Leave/Page_OrangeHRM/input__applyleavetxtToDate"), to): Text '2021-09-03' is set on object 'Object Repository/Apply Leave/Page_OrangeHRM/input__applyleavetxtToDate'

2021-08-19 21:46:09 - [MESSAGE][PASSED] - Text '2021-09-03' is set on object 'Object Repository/Apply Leave/Page_OrangeHRM/input__applyleavetxtToDate'

2021-08-19 21:46:09 - [TEST_STEP][PASSED] - sendKeys(findTestObject("Object Repository/Apply Leave/Page_OrangeHRM/input__applyleavetxtToDate"), Keys.chord(ENTER)): Keys 'ENTER + ' sent to object: 'Object Repository/Apply Leave/Page_OrangeHRM/input__applyleavetxtToDate'

2021-08-19 21:46:09 - [MESSAGE][PASSED] - Keys 'ENTER + ' sent to object: 'Object Repository/Apply Leave/Page_OrangeHRM/input__applyleavetxtToDate'

2021-08-19 21:46:09 - [TEST_STEP][PASSED] - if (from.equals(to)): null

2021-08-19 21:46:09 - [TEST_STEP][PASSED] - else: null

2021-08-19 21:46:09 - [TEST_STEP][PASSED] - selectOptionByValue(findTestObject("Object Repository/Apply Leave/Page_OrangeHRM/select_NoneAll DaysStart Day OnlyEnd Day On_3e5258"), partialDays, true): All options with value 'end' are selected in object 'Object Repository/Apply Leave/Page_OrangeHRM/select_NoneAll DaysStart Day OnlyEnd Day On_3e5258'  using regular expression

2021-08-19 21:46:11 - [MESSAGE][PASSED] - All options with value 'end' are selected in object 'Object Repository/Apply Leave/Page_OrangeHRM/select_NoneAll DaysStart Day OnlyEnd Day On_3e5258'  using regular expression

2021-08-19 21:46:11 - [TEST_STEP][PASSED] - if (partialDays.equals("all") || partialDays.equals("start")): null

2021-08-19 21:46:11 - [TEST_STEP][PASSED] - if (partialDays.equals("end")): All options with value '18:00' are selected in object 'Object Repository/Apply Leave/Page_OrangeHRM/applyleave_secondDuration_time_to'  using regular expression

2021-08-19 21:46:11 - [TEST_STEP][PASSED] - selectOptionByValue(findTestObject("Object Repository/Apply Leave/Page_OrangeHRM/select_Half DaySpecify Time_1"), duration1, true): All options with value 'specify_time' are selected in object 'Object Repository/Apply Leave/Page_OrangeHRM/select_Half DaySpecify Time_1'  using regular expression

2021-08-19 21:46:12 - [MESSAGE][PASSED] - All options with value 'specify_time' are selected in object 'Object Repository/Apply Leave/Page_OrangeHRM/select_Half DaySpecify Time_1'  using regular expression

2021-08-19 21:46:12 - [TEST_STEP][PASSED] - if (duration1.equals("half_day")): null

2021-08-19 21:46:12 - [TEST_STEP][PASSED] - if (duration1.equals("specify_time")): All options with value '18:00' are selected in object 'Object Repository/Apply Leave/Page_OrangeHRM/applyleave_secondDuration_time_to'  using regular expression

2021-08-19 21:46:12 - [TEST_STEP][PASSED] - selectOptionByValue(findTestObject("Object Repository/Apply Leave/Page_OrangeHRM/applyleave_secondDuration_time_from"), duration2, true): All options with value '09:00' are selected in object 'Object Repository/Apply Leave/Page_OrangeHRM/applyleave_secondDuration_time_from'  using regular expression

2021-08-19 21:46:15 - [MESSAGE][PASSED] - All options with value '09:00' are selected in object 'Object Repository/Apply Leave/Page_OrangeHRM/applyleave_secondDuration_time_from'  using regular expression

2021-08-19 21:46:15 - [TEST_STEP][PASSED] - selectOptionByValue(findTestObject("Object Repository/Apply Leave/Page_OrangeHRM/applyleave_secondDuration_time_to"), duration3, true): All options with value '18:00' are selected in object 'Object Repository/Apply Leave/Page_OrangeHRM/applyleave_secondDuration_time_to'  using regular expression

2021-08-19 21:46:18 - [MESSAGE][PASSED] - All options with value '18:00' are selected in object 'Object Repository/Apply Leave/Page_OrangeHRM/applyleave_secondDuration_time_to'  using regular expression

2021-08-19 21:46:18 - [TEST_STEP][PASSED] - if (partialDays.equals("start_end")): null

2021-08-19 21:46:18 - [TEST_STEP][PASSED] - scrollToElement(findTestObject("Apply Leave/Page_OrangeHRM/input__applyBtn"), 0): Scroll to object 'Object Repository/Apply Leave/Page_OrangeHRM/input__applyBtn' successfully

2021-08-19 21:46:19 - [MESSAGE][WARNING] - Timeout '0' is invalid. Using default page load timeout: '30'

2021-08-19 21:46:19 - [MESSAGE][PASSED] - Scroll to object 'Object Repository/Apply Leave/Page_OrangeHRM/input__applyBtn' successfully

2021-08-19 21:46:19 - [TEST_STEP][PASSED] - takeScreenshot(): Taking screenshot successfully

2021-08-19 21:46:19 - [MESSAGE][PASSED] - Taking screenshot successfully
[[ATTACHMENT|C:\\Users\\nguye\\Katalon Studio\\OrangeHRM\\Reports\\20210819_213101\\Apply Leave\\20210819_213101\\1629384379540.png]]

2021-08-19 21:46:19 - [TEST_STEP][PASSED] - click(findTestObject("Object Repository/Apply Leave/Page_OrangeHRM/input__applyBtn")): Object: 'Object Repository/Apply Leave/Page_OrangeHRM/input__applyBtn' is clicked on

2021-08-19 21:46:20 - [MESSAGE][PASSED] - Object: 'Object Repository/Apply Leave/Page_OrangeHRM/input__applyBtn' is clicked on

2021-08-19 21:46:20 - [TEST_STEP][PASSED] - navigateToUrl("http://localhost/orangehrm/symfony/web/index.php/leave/viewMyLeaveList/reset/1"): Navigate to 'http://localhost/orangehrm/symfony/web/index.php/leave/viewMyLeaveList/reset/1' successfully

2021-08-19 21:46:20 - [MESSAGE][PASSED] - Navigate to 'http://localhost/orangehrm/symfony/web/index.php/leave/viewMyLeaveList/reset/1' successfully

2021-08-19 21:46:20 - [TEST_STEP][PASSED] - setText(findTestObject("Object Repository/Apply Leave/Page_OrangeHRM/input_From_leaveListcalFromDate"), from): Text '2021-09-02' is set on object 'Object Repository/Apply Leave/Page_OrangeHRM/input_From_leaveListcalFromDate'

2021-08-19 21:46:22 - [MESSAGE][PASSED] - Text '2021-09-02' is set on object 'Object Repository/Apply Leave/Page_OrangeHRM/input_From_leaveListcalFromDate'

2021-08-19 21:46:22 - [TEST_STEP][PASSED] - sendKeys(findTestObject("Object Repository/Apply Leave/Page_OrangeHRM/input_From_leaveListcalFromDate"), Keys.chord(ENTER)): Keys 'ENTER + ' sent to object: 'Object Repository/Apply Leave/Page_OrangeHRM/input_From_leaveListcalFromDate'

2021-08-19 21:46:22 - [MESSAGE][PASSED] - Keys 'ENTER + ' sent to object: 'Object Repository/Apply Leave/Page_OrangeHRM/input_From_leaveListcalFromDate'

2021-08-19 21:46:22 - [TEST_STEP][PASSED] - setText(findTestObject("Object Repository/Apply Leave/Page_OrangeHRM/input_To_leaveListcalToDate"), to): Text '2021-09-03' is set on object 'Object Repository/Apply Leave/Page_OrangeHRM/input_To_leaveListcalToDate'

2021-08-19 21:46:23 - [MESSAGE][PASSED] - Text '2021-09-03' is set on object 'Object Repository/Apply Leave/Page_OrangeHRM/input_To_leaveListcalToDate'

2021-08-19 21:46:23 - [TEST_STEP][PASSED] - sendKeys(findTestObject("Object Repository/Apply Leave/Page_OrangeHRM/input_To_leaveListcalToDate"), Keys.chord(ENTER)): Keys 'ENTER + ' sent to object: 'Object Repository/Apply Leave/Page_OrangeHRM/input_To_leaveListcalToDate'

2021-08-19 21:46:24 - [MESSAGE][PASSED] - Keys 'ENTER + ' sent to object: 'Object Repository/Apply Leave/Page_OrangeHRM/input_To_leaveListcalToDate'

2021-08-19 21:46:24 - [TEST_STEP][PASSED] - uncheck(findTestObject("Object Repository/Apply Leave/Page_OrangeHRM/input_All_leaveList_chkSearchFilter_checkbo_a698f3")): Object 'Object Repository/Apply Leave/Page_OrangeHRM/input_All_leaveList_chkSearchFilter_checkbo_a698f3' is un-checked

2021-08-19 21:46:24 - [MESSAGE][PASSED] - Object 'Object Repository/Apply Leave/Page_OrangeHRM/input_All_leaveList_chkSearchFilter_checkbo_a698f3' is un-checked

2021-08-19 21:46:24 - [TEST_STEP][PASSED] - check(findTestObject("Object Repository/Apply Leave/Page_OrangeHRM/input_Pending Approval_leaveListchkSearchFilter")): Object 'Object Repository/Apply Leave/Page_OrangeHRM/input_Pending Approval_leaveListchkSearchFilter' is checked

2021-08-19 21:46:25 - [MESSAGE][PASSED] - Object 'Object Repository/Apply Leave/Page_OrangeHRM/input_Pending Approval_leaveListchkSearchFilter' is checked

2021-08-19 21:46:25 - [TEST_STEP][PASSED] - click(findTestObject("Object Repository/Apply Leave/Page_OrangeHRM/input_Taken_btnSearch")): Object: 'Object Repository/Apply Leave/Page_OrangeHRM/input_Taken_btnSearch' is clicked on

2021-08-19 21:46:25 - [MESSAGE][PASSED] - Object: 'Object Repository/Apply Leave/Page_OrangeHRM/input_Taken_btnSearch' is clicked on

2021-08-19 21:46:25 - [TEST_STEP][PASSED] - scrollToElement(findTestObject("Apply Leave/Page_OrangeHRM/th_Date"), 0): Scroll to object 'Object Repository/Apply Leave/Page_OrangeHRM/th_Date' successfully

2021-08-19 21:46:26 - [MESSAGE][WARNING] - Timeout '0' is invalid. Using default page load timeout: '30'

2021-08-19 21:46:26 - [MESSAGE][PASSED] - Scroll to object 'Object Repository/Apply Leave/Page_OrangeHRM/th_Date' successfully

2021-08-19 21:46:26 - [TEST_STEP][PASSED] - takeScreenshot(): Taking screenshot successfully

2021-08-19 21:46:26 - [MESSAGE][PASSED] - Taking screenshot successfully
[[ATTACHMENT|C:\\Users\\nguye\\Katalon Studio\\OrangeHRM\\Reports\\20210819_213101\\Apply Leave\\20210819_213101\\1629384386756.png]]

2021-08-19 21:46:26 - [TEST_STEP][PASSED] - if (days.equals("")): Actual text 'No Records Found' and expected text 'No Records Found' are matched 

2021-08-19 21:46:26 - [TEST_STEP][PASSED] - verifyMatch(getText(findTestObject("Object Repository/Apply Leave/Page_OrangeHRM/td_No Records Found")), "No Records Found", false, STOP_ON_FAILURE): Actual text 'No Records Found' and expected text 'No Records Found' are matched 

2021-08-19 21:46:27 - [MESSAGE][PASSED] - Text of object 'Object Repository/Apply Leave/Page_OrangeHRM/td_No Records Found' is: 'No Records Found'

2021-08-19 21:46:27 - [MESSAGE][PASSED] - Actual text 'No Records Found' and expected text 'No Records Found' are matched]]></system-out>
         <system-err><![CDATA[]]></system-err>
      </testcase>
      <testcase name="Test Cases/Apply Leave" time="26.319" classname="Test Cases/Apply Leave" status="FAILED">
         <failure type="FAILED" message="Test Cases/Apply Leave FAILED.
Reason:
com.kms.katalon.core.exception.StepFailedException: Actual text '2021-09-02 to 2021-09-03' and expected text 'No Records Found' are not matched
	at com.kms.katalon.core.keyword.builtin.VerifyMatchKeyword$_verifyMatch_closure1.doCall(VerifyMatchKeyword.groovy:57)
	at com.kms.katalon.core.keyword.builtin.VerifyMatchKeyword$_verifyMatch_closure1.call(VerifyMatchKeyword.groovy)
	at com.kms.katalon.core.keyword.internal.KeywordMain.runKeyword(KeywordMain.groovy:74)
	at com.kms.katalon.core.keyword.builtin.VerifyMatchKeyword.verifyMatch(VerifyMatchKeyword.groovy:60)
	at com.kms.katalon.core.keyword.builtin.VerifyMatchKeyword.execute(VerifyMatchKeyword.groovy:45)
	at com.kms.katalon.core.keyword.internal.KeywordExecutor.executeKeywordForPlatform(KeywordExecutor.groovy:74)
	at com.kms.katalon.core.keyword.BuiltinKeywords.verifyMatch(BuiltinKeywords.groovy:55)
	at Apply Leave.run(Apply Leave:180)
	at com.kms.katalon.core.main.ScriptEngine.run(ScriptEngine.java:194)
	at com.kms.katalon.core.main.ScriptEngine.runScriptAsRawText(ScriptEngine.java:119)
	at com.kms.katalon.core.main.TestCaseExecutor.runScript(TestCaseExecutor.java:430)
	at com.kms.katalon.core.main.TestCaseExecutor.doExecute(TestCaseExecutor.java:421)
	at com.kms.katalon.core.main.TestCaseExecutor.processExecutionPhase(TestCaseExecutor.java:400)
	at com.kms.katalon.core.main.TestCaseExecutor.accessMainPhase(TestCaseExecutor.java:392)
	at com.kms.katalon.core.main.TestCaseExecutor.execute(TestCaseExecutor.java:273)
	at com.kms.katalon.core.main.TestSuiteExecutor.accessTestCaseMainPhase(TestSuiteExecutor.java:202)
	at com.kms.katalon.core.main.TestSuiteExecutor.accessTestSuiteMainPhase(TestSuiteExecutor.java:164)
	at com.kms.katalon.core.main.TestSuiteExecutor.execute(TestSuiteExecutor.java:105)
	at com.kms.katalon.core.main.TestCaseMain.startTestSuite(TestCaseMain.java:185)
	at com.kms.katalon.core.main.TestCaseMain$startTestSuite$0.call(Unknown Source)
	at TempTestSuite1629383461522.run(TempTestSuite1629383461522.groovy:36)
"/>
         <system-out><![CDATA[2021-08-19 21:46:29 - [TEST_CASE][FAILED] - Test Cases/Apply Leave: Test Cases/Apply Leave FAILED.
Reason:
com.kms.katalon.core.exception.StepFailedException: Actual text '2021-09-02 to 2021-09-03' and expected text 'No Records Found' are not matched
	at com.kms.katalon.core.keyword.builtin.VerifyMatchKeyword$_verifyMatch_closure1.doCall(VerifyMatchKeyword.groovy:57)
	at com.kms.katalon.core.keyword.builtin.VerifyMatchKeyword$_verifyMatch_closure1.call(VerifyMatchKeyword.groovy)
	at com.kms.katalon.core.keyword.internal.KeywordMain.runKeyword(KeywordMain.groovy:74)
	at com.kms.katalon.core.keyword.builtin.VerifyMatchKeyword.verifyMatch(VerifyMatchKeyword.groovy:60)
	at com.kms.katalon.core.keyword.builtin.VerifyMatchKeyword.execute(VerifyMatchKeyword.groovy:45)
	at com.kms.katalon.core.keyword.internal.KeywordExecutor.executeKeywordForPlatform(KeywordExecutor.groovy:74)
	at com.kms.katalon.core.keyword.BuiltinKeywords.verifyMatch(BuiltinKeywords.groovy:55)
	at Apply Leave.run(Apply Leave:180)
	at com.kms.katalon.core.main.ScriptEngine.run(ScriptEngine.java:194)
	at com.kms.katalon.core.main.ScriptEngine.runScriptAsRawText(ScriptEngine.java:119)
	at com.kms.katalon.core.main.TestCaseExecutor.runScript(TestCaseExecutor.java:430)
	at com.kms.katalon.core.main.TestCaseExecutor.doExecute(TestCaseExecutor.java:421)
	at com.kms.katalon.core.main.TestCaseExecutor.processExecutionPhase(TestCaseExecutor.java:400)
	at com.kms.katalon.core.main.TestCaseExecutor.accessMainPhase(TestCaseExecutor.java:392)
	at com.kms.katalon.core.main.TestCaseExecutor.execute(TestCaseExecutor.java:273)
	at com.kms.katalon.core.main.TestSuiteExecutor.accessTestCaseMainPhase(TestSuiteExecutor.java:202)
	at com.kms.katalon.core.main.TestSuiteExecutor.accessTestSuiteMainPhase(TestSuiteExecutor.java:164)
	at com.kms.katalon.core.main.TestSuiteExecutor.execute(TestSuiteExecutor.java:105)
	at com.kms.katalon.core.main.TestCaseMain.startTestSuite(TestCaseMain.java:185)
	at com.kms.katalon.core.main.TestCaseMain$startTestSuite$0.call(Unknown Source)
	at TempTestSuite1629383461522.run(TempTestSuite1629383461522.groovy:36)


2021-08-19 21:46:29 - [TEST_STEP][PASSED] - com.database.mysql.connectDB("localhost", "orangehrm_mysql", "3306", "root", null): com.database.mysql.connectDB is PASSED

2021-08-19 21:46:29 - [MESSAGE][PASSED] - com.database.mysql.connectDB is PASSED

2021-08-19 21:46:29 - [TEST_STEP][PASSED] - com.database.mysql.execute("DELETE FROM `ohrm_leave_request` WHERE `emp_number`=3 AND `date_applied`='2021-09-02' AND `leave_type_id` = 3"): com.database.mysql.execute is PASSED

2021-08-19 21:46:29 - [MESSAGE][PASSED] - com.database.mysql.execute is PASSED

2021-08-19 21:46:29 - [TEST_STEP][PASSED] - com.database.mysql.execute("DELETE FROM `ohrm_leave` WHERE `emp_number` = 3 AND `leave_type_id`=3 and (`date`='2021-09-02' or `date`='2021-09-03') "): com.database.mysql.execute is PASSED

2021-08-19 21:46:29 - [MESSAGE][PASSED] - com.database.mysql.execute is PASSED

2021-08-19 21:46:29 - [TEST_STEP][PASSED] - com.database.mysql.closeDatabaseConnection(): com.database.mysql.closeDatabaseConnection is PASSED

2021-08-19 21:46:29 - [MESSAGE][PASSED] - com.database.mysql.closeDatabaseConnection is PASSED

2021-08-19 21:46:29 - [TEST_STEP][PASSED] - navigateToUrl("http://localhost/orangehrm/symfony/web/index.php/dashboard"): Navigate to 'http://localhost/orangehrm/symfony/web/index.php/dashboard' successfully

2021-08-19 21:46:29 - [MESSAGE][PASSED] - Navigate to 'http://localhost/orangehrm/symfony/web/index.php/dashboard' successfully

2021-08-19 21:46:29 - [TEST_STEP][PASSED] - click(findTestObject("Object Repository/Apply Leave/Page_OrangeHRM/img")): Object: 'Object Repository/Apply Leave/Page_OrangeHRM/img' is clicked on

2021-08-19 21:46:30 - [MESSAGE][PASSED] - Object: 'Object Repository/Apply Leave/Page_OrangeHRM/img' is clicked on

2021-08-19 21:46:30 - [TEST_STEP][PASSED] - selectOptionByValue(findTestObject("Object Repository/Apply Leave/Page_OrangeHRM/select_--Select--MarriageMaternityPersonalS_480ad7"), "3", true): All options with value '3' are selected in object 'Object Repository/Apply Leave/Page_OrangeHRM/select_--Select--MarriageMaternityPersonalS_480ad7'  using regular expression

2021-08-19 21:46:32 - [MESSAGE][PASSED] - All options with value '3' are selected in object 'Object Repository/Apply Leave/Page_OrangeHRM/select_--Select--MarriageMaternityPersonalS_480ad7'  using regular expression

2021-08-19 21:46:32 - [TEST_STEP][PASSED] - setText(findTestObject("Object Repository/Apply Leave/Page_OrangeHRM/input__applyleavetxtFromDate"), from): Text '2021-09-02' is set on object 'Object Repository/Apply Leave/Page_OrangeHRM/input__applyleavetxtFromDate'

2021-08-19 21:46:33 - [MESSAGE][PASSED] - Text '2021-09-02' is set on object 'Object Repository/Apply Leave/Page_OrangeHRM/input__applyleavetxtFromDate'

2021-08-19 21:46:33 - [TEST_STEP][PASSED] - sendKeys(findTestObject("Object Repository/Apply Leave/Page_OrangeHRM/input__applyleavetxtFromDate"), Keys.chord(ENTER)): Keys 'ENTER + ' sent to object: 'Object Repository/Apply Leave/Page_OrangeHRM/input__applyleavetxtFromDate'

2021-08-19 21:46:34 - [MESSAGE][PASSED] - Keys 'ENTER + ' sent to object: 'Object Repository/Apply Leave/Page_OrangeHRM/input__applyleavetxtFromDate'

2021-08-19 21:46:34 - [TEST_STEP][PASSED] - setText(findTestObject("Object Repository/Apply Leave/Page_OrangeHRM/input__applyleavetxtToDate"), to): Text '2021-09-03' is set on object 'Object Repository/Apply Leave/Page_OrangeHRM/input__applyleavetxtToDate'

2021-08-19 21:46:35 - [MESSAGE][PASSED] - Text '2021-09-03' is set on object 'Object Repository/Apply Leave/Page_OrangeHRM/input__applyleavetxtToDate'

2021-08-19 21:46:35 - [TEST_STEP][PASSED] - sendKeys(findTestObject("Object Repository/Apply Leave/Page_OrangeHRM/input__applyleavetxtToDate"), Keys.chord(ENTER)): Keys 'ENTER + ' sent to object: 'Object Repository/Apply Leave/Page_OrangeHRM/input__applyleavetxtToDate'

2021-08-19 21:46:36 - [MESSAGE][PASSED] - Keys 'ENTER + ' sent to object: 'Object Repository/Apply Leave/Page_OrangeHRM/input__applyleavetxtToDate'

2021-08-19 21:46:36 - [TEST_STEP][PASSED] - if (from.equals(to)): null

2021-08-19 21:46:36 - [TEST_STEP][PASSED] - else: null

2021-08-19 21:46:36 - [TEST_STEP][PASSED] - selectOptionByValue(findTestObject("Object Repository/Apply Leave/Page_OrangeHRM/select_NoneAll DaysStart Day OnlyEnd Day On_3e5258"), partialDays, true): All options with value 'end' are selected in object 'Object Repository/Apply Leave/Page_OrangeHRM/select_NoneAll DaysStart Day OnlyEnd Day On_3e5258'  using regular expression

2021-08-19 21:46:37 - [MESSAGE][PASSED] - All options with value 'end' are selected in object 'Object Repository/Apply Leave/Page_OrangeHRM/select_NoneAll DaysStart Day OnlyEnd Day On_3e5258'  using regular expression

2021-08-19 21:46:37 - [TEST_STEP][PASSED] - if (partialDays.equals("all") || partialDays.equals("start")): null

2021-08-19 21:46:37 - [TEST_STEP][PASSED] - if (partialDays.equals("end")): All options with value '05:00' are selected in object 'Object Repository/Apply Leave/Page_OrangeHRM/applyleave_secondDuration_time_to'  using regular expression

2021-08-19 21:46:37 - [TEST_STEP][PASSED] - selectOptionByValue(findTestObject("Object Repository/Apply Leave/Page_OrangeHRM/select_Half DaySpecify Time_1"), duration1, true): All options with value 'specify_time' are selected in object 'Object Repository/Apply Leave/Page_OrangeHRM/select_Half DaySpecify Time_1'  using regular expression

2021-08-19 21:46:38 - [MESSAGE][PASSED] - All options with value 'specify_time' are selected in object 'Object Repository/Apply Leave/Page_OrangeHRM/select_Half DaySpecify Time_1'  using regular expression

2021-08-19 21:46:38 - [TEST_STEP][PASSED] - if (duration1.equals("half_day")): null

2021-08-19 21:46:38 - [TEST_STEP][PASSED] - if (duration1.equals("specify_time")): All options with value '05:00' are selected in object 'Object Repository/Apply Leave/Page_OrangeHRM/applyleave_secondDuration_time_to'  using regular expression

2021-08-19 21:46:38 - [TEST_STEP][PASSED] - selectOptionByValue(findTestObject("Object Repository/Apply Leave/Page_OrangeHRM/applyleave_secondDuration_time_from"), duration2, true): All options with value '03:00' are selected in object 'Object Repository/Apply Leave/Page_OrangeHRM/applyleave_secondDuration_time_from'  using regular expression

2021-08-19 21:46:41 - [MESSAGE][PASSED] - All options with value '03:00' are selected in object 'Object Repository/Apply Leave/Page_OrangeHRM/applyleave_secondDuration_time_from'  using regular expression

2021-08-19 21:46:41 - [TEST_STEP][PASSED] - selectOptionByValue(findTestObject("Object Repository/Apply Leave/Page_OrangeHRM/applyleave_secondDuration_time_to"), duration3, true): All options with value '05:00' are selected in object 'Object Repository/Apply Leave/Page_OrangeHRM/applyleave_secondDuration_time_to'  using regular expression

2021-08-19 21:46:44 - [MESSAGE][PASSED] - All options with value '05:00' are selected in object 'Object Repository/Apply Leave/Page_OrangeHRM/applyleave_secondDuration_time_to'  using regular expression

2021-08-19 21:46:44 - [TEST_STEP][PASSED] - if (partialDays.equals("start_end")): null

2021-08-19 21:46:44 - [TEST_STEP][PASSED] - scrollToElement(findTestObject("Apply Leave/Page_OrangeHRM/input__applyBtn"), 0): Scroll to object 'Object Repository/Apply Leave/Page_OrangeHRM/input__applyBtn' successfully

2021-08-19 21:46:44 - [MESSAGE][WARNING] - Timeout '0' is invalid. Using default page load timeout: '30'

2021-08-19 21:46:44 - [MESSAGE][PASSED] - Scroll to object 'Object Repository/Apply Leave/Page_OrangeHRM/input__applyBtn' successfully

2021-08-19 21:46:44 - [TEST_STEP][PASSED] - takeScreenshot(): Taking screenshot successfully

2021-08-19 21:46:45 - [MESSAGE][PASSED] - Taking screenshot successfully
[[ATTACHMENT|C:\\Users\\nguye\\Katalon Studio\\OrangeHRM\\Reports\\20210819_213101\\Apply Leave\\20210819_213101\\1629384404915.png]]

2021-08-19 21:46:45 - [TEST_STEP][PASSED] - click(findTestObject("Object Repository/Apply Leave/Page_OrangeHRM/input__applyBtn")): Object: 'Object Repository/Apply Leave/Page_OrangeHRM/input__applyBtn' is clicked on

2021-08-19 21:46:46 - [MESSAGE][PASSED] - Object: 'Object Repository/Apply Leave/Page_OrangeHRM/input__applyBtn' is clicked on

2021-08-19 21:46:46 - [TEST_STEP][PASSED] - navigateToUrl("http://localhost/orangehrm/symfony/web/index.php/leave/viewMyLeaveList/reset/1"): Navigate to 'http://localhost/orangehrm/symfony/web/index.php/leave/viewMyLeaveList/reset/1' successfully

2021-08-19 21:46:46 - [MESSAGE][PASSED] - Navigate to 'http://localhost/orangehrm/symfony/web/index.php/leave/viewMyLeaveList/reset/1' successfully

2021-08-19 21:46:46 - [TEST_STEP][PASSED] - setText(findTestObject("Object Repository/Apply Leave/Page_OrangeHRM/input_From_leaveListcalFromDate"), from): Text '2021-09-02' is set on object 'Object Repository/Apply Leave/Page_OrangeHRM/input_From_leaveListcalFromDate'

2021-08-19 21:46:48 - [MESSAGE][PASSED] - Text '2021-09-02' is set on object 'Object Repository/Apply Leave/Page_OrangeHRM/input_From_leaveListcalFromDate'

2021-08-19 21:46:48 - [TEST_STEP][PASSED] - sendKeys(findTestObject("Object Repository/Apply Leave/Page_OrangeHRM/input_From_leaveListcalFromDate"), Keys.chord(ENTER)): Keys 'ENTER + ' sent to object: 'Object Repository/Apply Leave/Page_OrangeHRM/input_From_leaveListcalFromDate'

2021-08-19 21:46:48 - [MESSAGE][PASSED] - Keys 'ENTER + ' sent to object: 'Object Repository/Apply Leave/Page_OrangeHRM/input_From_leaveListcalFromDate'

2021-08-19 21:46:48 - [TEST_STEP][PASSED] - setText(findTestObject("Object Repository/Apply Leave/Page_OrangeHRM/input_To_leaveListcalToDate"), to): Text '2021-09-03' is set on object 'Object Repository/Apply Leave/Page_OrangeHRM/input_To_leaveListcalToDate'

2021-08-19 21:46:49 - [MESSAGE][PASSED] - Text '2021-09-03' is set on object 'Object Repository/Apply Leave/Page_OrangeHRM/input_To_leaveListcalToDate'

2021-08-19 21:46:49 - [TEST_STEP][PASSED] - sendKeys(findTestObject("Object Repository/Apply Leave/Page_OrangeHRM/input_To_leaveListcalToDate"), Keys.chord(ENTER)): Keys 'ENTER + ' sent to object: 'Object Repository/Apply Leave/Page_OrangeHRM/input_To_leaveListcalToDate'

2021-08-19 21:46:50 - [MESSAGE][PASSED] - Keys 'ENTER + ' sent to object: 'Object Repository/Apply Leave/Page_OrangeHRM/input_To_leaveListcalToDate'

2021-08-19 21:46:50 - [TEST_STEP][PASSED] - uncheck(findTestObject("Object Repository/Apply Leave/Page_OrangeHRM/input_All_leaveList_chkSearchFilter_checkbo_a698f3")): Object 'Object Repository/Apply Leave/Page_OrangeHRM/input_All_leaveList_chkSearchFilter_checkbo_a698f3' is un-checked

2021-08-19 21:46:50 - [MESSAGE][PASSED] - Object 'Object Repository/Apply Leave/Page_OrangeHRM/input_All_leaveList_chkSearchFilter_checkbo_a698f3' is un-checked

2021-08-19 21:46:50 - [TEST_STEP][PASSED] - check(findTestObject("Object Repository/Apply Leave/Page_OrangeHRM/input_Pending Approval_leaveListchkSearchFilter")): Object 'Object Repository/Apply Leave/Page_OrangeHRM/input_Pending Approval_leaveListchkSearchFilter' is checked

2021-08-19 21:46:50 - [MESSAGE][PASSED] - Object 'Object Repository/Apply Leave/Page_OrangeHRM/input_Pending Approval_leaveListchkSearchFilter' is checked

2021-08-19 21:46:50 - [TEST_STEP][PASSED] - click(findTestObject("Object Repository/Apply Leave/Page_OrangeHRM/input_Taken_btnSearch")): Object: 'Object Repository/Apply Leave/Page_OrangeHRM/input_Taken_btnSearch' is clicked on

2021-08-19 21:46:51 - [MESSAGE][PASSED] - Object: 'Object Repository/Apply Leave/Page_OrangeHRM/input_Taken_btnSearch' is clicked on

2021-08-19 21:46:51 - [TEST_STEP][PASSED] - scrollToElement(findTestObject("Apply Leave/Page_OrangeHRM/th_Date"), 0): Scroll to object 'Object Repository/Apply Leave/Page_OrangeHRM/th_Date' successfully

2021-08-19 21:46:51 - [MESSAGE][WARNING] - Timeout '0' is invalid. Using default page load timeout: '30'

2021-08-19 21:46:52 - [MESSAGE][PASSED] - Scroll to object 'Object Repository/Apply Leave/Page_OrangeHRM/th_Date' successfully

2021-08-19 21:46:52 - [TEST_STEP][PASSED] - takeScreenshot(): Taking screenshot successfully

2021-08-19 21:46:53 - [MESSAGE][PASSED] - Taking screenshot successfully
[[ATTACHMENT|C:\\Users\\nguye\\Katalon Studio\\OrangeHRM\\Reports\\20210819_213101\\Apply Leave\\20210819_213101\\1629384413040.png]]

2021-08-19 21:46:53 - [TEST_STEP][FAILED] - if (days.equals("")): Unable to verify match between actual text '2021-09-02 to 2021-09-03' and expected text 'No Records Found' (Root cause: com.kms.katalon.core.exception.StepFailedException: Actual text '2021-09-02 to 2021-09-03' and expected text 'No Records Found' are not matched
	at com.kms.katalon.core.keyword.builtin.VerifyMatchKeyword$_verifyMatch_closure1.doCall(VerifyMatchKeyword.groovy:57)
	at com.kms.katalon.core.keyword.builtin.VerifyMatchKeyword$_verifyMatch_closure1.call(VerifyMatchKeyword.groovy)
	at com.kms.katalon.core.keyword.internal.KeywordMain.runKeyword(KeywordMain.groovy:74)
	at com.kms.katalon.core.keyword.builtin.VerifyMatchKeyword.verifyMatch(VerifyMatchKeyword.groovy:60)
	at com.kms.katalon.core.keyword.builtin.VerifyMatchKeyword.execute(VerifyMatchKeyword.groovy:45)
	at com.kms.katalon.core.keyword.internal.KeywordExecutor.executeKeywordForPlatform(KeywordExecutor.groovy:74)
	at com.kms.katalon.core.keyword.BuiltinKeywords.verifyMatch(BuiltinKeywords.groovy:55)
	at Apply Leave.run(Apply Leave:180)
	at com.kms.katalon.core.main.ScriptEngine.run(ScriptEngine.java:194)
	at com.kms.katalon.core.main.ScriptEngine.runScriptAsRawText(ScriptEngine.java:119)
	at com.kms.katalon.core.main.TestCaseExecutor.runScript(TestCaseExecutor.java:430)
	at com.kms.katalon.core.main.TestCaseExecutor.doExecute(TestCaseExecutor.java:421)
	at com.kms.katalon.core.main.TestCaseExecutor.processExecutionPhase(TestCaseExecutor.java:400)
	at com.kms.katalon.core.main.TestCaseExecutor.accessMainPhase(TestCaseExecutor.java:392)
	at com.kms.katalon.core.main.TestCaseExecutor.execute(TestCaseExecutor.java:273)
	at com.kms.katalon.core.main.TestSuiteExecutor.accessTestCaseMainPhase(TestSuiteExecutor.java:202)
	at com.kms.katalon.core.main.TestSuiteExecutor.accessTestSuiteMainPhase(TestSuiteExecutor.java:164)
	at com.kms.katalon.core.main.TestSuiteExecutor.execute(TestSuiteExecutor.java:105)
	at com.kms.katalon.core.main.TestCaseMain.startTestSuite(TestCaseMain.java:185)
	at com.kms.katalon.core.main.TestCaseMain$startTestSuite$0.call(Unknown Source)
	at TempTestSuite1629383461522.run(TempTestSuite1629383461522.groovy:36)
)

2021-08-19 21:46:53 - [TEST_STEP][FAILED] - verifyMatch(getText(findTestObject("Object Repository/Apply Leave/Page_OrangeHRM/td_No Records Found")), "No Records Found", false, STOP_ON_FAILURE): Unable to verify match between actual text '2021-09-02 to 2021-09-03' and expected text 'No Records Found' (Root cause: com.kms.katalon.core.exception.StepFailedException: Actual text '2021-09-02 to 2021-09-03' and expected text 'No Records Found' are not matched
	at com.kms.katalon.core.keyword.builtin.VerifyMatchKeyword$_verifyMatch_closure1.doCall(VerifyMatchKeyword.groovy:57)
	at com.kms.katalon.core.keyword.builtin.VerifyMatchKeyword$_verifyMatch_closure1.call(VerifyMatchKeyword.groovy)
	at com.kms.katalon.core.keyword.internal.KeywordMain.runKeyword(KeywordMain.groovy:74)
	at com.kms.katalon.core.keyword.builtin.VerifyMatchKeyword.verifyMatch(VerifyMatchKeyword.groovy:60)
	at com.kms.katalon.core.keyword.builtin.VerifyMatchKeyword.execute(VerifyMatchKeyword.groovy:45)
	at com.kms.katalon.core.keyword.internal.KeywordExecutor.executeKeywordForPlatform(KeywordExecutor.groovy:74)
	at com.kms.katalon.core.keyword.BuiltinKeywords.verifyMatch(BuiltinKeywords.groovy:55)
	at Apply Leave.run(Apply Leave:180)
	at com.kms.katalon.core.main.ScriptEngine.run(ScriptEngine.java:194)
	at com.kms.katalon.core.main.ScriptEngine.runScriptAsRawText(ScriptEngine.java:119)
	at com.kms.katalon.core.main.TestCaseExecutor.runScript(TestCaseExecutor.java:430)
	at com.kms.katalon.core.main.TestCaseExecutor.doExecute(TestCaseExecutor.java:421)
	at com.kms.katalon.core.main.TestCaseExecutor.processExecutionPhase(TestCaseExecutor.java:400)
	at com.kms.katalon.core.main.TestCaseExecutor.accessMainPhase(TestCaseExecutor.java:392)
	at com.kms.katalon.core.main.TestCaseExecutor.execute(TestCaseExecutor.java:273)
	at com.kms.katalon.core.main.TestSuiteExecutor.accessTestCaseMainPhase(TestSuiteExecutor.java:202)
	at com.kms.katalon.core.main.TestSuiteExecutor.accessTestSuiteMainPhase(TestSuiteExecutor.java:164)
	at com.kms.katalon.core.main.TestSuiteExecutor.execute(TestSuiteExecutor.java:105)
	at com.kms.katalon.core.main.TestCaseMain.startTestSuite(TestCaseMain.java:185)
	at com.kms.katalon.core.main.TestCaseMain$startTestSuite$0.call(Unknown Source)
	at TempTestSuite1629383461522.run(TempTestSuite1629383461522.groovy:36)
)

2021-08-19 21:46:53 - [MESSAGE][PASSED] - Text of object 'Object Repository/Apply Leave/Page_OrangeHRM/td_No Records Found' is: '2021-09-02 to 2021-09-03'

2021-08-19 21:46:53 - [MESSAGE][FAILED] - Unable to verify match between actual text '2021-09-02 to 2021-09-03' and expected text 'No Records Found' (Root cause: com.kms.katalon.core.exception.StepFailedException: Actual text '2021-09-02 to 2021-09-03' and expected text 'No Records Found' are not matched
	at com.kms.katalon.core.keyword.builtin.VerifyMatchKeyword$_verifyMatch_closure1.doCall(VerifyMatchKeyword.groovy:57)
	at com.kms.katalon.core.keyword.builtin.VerifyMatchKeyword$_verifyMatch_closure1.call(VerifyMatchKeyword.groovy)
	at com.kms.katalon.core.keyword.internal.KeywordMain.runKeyword(KeywordMain.groovy:74)
	at com.kms.katalon.core.keyword.builtin.VerifyMatchKeyword.verifyMatch(VerifyMatchKeyword.groovy:60)
	at com.kms.katalon.core.keyword.builtin.VerifyMatchKeyword.execute(VerifyMatchKeyword.groovy:45)
	at com.kms.katalon.core.keyword.internal.KeywordExecutor.executeKeywordForPlatform(KeywordExecutor.groovy:74)
	at com.kms.katalon.core.keyword.BuiltinKeywords.verifyMatch(BuiltinKeywords.groovy:55)
	at Apply Leave.run(Apply Leave:180)
	at com.kms.katalon.core.main.ScriptEngine.run(ScriptEngine.java:194)
	at com.kms.katalon.core.main.ScriptEngine.runScriptAsRawText(ScriptEngine.java:119)
	at com.kms.katalon.core.main.TestCaseExecutor.runScript(TestCaseExecutor.java:430)
	at com.kms.katalon.core.main.TestCaseExecutor.doExecute(TestCaseExecutor.java:421)
	at com.kms.katalon.core.main.TestCaseExecutor.processExecutionPhase(TestCaseExecutor.java:400)
	at com.kms.katalon.core.main.TestCaseExecutor.accessMainPhase(TestCaseExecutor.java:392)
	at com.kms.katalon.core.main.TestCaseExecutor.execute(TestCaseExecutor.java:273)
	at com.kms.katalon.core.main.TestSuiteExecutor.accessTestCaseMainPhase(TestSuiteExecutor.java:202)
	at com.kms.katalon.core.main.TestSuiteExecutor.accessTestSuiteMainPhase(TestSuiteExecutor.java:164)
	at com.kms.katalon.core.main.TestSuiteExecutor.execute(TestSuiteExecutor.java:105)
	at com.kms.katalon.core.main.TestCaseMain.startTestSuite(TestCaseMain.java:185)
	at com.kms.katalon.core.main.TestCaseMain$startTestSuite$0.call(Unknown Source)
	at TempTestSuite1629383461522.run(TempTestSuite1629383461522.groovy:36)
)

2021-08-19 21:46:55 - [TEST_STEP][PASSED] - Video: Video recording for test case 'Test Cases/Apply Leave' .

2021-08-19 21:46:55 - [MESSAGE][INFO] - Video recording for test case 'Test Cases/Apply Leave' .]]></system-out>
         <system-err><![CDATA[2021-08-19 21:46:29 - [TEST_CASE][FAILED] - Test Cases/Apply Leave: Test Cases/Apply Leave FAILED.
Reason:
com.kms.katalon.core.exception.StepFailedException: Actual text '2021-09-02 to 2021-09-03' and expected text 'No Records Found' are not matched
	at com.kms.katalon.core.keyword.builtin.VerifyMatchKeyword$_verifyMatch_closure1.doCall(VerifyMatchKeyword.groovy:57)
	at com.kms.katalon.core.keyword.builtin.VerifyMatchKeyword$_verifyMatch_closure1.call(VerifyMatchKeyword.groovy)
	at com.kms.katalon.core.keyword.internal.KeywordMain.runKeyword(KeywordMain.groovy:74)
	at com.kms.katalon.core.keyword.builtin.VerifyMatchKeyword.verifyMatch(VerifyMatchKeyword.groovy:60)
	at com.kms.katalon.core.keyword.builtin.VerifyMatchKeyword.execute(VerifyMatchKeyword.groovy:45)
	at com.kms.katalon.core.keyword.internal.KeywordExecutor.executeKeywordForPlatform(KeywordExecutor.groovy:74)
	at com.kms.katalon.core.keyword.BuiltinKeywords.verifyMatch(BuiltinKeywords.groovy:55)
	at Apply Leave.run(Apply Leave:180)
	at com.kms.katalon.core.main.ScriptEngine.run(ScriptEngine.java:194)
	at com.kms.katalon.core.main.ScriptEngine.runScriptAsRawText(ScriptEngine.java:119)
	at com.kms.katalon.core.main.TestCaseExecutor.runScript(TestCaseExecutor.java:430)
	at com.kms.katalon.core.main.TestCaseExecutor.doExecute(TestCaseExecutor.java:421)
	at com.kms.katalon.core.main.TestCaseExecutor.processExecutionPhase(TestCaseExecutor.java:400)
	at com.kms.katalon.core.main.TestCaseExecutor.accessMainPhase(TestCaseExecutor.java:392)
	at com.kms.katalon.core.main.TestCaseExecutor.execute(TestCaseExecutor.java:273)
	at com.kms.katalon.core.main.TestSuiteExecutor.accessTestCaseMainPhase(TestSuiteExecutor.java:202)
	at com.kms.katalon.core.main.TestSuiteExecutor.accessTestSuiteMainPhase(TestSuiteExecutor.java:164)
	at com.kms.katalon.core.main.TestSuiteExecutor.execute(TestSuiteExecutor.java:105)
	at com.kms.katalon.core.main.TestCaseMain.startTestSuite(TestCaseMain.java:185)
	at com.kms.katalon.core.main.TestCaseMain$startTestSuite$0.call(Unknown Source)
	at TempTestSuite1629383461522.run(TempTestSuite1629383461522.groovy:36)]]></system-err>
      </testcase>
      <testcase name="Test Cases/Apply Leave" time="26.015" classname="Test Cases/Apply Leave" status="PASSED">
         <system-out><![CDATA[2021-08-19 21:46:55 - [TEST_CASE][PASSED] - Test Cases/Apply Leave: Test Cases/Apply Leave

2021-08-19 21:46:55 - [TEST_STEP][PASSED] - com.database.mysql.connectDB("localhost", "orangehrm_mysql", "3306", "root", null): com.database.mysql.connectDB is PASSED

2021-08-19 21:46:55 - [MESSAGE][PASSED] - com.database.mysql.connectDB is PASSED

2021-08-19 21:46:55 - [TEST_STEP][PASSED] - com.database.mysql.execute("DELETE FROM `ohrm_leave_request` WHERE `emp_number`=3 AND `date_applied`='2021-09-02' AND `leave_type_id` = 3"): com.database.mysql.execute is PASSED

2021-08-19 21:46:55 - [MESSAGE][PASSED] - com.database.mysql.execute is PASSED

2021-08-19 21:46:55 - [TEST_STEP][PASSED] - com.database.mysql.execute("DELETE FROM `ohrm_leave` WHERE `emp_number` = 3 AND `leave_type_id`=3 and (`date`='2021-09-02' or `date`='2021-09-03') "): com.database.mysql.execute is PASSED

2021-08-19 21:46:55 - [MESSAGE][PASSED] - com.database.mysql.execute is PASSED

2021-08-19 21:46:55 - [TEST_STEP][PASSED] - com.database.mysql.closeDatabaseConnection(): com.database.mysql.closeDatabaseConnection is PASSED

2021-08-19 21:46:55 - [MESSAGE][PASSED] - com.database.mysql.closeDatabaseConnection is PASSED

2021-08-19 21:46:55 - [TEST_STEP][PASSED] - navigateToUrl("http://localhost/orangehrm/symfony/web/index.php/dashboard"): Navigate to 'http://localhost/orangehrm/symfony/web/index.php/dashboard' successfully

2021-08-19 21:46:56 - [MESSAGE][PASSED] - Navigate to 'http://localhost/orangehrm/symfony/web/index.php/dashboard' successfully

2021-08-19 21:46:56 - [TEST_STEP][PASSED] - click(findTestObject("Object Repository/Apply Leave/Page_OrangeHRM/img")): Object: 'Object Repository/Apply Leave/Page_OrangeHRM/img' is clicked on

2021-08-19 21:46:57 - [MESSAGE][PASSED] - Object: 'Object Repository/Apply Leave/Page_OrangeHRM/img' is clicked on

2021-08-19 21:46:57 - [TEST_STEP][PASSED] - selectOptionByValue(findTestObject("Object Repository/Apply Leave/Page_OrangeHRM/select_--Select--MarriageMaternityPersonalS_480ad7"), "3", true): All options with value '3' are selected in object 'Object Repository/Apply Leave/Page_OrangeHRM/select_--Select--MarriageMaternityPersonalS_480ad7'  using regular expression

2021-08-19 21:46:58 - [MESSAGE][PASSED] - All options with value '3' are selected in object 'Object Repository/Apply Leave/Page_OrangeHRM/select_--Select--MarriageMaternityPersonalS_480ad7'  using regular expression

2021-08-19 21:46:58 - [TEST_STEP][PASSED] - setText(findTestObject("Object Repository/Apply Leave/Page_OrangeHRM/input__applyleavetxtFromDate"), from): Text '2021-09-02' is set on object 'Object Repository/Apply Leave/Page_OrangeHRM/input__applyleavetxtFromDate'

2021-08-19 21:47:00 - [MESSAGE][PASSED] - Text '2021-09-02' is set on object 'Object Repository/Apply Leave/Page_OrangeHRM/input__applyleavetxtFromDate'

2021-08-19 21:47:00 - [TEST_STEP][PASSED] - sendKeys(findTestObject("Object Repository/Apply Leave/Page_OrangeHRM/input__applyleavetxtFromDate"), Keys.chord(ENTER)): Keys 'ENTER + ' sent to object: 'Object Repository/Apply Leave/Page_OrangeHRM/input__applyleavetxtFromDate'

2021-08-19 21:47:00 - [MESSAGE][PASSED] - Keys 'ENTER + ' sent to object: 'Object Repository/Apply Leave/Page_OrangeHRM/input__applyleavetxtFromDate'

2021-08-19 21:47:00 - [TEST_STEP][PASSED] - setText(findTestObject("Object Repository/Apply Leave/Page_OrangeHRM/input__applyleavetxtToDate"), to): Text '2021-09-03' is set on object 'Object Repository/Apply Leave/Page_OrangeHRM/input__applyleavetxtToDate'

2021-08-19 21:47:02 - [MESSAGE][PASSED] - Text '2021-09-03' is set on object 'Object Repository/Apply Leave/Page_OrangeHRM/input__applyleavetxtToDate'

2021-08-19 21:47:02 - [TEST_STEP][PASSED] - sendKeys(findTestObject("Object Repository/Apply Leave/Page_OrangeHRM/input__applyleavetxtToDate"), Keys.chord(ENTER)): Keys 'ENTER + ' sent to object: 'Object Repository/Apply Leave/Page_OrangeHRM/input__applyleavetxtToDate'

2021-08-19 21:47:03 - [MESSAGE][PASSED] - Keys 'ENTER + ' sent to object: 'Object Repository/Apply Leave/Page_OrangeHRM/input__applyleavetxtToDate'

2021-08-19 21:47:03 - [TEST_STEP][PASSED] - if (from.equals(to)): null

2021-08-19 21:47:03 - [TEST_STEP][PASSED] - else: null

2021-08-19 21:47:03 - [TEST_STEP][PASSED] - selectOptionByValue(findTestObject("Object Repository/Apply Leave/Page_OrangeHRM/select_NoneAll DaysStart Day OnlyEnd Day On_3e5258"), partialDays, true): All options with value 'start_end' are selected in object 'Object Repository/Apply Leave/Page_OrangeHRM/select_NoneAll DaysStart Day OnlyEnd Day On_3e5258'  using regular expression

2021-08-19 21:47:04 - [MESSAGE][PASSED] - All options with value 'start_end' are selected in object 'Object Repository/Apply Leave/Page_OrangeHRM/select_NoneAll DaysStart Day OnlyEnd Day On_3e5258'  using regular expression

2021-08-19 21:47:04 - [TEST_STEP][PASSED] - if (partialDays.equals("all") || partialDays.equals("start")): null

2021-08-19 21:47:04 - [TEST_STEP][PASSED] - if (partialDays.equals("end")): null

2021-08-19 21:47:04 - [TEST_STEP][PASSED] - if (partialDays.equals("start_end")): null

2021-08-19 21:47:04 - [TEST_STEP][PASSED] - selectOptionByValue(findTestObject("Object Repository/Apply Leave/Page_OrangeHRM/applyleave_firstDuration_duration"), duration1, true): All options with value 'half_day' are selected in object 'Object Repository/Apply Leave/Page_OrangeHRM/applyleave_firstDuration_duration'  using regular expression

2021-08-19 21:47:05 - [MESSAGE][PASSED] - All options with value 'half_day' are selected in object 'Object Repository/Apply Leave/Page_OrangeHRM/applyleave_firstDuration_duration'  using regular expression

2021-08-19 21:47:05 - [TEST_STEP][PASSED] - if (duration1.equals("half_day")): All options with value 'AM' are selected in object 'Object Repository/Apply Leave/Page_OrangeHRM/applyleave_firstDuration_ampm'  using regular expression

2021-08-19 21:47:05 - [TEST_STEP][PASSED] - selectOptionByValue(findTestObject("Object Repository/Apply Leave/Page_OrangeHRM/applyleave_firstDuration_ampm"), duration2, true): All options with value 'AM' are selected in object 'Object Repository/Apply Leave/Page_OrangeHRM/applyleave_firstDuration_ampm'  using regular expression

2021-08-19 21:47:06 - [MESSAGE][PASSED] - All options with value 'AM' are selected in object 'Object Repository/Apply Leave/Page_OrangeHRM/applyleave_firstDuration_ampm'  using regular expression

2021-08-19 21:47:06 - [TEST_STEP][PASSED] - if (duration1.equals("specify_time")): null

2021-08-19 21:47:06 - [TEST_STEP][PASSED] - selectOptionByValue(findTestObject("Object Repository/Apply Leave/Page_OrangeHRM/select_Half DaySpecify Time_1"), duration4, true): All options with value 'half_day' are selected in object 'Object Repository/Apply Leave/Page_OrangeHRM/select_Half DaySpecify Time_1'  using regular expression

2021-08-19 21:47:07 - [MESSAGE][PASSED] - All options with value 'half_day' are selected in object 'Object Repository/Apply Leave/Page_OrangeHRM/select_Half DaySpecify Time_1'  using regular expression

2021-08-19 21:47:07 - [TEST_STEP][PASSED] - if (duration4.equals("half_day")): All options with value 'AM' are selected in object 'Object Repository/Apply Leave/Page_OrangeHRM/select_MorningAfternoon_1'  using regular expression

2021-08-19 21:47:07 - [TEST_STEP][PASSED] - selectOptionByValue(findTestObject("Object Repository/Apply Leave/Page_OrangeHRM/select_MorningAfternoon_1"), duration5, true): All options with value 'AM' are selected in object 'Object Repository/Apply Leave/Page_OrangeHRM/select_MorningAfternoon_1'  using regular expression

2021-08-19 21:47:08 - [MESSAGE][PASSED] - All options with value 'AM' are selected in object 'Object Repository/Apply Leave/Page_OrangeHRM/select_MorningAfternoon_1'  using regular expression

2021-08-19 21:47:08 - [TEST_STEP][PASSED] - if (duration4.equals("specify_time")): null

2021-08-19 21:47:08 - [TEST_STEP][PASSED] - scrollToElement(findTestObject("Apply Leave/Page_OrangeHRM/input__applyBtn"), 0): Scroll to object 'Object Repository/Apply Leave/Page_OrangeHRM/input__applyBtn' successfully

2021-08-19 21:47:08 - [MESSAGE][WARNING] - Timeout '0' is invalid. Using default page load timeout: '30'

2021-08-19 21:47:08 - [MESSAGE][PASSED] - Scroll to object 'Object Repository/Apply Leave/Page_OrangeHRM/input__applyBtn' successfully

2021-08-19 21:47:08 - [TEST_STEP][PASSED] - takeScreenshot(): Taking screenshot successfully

2021-08-19 21:47:09 - [MESSAGE][PASSED] - Taking screenshot successfully
[[ATTACHMENT|C:\\Users\\nguye\\Katalon Studio\\OrangeHRM\\Reports\\20210819_213101\\Apply Leave\\20210819_213101\\1629384429060.png]]

2021-08-19 21:47:09 - [TEST_STEP][PASSED] - click(findTestObject("Object Repository/Apply Leave/Page_OrangeHRM/input__applyBtn")): Object: 'Object Repository/Apply Leave/Page_OrangeHRM/input__applyBtn' is clicked on

2021-08-19 21:47:10 - [MESSAGE][PASSED] - Object: 'Object Repository/Apply Leave/Page_OrangeHRM/input__applyBtn' is clicked on

2021-08-19 21:47:10 - [TEST_STEP][PASSED] - navigateToUrl("http://localhost/orangehrm/symfony/web/index.php/leave/viewMyLeaveList/reset/1"): Navigate to 'http://localhost/orangehrm/symfony/web/index.php/leave/viewMyLeaveList/reset/1' successfully

2021-08-19 21:47:11 - [MESSAGE][PASSED] - Navigate to 'http://localhost/orangehrm/symfony/web/index.php/leave/viewMyLeaveList/reset/1' successfully

2021-08-19 21:47:11 - [TEST_STEP][PASSED] - setText(findTestObject("Object Repository/Apply Leave/Page_OrangeHRM/input_From_leaveListcalFromDate"), from): Text '2021-09-02' is set on object 'Object Repository/Apply Leave/Page_OrangeHRM/input_From_leaveListcalFromDate'

2021-08-19 21:47:12 - [MESSAGE][PASSED] - Text '2021-09-02' is set on object 'Object Repository/Apply Leave/Page_OrangeHRM/input_From_leaveListcalFromDate'

2021-08-19 21:47:12 - [TEST_STEP][PASSED] - sendKeys(findTestObject("Object Repository/Apply Leave/Page_OrangeHRM/input_From_leaveListcalFromDate"), Keys.chord(ENTER)): Keys 'ENTER + ' sent to object: 'Object Repository/Apply Leave/Page_OrangeHRM/input_From_leaveListcalFromDate'

2021-08-19 21:47:13 - [MESSAGE][PASSED] - Keys 'ENTER + ' sent to object: 'Object Repository/Apply Leave/Page_OrangeHRM/input_From_leaveListcalFromDate'

2021-08-19 21:47:13 - [TEST_STEP][PASSED] - setText(findTestObject("Object Repository/Apply Leave/Page_OrangeHRM/input_To_leaveListcalToDate"), to): Text '2021-09-03' is set on object 'Object Repository/Apply Leave/Page_OrangeHRM/input_To_leaveListcalToDate'

2021-08-19 21:47:14 - [MESSAGE][PASSED] - Text '2021-09-03' is set on object 'Object Repository/Apply Leave/Page_OrangeHRM/input_To_leaveListcalToDate'

2021-08-19 21:47:14 - [TEST_STEP][PASSED] - sendKeys(findTestObject("Object Repository/Apply Leave/Page_OrangeHRM/input_To_leaveListcalToDate"), Keys.chord(ENTER)): Keys 'ENTER + ' sent to object: 'Object Repository/Apply Leave/Page_OrangeHRM/input_To_leaveListcalToDate'

2021-08-19 21:47:14 - [MESSAGE][PASSED] - Keys 'ENTER + ' sent to object: 'Object Repository/Apply Leave/Page_OrangeHRM/input_To_leaveListcalToDate'

2021-08-19 21:47:14 - [TEST_STEP][PASSED] - uncheck(findTestObject("Object Repository/Apply Leave/Page_OrangeHRM/input_All_leaveList_chkSearchFilter_checkbo_a698f3")): Object 'Object Repository/Apply Leave/Page_OrangeHRM/input_All_leaveList_chkSearchFilter_checkbo_a698f3' is un-checked

2021-08-19 21:47:15 - [MESSAGE][PASSED] - Object 'Object Repository/Apply Leave/Page_OrangeHRM/input_All_leaveList_chkSearchFilter_checkbo_a698f3' is un-checked

2021-08-19 21:47:15 - [TEST_STEP][PASSED] - check(findTestObject("Object Repository/Apply Leave/Page_OrangeHRM/input_Pending Approval_leaveListchkSearchFilter")): Object 'Object Repository/Apply Leave/Page_OrangeHRM/input_Pending Approval_leaveListchkSearchFilter' is checked

2021-08-19 21:47:15 - [MESSAGE][PASSED] - Object 'Object Repository/Apply Leave/Page_OrangeHRM/input_Pending Approval_leaveListchkSearchFilter' is checked

2021-08-19 21:47:15 - [TEST_STEP][PASSED] - click(findTestObject("Object Repository/Apply Leave/Page_OrangeHRM/input_Taken_btnSearch")): Object: 'Object Repository/Apply Leave/Page_OrangeHRM/input_Taken_btnSearch' is clicked on

2021-08-19 21:47:16 - [MESSAGE][PASSED] - Object: 'Object Repository/Apply Leave/Page_OrangeHRM/input_Taken_btnSearch' is clicked on

2021-08-19 21:47:16 - [TEST_STEP][PASSED] - scrollToElement(findTestObject("Apply Leave/Page_OrangeHRM/th_Date"), 0): Scroll to object 'Object Repository/Apply Leave/Page_OrangeHRM/th_Date' successfully

2021-08-19 21:47:16 - [MESSAGE][WARNING] - Timeout '0' is invalid. Using default page load timeout: '30'

2021-08-19 21:47:17 - [MESSAGE][PASSED] - Scroll to object 'Object Repository/Apply Leave/Page_OrangeHRM/th_Date' successfully

2021-08-19 21:47:17 - [TEST_STEP][PASSED] - takeScreenshot(): Taking screenshot successfully

2021-08-19 21:47:17 - [MESSAGE][PASSED] - Taking screenshot successfully
[[ATTACHMENT|C:\\Users\\nguye\\Katalon Studio\\OrangeHRM\\Reports\\20210819_213101\\Apply Leave\\20210819_213101\\1629384437540.png]]

2021-08-19 21:47:17 - [TEST_STEP][PASSED] - if (days.equals("")): null

2021-08-19 21:47:17 - [TEST_STEP][PASSED] - else: Actual text 'Pending Approval(1.00)' and expected text 'Pending Approval(1.00)' are matched 

2021-08-19 21:47:17 - [TEST_STEP][PASSED] - verifyMatch(getText(findTestObject("Object Repository/Apply Leave/Page_OrangeHRM/a_2021-09-02 to 2021-09-03")), date, false, STOP_ON_FAILURE): Actual text '2021-09-02 to 2021-09-03' and expected text '2021-09-02 to 2021-09-03' are matched 

2021-08-19 21:47:18 - [MESSAGE][PASSED] - Text of object 'Object Repository/Apply Leave/Page_OrangeHRM/a_2021-09-02 to 2021-09-03' is: '2021-09-02 to 2021-09-03'

2021-08-19 21:47:18 - [MESSAGE][PASSED] - Actual text '2021-09-02 to 2021-09-03' and expected text '2021-09-02 to 2021-09-03' are matched 

2021-08-19 21:47:18 - [TEST_STEP][PASSED] - verifyMatch(getText(findTestObject("Object Repository/Apply Leave/Page_OrangeHRM/a_Rachel Morris")), fullName, false, STOP_ON_FAILURE): Actual text 'Rachel Morris' and expected text 'Rachel Morris' are matched 

2021-08-19 21:47:18 - [MESSAGE][PASSED] - Text of object 'Object Repository/Apply Leave/Page_OrangeHRM/a_Rachel Morris' is: 'Rachel Morris'

2021-08-19 21:47:18 - [MESSAGE][PASSED] - Actual text 'Rachel Morris' and expected text 'Rachel Morris' are matched 

2021-08-19 21:47:18 - [TEST_STEP][PASSED] - verifyMatch(getText(findTestObject("Object Repository/Apply Leave/Page_OrangeHRM/td_Personal")), leaveType, false, STOP_ON_FAILURE): Actual text 'Personal' and expected text 'Personal' are matched 

2021-08-19 21:47:18 - [MESSAGE][PASSED] - Text of object 'Object Repository/Apply Leave/Page_OrangeHRM/td_Personal' is: 'Personal'

2021-08-19 21:47:18 - [MESSAGE][PASSED] - Actual text 'Personal' and expected text 'Personal' are matched 

2021-08-19 21:47:18 - [TEST_STEP][PASSED] - verifyMatch(25"))).toString(), parseDouble(days).toString(), false, STOP_ON_FAILURE): Actual text '49.0' and expected text '49.0' are matched 

2021-08-19 21:47:19 - [MESSAGE][PASSED] - Text of object 'Object Repository/Apply Leave/Page_OrangeHRM/td_49.25' is: '49.00'

2021-08-19 21:47:19 - [MESSAGE][PASSED] - Actual text '49.0' and expected text '49.0' are matched 

2021-08-19 21:47:19 - [TEST_STEP][PASSED] - verifyMatch(getText(findTestObject("Object Repository/Apply Leave/Page_OrangeHRM/td_0.75")), days, false, STOP_ON_FAILURE): Actual text '1.00' and expected text '1.00' are matched 

2021-08-19 21:47:19 - [MESSAGE][PASSED] - Text of object 'Object Repository/Apply Leave/Page_OrangeHRM/td_0.75' is: '1.00'

2021-08-19 21:47:19 - [MESSAGE][PASSED] - Actual text '1.00' and expected text '1.00' are matched 

2021-08-19 21:47:19 - [TEST_STEP][PASSED] - verifyMatch(getText(findTestObject("Object Repository/Apply Leave/Page_OrangeHRM/a_Pending Approval(0.75)")), status + "(" + days + ")", false, STOP_ON_FAILURE): Actual text 'Pending Approval(1.00)' and expected text 'Pending Approval(1.00)' are matched 

2021-08-19 21:47:19 - [MESSAGE][PASSED] - Text of object 'Object Repository/Apply Leave/Page_OrangeHRM/a_Pending Approval(0.75)' is: 'Pending Approval(1.00)'

2021-08-19 21:47:19 - [MESSAGE][PASSED] - Actual text 'Pending Approval(1.00)' and expected text 'Pending Approval(1.00)' are matched]]></system-out>
         <system-err><![CDATA[]]></system-err>
      </testcase>
      <testcase name="Test Cases/Apply Leave" time="26.493" classname="Test Cases/Apply Leave" status="PASSED">
         <system-out><![CDATA[2021-08-19 21:47:21 - [TEST_CASE][PASSED] - Test Cases/Apply Leave: Test Cases/Apply Leave

2021-08-19 21:47:21 - [TEST_STEP][PASSED] - com.database.mysql.connectDB("localhost", "orangehrm_mysql", "3306", "root", null): com.database.mysql.connectDB is PASSED

2021-08-19 21:47:21 - [MESSAGE][PASSED] - com.database.mysql.connectDB is PASSED

2021-08-19 21:47:21 - [TEST_STEP][PASSED] - com.database.mysql.execute("DELETE FROM `ohrm_leave_request` WHERE `emp_number`=3 AND `date_applied`='2021-09-02' AND `leave_type_id` = 3"): com.database.mysql.execute is PASSED

2021-08-19 21:47:21 - [MESSAGE][PASSED] - com.database.mysql.execute is PASSED

2021-08-19 21:47:21 - [TEST_STEP][PASSED] - com.database.mysql.execute("DELETE FROM `ohrm_leave` WHERE `emp_number` = 3 AND `leave_type_id`=3 and (`date`='2021-09-02' or `date`='2021-09-03') "): com.database.mysql.execute is PASSED

2021-08-19 21:47:21 - [MESSAGE][PASSED] - com.database.mysql.execute is PASSED

2021-08-19 21:47:21 - [TEST_STEP][PASSED] - com.database.mysql.closeDatabaseConnection(): com.database.mysql.closeDatabaseConnection is PASSED

2021-08-19 21:47:21 - [MESSAGE][PASSED] - com.database.mysql.closeDatabaseConnection is PASSED

2021-08-19 21:47:21 - [TEST_STEP][PASSED] - navigateToUrl("http://localhost/orangehrm/symfony/web/index.php/dashboard"): Navigate to 'http://localhost/orangehrm/symfony/web/index.php/dashboard' successfully

2021-08-19 21:47:22 - [MESSAGE][PASSED] - Navigate to 'http://localhost/orangehrm/symfony/web/index.php/dashboard' successfully

2021-08-19 21:47:22 - [TEST_STEP][PASSED] - click(findTestObject("Object Repository/Apply Leave/Page_OrangeHRM/img")): Object: 'Object Repository/Apply Leave/Page_OrangeHRM/img' is clicked on

2021-08-19 21:47:23 - [MESSAGE][PASSED] - Object: 'Object Repository/Apply Leave/Page_OrangeHRM/img' is clicked on

2021-08-19 21:47:23 - [TEST_STEP][PASSED] - selectOptionByValue(findTestObject("Object Repository/Apply Leave/Page_OrangeHRM/select_--Select--MarriageMaternityPersonalS_480ad7"), "3", true): All options with value '3' are selected in object 'Object Repository/Apply Leave/Page_OrangeHRM/select_--Select--MarriageMaternityPersonalS_480ad7'  using regular expression

2021-08-19 21:47:24 - [MESSAGE][PASSED] - All options with value '3' are selected in object 'Object Repository/Apply Leave/Page_OrangeHRM/select_--Select--MarriageMaternityPersonalS_480ad7'  using regular expression

2021-08-19 21:47:24 - [TEST_STEP][PASSED] - setText(findTestObject("Object Repository/Apply Leave/Page_OrangeHRM/input__applyleavetxtFromDate"), from): Text '2021-09-02' is set on object 'Object Repository/Apply Leave/Page_OrangeHRM/input__applyleavetxtFromDate'

2021-08-19 21:47:26 - [MESSAGE][PASSED] - Text '2021-09-02' is set on object 'Object Repository/Apply Leave/Page_OrangeHRM/input__applyleavetxtFromDate'

2021-08-19 21:47:26 - [TEST_STEP][PASSED] - sendKeys(findTestObject("Object Repository/Apply Leave/Page_OrangeHRM/input__applyleavetxtFromDate"), Keys.chord(ENTER)): Keys 'ENTER + ' sent to object: 'Object Repository/Apply Leave/Page_OrangeHRM/input__applyleavetxtFromDate'

2021-08-19 21:47:26 - [MESSAGE][PASSED] - Keys 'ENTER + ' sent to object: 'Object Repository/Apply Leave/Page_OrangeHRM/input__applyleavetxtFromDate'

2021-08-19 21:47:26 - [TEST_STEP][PASSED] - setText(findTestObject("Object Repository/Apply Leave/Page_OrangeHRM/input__applyleavetxtToDate"), to): Text '2021-09-03' is set on object 'Object Repository/Apply Leave/Page_OrangeHRM/input__applyleavetxtToDate'

2021-08-19 21:47:28 - [MESSAGE][PASSED] - Text '2021-09-03' is set on object 'Object Repository/Apply Leave/Page_OrangeHRM/input__applyleavetxtToDate'

2021-08-19 21:47:28 - [TEST_STEP][PASSED] - sendKeys(findTestObject("Object Repository/Apply Leave/Page_OrangeHRM/input__applyleavetxtToDate"), Keys.chord(ENTER)): Keys 'ENTER + ' sent to object: 'Object Repository/Apply Leave/Page_OrangeHRM/input__applyleavetxtToDate'

2021-08-19 21:47:28 - [MESSAGE][PASSED] - Keys 'ENTER + ' sent to object: 'Object Repository/Apply Leave/Page_OrangeHRM/input__applyleavetxtToDate'

2021-08-19 21:47:28 - [TEST_STEP][PASSED] - if (from.equals(to)): null

2021-08-19 21:47:28 - [TEST_STEP][PASSED] - else: null

2021-08-19 21:47:28 - [TEST_STEP][PASSED] - selectOptionByValue(findTestObject("Object Repository/Apply Leave/Page_OrangeHRM/select_NoneAll DaysStart Day OnlyEnd Day On_3e5258"), partialDays, true): All options with value 'start_end' are selected in object 'Object Repository/Apply Leave/Page_OrangeHRM/select_NoneAll DaysStart Day OnlyEnd Day On_3e5258'  using regular expression

2021-08-19 21:47:30 - [MESSAGE][PASSED] - All options with value 'start_end' are selected in object 'Object Repository/Apply Leave/Page_OrangeHRM/select_NoneAll DaysStart Day OnlyEnd Day On_3e5258'  using regular expression

2021-08-19 21:47:30 - [TEST_STEP][PASSED] - if (partialDays.equals("all") || partialDays.equals("start")): null

2021-08-19 21:47:30 - [TEST_STEP][PASSED] - if (partialDays.equals("end")): null

2021-08-19 21:47:30 - [TEST_STEP][PASSED] - if (partialDays.equals("start_end")): null

2021-08-19 21:47:30 - [TEST_STEP][PASSED] - selectOptionByValue(findTestObject("Object Repository/Apply Leave/Page_OrangeHRM/applyleave_firstDuration_duration"), duration1, true): All options with value 'half_day' are selected in object 'Object Repository/Apply Leave/Page_OrangeHRM/applyleave_firstDuration_duration'  using regular expression

2021-08-19 21:47:31 - [MESSAGE][PASSED] - All options with value 'half_day' are selected in object 'Object Repository/Apply Leave/Page_OrangeHRM/applyleave_firstDuration_duration'  using regular expression

2021-08-19 21:47:31 - [TEST_STEP][PASSED] - if (duration1.equals("half_day")): All options with value 'AM' are selected in object 'Object Repository/Apply Leave/Page_OrangeHRM/applyleave_firstDuration_ampm'  using regular expression

2021-08-19 21:47:31 - [TEST_STEP][PASSED] - selectOptionByValue(findTestObject("Object Repository/Apply Leave/Page_OrangeHRM/applyleave_firstDuration_ampm"), duration2, true): All options with value 'AM' are selected in object 'Object Repository/Apply Leave/Page_OrangeHRM/applyleave_firstDuration_ampm'  using regular expression

2021-08-19 21:47:32 - [MESSAGE][PASSED] - All options with value 'AM' are selected in object 'Object Repository/Apply Leave/Page_OrangeHRM/applyleave_firstDuration_ampm'  using regular expression

2021-08-19 21:47:32 - [TEST_STEP][PASSED] - if (duration1.equals("specify_time")): null

2021-08-19 21:47:32 - [TEST_STEP][PASSED] - selectOptionByValue(findTestObject("Object Repository/Apply Leave/Page_OrangeHRM/select_Half DaySpecify Time_1"), duration4, true): All options with value 'half_day' are selected in object 'Object Repository/Apply Leave/Page_OrangeHRM/select_Half DaySpecify Time_1'  using regular expression

2021-08-19 21:47:33 - [MESSAGE][PASSED] - All options with value 'half_day' are selected in object 'Object Repository/Apply Leave/Page_OrangeHRM/select_Half DaySpecify Time_1'  using regular expression

2021-08-19 21:47:33 - [TEST_STEP][PASSED] - if (duration4.equals("half_day")): All options with value 'PM' are selected in object 'Object Repository/Apply Leave/Page_OrangeHRM/select_MorningAfternoon_1'  using regular expression

2021-08-19 21:47:33 - [TEST_STEP][PASSED] - selectOptionByValue(findTestObject("Object Repository/Apply Leave/Page_OrangeHRM/select_MorningAfternoon_1"), duration5, true): All options with value 'PM' are selected in object 'Object Repository/Apply Leave/Page_OrangeHRM/select_MorningAfternoon_1'  using regular expression

2021-08-19 21:47:34 - [MESSAGE][PASSED] - All options with value 'PM' are selected in object 'Object Repository/Apply Leave/Page_OrangeHRM/select_MorningAfternoon_1'  using regular expression

2021-08-19 21:47:34 - [TEST_STEP][PASSED] - if (duration4.equals("specify_time")): null

2021-08-19 21:47:34 - [TEST_STEP][PASSED] - scrollToElement(findTestObject("Apply Leave/Page_OrangeHRM/input__applyBtn"), 0): Scroll to object 'Object Repository/Apply Leave/Page_OrangeHRM/input__applyBtn' successfully

2021-08-19 21:47:34 - [MESSAGE][WARNING] - Timeout '0' is invalid. Using default page load timeout: '30'

2021-08-19 21:47:34 - [MESSAGE][PASSED] - Scroll to object 'Object Repository/Apply Leave/Page_OrangeHRM/input__applyBtn' successfully

2021-08-19 21:47:34 - [TEST_STEP][PASSED] - takeScreenshot(): Taking screenshot successfully

2021-08-19 21:47:34 - [MESSAGE][PASSED] - Taking screenshot successfully
[[ATTACHMENT|C:\\Users\\nguye\\Katalon Studio\\OrangeHRM\\Reports\\20210819_213101\\Apply Leave\\20210819_213101\\1629384454793.png]]

2021-08-19 21:47:34 - [TEST_STEP][PASSED] - click(findTestObject("Object Repository/Apply Leave/Page_OrangeHRM/input__applyBtn")): Object: 'Object Repository/Apply Leave/Page_OrangeHRM/input__applyBtn' is clicked on

2021-08-19 21:47:36 - [MESSAGE][PASSED] - Object: 'Object Repository/Apply Leave/Page_OrangeHRM/input__applyBtn' is clicked on

2021-08-19 21:47:36 - [TEST_STEP][PASSED] - navigateToUrl("http://localhost/orangehrm/symfony/web/index.php/leave/viewMyLeaveList/reset/1"): Navigate to 'http://localhost/orangehrm/symfony/web/index.php/leave/viewMyLeaveList/reset/1' successfully

2021-08-19 21:47:37 - [MESSAGE][PASSED] - Navigate to 'http://localhost/orangehrm/symfony/web/index.php/leave/viewMyLeaveList/reset/1' successfully

2021-08-19 21:47:37 - [TEST_STEP][PASSED] - setText(findTestObject("Object Repository/Apply Leave/Page_OrangeHRM/input_From_leaveListcalFromDate"), from): Text '2021-09-02' is set on object 'Object Repository/Apply Leave/Page_OrangeHRM/input_From_leaveListcalFromDate'

2021-08-19 21:47:39 - [MESSAGE][PASSED] - Text '2021-09-02' is set on object 'Object Repository/Apply Leave/Page_OrangeHRM/input_From_leaveListcalFromDate'

2021-08-19 21:47:39 - [TEST_STEP][PASSED] - sendKeys(findTestObject("Object Repository/Apply Leave/Page_OrangeHRM/input_From_leaveListcalFromDate"), Keys.chord(ENTER)): Keys 'ENTER + ' sent to object: 'Object Repository/Apply Leave/Page_OrangeHRM/input_From_leaveListcalFromDate'

2021-08-19 21:47:39 - [MESSAGE][PASSED] - Keys 'ENTER + ' sent to object: 'Object Repository/Apply Leave/Page_OrangeHRM/input_From_leaveListcalFromDate'

2021-08-19 21:47:39 - [TEST_STEP][PASSED] - setText(findTestObject("Object Repository/Apply Leave/Page_OrangeHRM/input_To_leaveListcalToDate"), to): Text '2021-09-03' is set on object 'Object Repository/Apply Leave/Page_OrangeHRM/input_To_leaveListcalToDate'

2021-08-19 21:47:40 - [MESSAGE][PASSED] - Text '2021-09-03' is set on object 'Object Repository/Apply Leave/Page_OrangeHRM/input_To_leaveListcalToDate'

2021-08-19 21:47:40 - [TEST_STEP][PASSED] - sendKeys(findTestObject("Object Repository/Apply Leave/Page_OrangeHRM/input_To_leaveListcalToDate"), Keys.chord(ENTER)): Keys 'ENTER + ' sent to object: 'Object Repository/Apply Leave/Page_OrangeHRM/input_To_leaveListcalToDate'

2021-08-19 21:47:41 - [MESSAGE][PASSED] - Keys 'ENTER + ' sent to object: 'Object Repository/Apply Leave/Page_OrangeHRM/input_To_leaveListcalToDate'

2021-08-19 21:47:41 - [TEST_STEP][PASSED] - uncheck(findTestObject("Object Repository/Apply Leave/Page_OrangeHRM/input_All_leaveList_chkSearchFilter_checkbo_a698f3")): Object 'Object Repository/Apply Leave/Page_OrangeHRM/input_All_leaveList_chkSearchFilter_checkbo_a698f3' is un-checked

2021-08-19 21:47:41 - [MESSAGE][PASSED] - Object 'Object Repository/Apply Leave/Page_OrangeHRM/input_All_leaveList_chkSearchFilter_checkbo_a698f3' is un-checked

2021-08-19 21:47:41 - [TEST_STEP][PASSED] - check(findTestObject("Object Repository/Apply Leave/Page_OrangeHRM/input_Pending Approval_leaveListchkSearchFilter")): Object 'Object Repository/Apply Leave/Page_OrangeHRM/input_Pending Approval_leaveListchkSearchFilter' is checked

2021-08-19 21:47:42 - [MESSAGE][PASSED] - Object 'Object Repository/Apply Leave/Page_OrangeHRM/input_Pending Approval_leaveListchkSearchFilter' is checked

2021-08-19 21:47:42 - [TEST_STEP][PASSED] - click(findTestObject("Object Repository/Apply Leave/Page_OrangeHRM/input_Taken_btnSearch")): Object: 'Object Repository/Apply Leave/Page_OrangeHRM/input_Taken_btnSearch' is clicked on

2021-08-19 21:47:42 - [MESSAGE][PASSED] - Object: 'Object Repository/Apply Leave/Page_OrangeHRM/input_Taken_btnSearch' is clicked on

2021-08-19 21:47:42 - [TEST_STEP][PASSED] - scrollToElement(findTestObject("Apply Leave/Page_OrangeHRM/th_Date"), 0): Scroll to object 'Object Repository/Apply Leave/Page_OrangeHRM/th_Date' successfully

2021-08-19 21:47:43 - [MESSAGE][WARNING] - Timeout '0' is invalid. Using default page load timeout: '30'

2021-08-19 21:47:43 - [MESSAGE][PASSED] - Scroll to object 'Object Repository/Apply Leave/Page_OrangeHRM/th_Date' successfully

2021-08-19 21:47:43 - [TEST_STEP][PASSED] - takeScreenshot(): Taking screenshot successfully

2021-08-19 21:47:44 - [MESSAGE][PASSED] - Taking screenshot successfully
[[ATTACHMENT|C:\\Users\\nguye\\Katalon Studio\\OrangeHRM\\Reports\\20210819_213101\\Apply Leave\\20210819_213101\\1629384464168.png]]

2021-08-19 21:47:44 - [TEST_STEP][PASSED] - if (days.equals("")): null

2021-08-19 21:47:44 - [TEST_STEP][PASSED] - else: Actual text 'Pending Approval(1.00)' and expected text 'Pending Approval(1.00)' are matched 

2021-08-19 21:47:44 - [TEST_STEP][PASSED] - verifyMatch(getText(findTestObject("Object Repository/Apply Leave/Page_OrangeHRM/a_2021-09-02 to 2021-09-03")), date, false, STOP_ON_FAILURE): Actual text '2021-09-02 to 2021-09-03' and expected text '2021-09-02 to 2021-09-03' are matched 

2021-08-19 21:47:44 - [MESSAGE][PASSED] - Text of object 'Object Repository/Apply Leave/Page_OrangeHRM/a_2021-09-02 to 2021-09-03' is: '2021-09-02 to 2021-09-03'

2021-08-19 21:47:44 - [MESSAGE][PASSED] - Actual text '2021-09-02 to 2021-09-03' and expected text '2021-09-02 to 2021-09-03' are matched 

2021-08-19 21:47:44 - [TEST_STEP][PASSED] - verifyMatch(getText(findTestObject("Object Repository/Apply Leave/Page_OrangeHRM/a_Rachel Morris")), fullName, false, STOP_ON_FAILURE): Actual text 'Rachel Morris' and expected text 'Rachel Morris' are matched 

2021-08-19 21:47:44 - [MESSAGE][PASSED] - Text of object 'Object Repository/Apply Leave/Page_OrangeHRM/a_Rachel Morris' is: 'Rachel Morris'

2021-08-19 21:47:44 - [MESSAGE][PASSED] - Actual text 'Rachel Morris' and expected text 'Rachel Morris' are matched 

2021-08-19 21:47:44 - [TEST_STEP][PASSED] - verifyMatch(getText(findTestObject("Object Repository/Apply Leave/Page_OrangeHRM/td_Personal")), leaveType, false, STOP_ON_FAILURE): Actual text 'Personal' and expected text 'Personal' are matched 

2021-08-19 21:47:45 - [MESSAGE][PASSED] - Text of object 'Object Repository/Apply Leave/Page_OrangeHRM/td_Personal' is: 'Personal'

2021-08-19 21:47:45 - [MESSAGE][PASSED] - Actual text 'Personal' and expected text 'Personal' are matched 

2021-08-19 21:47:45 - [TEST_STEP][PASSED] - verifyMatch(25"))).toString(), parseDouble(days).toString(), false, STOP_ON_FAILURE): Actual text '49.0' and expected text '49.0' are matched 

2021-08-19 21:47:45 - [MESSAGE][PASSED] - Text of object 'Object Repository/Apply Leave/Page_OrangeHRM/td_49.25' is: '49.00'

2021-08-19 21:47:45 - [MESSAGE][PASSED] - Actual text '49.0' and expected text '49.0' are matched 

2021-08-19 21:47:45 - [TEST_STEP][PASSED] - verifyMatch(getText(findTestObject("Object Repository/Apply Leave/Page_OrangeHRM/td_0.75")), days, false, STOP_ON_FAILURE): Actual text '1.00' and expected text '1.00' are matched 

2021-08-19 21:47:46 - [MESSAGE][PASSED] - Text of object 'Object Repository/Apply Leave/Page_OrangeHRM/td_0.75' is: '1.00'

2021-08-19 21:47:46 - [MESSAGE][PASSED] - Actual text '1.00' and expected text '1.00' are matched 

2021-08-19 21:47:46 - [TEST_STEP][PASSED] - verifyMatch(getText(findTestObject("Object Repository/Apply Leave/Page_OrangeHRM/a_Pending Approval(0.75)")), status + "(" + days + ")", false, STOP_ON_FAILURE): Actual text 'Pending Approval(1.00)' and expected text 'Pending Approval(1.00)' are matched 

2021-08-19 21:47:46 - [MESSAGE][PASSED] - Text of object 'Object Repository/Apply Leave/Page_OrangeHRM/a_Pending Approval(0.75)' is: 'Pending Approval(1.00)'

2021-08-19 21:47:46 - [MESSAGE][PASSED] - Actual text 'Pending Approval(1.00)' and expected text 'Pending Approval(1.00)' are matched]]></system-out>
         <system-err><![CDATA[]]></system-err>
      </testcase>
      <testcase name="Test Cases/Apply Leave" time="30.976" classname="Test Cases/Apply Leave" status="PASSED">
         <system-out><![CDATA[2021-08-19 21:47:48 - [TEST_CASE][PASSED] - Test Cases/Apply Leave: Test Cases/Apply Leave

2021-08-19 21:47:48 - [TEST_STEP][PASSED] - com.database.mysql.connectDB("localhost", "orangehrm_mysql", "3306", "root", null): com.database.mysql.connectDB is PASSED

2021-08-19 21:47:48 - [MESSAGE][PASSED] - com.database.mysql.connectDB is PASSED

2021-08-19 21:47:48 - [TEST_STEP][PASSED] - com.database.mysql.execute("DELETE FROM `ohrm_leave_request` WHERE `emp_number`=3 AND `date_applied`='2021-09-02' AND `leave_type_id` = 3"): com.database.mysql.execute is PASSED

2021-08-19 21:47:48 - [MESSAGE][PASSED] - com.database.mysql.execute is PASSED

2021-08-19 21:47:48 - [TEST_STEP][PASSED] - com.database.mysql.execute("DELETE FROM `ohrm_leave` WHERE `emp_number` = 3 AND `leave_type_id`=3 and (`date`='2021-09-02' or `date`='2021-09-03') "): com.database.mysql.execute is PASSED

2021-08-19 21:47:48 - [MESSAGE][PASSED] - com.database.mysql.execute is PASSED

2021-08-19 21:47:48 - [TEST_STEP][PASSED] - com.database.mysql.closeDatabaseConnection(): com.database.mysql.closeDatabaseConnection is PASSED

2021-08-19 21:47:48 - [MESSAGE][PASSED] - com.database.mysql.closeDatabaseConnection is PASSED

2021-08-19 21:47:48 - [TEST_STEP][PASSED] - navigateToUrl("http://localhost/orangehrm/symfony/web/index.php/dashboard"): Navigate to 'http://localhost/orangehrm/symfony/web/index.php/dashboard' successfully

2021-08-19 21:47:48 - [MESSAGE][PASSED] - Navigate to 'http://localhost/orangehrm/symfony/web/index.php/dashboard' successfully

2021-08-19 21:47:48 - [TEST_STEP][PASSED] - click(findTestObject("Object Repository/Apply Leave/Page_OrangeHRM/img")): Object: 'Object Repository/Apply Leave/Page_OrangeHRM/img' is clicked on

2021-08-19 21:47:49 - [MESSAGE][PASSED] - Object: 'Object Repository/Apply Leave/Page_OrangeHRM/img' is clicked on

2021-08-19 21:47:49 - [TEST_STEP][PASSED] - selectOptionByValue(findTestObject("Object Repository/Apply Leave/Page_OrangeHRM/select_--Select--MarriageMaternityPersonalS_480ad7"), "3", true): All options with value '3' are selected in object 'Object Repository/Apply Leave/Page_OrangeHRM/select_--Select--MarriageMaternityPersonalS_480ad7'  using regular expression

2021-08-19 21:47:51 - [MESSAGE][PASSED] - All options with value '3' are selected in object 'Object Repository/Apply Leave/Page_OrangeHRM/select_--Select--MarriageMaternityPersonalS_480ad7'  using regular expression

2021-08-19 21:47:51 - [TEST_STEP][PASSED] - setText(findTestObject("Object Repository/Apply Leave/Page_OrangeHRM/input__applyleavetxtFromDate"), from): Text '2021-09-02' is set on object 'Object Repository/Apply Leave/Page_OrangeHRM/input__applyleavetxtFromDate'

2021-08-19 21:47:52 - [MESSAGE][PASSED] - Text '2021-09-02' is set on object 'Object Repository/Apply Leave/Page_OrangeHRM/input__applyleavetxtFromDate'

2021-08-19 21:47:52 - [TEST_STEP][PASSED] - sendKeys(findTestObject("Object Repository/Apply Leave/Page_OrangeHRM/input__applyleavetxtFromDate"), Keys.chord(ENTER)): Keys 'ENTER + ' sent to object: 'Object Repository/Apply Leave/Page_OrangeHRM/input__applyleavetxtFromDate'

2021-08-19 21:47:53 - [MESSAGE][PASSED] - Keys 'ENTER + ' sent to object: 'Object Repository/Apply Leave/Page_OrangeHRM/input__applyleavetxtFromDate'

2021-08-19 21:47:53 - [TEST_STEP][PASSED] - setText(findTestObject("Object Repository/Apply Leave/Page_OrangeHRM/input__applyleavetxtToDate"), to): Text '2021-09-03' is set on object 'Object Repository/Apply Leave/Page_OrangeHRM/input__applyleavetxtToDate'

2021-08-19 21:47:54 - [MESSAGE][PASSED] - Text '2021-09-03' is set on object 'Object Repository/Apply Leave/Page_OrangeHRM/input__applyleavetxtToDate'

2021-08-19 21:47:54 - [TEST_STEP][PASSED] - sendKeys(findTestObject("Object Repository/Apply Leave/Page_OrangeHRM/input__applyleavetxtToDate"), Keys.chord(ENTER)): Keys 'ENTER + ' sent to object: 'Object Repository/Apply Leave/Page_OrangeHRM/input__applyleavetxtToDate'

2021-08-19 21:47:55 - [MESSAGE][PASSED] - Keys 'ENTER + ' sent to object: 'Object Repository/Apply Leave/Page_OrangeHRM/input__applyleavetxtToDate'

2021-08-19 21:47:55 - [TEST_STEP][PASSED] - if (from.equals(to)): null

2021-08-19 21:47:55 - [TEST_STEP][PASSED] - else: All options with value '11:00' are selected in object 'Object Repository/Apply Leave/Page_OrangeHRM/applyleave_secondDuration_time_to'  using regular expression

2021-08-19 21:47:55 - [TEST_STEP][PASSED] - selectOptionByValue(findTestObject("Object Repository/Apply Leave/Page_OrangeHRM/select_NoneAll DaysStart Day OnlyEnd Day On_3e5258"), partialDays, true): All options with value 'start_end' are selected in object 'Object Repository/Apply Leave/Page_OrangeHRM/select_NoneAll DaysStart Day OnlyEnd Day On_3e5258'  using regular expression

2021-08-19 21:47:56 - [MESSAGE][PASSED] - All options with value 'start_end' are selected in object 'Object Repository/Apply Leave/Page_OrangeHRM/select_NoneAll DaysStart Day OnlyEnd Day On_3e5258'  using regular expression

2021-08-19 21:47:56 - [TEST_STEP][PASSED] - if (partialDays.equals("all") || partialDays.equals("start")): null

2021-08-19 21:47:56 - [TEST_STEP][PASSED] - if (partialDays.equals("end")): null

2021-08-19 21:47:56 - [TEST_STEP][PASSED] - if (partialDays.equals("start_end")): All options with value '11:00' are selected in object 'Object Repository/Apply Leave/Page_OrangeHRM/applyleave_secondDuration_time_to'  using regular expression

2021-08-19 21:47:56 - [TEST_STEP][PASSED] - selectOptionByValue(findTestObject("Object Repository/Apply Leave/Page_OrangeHRM/applyleave_firstDuration_duration"), duration1, true): All options with value 'half_day' are selected in object 'Object Repository/Apply Leave/Page_OrangeHRM/applyleave_firstDuration_duration'  using regular expression

2021-08-19 21:47:57 - [MESSAGE][PASSED] - All options with value 'half_day' are selected in object 'Object Repository/Apply Leave/Page_OrangeHRM/applyleave_firstDuration_duration'  using regular expression

2021-08-19 21:47:57 - [TEST_STEP][PASSED] - if (duration1.equals("half_day")): All options with value 'AM' are selected in object 'Object Repository/Apply Leave/Page_OrangeHRM/applyleave_firstDuration_ampm'  using regular expression

2021-08-19 21:47:57 - [TEST_STEP][PASSED] - selectOptionByValue(findTestObject("Object Repository/Apply Leave/Page_OrangeHRM/applyleave_firstDuration_ampm"), duration2, true): All options with value 'AM' are selected in object 'Object Repository/Apply Leave/Page_OrangeHRM/applyleave_firstDuration_ampm'  using regular expression

2021-08-19 21:47:58 - [MESSAGE][PASSED] - All options with value 'AM' are selected in object 'Object Repository/Apply Leave/Page_OrangeHRM/applyleave_firstDuration_ampm'  using regular expression

2021-08-19 21:47:58 - [TEST_STEP][PASSED] - if (duration1.equals("specify_time")): null

2021-08-19 21:47:58 - [TEST_STEP][PASSED] - selectOptionByValue(findTestObject("Object Repository/Apply Leave/Page_OrangeHRM/select_Half DaySpecify Time_1"), duration4, true): All options with value 'specify_time' are selected in object 'Object Repository/Apply Leave/Page_OrangeHRM/select_Half DaySpecify Time_1'  using regular expression

2021-08-19 21:47:59 - [MESSAGE][PASSED] - All options with value 'specify_time' are selected in object 'Object Repository/Apply Leave/Page_OrangeHRM/select_Half DaySpecify Time_1'  using regular expression

2021-08-19 21:47:59 - [TEST_STEP][PASSED] - if (duration4.equals("half_day")): null

2021-08-19 21:47:59 - [TEST_STEP][PASSED] - if (duration4.equals("specify_time")): All options with value '11:00' are selected in object 'Object Repository/Apply Leave/Page_OrangeHRM/applyleave_secondDuration_time_to'  using regular expression

2021-08-19 21:47:59 - [TEST_STEP][PASSED] - selectOptionByValue(findTestObject("Object Repository/Apply Leave/Page_OrangeHRM/applyleave_secondDuration_time_from"), duration5, true): All options with value '09:00' are selected in object 'Object Repository/Apply Leave/Page_OrangeHRM/applyleave_secondDuration_time_from'  using regular expression

2021-08-19 21:48:02 - [MESSAGE][PASSED] - All options with value '09:00' are selected in object 'Object Repository/Apply Leave/Page_OrangeHRM/applyleave_secondDuration_time_from'  using regular expression

2021-08-19 21:48:02 - [TEST_STEP][PASSED] - selectOptionByValue(findTestObject("Object Repository/Apply Leave/Page_OrangeHRM/applyleave_secondDuration_time_to"), duration6, true): All options with value '11:00' are selected in object 'Object Repository/Apply Leave/Page_OrangeHRM/applyleave_secondDuration_time_to'  using regular expression

2021-08-19 21:48:06 - [MESSAGE][PASSED] - All options with value '11:00' are selected in object 'Object Repository/Apply Leave/Page_OrangeHRM/applyleave_secondDuration_time_to'  using regular expression

2021-08-19 21:48:06 - [TEST_STEP][PASSED] - scrollToElement(findTestObject("Apply Leave/Page_OrangeHRM/input__applyBtn"), 0): Scroll to object 'Object Repository/Apply Leave/Page_OrangeHRM/input__applyBtn' successfully

2021-08-19 21:48:06 - [MESSAGE][WARNING] - Timeout '0' is invalid. Using default page load timeout: '30'

2021-08-19 21:48:06 - [MESSAGE][PASSED] - Scroll to object 'Object Repository/Apply Leave/Page_OrangeHRM/input__applyBtn' successfully

2021-08-19 21:48:06 - [TEST_STEP][PASSED] - takeScreenshot(): Taking screenshot successfully

2021-08-19 21:48:06 - [MESSAGE][PASSED] - Taking screenshot successfully
[[ATTACHMENT|C:\\Users\\nguye\\Katalon Studio\\OrangeHRM\\Reports\\20210819_213101\\Apply Leave\\20210819_213101\\1629384486585.png]]

2021-08-19 21:48:06 - [TEST_STEP][PASSED] - click(findTestObject("Object Repository/Apply Leave/Page_OrangeHRM/input__applyBtn")): Object: 'Object Repository/Apply Leave/Page_OrangeHRM/input__applyBtn' is clicked on

2021-08-19 21:48:07 - [MESSAGE][PASSED] - Object: 'Object Repository/Apply Leave/Page_OrangeHRM/input__applyBtn' is clicked on

2021-08-19 21:48:07 - [TEST_STEP][PASSED] - navigateToUrl("http://localhost/orangehrm/symfony/web/index.php/leave/viewMyLeaveList/reset/1"): Navigate to 'http://localhost/orangehrm/symfony/web/index.php/leave/viewMyLeaveList/reset/1' successfully

2021-08-19 21:48:08 - [MESSAGE][PASSED] - Navigate to 'http://localhost/orangehrm/symfony/web/index.php/leave/viewMyLeaveList/reset/1' successfully

2021-08-19 21:48:08 - [TEST_STEP][PASSED] - setText(findTestObject("Object Repository/Apply Leave/Page_OrangeHRM/input_From_leaveListcalFromDate"), from): Text '2021-09-02' is set on object 'Object Repository/Apply Leave/Page_OrangeHRM/input_From_leaveListcalFromDate'

2021-08-19 21:48:10 - [MESSAGE][PASSED] - Text '2021-09-02' is set on object 'Object Repository/Apply Leave/Page_OrangeHRM/input_From_leaveListcalFromDate'

2021-08-19 21:48:10 - [TEST_STEP][PASSED] - sendKeys(findTestObject("Object Repository/Apply Leave/Page_OrangeHRM/input_From_leaveListcalFromDate"), Keys.chord(ENTER)): Keys 'ENTER + ' sent to object: 'Object Repository/Apply Leave/Page_OrangeHRM/input_From_leaveListcalFromDate'

2021-08-19 21:48:10 - [MESSAGE][PASSED] - Keys 'ENTER + ' sent to object: 'Object Repository/Apply Leave/Page_OrangeHRM/input_From_leaveListcalFromDate'

2021-08-19 21:48:10 - [TEST_STEP][PASSED] - setText(findTestObject("Object Repository/Apply Leave/Page_OrangeHRM/input_To_leaveListcalToDate"), to): Text '2021-09-03' is set on object 'Object Repository/Apply Leave/Page_OrangeHRM/input_To_leaveListcalToDate'

2021-08-19 21:48:11 - [MESSAGE][PASSED] - Text '2021-09-03' is set on object 'Object Repository/Apply Leave/Page_OrangeHRM/input_To_leaveListcalToDate'

2021-08-19 21:48:11 - [TEST_STEP][PASSED] - sendKeys(findTestObject("Object Repository/Apply Leave/Page_OrangeHRM/input_To_leaveListcalToDate"), Keys.chord(ENTER)): Keys 'ENTER + ' sent to object: 'Object Repository/Apply Leave/Page_OrangeHRM/input_To_leaveListcalToDate'

2021-08-19 21:48:11 - [MESSAGE][PASSED] - Keys 'ENTER + ' sent to object: 'Object Repository/Apply Leave/Page_OrangeHRM/input_To_leaveListcalToDate'

2021-08-19 21:48:11 - [TEST_STEP][PASSED] - uncheck(findTestObject("Object Repository/Apply Leave/Page_OrangeHRM/input_All_leaveList_chkSearchFilter_checkbo_a698f3")): Object 'Object Repository/Apply Leave/Page_OrangeHRM/input_All_leaveList_chkSearchFilter_checkbo_a698f3' is un-checked

2021-08-19 21:48:12 - [MESSAGE][PASSED] - Object 'Object Repository/Apply Leave/Page_OrangeHRM/input_All_leaveList_chkSearchFilter_checkbo_a698f3' is un-checked

2021-08-19 21:48:12 - [TEST_STEP][PASSED] - check(findTestObject("Object Repository/Apply Leave/Page_OrangeHRM/input_Pending Approval_leaveListchkSearchFilter")): Object 'Object Repository/Apply Leave/Page_OrangeHRM/input_Pending Approval_leaveListchkSearchFilter' is checked

2021-08-19 21:48:12 - [MESSAGE][PASSED] - Object 'Object Repository/Apply Leave/Page_OrangeHRM/input_Pending Approval_leaveListchkSearchFilter' is checked

2021-08-19 21:48:12 - [TEST_STEP][PASSED] - click(findTestObject("Object Repository/Apply Leave/Page_OrangeHRM/input_Taken_btnSearch")): Object: 'Object Repository/Apply Leave/Page_OrangeHRM/input_Taken_btnSearch' is clicked on

2021-08-19 21:48:13 - [MESSAGE][PASSED] - Object: 'Object Repository/Apply Leave/Page_OrangeHRM/input_Taken_btnSearch' is clicked on

2021-08-19 21:48:13 - [TEST_STEP][PASSED] - scrollToElement(findTestObject("Apply Leave/Page_OrangeHRM/th_Date"), 0): Scroll to object 'Object Repository/Apply Leave/Page_OrangeHRM/th_Date' successfully

2021-08-19 21:48:13 - [MESSAGE][WARNING] - Timeout '0' is invalid. Using default page load timeout: '30'

2021-08-19 21:48:14 - [MESSAGE][PASSED] - Scroll to object 'Object Repository/Apply Leave/Page_OrangeHRM/th_Date' successfully

2021-08-19 21:48:14 - [TEST_STEP][PASSED] - takeScreenshot(): Taking screenshot successfully

2021-08-19 21:48:15 - [MESSAGE][PASSED] - Taking screenshot successfully
[[ATTACHMENT|C:\\Users\\nguye\\Katalon Studio\\OrangeHRM\\Reports\\20210819_213101\\Apply Leave\\20210819_213101\\1629384495049.png]]

2021-08-19 21:48:15 - [TEST_STEP][PASSED] - if (days.equals("")): null

2021-08-19 21:48:15 - [TEST_STEP][PASSED] - else: Actual text 'Pending Approval(0.75)' and expected text 'Pending Approval(0.75)' are matched 

2021-08-19 21:48:15 - [TEST_STEP][PASSED] - verifyMatch(getText(findTestObject("Object Repository/Apply Leave/Page_OrangeHRM/a_2021-09-02 to 2021-09-03")), date, false, STOP_ON_FAILURE): Actual text '2021-09-02 to 2021-09-03' and expected text '2021-09-02 to 2021-09-03' are matched 

2021-08-19 21:48:15 - [MESSAGE][PASSED] - Text of object 'Object Repository/Apply Leave/Page_OrangeHRM/a_2021-09-02 to 2021-09-03' is: '2021-09-02 to 2021-09-03'

2021-08-19 21:48:15 - [MESSAGE][PASSED] - Actual text '2021-09-02 to 2021-09-03' and expected text '2021-09-02 to 2021-09-03' are matched 

2021-08-19 21:48:15 - [TEST_STEP][PASSED] - verifyMatch(getText(findTestObject("Object Repository/Apply Leave/Page_OrangeHRM/a_Rachel Morris")), fullName, false, STOP_ON_FAILURE): Actual text 'Rachel Morris' and expected text 'Rachel Morris' are matched 

2021-08-19 21:48:15 - [MESSAGE][PASSED] - Text of object 'Object Repository/Apply Leave/Page_OrangeHRM/a_Rachel Morris' is: 'Rachel Morris'

2021-08-19 21:48:15 - [MESSAGE][PASSED] - Actual text 'Rachel Morris' and expected text 'Rachel Morris' are matched 

2021-08-19 21:48:15 - [TEST_STEP][PASSED] - verifyMatch(getText(findTestObject("Object Repository/Apply Leave/Page_OrangeHRM/td_Personal")), leaveType, false, STOP_ON_FAILURE): Actual text 'Personal' and expected text 'Personal' are matched 

2021-08-19 21:48:16 - [MESSAGE][PASSED] - Text of object 'Object Repository/Apply Leave/Page_OrangeHRM/td_Personal' is: 'Personal'

2021-08-19 21:48:16 - [MESSAGE][PASSED] - Actual text 'Personal' and expected text 'Personal' are matched 

2021-08-19 21:48:16 - [TEST_STEP][PASSED] - verifyMatch(25"))).toString(), parseDouble(days).toString(), false, STOP_ON_FAILURE): Actual text '49.25' and expected text '49.25' are matched 

2021-08-19 21:48:16 - [MESSAGE][PASSED] - Text of object 'Object Repository/Apply Leave/Page_OrangeHRM/td_49.25' is: '49.25'

2021-08-19 21:48:16 - [MESSAGE][PASSED] - Actual text '49.25' and expected text '49.25' are matched 

2021-08-19 21:48:16 - [TEST_STEP][PASSED] - verifyMatch(getText(findTestObject("Object Repository/Apply Leave/Page_OrangeHRM/td_0.75")), days, false, STOP_ON_FAILURE): Actual text '0.75' and expected text '0.75' are matched 

2021-08-19 21:48:17 - [MESSAGE][PASSED] - Text of object 'Object Repository/Apply Leave/Page_OrangeHRM/td_0.75' is: '0.75'

2021-08-19 21:48:17 - [MESSAGE][PASSED] - Actual text '0.75' and expected text '0.75' are matched 

2021-08-19 21:48:17 - [TEST_STEP][PASSED] - verifyMatch(getText(findTestObject("Object Repository/Apply Leave/Page_OrangeHRM/a_Pending Approval(0.75)")), status + "(" + days + ")", false, STOP_ON_FAILURE): Actual text 'Pending Approval(0.75)' and expected text 'Pending Approval(0.75)' are matched 

2021-08-19 21:48:17 - [MESSAGE][PASSED] - Text of object 'Object Repository/Apply Leave/Page_OrangeHRM/a_Pending Approval(0.75)' is: 'Pending Approval(0.75)'

2021-08-19 21:48:17 - [MESSAGE][PASSED] - Actual text 'Pending Approval(0.75)' and expected text 'Pending Approval(0.75)' are matched]]></system-out>
         <system-err><![CDATA[]]></system-err>
      </testcase>
      <testcase name="Test Cases/Apply Leave" time="31.23" classname="Test Cases/Apply Leave" status="PASSED">
         <system-out><![CDATA[2021-08-19 21:48:19 - [TEST_CASE][PASSED] - Test Cases/Apply Leave: Test Cases/Apply Leave

2021-08-19 21:48:19 - [TEST_STEP][PASSED] - com.database.mysql.connectDB("localhost", "orangehrm_mysql", "3306", "root", null): com.database.mysql.connectDB is PASSED

2021-08-19 21:48:19 - [MESSAGE][PASSED] - com.database.mysql.connectDB is PASSED

2021-08-19 21:48:19 - [TEST_STEP][PASSED] - com.database.mysql.execute("DELETE FROM `ohrm_leave_request` WHERE `emp_number`=3 AND `date_applied`='2021-09-02' AND `leave_type_id` = 3"): com.database.mysql.execute is PASSED

2021-08-19 21:48:19 - [MESSAGE][PASSED] - com.database.mysql.execute is PASSED

2021-08-19 21:48:19 - [TEST_STEP][PASSED] - com.database.mysql.execute("DELETE FROM `ohrm_leave` WHERE `emp_number` = 3 AND `leave_type_id`=3 and (`date`='2021-09-02' or `date`='2021-09-03') "): com.database.mysql.execute is PASSED

2021-08-19 21:48:19 - [MESSAGE][PASSED] - com.database.mysql.execute is PASSED

2021-08-19 21:48:19 - [TEST_STEP][PASSED] - com.database.mysql.closeDatabaseConnection(): com.database.mysql.closeDatabaseConnection is PASSED

2021-08-19 21:48:19 - [MESSAGE][PASSED] - com.database.mysql.closeDatabaseConnection is PASSED

2021-08-19 21:48:19 - [TEST_STEP][PASSED] - navigateToUrl("http://localhost/orangehrm/symfony/web/index.php/dashboard"): Navigate to 'http://localhost/orangehrm/symfony/web/index.php/dashboard' successfully

2021-08-19 21:48:19 - [MESSAGE][PASSED] - Navigate to 'http://localhost/orangehrm/symfony/web/index.php/dashboard' successfully

2021-08-19 21:48:19 - [TEST_STEP][PASSED] - click(findTestObject("Object Repository/Apply Leave/Page_OrangeHRM/img")): Object: 'Object Repository/Apply Leave/Page_OrangeHRM/img' is clicked on

2021-08-19 21:48:20 - [MESSAGE][PASSED] - Object: 'Object Repository/Apply Leave/Page_OrangeHRM/img' is clicked on

2021-08-19 21:48:20 - [TEST_STEP][PASSED] - selectOptionByValue(findTestObject("Object Repository/Apply Leave/Page_OrangeHRM/select_--Select--MarriageMaternityPersonalS_480ad7"), "3", true): All options with value '3' are selected in object 'Object Repository/Apply Leave/Page_OrangeHRM/select_--Select--MarriageMaternityPersonalS_480ad7'  using regular expression

2021-08-19 21:48:22 - [MESSAGE][PASSED] - All options with value '3' are selected in object 'Object Repository/Apply Leave/Page_OrangeHRM/select_--Select--MarriageMaternityPersonalS_480ad7'  using regular expression

2021-08-19 21:48:22 - [TEST_STEP][PASSED] - setText(findTestObject("Object Repository/Apply Leave/Page_OrangeHRM/input__applyleavetxtFromDate"), from): Text '2021-09-02' is set on object 'Object Repository/Apply Leave/Page_OrangeHRM/input__applyleavetxtFromDate'

2021-08-19 21:48:23 - [MESSAGE][PASSED] - Text '2021-09-02' is set on object 'Object Repository/Apply Leave/Page_OrangeHRM/input__applyleavetxtFromDate'

2021-08-19 21:48:23 - [TEST_STEP][PASSED] - sendKeys(findTestObject("Object Repository/Apply Leave/Page_OrangeHRM/input__applyleavetxtFromDate"), Keys.chord(ENTER)): Keys 'ENTER + ' sent to object: 'Object Repository/Apply Leave/Page_OrangeHRM/input__applyleavetxtFromDate'

2021-08-19 21:48:24 - [MESSAGE][PASSED] - Keys 'ENTER + ' sent to object: 'Object Repository/Apply Leave/Page_OrangeHRM/input__applyleavetxtFromDate'

2021-08-19 21:48:24 - [TEST_STEP][PASSED] - setText(findTestObject("Object Repository/Apply Leave/Page_OrangeHRM/input__applyleavetxtToDate"), to): Text '2021-09-03' is set on object 'Object Repository/Apply Leave/Page_OrangeHRM/input__applyleavetxtToDate'

2021-08-19 21:48:25 - [MESSAGE][PASSED] - Text '2021-09-03' is set on object 'Object Repository/Apply Leave/Page_OrangeHRM/input__applyleavetxtToDate'

2021-08-19 21:48:25 - [TEST_STEP][PASSED] - sendKeys(findTestObject("Object Repository/Apply Leave/Page_OrangeHRM/input__applyleavetxtToDate"), Keys.chord(ENTER)): Keys 'ENTER + ' sent to object: 'Object Repository/Apply Leave/Page_OrangeHRM/input__applyleavetxtToDate'

2021-08-19 21:48:26 - [MESSAGE][PASSED] - Keys 'ENTER + ' sent to object: 'Object Repository/Apply Leave/Page_OrangeHRM/input__applyleavetxtToDate'

2021-08-19 21:48:26 - [TEST_STEP][PASSED] - if (from.equals(to)): null

2021-08-19 21:48:26 - [TEST_STEP][PASSED] - else: All options with value '17:00' are selected in object 'Object Repository/Apply Leave/Page_OrangeHRM/applyleave_secondDuration_time_to'  using regular expression

2021-08-19 21:48:26 - [TEST_STEP][PASSED] - selectOptionByValue(findTestObject("Object Repository/Apply Leave/Page_OrangeHRM/select_NoneAll DaysStart Day OnlyEnd Day On_3e5258"), partialDays, true): All options with value 'start_end' are selected in object 'Object Repository/Apply Leave/Page_OrangeHRM/select_NoneAll DaysStart Day OnlyEnd Day On_3e5258'  using regular expression

2021-08-19 21:48:27 - [MESSAGE][PASSED] - All options with value 'start_end' are selected in object 'Object Repository/Apply Leave/Page_OrangeHRM/select_NoneAll DaysStart Day OnlyEnd Day On_3e5258'  using regular expression

2021-08-19 21:48:27 - [TEST_STEP][PASSED] - if (partialDays.equals("all") || partialDays.equals("start")): null

2021-08-19 21:48:27 - [TEST_STEP][PASSED] - if (partialDays.equals("end")): null

2021-08-19 21:48:27 - [TEST_STEP][PASSED] - if (partialDays.equals("start_end")): All options with value '17:00' are selected in object 'Object Repository/Apply Leave/Page_OrangeHRM/applyleave_secondDuration_time_to'  using regular expression

2021-08-19 21:48:27 - [TEST_STEP][PASSED] - selectOptionByValue(findTestObject("Object Repository/Apply Leave/Page_OrangeHRM/applyleave_firstDuration_duration"), duration1, true): All options with value 'half_day' are selected in object 'Object Repository/Apply Leave/Page_OrangeHRM/applyleave_firstDuration_duration'  using regular expression

2021-08-19 21:48:28 - [MESSAGE][PASSED] - All options with value 'half_day' are selected in object 'Object Repository/Apply Leave/Page_OrangeHRM/applyleave_firstDuration_duration'  using regular expression

2021-08-19 21:48:28 - [TEST_STEP][PASSED] - if (duration1.equals("half_day")): All options with value 'AM' are selected in object 'Object Repository/Apply Leave/Page_OrangeHRM/applyleave_firstDuration_ampm'  using regular expression

2021-08-19 21:48:28 - [TEST_STEP][PASSED] - selectOptionByValue(findTestObject("Object Repository/Apply Leave/Page_OrangeHRM/applyleave_firstDuration_ampm"), duration2, true): All options with value 'AM' are selected in object 'Object Repository/Apply Leave/Page_OrangeHRM/applyleave_firstDuration_ampm'  using regular expression

2021-08-19 21:48:29 - [MESSAGE][PASSED] - All options with value 'AM' are selected in object 'Object Repository/Apply Leave/Page_OrangeHRM/applyleave_firstDuration_ampm'  using regular expression

2021-08-19 21:48:29 - [TEST_STEP][PASSED] - if (duration1.equals("specify_time")): null

2021-08-19 21:48:29 - [TEST_STEP][PASSED] - selectOptionByValue(findTestObject("Object Repository/Apply Leave/Page_OrangeHRM/select_Half DaySpecify Time_1"), duration4, true): All options with value 'specify_time' are selected in object 'Object Repository/Apply Leave/Page_OrangeHRM/select_Half DaySpecify Time_1'  using regular expression

2021-08-19 21:48:30 - [MESSAGE][PASSED] - All options with value 'specify_time' are selected in object 'Object Repository/Apply Leave/Page_OrangeHRM/select_Half DaySpecify Time_1'  using regular expression

2021-08-19 21:48:30 - [TEST_STEP][PASSED] - if (duration4.equals("half_day")): null

2021-08-19 21:48:30 - [TEST_STEP][PASSED] - if (duration4.equals("specify_time")): All options with value '17:00' are selected in object 'Object Repository/Apply Leave/Page_OrangeHRM/applyleave_secondDuration_time_to'  using regular expression

2021-08-19 21:48:30 - [TEST_STEP][PASSED] - selectOptionByValue(findTestObject("Object Repository/Apply Leave/Page_OrangeHRM/applyleave_secondDuration_time_from"), duration5, true): All options with value '09:00' are selected in object 'Object Repository/Apply Leave/Page_OrangeHRM/applyleave_secondDuration_time_from'  using regular expression

2021-08-19 21:48:33 - [MESSAGE][PASSED] - All options with value '09:00' are selected in object 'Object Repository/Apply Leave/Page_OrangeHRM/applyleave_secondDuration_time_from'  using regular expression

2021-08-19 21:48:33 - [TEST_STEP][PASSED] - selectOptionByValue(findTestObject("Object Repository/Apply Leave/Page_OrangeHRM/applyleave_secondDuration_time_to"), duration6, true): All options with value '17:00' are selected in object 'Object Repository/Apply Leave/Page_OrangeHRM/applyleave_secondDuration_time_to'  using regular expression

2021-08-19 21:48:37 - [MESSAGE][PASSED] - All options with value '17:00' are selected in object 'Object Repository/Apply Leave/Page_OrangeHRM/applyleave_secondDuration_time_to'  using regular expression

2021-08-19 21:48:37 - [TEST_STEP][PASSED] - scrollToElement(findTestObject("Apply Leave/Page_OrangeHRM/input__applyBtn"), 0): Scroll to object 'Object Repository/Apply Leave/Page_OrangeHRM/input__applyBtn' successfully

2021-08-19 21:48:37 - [MESSAGE][WARNING] - Timeout '0' is invalid. Using default page load timeout: '30'

2021-08-19 21:48:37 - [MESSAGE][PASSED] - Scroll to object 'Object Repository/Apply Leave/Page_OrangeHRM/input__applyBtn' successfully

2021-08-19 21:48:37 - [TEST_STEP][PASSED] - takeScreenshot(): Taking screenshot successfully

2021-08-19 21:48:38 - [MESSAGE][PASSED] - Taking screenshot successfully
[[ATTACHMENT|C:\\Users\\nguye\\Katalon Studio\\OrangeHRM\\Reports\\20210819_213101\\Apply Leave\\20210819_213101\\1629384517928.png]]

2021-08-19 21:48:38 - [TEST_STEP][PASSED] - click(findTestObject("Object Repository/Apply Leave/Page_OrangeHRM/input__applyBtn")): Object: 'Object Repository/Apply Leave/Page_OrangeHRM/input__applyBtn' is clicked on

2021-08-19 21:48:39 - [MESSAGE][PASSED] - Object: 'Object Repository/Apply Leave/Page_OrangeHRM/input__applyBtn' is clicked on

2021-08-19 21:48:39 - [TEST_STEP][PASSED] - navigateToUrl("http://localhost/orangehrm/symfony/web/index.php/leave/viewMyLeaveList/reset/1"): Navigate to 'http://localhost/orangehrm/symfony/web/index.php/leave/viewMyLeaveList/reset/1' successfully

2021-08-19 21:48:39 - [MESSAGE][PASSED] - Navigate to 'http://localhost/orangehrm/symfony/web/index.php/leave/viewMyLeaveList/reset/1' successfully

2021-08-19 21:48:39 - [TEST_STEP][PASSED] - setText(findTestObject("Object Repository/Apply Leave/Page_OrangeHRM/input_From_leaveListcalFromDate"), from): Text '2021-09-02' is set on object 'Object Repository/Apply Leave/Page_OrangeHRM/input_From_leaveListcalFromDate'

2021-08-19 21:48:41 - [MESSAGE][PASSED] - Text '2021-09-02' is set on object 'Object Repository/Apply Leave/Page_OrangeHRM/input_From_leaveListcalFromDate'

2021-08-19 21:48:41 - [TEST_STEP][PASSED] - sendKeys(findTestObject("Object Repository/Apply Leave/Page_OrangeHRM/input_From_leaveListcalFromDate"), Keys.chord(ENTER)): Keys 'ENTER + ' sent to object: 'Object Repository/Apply Leave/Page_OrangeHRM/input_From_leaveListcalFromDate'

2021-08-19 21:48:41 - [MESSAGE][PASSED] - Keys 'ENTER + ' sent to object: 'Object Repository/Apply Leave/Page_OrangeHRM/input_From_leaveListcalFromDate'

2021-08-19 21:48:41 - [TEST_STEP][PASSED] - setText(findTestObject("Object Repository/Apply Leave/Page_OrangeHRM/input_To_leaveListcalToDate"), to): Text '2021-09-03' is set on object 'Object Repository/Apply Leave/Page_OrangeHRM/input_To_leaveListcalToDate'

2021-08-19 21:48:42 - [MESSAGE][PASSED] - Text '2021-09-03' is set on object 'Object Repository/Apply Leave/Page_OrangeHRM/input_To_leaveListcalToDate'

2021-08-19 21:48:42 - [TEST_STEP][PASSED] - sendKeys(findTestObject("Object Repository/Apply Leave/Page_OrangeHRM/input_To_leaveListcalToDate"), Keys.chord(ENTER)): Keys 'ENTER + ' sent to object: 'Object Repository/Apply Leave/Page_OrangeHRM/input_To_leaveListcalToDate'

2021-08-19 21:48:43 - [MESSAGE][PASSED] - Keys 'ENTER + ' sent to object: 'Object Repository/Apply Leave/Page_OrangeHRM/input_To_leaveListcalToDate'

2021-08-19 21:48:43 - [TEST_STEP][PASSED] - uncheck(findTestObject("Object Repository/Apply Leave/Page_OrangeHRM/input_All_leaveList_chkSearchFilter_checkbo_a698f3")): Object 'Object Repository/Apply Leave/Page_OrangeHRM/input_All_leaveList_chkSearchFilter_checkbo_a698f3' is un-checked

2021-08-19 21:48:43 - [MESSAGE][PASSED] - Object 'Object Repository/Apply Leave/Page_OrangeHRM/input_All_leaveList_chkSearchFilter_checkbo_a698f3' is un-checked

2021-08-19 21:48:43 - [TEST_STEP][PASSED] - check(findTestObject("Object Repository/Apply Leave/Page_OrangeHRM/input_Pending Approval_leaveListchkSearchFilter")): Object 'Object Repository/Apply Leave/Page_OrangeHRM/input_Pending Approval_leaveListchkSearchFilter' is checked

2021-08-19 21:48:44 - [MESSAGE][PASSED] - Object 'Object Repository/Apply Leave/Page_OrangeHRM/input_Pending Approval_leaveListchkSearchFilter' is checked

2021-08-19 21:48:44 - [TEST_STEP][PASSED] - click(findTestObject("Object Repository/Apply Leave/Page_OrangeHRM/input_Taken_btnSearch")): Object: 'Object Repository/Apply Leave/Page_OrangeHRM/input_Taken_btnSearch' is clicked on

2021-08-19 21:48:45 - [MESSAGE][PASSED] - Object: 'Object Repository/Apply Leave/Page_OrangeHRM/input_Taken_btnSearch' is clicked on

2021-08-19 21:48:45 - [TEST_STEP][PASSED] - scrollToElement(findTestObject("Apply Leave/Page_OrangeHRM/th_Date"), 0): Scroll to object 'Object Repository/Apply Leave/Page_OrangeHRM/th_Date' successfully

2021-08-19 21:48:45 - [MESSAGE][WARNING] - Timeout '0' is invalid. Using default page load timeout: '30'

2021-08-19 21:48:46 - [MESSAGE][PASSED] - Scroll to object 'Object Repository/Apply Leave/Page_OrangeHRM/th_Date' successfully

2021-08-19 21:48:46 - [TEST_STEP][PASSED] - takeScreenshot(): Taking screenshot successfully

2021-08-19 21:48:46 - [MESSAGE][PASSED] - Taking screenshot successfully
[[ATTACHMENT|C:\\Users\\nguye\\Katalon Studio\\OrangeHRM\\Reports\\20210819_213101\\Apply Leave\\20210819_213101\\1629384526430.png]]

2021-08-19 21:48:46 - [TEST_STEP][PASSED] - if (days.equals("")): null

2021-08-19 21:48:46 - [TEST_STEP][PASSED] - else: Actual text 'Pending Approval(1.50)' and expected text 'Pending Approval(1.50)' are matched 

2021-08-19 21:48:46 - [TEST_STEP][PASSED] - verifyMatch(getText(findTestObject("Object Repository/Apply Leave/Page_OrangeHRM/a_2021-09-02 to 2021-09-03")), date, false, STOP_ON_FAILURE): Actual text '2021-09-02 to 2021-09-03' and expected text '2021-09-02 to 2021-09-03' are matched 

2021-08-19 21:48:46 - [MESSAGE][PASSED] - Text of object 'Object Repository/Apply Leave/Page_OrangeHRM/a_2021-09-02 to 2021-09-03' is: '2021-09-02 to 2021-09-03'

2021-08-19 21:48:46 - [MESSAGE][PASSED] - Actual text '2021-09-02 to 2021-09-03' and expected text '2021-09-02 to 2021-09-03' are matched 

2021-08-19 21:48:46 - [TEST_STEP][PASSED] - verifyMatch(getText(findTestObject("Object Repository/Apply Leave/Page_OrangeHRM/a_Rachel Morris")), fullName, false, STOP_ON_FAILURE): Actual text 'Rachel Morris' and expected text 'Rachel Morris' are matched 

2021-08-19 21:48:47 - [MESSAGE][PASSED] - Text of object 'Object Repository/Apply Leave/Page_OrangeHRM/a_Rachel Morris' is: 'Rachel Morris'

2021-08-19 21:48:47 - [MESSAGE][PASSED] - Actual text 'Rachel Morris' and expected text 'Rachel Morris' are matched 

2021-08-19 21:48:47 - [TEST_STEP][PASSED] - verifyMatch(getText(findTestObject("Object Repository/Apply Leave/Page_OrangeHRM/td_Personal")), leaveType, false, STOP_ON_FAILURE): Actual text 'Personal' and expected text 'Personal' are matched 

2021-08-19 21:48:47 - [MESSAGE][PASSED] - Text of object 'Object Repository/Apply Leave/Page_OrangeHRM/td_Personal' is: 'Personal'

2021-08-19 21:48:47 - [MESSAGE][PASSED] - Actual text 'Personal' and expected text 'Personal' are matched 

2021-08-19 21:48:47 - [TEST_STEP][PASSED] - verifyMatch(25"))).toString(), parseDouble(days).toString(), false, STOP_ON_FAILURE): Actual text '48.5' and expected text '48.5' are matched 

2021-08-19 21:48:47 - [MESSAGE][PASSED] - Text of object 'Object Repository/Apply Leave/Page_OrangeHRM/td_49.25' is: '48.50'

2021-08-19 21:48:47 - [MESSAGE][PASSED] - Actual text '48.5' and expected text '48.5' are matched 

2021-08-19 21:48:47 - [TEST_STEP][PASSED] - verifyMatch(getText(findTestObject("Object Repository/Apply Leave/Page_OrangeHRM/td_0.75")), days, false, STOP_ON_FAILURE): Actual text '1.50' and expected text '1.50' are matched 

2021-08-19 21:48:48 - [MESSAGE][PASSED] - Text of object 'Object Repository/Apply Leave/Page_OrangeHRM/td_0.75' is: '1.50'

2021-08-19 21:48:48 - [MESSAGE][PASSED] - Actual text '1.50' and expected text '1.50' are matched 

2021-08-19 21:48:48 - [TEST_STEP][PASSED] - verifyMatch(getText(findTestObject("Object Repository/Apply Leave/Page_OrangeHRM/a_Pending Approval(0.75)")), status + "(" + days + ")", false, STOP_ON_FAILURE): Actual text 'Pending Approval(1.50)' and expected text 'Pending Approval(1.50)' are matched 

2021-08-19 21:48:48 - [MESSAGE][PASSED] - Text of object 'Object Repository/Apply Leave/Page_OrangeHRM/a_Pending Approval(0.75)' is: 'Pending Approval(1.50)'

2021-08-19 21:48:48 - [MESSAGE][PASSED] - Actual text 'Pending Approval(1.50)' and expected text 'Pending Approval(1.50)' are matched]]></system-out>
         <system-err><![CDATA[]]></system-err>
      </testcase>
      <testcase name="Test Cases/Apply Leave" time="25.83" classname="Test Cases/Apply Leave" status="PASSED">
         <system-out><![CDATA[2021-08-19 21:48:50 - [TEST_CASE][PASSED] - Test Cases/Apply Leave: Test Cases/Apply Leave

2021-08-19 21:48:50 - [TEST_STEP][PASSED] - com.database.mysql.connectDB("localhost", "orangehrm_mysql", "3306", "root", null): com.database.mysql.connectDB is PASSED

2021-08-19 21:48:50 - [MESSAGE][PASSED] - com.database.mysql.connectDB is PASSED

2021-08-19 21:48:50 - [TEST_STEP][PASSED] - com.database.mysql.execute("DELETE FROM `ohrm_leave_request` WHERE `emp_number`=3 AND `date_applied`='2021-09-02' AND `leave_type_id` = 3"): com.database.mysql.execute is PASSED

2021-08-19 21:48:50 - [MESSAGE][PASSED] - com.database.mysql.execute is PASSED

2021-08-19 21:48:50 - [TEST_STEP][PASSED] - com.database.mysql.execute("DELETE FROM `ohrm_leave` WHERE `emp_number` = 3 AND `leave_type_id`=3 and (`date`='2021-09-02' or `date`='2021-09-03') "): com.database.mysql.execute is PASSED

2021-08-19 21:48:50 - [MESSAGE][PASSED] - com.database.mysql.execute is PASSED

2021-08-19 21:48:50 - [TEST_STEP][PASSED] - com.database.mysql.closeDatabaseConnection(): com.database.mysql.closeDatabaseConnection is PASSED

2021-08-19 21:48:50 - [MESSAGE][PASSED] - com.database.mysql.closeDatabaseConnection is PASSED

2021-08-19 21:48:50 - [TEST_STEP][PASSED] - navigateToUrl("http://localhost/orangehrm/symfony/web/index.php/dashboard"): Navigate to 'http://localhost/orangehrm/symfony/web/index.php/dashboard' successfully

2021-08-19 21:48:51 - [MESSAGE][PASSED] - Navigate to 'http://localhost/orangehrm/symfony/web/index.php/dashboard' successfully

2021-08-19 21:48:51 - [TEST_STEP][PASSED] - click(findTestObject("Object Repository/Apply Leave/Page_OrangeHRM/img")): Object: 'Object Repository/Apply Leave/Page_OrangeHRM/img' is clicked on

2021-08-19 21:48:52 - [MESSAGE][PASSED] - Object: 'Object Repository/Apply Leave/Page_OrangeHRM/img' is clicked on

2021-08-19 21:48:52 - [TEST_STEP][PASSED] - selectOptionByValue(findTestObject("Object Repository/Apply Leave/Page_OrangeHRM/select_--Select--MarriageMaternityPersonalS_480ad7"), "3", true): All options with value '3' are selected in object 'Object Repository/Apply Leave/Page_OrangeHRM/select_--Select--MarriageMaternityPersonalS_480ad7'  using regular expression

2021-08-19 21:48:53 - [MESSAGE][PASSED] - All options with value '3' are selected in object 'Object Repository/Apply Leave/Page_OrangeHRM/select_--Select--MarriageMaternityPersonalS_480ad7'  using regular expression

2021-08-19 21:48:53 - [TEST_STEP][PASSED] - setText(findTestObject("Object Repository/Apply Leave/Page_OrangeHRM/input__applyleavetxtFromDate"), from): Text '2021-09-02' is set on object 'Object Repository/Apply Leave/Page_OrangeHRM/input__applyleavetxtFromDate'

2021-08-19 21:48:55 - [MESSAGE][PASSED] - Text '2021-09-02' is set on object 'Object Repository/Apply Leave/Page_OrangeHRM/input__applyleavetxtFromDate'

2021-08-19 21:48:55 - [TEST_STEP][PASSED] - sendKeys(findTestObject("Object Repository/Apply Leave/Page_OrangeHRM/input__applyleavetxtFromDate"), Keys.chord(ENTER)): Keys 'ENTER + ' sent to object: 'Object Repository/Apply Leave/Page_OrangeHRM/input__applyleavetxtFromDate'

2021-08-19 21:48:55 - [MESSAGE][PASSED] - Keys 'ENTER + ' sent to object: 'Object Repository/Apply Leave/Page_OrangeHRM/input__applyleavetxtFromDate'

2021-08-19 21:48:55 - [TEST_STEP][PASSED] - setText(findTestObject("Object Repository/Apply Leave/Page_OrangeHRM/input__applyleavetxtToDate"), to): Text '2021-09-03' is set on object 'Object Repository/Apply Leave/Page_OrangeHRM/input__applyleavetxtToDate'

2021-08-19 21:48:56 - [MESSAGE][PASSED] - Text '2021-09-03' is set on object 'Object Repository/Apply Leave/Page_OrangeHRM/input__applyleavetxtToDate'

2021-08-19 21:48:56 - [TEST_STEP][PASSED] - sendKeys(findTestObject("Object Repository/Apply Leave/Page_OrangeHRM/input__applyleavetxtToDate"), Keys.chord(ENTER)): Keys 'ENTER + ' sent to object: 'Object Repository/Apply Leave/Page_OrangeHRM/input__applyleavetxtToDate'

2021-08-19 21:48:57 - [MESSAGE][PASSED] - Keys 'ENTER + ' sent to object: 'Object Repository/Apply Leave/Page_OrangeHRM/input__applyleavetxtToDate'

2021-08-19 21:48:57 - [TEST_STEP][PASSED] - if (from.equals(to)): null

2021-08-19 21:48:57 - [TEST_STEP][PASSED] - else: null

2021-08-19 21:48:57 - [TEST_STEP][PASSED] - selectOptionByValue(findTestObject("Object Repository/Apply Leave/Page_OrangeHRM/select_NoneAll DaysStart Day OnlyEnd Day On_3e5258"), partialDays, true): All options with value 'start_end' are selected in object 'Object Repository/Apply Leave/Page_OrangeHRM/select_NoneAll DaysStart Day OnlyEnd Day On_3e5258'  using regular expression

2021-08-19 21:48:58 - [MESSAGE][PASSED] - All options with value 'start_end' are selected in object 'Object Repository/Apply Leave/Page_OrangeHRM/select_NoneAll DaysStart Day OnlyEnd Day On_3e5258'  using regular expression

2021-08-19 21:48:58 - [TEST_STEP][PASSED] - if (partialDays.equals("all") || partialDays.equals("start")): null

2021-08-19 21:48:58 - [TEST_STEP][PASSED] - if (partialDays.equals("end")): null

2021-08-19 21:48:58 - [TEST_STEP][PASSED] - if (partialDays.equals("start_end")): null

2021-08-19 21:48:58 - [TEST_STEP][PASSED] - selectOptionByValue(findTestObject("Object Repository/Apply Leave/Page_OrangeHRM/applyleave_firstDuration_duration"), duration1, true): All options with value 'half_day' are selected in object 'Object Repository/Apply Leave/Page_OrangeHRM/applyleave_firstDuration_duration'  using regular expression

2021-08-19 21:49:00 - [MESSAGE][PASSED] - All options with value 'half_day' are selected in object 'Object Repository/Apply Leave/Page_OrangeHRM/applyleave_firstDuration_duration'  using regular expression

2021-08-19 21:49:00 - [TEST_STEP][PASSED] - if (duration1.equals("half_day")): All options with value 'PM' are selected in object 'Object Repository/Apply Leave/Page_OrangeHRM/applyleave_firstDuration_ampm'  using regular expression

2021-08-19 21:49:00 - [TEST_STEP][PASSED] - selectOptionByValue(findTestObject("Object Repository/Apply Leave/Page_OrangeHRM/applyleave_firstDuration_ampm"), duration2, true): All options with value 'PM' are selected in object 'Object Repository/Apply Leave/Page_OrangeHRM/applyleave_firstDuration_ampm'  using regular expression

2021-08-19 21:49:00 - [MESSAGE][PASSED] - All options with value 'PM' are selected in object 'Object Repository/Apply Leave/Page_OrangeHRM/applyleave_firstDuration_ampm'  using regular expression

2021-08-19 21:49:00 - [TEST_STEP][PASSED] - if (duration1.equals("specify_time")): null

2021-08-19 21:49:00 - [TEST_STEP][PASSED] - selectOptionByValue(findTestObject("Object Repository/Apply Leave/Page_OrangeHRM/select_Half DaySpecify Time_1"), duration4, true): All options with value 'half_day' are selected in object 'Object Repository/Apply Leave/Page_OrangeHRM/select_Half DaySpecify Time_1'  using regular expression

2021-08-19 21:49:02 - [MESSAGE][PASSED] - All options with value 'half_day' are selected in object 'Object Repository/Apply Leave/Page_OrangeHRM/select_Half DaySpecify Time_1'  using regular expression

2021-08-19 21:49:02 - [TEST_STEP][PASSED] - if (duration4.equals("half_day")): All options with value 'AM' are selected in object 'Object Repository/Apply Leave/Page_OrangeHRM/select_MorningAfternoon_1'  using regular expression

2021-08-19 21:49:02 - [TEST_STEP][PASSED] - selectOptionByValue(findTestObject("Object Repository/Apply Leave/Page_OrangeHRM/select_MorningAfternoon_1"), duration5, true): All options with value 'AM' are selected in object 'Object Repository/Apply Leave/Page_OrangeHRM/select_MorningAfternoon_1'  using regular expression

2021-08-19 21:49:02 - [MESSAGE][PASSED] - All options with value 'AM' are selected in object 'Object Repository/Apply Leave/Page_OrangeHRM/select_MorningAfternoon_1'  using regular expression

2021-08-19 21:49:02 - [TEST_STEP][PASSED] - if (duration4.equals("specify_time")): null

2021-08-19 21:49:02 - [TEST_STEP][PASSED] - scrollToElement(findTestObject("Apply Leave/Page_OrangeHRM/input__applyBtn"), 0): Scroll to object 'Object Repository/Apply Leave/Page_OrangeHRM/input__applyBtn' successfully

2021-08-19 21:49:03 - [MESSAGE][WARNING] - Timeout '0' is invalid. Using default page load timeout: '30'

2021-08-19 21:49:03 - [MESSAGE][PASSED] - Scroll to object 'Object Repository/Apply Leave/Page_OrangeHRM/input__applyBtn' successfully

2021-08-19 21:49:03 - [TEST_STEP][PASSED] - takeScreenshot(): Taking screenshot successfully

2021-08-19 21:49:03 - [MESSAGE][PASSED] - Taking screenshot successfully
[[ATTACHMENT|C:\\Users\\nguye\\Katalon Studio\\OrangeHRM\\Reports\\20210819_213101\\Apply Leave\\20210819_213101\\1629384543601.png]]

2021-08-19 21:49:03 - [TEST_STEP][PASSED] - click(findTestObject("Object Repository/Apply Leave/Page_OrangeHRM/input__applyBtn")): Object: 'Object Repository/Apply Leave/Page_OrangeHRM/input__applyBtn' is clicked on

2021-08-19 21:49:04 - [MESSAGE][PASSED] - Object: 'Object Repository/Apply Leave/Page_OrangeHRM/input__applyBtn' is clicked on

2021-08-19 21:49:04 - [TEST_STEP][PASSED] - navigateToUrl("http://localhost/orangehrm/symfony/web/index.php/leave/viewMyLeaveList/reset/1"): Navigate to 'http://localhost/orangehrm/symfony/web/index.php/leave/viewMyLeaveList/reset/1' successfully

2021-08-19 21:49:06 - [MESSAGE][PASSED] - Navigate to 'http://localhost/orangehrm/symfony/web/index.php/leave/viewMyLeaveList/reset/1' successfully

2021-08-19 21:49:06 - [TEST_STEP][PASSED] - setText(findTestObject("Object Repository/Apply Leave/Page_OrangeHRM/input_From_leaveListcalFromDate"), from): Text '2021-09-02' is set on object 'Object Repository/Apply Leave/Page_OrangeHRM/input_From_leaveListcalFromDate'

2021-08-19 21:49:07 - [MESSAGE][PASSED] - Text '2021-09-02' is set on object 'Object Repository/Apply Leave/Page_OrangeHRM/input_From_leaveListcalFromDate'

2021-08-19 21:49:07 - [TEST_STEP][PASSED] - sendKeys(findTestObject("Object Repository/Apply Leave/Page_OrangeHRM/input_From_leaveListcalFromDate"), Keys.chord(ENTER)): Keys 'ENTER + ' sent to object: 'Object Repository/Apply Leave/Page_OrangeHRM/input_From_leaveListcalFromDate'

2021-08-19 21:49:08 - [MESSAGE][PASSED] - Keys 'ENTER + ' sent to object: 'Object Repository/Apply Leave/Page_OrangeHRM/input_From_leaveListcalFromDate'

2021-08-19 21:49:08 - [TEST_STEP][PASSED] - setText(findTestObject("Object Repository/Apply Leave/Page_OrangeHRM/input_To_leaveListcalToDate"), to): Text '2021-09-03' is set on object 'Object Repository/Apply Leave/Page_OrangeHRM/input_To_leaveListcalToDate'

2021-08-19 21:49:09 - [MESSAGE][PASSED] - Text '2021-09-03' is set on object 'Object Repository/Apply Leave/Page_OrangeHRM/input_To_leaveListcalToDate'

2021-08-19 21:49:09 - [TEST_STEP][PASSED] - sendKeys(findTestObject("Object Repository/Apply Leave/Page_OrangeHRM/input_To_leaveListcalToDate"), Keys.chord(ENTER)): Keys 'ENTER + ' sent to object: 'Object Repository/Apply Leave/Page_OrangeHRM/input_To_leaveListcalToDate'

2021-08-19 21:49:09 - [MESSAGE][PASSED] - Keys 'ENTER + ' sent to object: 'Object Repository/Apply Leave/Page_OrangeHRM/input_To_leaveListcalToDate'

2021-08-19 21:49:09 - [TEST_STEP][PASSED] - uncheck(findTestObject("Object Repository/Apply Leave/Page_OrangeHRM/input_All_leaveList_chkSearchFilter_checkbo_a698f3")): Object 'Object Repository/Apply Leave/Page_OrangeHRM/input_All_leaveList_chkSearchFilter_checkbo_a698f3' is un-checked

2021-08-19 21:49:10 - [MESSAGE][PASSED] - Object 'Object Repository/Apply Leave/Page_OrangeHRM/input_All_leaveList_chkSearchFilter_checkbo_a698f3' is un-checked

2021-08-19 21:49:10 - [TEST_STEP][PASSED] - check(findTestObject("Object Repository/Apply Leave/Page_OrangeHRM/input_Pending Approval_leaveListchkSearchFilter")): Object 'Object Repository/Apply Leave/Page_OrangeHRM/input_Pending Approval_leaveListchkSearchFilter' is checked

2021-08-19 21:49:10 - [MESSAGE][PASSED] - Object 'Object Repository/Apply Leave/Page_OrangeHRM/input_Pending Approval_leaveListchkSearchFilter' is checked

2021-08-19 21:49:10 - [TEST_STEP][PASSED] - click(findTestObject("Object Repository/Apply Leave/Page_OrangeHRM/input_Taken_btnSearch")): Object: 'Object Repository/Apply Leave/Page_OrangeHRM/input_Taken_btnSearch' is clicked on

2021-08-19 21:49:11 - [MESSAGE][PASSED] - Object: 'Object Repository/Apply Leave/Page_OrangeHRM/input_Taken_btnSearch' is clicked on

2021-08-19 21:49:11 - [TEST_STEP][PASSED] - scrollToElement(findTestObject("Apply Leave/Page_OrangeHRM/th_Date"), 0): Scroll to object 'Object Repository/Apply Leave/Page_OrangeHRM/th_Date' successfully

2021-08-19 21:49:11 - [MESSAGE][WARNING] - Timeout '0' is invalid. Using default page load timeout: '30'

2021-08-19 21:49:12 - [MESSAGE][PASSED] - Scroll to object 'Object Repository/Apply Leave/Page_OrangeHRM/th_Date' successfully

2021-08-19 21:49:12 - [TEST_STEP][PASSED] - takeScreenshot(): Taking screenshot successfully

2021-08-19 21:49:12 - [MESSAGE][PASSED] - Taking screenshot successfully
[[ATTACHMENT|C:\\Users\\nguye\\Katalon Studio\\OrangeHRM\\Reports\\20210819_213101\\Apply Leave\\20210819_213101\\1629384552493.png]]

2021-08-19 21:49:12 - [TEST_STEP][PASSED] - if (days.equals("")): null

2021-08-19 21:49:12 - [TEST_STEP][PASSED] - else: Actual text 'Pending Approval(1.00)' and expected text 'Pending Approval(1.00)' are matched 

2021-08-19 21:49:12 - [TEST_STEP][PASSED] - verifyMatch(getText(findTestObject("Object Repository/Apply Leave/Page_OrangeHRM/a_2021-09-02 to 2021-09-03")), date, false, STOP_ON_FAILURE): Actual text '2021-09-02 to 2021-09-03' and expected text '2021-09-02 to 2021-09-03' are matched 

2021-08-19 21:49:12 - [MESSAGE][PASSED] - Text of object 'Object Repository/Apply Leave/Page_OrangeHRM/a_2021-09-02 to 2021-09-03' is: '2021-09-02 to 2021-09-03'

2021-08-19 21:49:12 - [MESSAGE][PASSED] - Actual text '2021-09-02 to 2021-09-03' and expected text '2021-09-02 to 2021-09-03' are matched 

2021-08-19 21:49:12 - [TEST_STEP][PASSED] - verifyMatch(getText(findTestObject("Object Repository/Apply Leave/Page_OrangeHRM/a_Rachel Morris")), fullName, false, STOP_ON_FAILURE): Actual text 'Rachel Morris' and expected text 'Rachel Morris' are matched 

2021-08-19 21:49:13 - [MESSAGE][PASSED] - Text of object 'Object Repository/Apply Leave/Page_OrangeHRM/a_Rachel Morris' is: 'Rachel Morris'

2021-08-19 21:49:13 - [MESSAGE][PASSED] - Actual text 'Rachel Morris' and expected text 'Rachel Morris' are matched 

2021-08-19 21:49:13 - [TEST_STEP][PASSED] - verifyMatch(getText(findTestObject("Object Repository/Apply Leave/Page_OrangeHRM/td_Personal")), leaveType, false, STOP_ON_FAILURE): Actual text 'Personal' and expected text 'Personal' are matched 

2021-08-19 21:49:13 - [MESSAGE][PASSED] - Text of object 'Object Repository/Apply Leave/Page_OrangeHRM/td_Personal' is: 'Personal'

2021-08-19 21:49:13 - [MESSAGE][PASSED] - Actual text 'Personal' and expected text 'Personal' are matched 

2021-08-19 21:49:13 - [TEST_STEP][PASSED] - verifyMatch(25"))).toString(), parseDouble(days).toString(), false, STOP_ON_FAILURE): Actual text '49.0' and expected text '49.0' are matched 

2021-08-19 21:49:13 - [MESSAGE][PASSED] - Text of object 'Object Repository/Apply Leave/Page_OrangeHRM/td_49.25' is: '49.00'

2021-08-19 21:49:13 - [MESSAGE][PASSED] - Actual text '49.0' and expected text '49.0' are matched 

2021-08-19 21:49:13 - [TEST_STEP][PASSED] - verifyMatch(getText(findTestObject("Object Repository/Apply Leave/Page_OrangeHRM/td_0.75")), days, false, STOP_ON_FAILURE): Actual text '1.00' and expected text '1.00' are matched 

2021-08-19 21:49:14 - [MESSAGE][PASSED] - Text of object 'Object Repository/Apply Leave/Page_OrangeHRM/td_0.75' is: '1.00'

2021-08-19 21:49:14 - [MESSAGE][PASSED] - Actual text '1.00' and expected text '1.00' are matched 

2021-08-19 21:49:14 - [TEST_STEP][PASSED] - verifyMatch(getText(findTestObject("Object Repository/Apply Leave/Page_OrangeHRM/a_Pending Approval(0.75)")), status + "(" + days + ")", false, STOP_ON_FAILURE): Actual text 'Pending Approval(1.00)' and expected text 'Pending Approval(1.00)' are matched 

2021-08-19 21:49:14 - [MESSAGE][PASSED] - Text of object 'Object Repository/Apply Leave/Page_OrangeHRM/a_Pending Approval(0.75)' is: 'Pending Approval(1.00)'

2021-08-19 21:49:14 - [MESSAGE][PASSED] - Actual text 'Pending Approval(1.00)' and expected text 'Pending Approval(1.00)' are matched]]></system-out>
         <system-err><![CDATA[]]></system-err>
      </testcase>
      <testcase name="Test Cases/Apply Leave" time="25.939" classname="Test Cases/Apply Leave" status="PASSED">
         <system-out><![CDATA[2021-08-19 21:49:16 - [TEST_CASE][PASSED] - Test Cases/Apply Leave: Test Cases/Apply Leave

2021-08-19 21:49:16 - [TEST_STEP][PASSED] - com.database.mysql.connectDB("localhost", "orangehrm_mysql", "3306", "root", null): com.database.mysql.connectDB is PASSED

2021-08-19 21:49:16 - [MESSAGE][PASSED] - com.database.mysql.connectDB is PASSED

2021-08-19 21:49:16 - [TEST_STEP][PASSED] - com.database.mysql.execute("DELETE FROM `ohrm_leave_request` WHERE `emp_number`=3 AND `date_applied`='2021-09-02' AND `leave_type_id` = 3"): com.database.mysql.execute is PASSED

2021-08-19 21:49:16 - [MESSAGE][PASSED] - com.database.mysql.execute is PASSED

2021-08-19 21:49:16 - [TEST_STEP][PASSED] - com.database.mysql.execute("DELETE FROM `ohrm_leave` WHERE `emp_number` = 3 AND `leave_type_id`=3 and (`date`='2021-09-02' or `date`='2021-09-03') "): com.database.mysql.execute is PASSED

2021-08-19 21:49:16 - [MESSAGE][PASSED] - com.database.mysql.execute is PASSED

2021-08-19 21:49:16 - [TEST_STEP][PASSED] - com.database.mysql.closeDatabaseConnection(): com.database.mysql.closeDatabaseConnection is PASSED

2021-08-19 21:49:16 - [MESSAGE][PASSED] - com.database.mysql.closeDatabaseConnection is PASSED

2021-08-19 21:49:16 - [TEST_STEP][PASSED] - navigateToUrl("http://localhost/orangehrm/symfony/web/index.php/dashboard"): Navigate to 'http://localhost/orangehrm/symfony/web/index.php/dashboard' successfully

2021-08-19 21:49:17 - [MESSAGE][PASSED] - Navigate to 'http://localhost/orangehrm/symfony/web/index.php/dashboard' successfully

2021-08-19 21:49:17 - [TEST_STEP][PASSED] - click(findTestObject("Object Repository/Apply Leave/Page_OrangeHRM/img")): Object: 'Object Repository/Apply Leave/Page_OrangeHRM/img' is clicked on

2021-08-19 21:49:18 - [MESSAGE][PASSED] - Object: 'Object Repository/Apply Leave/Page_OrangeHRM/img' is clicked on

2021-08-19 21:49:18 - [TEST_STEP][PASSED] - selectOptionByValue(findTestObject("Object Repository/Apply Leave/Page_OrangeHRM/select_--Select--MarriageMaternityPersonalS_480ad7"), "3", true): All options with value '3' are selected in object 'Object Repository/Apply Leave/Page_OrangeHRM/select_--Select--MarriageMaternityPersonalS_480ad7'  using regular expression

2021-08-19 21:49:19 - [MESSAGE][PASSED] - All options with value '3' are selected in object 'Object Repository/Apply Leave/Page_OrangeHRM/select_--Select--MarriageMaternityPersonalS_480ad7'  using regular expression

2021-08-19 21:49:19 - [TEST_STEP][PASSED] - setText(findTestObject("Object Repository/Apply Leave/Page_OrangeHRM/input__applyleavetxtFromDate"), from): Text '2021-09-02' is set on object 'Object Repository/Apply Leave/Page_OrangeHRM/input__applyleavetxtFromDate'

2021-08-19 21:49:20 - [MESSAGE][PASSED] - Text '2021-09-02' is set on object 'Object Repository/Apply Leave/Page_OrangeHRM/input__applyleavetxtFromDate'

2021-08-19 21:49:20 - [TEST_STEP][PASSED] - sendKeys(findTestObject("Object Repository/Apply Leave/Page_OrangeHRM/input__applyleavetxtFromDate"), Keys.chord(ENTER)): Keys 'ENTER + ' sent to object: 'Object Repository/Apply Leave/Page_OrangeHRM/input__applyleavetxtFromDate'

2021-08-19 21:49:21 - [MESSAGE][PASSED] - Keys 'ENTER + ' sent to object: 'Object Repository/Apply Leave/Page_OrangeHRM/input__applyleavetxtFromDate'

2021-08-19 21:49:21 - [TEST_STEP][PASSED] - setText(findTestObject("Object Repository/Apply Leave/Page_OrangeHRM/input__applyleavetxtToDate"), to): Text '2021-09-03' is set on object 'Object Repository/Apply Leave/Page_OrangeHRM/input__applyleavetxtToDate'

2021-08-19 21:49:22 - [MESSAGE][PASSED] - Text '2021-09-03' is set on object 'Object Repository/Apply Leave/Page_OrangeHRM/input__applyleavetxtToDate'

2021-08-19 21:49:22 - [TEST_STEP][PASSED] - sendKeys(findTestObject("Object Repository/Apply Leave/Page_OrangeHRM/input__applyleavetxtToDate"), Keys.chord(ENTER)): Keys 'ENTER + ' sent to object: 'Object Repository/Apply Leave/Page_OrangeHRM/input__applyleavetxtToDate'

2021-08-19 21:49:23 - [MESSAGE][PASSED] - Keys 'ENTER + ' sent to object: 'Object Repository/Apply Leave/Page_OrangeHRM/input__applyleavetxtToDate'

2021-08-19 21:49:23 - [TEST_STEP][PASSED] - if (from.equals(to)): null

2021-08-19 21:49:23 - [TEST_STEP][PASSED] - else: null

2021-08-19 21:49:23 - [TEST_STEP][PASSED] - selectOptionByValue(findTestObject("Object Repository/Apply Leave/Page_OrangeHRM/select_NoneAll DaysStart Day OnlyEnd Day On_3e5258"), partialDays, true): All options with value 'start_end' are selected in object 'Object Repository/Apply Leave/Page_OrangeHRM/select_NoneAll DaysStart Day OnlyEnd Day On_3e5258'  using regular expression

2021-08-19 21:49:24 - [MESSAGE][PASSED] - All options with value 'start_end' are selected in object 'Object Repository/Apply Leave/Page_OrangeHRM/select_NoneAll DaysStart Day OnlyEnd Day On_3e5258'  using regular expression

2021-08-19 21:49:24 - [TEST_STEP][PASSED] - if (partialDays.equals("all") || partialDays.equals("start")): null

2021-08-19 21:49:24 - [TEST_STEP][PASSED] - if (partialDays.equals("end")): null

2021-08-19 21:49:24 - [TEST_STEP][PASSED] - if (partialDays.equals("start_end")): null

2021-08-19 21:49:24 - [TEST_STEP][PASSED] - selectOptionByValue(findTestObject("Object Repository/Apply Leave/Page_OrangeHRM/applyleave_firstDuration_duration"), duration1, true): All options with value 'half_day' are selected in object 'Object Repository/Apply Leave/Page_OrangeHRM/applyleave_firstDuration_duration'  using regular expression

2021-08-19 21:49:26 - [MESSAGE][PASSED] - All options with value 'half_day' are selected in object 'Object Repository/Apply Leave/Page_OrangeHRM/applyleave_firstDuration_duration'  using regular expression

2021-08-19 21:49:26 - [TEST_STEP][PASSED] - if (duration1.equals("half_day")): All options with value 'PM' are selected in object 'Object Repository/Apply Leave/Page_OrangeHRM/applyleave_firstDuration_ampm'  using regular expression

2021-08-19 21:49:26 - [TEST_STEP][PASSED] - selectOptionByValue(findTestObject("Object Repository/Apply Leave/Page_OrangeHRM/applyleave_firstDuration_ampm"), duration2, true): All options with value 'PM' are selected in object 'Object Repository/Apply Leave/Page_OrangeHRM/applyleave_firstDuration_ampm'  using regular expression

2021-08-19 21:49:27 - [MESSAGE][PASSED] - All options with value 'PM' are selected in object 'Object Repository/Apply Leave/Page_OrangeHRM/applyleave_firstDuration_ampm'  using regular expression

2021-08-19 21:49:27 - [TEST_STEP][PASSED] - if (duration1.equals("specify_time")): null

2021-08-19 21:49:27 - [TEST_STEP][PASSED] - selectOptionByValue(findTestObject("Object Repository/Apply Leave/Page_OrangeHRM/select_Half DaySpecify Time_1"), duration4, true): All options with value 'half_day' are selected in object 'Object Repository/Apply Leave/Page_OrangeHRM/select_Half DaySpecify Time_1'  using regular expression

2021-08-19 21:49:28 - [MESSAGE][PASSED] - All options with value 'half_day' are selected in object 'Object Repository/Apply Leave/Page_OrangeHRM/select_Half DaySpecify Time_1'  using regular expression

2021-08-19 21:49:28 - [TEST_STEP][PASSED] - if (duration4.equals("half_day")): All options with value 'PM' are selected in object 'Object Repository/Apply Leave/Page_OrangeHRM/select_MorningAfternoon_1'  using regular expression

2021-08-19 21:49:28 - [TEST_STEP][PASSED] - selectOptionByValue(findTestObject("Object Repository/Apply Leave/Page_OrangeHRM/select_MorningAfternoon_1"), duration5, true): All options with value 'PM' are selected in object 'Object Repository/Apply Leave/Page_OrangeHRM/select_MorningAfternoon_1'  using regular expression

2021-08-19 21:49:29 - [MESSAGE][PASSED] - All options with value 'PM' are selected in object 'Object Repository/Apply Leave/Page_OrangeHRM/select_MorningAfternoon_1'  using regular expression

2021-08-19 21:49:29 - [TEST_STEP][PASSED] - if (duration4.equals("specify_time")): null

2021-08-19 21:49:29 - [TEST_STEP][PASSED] - scrollToElement(findTestObject("Apply Leave/Page_OrangeHRM/input__applyBtn"), 0): Scroll to object 'Object Repository/Apply Leave/Page_OrangeHRM/input__applyBtn' successfully

2021-08-19 21:49:29 - [MESSAGE][WARNING] - Timeout '0' is invalid. Using default page load timeout: '30'

2021-08-19 21:49:29 - [MESSAGE][PASSED] - Scroll to object 'Object Repository/Apply Leave/Page_OrangeHRM/input__applyBtn' successfully

2021-08-19 21:49:29 - [TEST_STEP][PASSED] - takeScreenshot(): Taking screenshot successfully

2021-08-19 21:49:29 - [MESSAGE][PASSED] - Taking screenshot successfully
[[ATTACHMENT|C:\\Users\\nguye\\Katalon Studio\\OrangeHRM\\Reports\\20210819_213101\\Apply Leave\\20210819_213101\\1629384569784.png]]

2021-08-19 21:49:29 - [TEST_STEP][PASSED] - click(findTestObject("Object Repository/Apply Leave/Page_OrangeHRM/input__applyBtn")): Object: 'Object Repository/Apply Leave/Page_OrangeHRM/input__applyBtn' is clicked on

2021-08-19 21:49:31 - [MESSAGE][PASSED] - Object: 'Object Repository/Apply Leave/Page_OrangeHRM/input__applyBtn' is clicked on

2021-08-19 21:49:31 - [TEST_STEP][PASSED] - navigateToUrl("http://localhost/orangehrm/symfony/web/index.php/leave/viewMyLeaveList/reset/1"): Navigate to 'http://localhost/orangehrm/symfony/web/index.php/leave/viewMyLeaveList/reset/1' successfully

2021-08-19 21:49:31 - [MESSAGE][PASSED] - Navigate to 'http://localhost/orangehrm/symfony/web/index.php/leave/viewMyLeaveList/reset/1' successfully

2021-08-19 21:49:31 - [TEST_STEP][PASSED] - setText(findTestObject("Object Repository/Apply Leave/Page_OrangeHRM/input_From_leaveListcalFromDate"), from): Text '2021-09-02' is set on object 'Object Repository/Apply Leave/Page_OrangeHRM/input_From_leaveListcalFromDate'

2021-08-19 21:49:33 - [MESSAGE][PASSED] - Text '2021-09-02' is set on object 'Object Repository/Apply Leave/Page_OrangeHRM/input_From_leaveListcalFromDate'

2021-08-19 21:49:33 - [TEST_STEP][PASSED] - sendKeys(findTestObject("Object Repository/Apply Leave/Page_OrangeHRM/input_From_leaveListcalFromDate"), Keys.chord(ENTER)): Keys 'ENTER + ' sent to object: 'Object Repository/Apply Leave/Page_OrangeHRM/input_From_leaveListcalFromDate'

2021-08-19 21:49:34 - [MESSAGE][PASSED] - Keys 'ENTER + ' sent to object: 'Object Repository/Apply Leave/Page_OrangeHRM/input_From_leaveListcalFromDate'

2021-08-19 21:49:34 - [TEST_STEP][PASSED] - setText(findTestObject("Object Repository/Apply Leave/Page_OrangeHRM/input_To_leaveListcalToDate"), to): Text '2021-09-03' is set on object 'Object Repository/Apply Leave/Page_OrangeHRM/input_To_leaveListcalToDate'

2021-08-19 21:49:34 - [MESSAGE][PASSED] - Text '2021-09-03' is set on object 'Object Repository/Apply Leave/Page_OrangeHRM/input_To_leaveListcalToDate'

2021-08-19 21:49:34 - [TEST_STEP][PASSED] - sendKeys(findTestObject("Object Repository/Apply Leave/Page_OrangeHRM/input_To_leaveListcalToDate"), Keys.chord(ENTER)): Keys 'ENTER + ' sent to object: 'Object Repository/Apply Leave/Page_OrangeHRM/input_To_leaveListcalToDate'

2021-08-19 21:49:35 - [MESSAGE][PASSED] - Keys 'ENTER + ' sent to object: 'Object Repository/Apply Leave/Page_OrangeHRM/input_To_leaveListcalToDate'

2021-08-19 21:49:35 - [TEST_STEP][PASSED] - uncheck(findTestObject("Object Repository/Apply Leave/Page_OrangeHRM/input_All_leaveList_chkSearchFilter_checkbo_a698f3")): Object 'Object Repository/Apply Leave/Page_OrangeHRM/input_All_leaveList_chkSearchFilter_checkbo_a698f3' is un-checked

2021-08-19 21:49:35 - [MESSAGE][PASSED] - Object 'Object Repository/Apply Leave/Page_OrangeHRM/input_All_leaveList_chkSearchFilter_checkbo_a698f3' is un-checked

2021-08-19 21:49:35 - [TEST_STEP][PASSED] - check(findTestObject("Object Repository/Apply Leave/Page_OrangeHRM/input_Pending Approval_leaveListchkSearchFilter")): Object 'Object Repository/Apply Leave/Page_OrangeHRM/input_Pending Approval_leaveListchkSearchFilter' is checked

2021-08-19 21:49:36 - [MESSAGE][PASSED] - Object 'Object Repository/Apply Leave/Page_OrangeHRM/input_Pending Approval_leaveListchkSearchFilter' is checked

2021-08-19 21:49:36 - [TEST_STEP][PASSED] - click(findTestObject("Object Repository/Apply Leave/Page_OrangeHRM/input_Taken_btnSearch")): Object: 'Object Repository/Apply Leave/Page_OrangeHRM/input_Taken_btnSearch' is clicked on

2021-08-19 21:49:37 - [MESSAGE][PASSED] - Object: 'Object Repository/Apply Leave/Page_OrangeHRM/input_Taken_btnSearch' is clicked on

2021-08-19 21:49:37 - [TEST_STEP][PASSED] - scrollToElement(findTestObject("Apply Leave/Page_OrangeHRM/th_Date"), 0): Scroll to object 'Object Repository/Apply Leave/Page_OrangeHRM/th_Date' successfully

2021-08-19 21:49:37 - [MESSAGE][WARNING] - Timeout '0' is invalid. Using default page load timeout: '30'

2021-08-19 21:49:38 - [MESSAGE][PASSED] - Scroll to object 'Object Repository/Apply Leave/Page_OrangeHRM/th_Date' successfully

2021-08-19 21:49:38 - [TEST_STEP][PASSED] - takeScreenshot(): Taking screenshot successfully

2021-08-19 21:49:38 - [MESSAGE][PASSED] - Taking screenshot successfully
[[ATTACHMENT|C:\\Users\\nguye\\Katalon Studio\\OrangeHRM\\Reports\\20210819_213101\\Apply Leave\\20210819_213101\\1629384578495.png]]

2021-08-19 21:49:38 - [TEST_STEP][PASSED] - if (days.equals("")): null

2021-08-19 21:49:38 - [TEST_STEP][PASSED] - else: Actual text 'Pending Approval(1.00)' and expected text 'Pending Approval(1.00)' are matched 

2021-08-19 21:49:38 - [TEST_STEP][PASSED] - verifyMatch(getText(findTestObject("Object Repository/Apply Leave/Page_OrangeHRM/a_2021-09-02 to 2021-09-03")), date, false, STOP_ON_FAILURE): Actual text '2021-09-02 to 2021-09-03' and expected text '2021-09-02 to 2021-09-03' are matched 

2021-08-19 21:49:38 - [MESSAGE][PASSED] - Text of object 'Object Repository/Apply Leave/Page_OrangeHRM/a_2021-09-02 to 2021-09-03' is: '2021-09-02 to 2021-09-03'

2021-08-19 21:49:38 - [MESSAGE][PASSED] - Actual text '2021-09-02 to 2021-09-03' and expected text '2021-09-02 to 2021-09-03' are matched 

2021-08-19 21:49:38 - [TEST_STEP][PASSED] - verifyMatch(getText(findTestObject("Object Repository/Apply Leave/Page_OrangeHRM/a_Rachel Morris")), fullName, false, STOP_ON_FAILURE): Actual text 'Rachel Morris' and expected text 'Rachel Morris' are matched 

2021-08-19 21:49:39 - [MESSAGE][PASSED] - Text of object 'Object Repository/Apply Leave/Page_OrangeHRM/a_Rachel Morris' is: 'Rachel Morris'

2021-08-19 21:49:39 - [MESSAGE][PASSED] - Actual text 'Rachel Morris' and expected text 'Rachel Morris' are matched 

2021-08-19 21:49:39 - [TEST_STEP][PASSED] - verifyMatch(getText(findTestObject("Object Repository/Apply Leave/Page_OrangeHRM/td_Personal")), leaveType, false, STOP_ON_FAILURE): Actual text 'Personal' and expected text 'Personal' are matched 

2021-08-19 21:49:39 - [MESSAGE][PASSED] - Text of object 'Object Repository/Apply Leave/Page_OrangeHRM/td_Personal' is: 'Personal'

2021-08-19 21:49:39 - [MESSAGE][PASSED] - Actual text 'Personal' and expected text 'Personal' are matched 

2021-08-19 21:49:39 - [TEST_STEP][PASSED] - verifyMatch(25"))).toString(), parseDouble(days).toString(), false, STOP_ON_FAILURE): Actual text '49.0' and expected text '49.0' are matched 

2021-08-19 21:49:39 - [MESSAGE][PASSED] - Text of object 'Object Repository/Apply Leave/Page_OrangeHRM/td_49.25' is: '49.00'

2021-08-19 21:49:39 - [MESSAGE][PASSED] - Actual text '49.0' and expected text '49.0' are matched 

2021-08-19 21:49:39 - [TEST_STEP][PASSED] - verifyMatch(getText(findTestObject("Object Repository/Apply Leave/Page_OrangeHRM/td_0.75")), days, false, STOP_ON_FAILURE): Actual text '1.00' and expected text '1.00' are matched 

2021-08-19 21:49:40 - [MESSAGE][PASSED] - Text of object 'Object Repository/Apply Leave/Page_OrangeHRM/td_0.75' is: '1.00'

2021-08-19 21:49:40 - [MESSAGE][PASSED] - Actual text '1.00' and expected text '1.00' are matched 

2021-08-19 21:49:40 - [TEST_STEP][PASSED] - verifyMatch(getText(findTestObject("Object Repository/Apply Leave/Page_OrangeHRM/a_Pending Approval(0.75)")), status + "(" + days + ")", false, STOP_ON_FAILURE): Actual text 'Pending Approval(1.00)' and expected text 'Pending Approval(1.00)' are matched 

2021-08-19 21:49:40 - [MESSAGE][PASSED] - Text of object 'Object Repository/Apply Leave/Page_OrangeHRM/a_Pending Approval(0.75)' is: 'Pending Approval(1.00)'

2021-08-19 21:49:40 - [MESSAGE][PASSED] - Actual text 'Pending Approval(1.00)' and expected text 'Pending Approval(1.00)' are matched]]></system-out>
         <system-err><![CDATA[]]></system-err>
      </testcase>
      <testcase name="Test Cases/Apply Leave" time="30.316" classname="Test Cases/Apply Leave" status="PASSED">
         <system-out><![CDATA[2021-08-19 21:49:42 - [TEST_CASE][PASSED] - Test Cases/Apply Leave: Test Cases/Apply Leave

2021-08-19 21:49:42 - [TEST_STEP][PASSED] - com.database.mysql.connectDB("localhost", "orangehrm_mysql", "3306", "root", null): com.database.mysql.connectDB is PASSED

2021-08-19 21:49:42 - [MESSAGE][PASSED] - com.database.mysql.connectDB is PASSED

2021-08-19 21:49:42 - [TEST_STEP][PASSED] - com.database.mysql.execute("DELETE FROM `ohrm_leave_request` WHERE `emp_number`=3 AND `date_applied`='2021-09-02' AND `leave_type_id` = 3"): com.database.mysql.execute is PASSED

2021-08-19 21:49:42 - [MESSAGE][PASSED] - com.database.mysql.execute is PASSED

2021-08-19 21:49:42 - [TEST_STEP][PASSED] - com.database.mysql.execute("DELETE FROM `ohrm_leave` WHERE `emp_number` = 3 AND `leave_type_id`=3 and (`date`='2021-09-02' or `date`='2021-09-03') "): com.database.mysql.execute is PASSED

2021-08-19 21:49:42 - [MESSAGE][PASSED] - com.database.mysql.execute is PASSED

2021-08-19 21:49:42 - [TEST_STEP][PASSED] - com.database.mysql.closeDatabaseConnection(): com.database.mysql.closeDatabaseConnection is PASSED

2021-08-19 21:49:42 - [MESSAGE][PASSED] - com.database.mysql.closeDatabaseConnection is PASSED

2021-08-19 21:49:42 - [TEST_STEP][PASSED] - navigateToUrl("http://localhost/orangehrm/symfony/web/index.php/dashboard"): Navigate to 'http://localhost/orangehrm/symfony/web/index.php/dashboard' successfully

2021-08-19 21:49:43 - [MESSAGE][PASSED] - Navigate to 'http://localhost/orangehrm/symfony/web/index.php/dashboard' successfully

2021-08-19 21:49:43 - [TEST_STEP][PASSED] - click(findTestObject("Object Repository/Apply Leave/Page_OrangeHRM/img")): Object: 'Object Repository/Apply Leave/Page_OrangeHRM/img' is clicked on

2021-08-19 21:49:44 - [MESSAGE][PASSED] - Object: 'Object Repository/Apply Leave/Page_OrangeHRM/img' is clicked on

2021-08-19 21:49:44 - [TEST_STEP][PASSED] - selectOptionByValue(findTestObject("Object Repository/Apply Leave/Page_OrangeHRM/select_--Select--MarriageMaternityPersonalS_480ad7"), "3", true): All options with value '3' are selected in object 'Object Repository/Apply Leave/Page_OrangeHRM/select_--Select--MarriageMaternityPersonalS_480ad7'  using regular expression

2021-08-19 21:49:45 - [MESSAGE][PASSED] - All options with value '3' are selected in object 'Object Repository/Apply Leave/Page_OrangeHRM/select_--Select--MarriageMaternityPersonalS_480ad7'  using regular expression

2021-08-19 21:49:45 - [TEST_STEP][PASSED] - setText(findTestObject("Object Repository/Apply Leave/Page_OrangeHRM/input__applyleavetxtFromDate"), from): Text '2021-09-02' is set on object 'Object Repository/Apply Leave/Page_OrangeHRM/input__applyleavetxtFromDate'

2021-08-19 21:49:46 - [MESSAGE][PASSED] - Text '2021-09-02' is set on object 'Object Repository/Apply Leave/Page_OrangeHRM/input__applyleavetxtFromDate'

2021-08-19 21:49:46 - [TEST_STEP][PASSED] - sendKeys(findTestObject("Object Repository/Apply Leave/Page_OrangeHRM/input__applyleavetxtFromDate"), Keys.chord(ENTER)): Keys 'ENTER + ' sent to object: 'Object Repository/Apply Leave/Page_OrangeHRM/input__applyleavetxtFromDate'

2021-08-19 21:49:47 - [MESSAGE][PASSED] - Keys 'ENTER + ' sent to object: 'Object Repository/Apply Leave/Page_OrangeHRM/input__applyleavetxtFromDate'

2021-08-19 21:49:47 - [TEST_STEP][PASSED] - setText(findTestObject("Object Repository/Apply Leave/Page_OrangeHRM/input__applyleavetxtToDate"), to): Text '2021-09-03' is set on object 'Object Repository/Apply Leave/Page_OrangeHRM/input__applyleavetxtToDate'

2021-08-19 21:49:48 - [MESSAGE][PASSED] - Text '2021-09-03' is set on object 'Object Repository/Apply Leave/Page_OrangeHRM/input__applyleavetxtToDate'

2021-08-19 21:49:48 - [TEST_STEP][PASSED] - sendKeys(findTestObject("Object Repository/Apply Leave/Page_OrangeHRM/input__applyleavetxtToDate"), Keys.chord(ENTER)): Keys 'ENTER + ' sent to object: 'Object Repository/Apply Leave/Page_OrangeHRM/input__applyleavetxtToDate'

2021-08-19 21:49:49 - [MESSAGE][PASSED] - Keys 'ENTER + ' sent to object: 'Object Repository/Apply Leave/Page_OrangeHRM/input__applyleavetxtToDate'

2021-08-19 21:49:49 - [TEST_STEP][PASSED] - if (from.equals(to)): null

2021-08-19 21:49:49 - [TEST_STEP][PASSED] - else: All options with value '11:00' are selected in object 'Object Repository/Apply Leave/Page_OrangeHRM/applyleave_secondDuration_time_to'  using regular expression

2021-08-19 21:49:49 - [TEST_STEP][PASSED] - selectOptionByValue(findTestObject("Object Repository/Apply Leave/Page_OrangeHRM/select_NoneAll DaysStart Day OnlyEnd Day On_3e5258"), partialDays, true): All options with value 'start_end' are selected in object 'Object Repository/Apply Leave/Page_OrangeHRM/select_NoneAll DaysStart Day OnlyEnd Day On_3e5258'  using regular expression

2021-08-19 21:49:50 - [MESSAGE][PASSED] - All options with value 'start_end' are selected in object 'Object Repository/Apply Leave/Page_OrangeHRM/select_NoneAll DaysStart Day OnlyEnd Day On_3e5258'  using regular expression

2021-08-19 21:49:50 - [TEST_STEP][PASSED] - if (partialDays.equals("all") || partialDays.equals("start")): null

2021-08-19 21:49:50 - [TEST_STEP][PASSED] - if (partialDays.equals("end")): null

2021-08-19 21:49:50 - [TEST_STEP][PASSED] - if (partialDays.equals("start_end")): All options with value '11:00' are selected in object 'Object Repository/Apply Leave/Page_OrangeHRM/applyleave_secondDuration_time_to'  using regular expression

2021-08-19 21:49:50 - [TEST_STEP][PASSED] - selectOptionByValue(findTestObject("Object Repository/Apply Leave/Page_OrangeHRM/applyleave_firstDuration_duration"), duration1, true): All options with value 'half_day' are selected in object 'Object Repository/Apply Leave/Page_OrangeHRM/applyleave_firstDuration_duration'  using regular expression

2021-08-19 21:49:51 - [MESSAGE][PASSED] - All options with value 'half_day' are selected in object 'Object Repository/Apply Leave/Page_OrangeHRM/applyleave_firstDuration_duration'  using regular expression

2021-08-19 21:49:51 - [TEST_STEP][PASSED] - if (duration1.equals("half_day")): All options with value 'PM' are selected in object 'Object Repository/Apply Leave/Page_OrangeHRM/applyleave_firstDuration_ampm'  using regular expression

2021-08-19 21:49:51 - [TEST_STEP][PASSED] - selectOptionByValue(findTestObject("Object Repository/Apply Leave/Page_OrangeHRM/applyleave_firstDuration_ampm"), duration2, true): All options with value 'PM' are selected in object 'Object Repository/Apply Leave/Page_OrangeHRM/applyleave_firstDuration_ampm'  using regular expression

2021-08-19 21:49:52 - [MESSAGE][PASSED] - All options with value 'PM' are selected in object 'Object Repository/Apply Leave/Page_OrangeHRM/applyleave_firstDuration_ampm'  using regular expression

2021-08-19 21:49:52 - [TEST_STEP][PASSED] - if (duration1.equals("specify_time")): null

2021-08-19 21:49:52 - [TEST_STEP][PASSED] - selectOptionByValue(findTestObject("Object Repository/Apply Leave/Page_OrangeHRM/select_Half DaySpecify Time_1"), duration4, true): All options with value 'specify_time' are selected in object 'Object Repository/Apply Leave/Page_OrangeHRM/select_Half DaySpecify Time_1'  using regular expression

2021-08-19 21:49:53 - [MESSAGE][PASSED] - All options with value 'specify_time' are selected in object 'Object Repository/Apply Leave/Page_OrangeHRM/select_Half DaySpecify Time_1'  using regular expression

2021-08-19 21:49:53 - [TEST_STEP][PASSED] - if (duration4.equals("half_day")): null

2021-08-19 21:49:53 - [TEST_STEP][PASSED] - if (duration4.equals("specify_time")): All options with value '11:00' are selected in object 'Object Repository/Apply Leave/Page_OrangeHRM/applyleave_secondDuration_time_to'  using regular expression

2021-08-19 21:49:53 - [TEST_STEP][PASSED] - selectOptionByValue(findTestObject("Object Repository/Apply Leave/Page_OrangeHRM/applyleave_secondDuration_time_from"), duration5, true): All options with value '09:00' are selected in object 'Object Repository/Apply Leave/Page_OrangeHRM/applyleave_secondDuration_time_from'  using regular expression

2021-08-19 21:49:56 - [MESSAGE][PASSED] - All options with value '09:00' are selected in object 'Object Repository/Apply Leave/Page_OrangeHRM/applyleave_secondDuration_time_from'  using regular expression

2021-08-19 21:49:56 - [TEST_STEP][PASSED] - selectOptionByValue(findTestObject("Object Repository/Apply Leave/Page_OrangeHRM/applyleave_secondDuration_time_to"), duration6, true): All options with value '11:00' are selected in object 'Object Repository/Apply Leave/Page_OrangeHRM/applyleave_secondDuration_time_to'  using regular expression

2021-08-19 21:50:00 - [MESSAGE][PASSED] - All options with value '11:00' are selected in object 'Object Repository/Apply Leave/Page_OrangeHRM/applyleave_secondDuration_time_to'  using regular expression

2021-08-19 21:50:00 - [TEST_STEP][PASSED] - scrollToElement(findTestObject("Apply Leave/Page_OrangeHRM/input__applyBtn"), 0): Scroll to object 'Object Repository/Apply Leave/Page_OrangeHRM/input__applyBtn' successfully

2021-08-19 21:50:00 - [MESSAGE][WARNING] - Timeout '0' is invalid. Using default page load timeout: '30'

2021-08-19 21:50:00 - [MESSAGE][PASSED] - Scroll to object 'Object Repository/Apply Leave/Page_OrangeHRM/input__applyBtn' successfully

2021-08-19 21:50:00 - [TEST_STEP][PASSED] - takeScreenshot(): Taking screenshot successfully

2021-08-19 21:50:00 - [MESSAGE][PASSED] - Taking screenshot successfully
[[ATTACHMENT|C:\\Users\\nguye\\Katalon Studio\\OrangeHRM\\Reports\\20210819_213101\\Apply Leave\\20210819_213101\\1629384600710.png]]

2021-08-19 21:50:00 - [TEST_STEP][PASSED] - click(findTestObject("Object Repository/Apply Leave/Page_OrangeHRM/input__applyBtn")): Object: 'Object Repository/Apply Leave/Page_OrangeHRM/input__applyBtn' is clicked on

2021-08-19 21:50:01 - [MESSAGE][PASSED] - Object: 'Object Repository/Apply Leave/Page_OrangeHRM/input__applyBtn' is clicked on

2021-08-19 21:50:01 - [TEST_STEP][PASSED] - navigateToUrl("http://localhost/orangehrm/symfony/web/index.php/leave/viewMyLeaveList/reset/1"): Navigate to 'http://localhost/orangehrm/symfony/web/index.php/leave/viewMyLeaveList/reset/1' successfully

2021-08-19 21:50:02 - [MESSAGE][PASSED] - Navigate to 'http://localhost/orangehrm/symfony/web/index.php/leave/viewMyLeaveList/reset/1' successfully

2021-08-19 21:50:02 - [TEST_STEP][PASSED] - setText(findTestObject("Object Repository/Apply Leave/Page_OrangeHRM/input_From_leaveListcalFromDate"), from): Text '2021-09-02' is set on object 'Object Repository/Apply Leave/Page_OrangeHRM/input_From_leaveListcalFromDate'

2021-08-19 21:50:04 - [MESSAGE][PASSED] - Text '2021-09-02' is set on object 'Object Repository/Apply Leave/Page_OrangeHRM/input_From_leaveListcalFromDate'

2021-08-19 21:50:04 - [TEST_STEP][PASSED] - sendKeys(findTestObject("Object Repository/Apply Leave/Page_OrangeHRM/input_From_leaveListcalFromDate"), Keys.chord(ENTER)): Keys 'ENTER + ' sent to object: 'Object Repository/Apply Leave/Page_OrangeHRM/input_From_leaveListcalFromDate'

2021-08-19 21:50:04 - [MESSAGE][PASSED] - Keys 'ENTER + ' sent to object: 'Object Repository/Apply Leave/Page_OrangeHRM/input_From_leaveListcalFromDate'

2021-08-19 21:50:04 - [TEST_STEP][PASSED] - setText(findTestObject("Object Repository/Apply Leave/Page_OrangeHRM/input_To_leaveListcalToDate"), to): Text '2021-09-03' is set on object 'Object Repository/Apply Leave/Page_OrangeHRM/input_To_leaveListcalToDate'

2021-08-19 21:50:05 - [MESSAGE][PASSED] - Text '2021-09-03' is set on object 'Object Repository/Apply Leave/Page_OrangeHRM/input_To_leaveListcalToDate'

2021-08-19 21:50:05 - [TEST_STEP][PASSED] - sendKeys(findTestObject("Object Repository/Apply Leave/Page_OrangeHRM/input_To_leaveListcalToDate"), Keys.chord(ENTER)): Keys 'ENTER + ' sent to object: 'Object Repository/Apply Leave/Page_OrangeHRM/input_To_leaveListcalToDate'

2021-08-19 21:50:06 - [MESSAGE][PASSED] - Keys 'ENTER + ' sent to object: 'Object Repository/Apply Leave/Page_OrangeHRM/input_To_leaveListcalToDate'

2021-08-19 21:50:06 - [TEST_STEP][PASSED] - uncheck(findTestObject("Object Repository/Apply Leave/Page_OrangeHRM/input_All_leaveList_chkSearchFilter_checkbo_a698f3")): Object 'Object Repository/Apply Leave/Page_OrangeHRM/input_All_leaveList_chkSearchFilter_checkbo_a698f3' is un-checked

2021-08-19 21:50:06 - [MESSAGE][PASSED] - Object 'Object Repository/Apply Leave/Page_OrangeHRM/input_All_leaveList_chkSearchFilter_checkbo_a698f3' is un-checked

2021-08-19 21:50:06 - [TEST_STEP][PASSED] - check(findTestObject("Object Repository/Apply Leave/Page_OrangeHRM/input_Pending Approval_leaveListchkSearchFilter")): Object 'Object Repository/Apply Leave/Page_OrangeHRM/input_Pending Approval_leaveListchkSearchFilter' is checked

2021-08-19 21:50:06 - [MESSAGE][PASSED] - Object 'Object Repository/Apply Leave/Page_OrangeHRM/input_Pending Approval_leaveListchkSearchFilter' is checked

2021-08-19 21:50:06 - [TEST_STEP][PASSED] - click(findTestObject("Object Repository/Apply Leave/Page_OrangeHRM/input_Taken_btnSearch")): Object: 'Object Repository/Apply Leave/Page_OrangeHRM/input_Taken_btnSearch' is clicked on

2021-08-19 21:50:07 - [MESSAGE][PASSED] - Object: 'Object Repository/Apply Leave/Page_OrangeHRM/input_Taken_btnSearch' is clicked on

2021-08-19 21:50:07 - [TEST_STEP][PASSED] - scrollToElement(findTestObject("Apply Leave/Page_OrangeHRM/th_Date"), 0): Scroll to object 'Object Repository/Apply Leave/Page_OrangeHRM/th_Date' successfully

2021-08-19 21:50:07 - [MESSAGE][WARNING] - Timeout '0' is invalid. Using default page load timeout: '30'

2021-08-19 21:50:08 - [MESSAGE][PASSED] - Scroll to object 'Object Repository/Apply Leave/Page_OrangeHRM/th_Date' successfully

2021-08-19 21:50:08 - [TEST_STEP][PASSED] - takeScreenshot(): Taking screenshot successfully

2021-08-19 21:50:09 - [MESSAGE][PASSED] - Taking screenshot successfully
[[ATTACHMENT|C:\\Users\\nguye\\Katalon Studio\\OrangeHRM\\Reports\\20210819_213101\\Apply Leave\\20210819_213101\\1629384608932.png]]

2021-08-19 21:50:09 - [TEST_STEP][PASSED] - if (days.equals("")): null

2021-08-19 21:50:09 - [TEST_STEP][PASSED] - else: Actual text 'Pending Approval(0.75)' and expected text 'Pending Approval(0.75)' are matched 

2021-08-19 21:50:09 - [TEST_STEP][PASSED] - verifyMatch(getText(findTestObject("Object Repository/Apply Leave/Page_OrangeHRM/a_2021-09-02 to 2021-09-03")), date, false, STOP_ON_FAILURE): Actual text '2021-09-02 to 2021-09-03' and expected text '2021-09-02 to 2021-09-03' are matched 

2021-08-19 21:50:09 - [MESSAGE][PASSED] - Text of object 'Object Repository/Apply Leave/Page_OrangeHRM/a_2021-09-02 to 2021-09-03' is: '2021-09-02 to 2021-09-03'

2021-08-19 21:50:09 - [MESSAGE][PASSED] - Actual text '2021-09-02 to 2021-09-03' and expected text '2021-09-02 to 2021-09-03' are matched 

2021-08-19 21:50:09 - [TEST_STEP][PASSED] - verifyMatch(getText(findTestObject("Object Repository/Apply Leave/Page_OrangeHRM/a_Rachel Morris")), fullName, false, STOP_ON_FAILURE): Actual text 'Rachel Morris' and expected text 'Rachel Morris' are matched 

2021-08-19 21:50:09 - [MESSAGE][PASSED] - Text of object 'Object Repository/Apply Leave/Page_OrangeHRM/a_Rachel Morris' is: 'Rachel Morris'

2021-08-19 21:50:09 - [MESSAGE][PASSED] - Actual text 'Rachel Morris' and expected text 'Rachel Morris' are matched 

2021-08-19 21:50:09 - [TEST_STEP][PASSED] - verifyMatch(getText(findTestObject("Object Repository/Apply Leave/Page_OrangeHRM/td_Personal")), leaveType, false, STOP_ON_FAILURE): Actual text 'Personal' and expected text 'Personal' are matched 

2021-08-19 21:50:10 - [MESSAGE][PASSED] - Text of object 'Object Repository/Apply Leave/Page_OrangeHRM/td_Personal' is: 'Personal'

2021-08-19 21:50:10 - [MESSAGE][PASSED] - Actual text 'Personal' and expected text 'Personal' are matched 

2021-08-19 21:50:10 - [TEST_STEP][PASSED] - verifyMatch(25"))).toString(), parseDouble(days).toString(), false, STOP_ON_FAILURE): Actual text '49.25' and expected text '49.25' are matched 

2021-08-19 21:50:10 - [MESSAGE][PASSED] - Text of object 'Object Repository/Apply Leave/Page_OrangeHRM/td_49.25' is: '49.25'

2021-08-19 21:50:10 - [MESSAGE][PASSED] - Actual text '49.25' and expected text '49.25' are matched 

2021-08-19 21:50:10 - [TEST_STEP][PASSED] - verifyMatch(getText(findTestObject("Object Repository/Apply Leave/Page_OrangeHRM/td_0.75")), days, false, STOP_ON_FAILURE): Actual text '0.75' and expected text '0.75' are matched 

2021-08-19 21:50:10 - [MESSAGE][PASSED] - Text of object 'Object Repository/Apply Leave/Page_OrangeHRM/td_0.75' is: '0.75'

2021-08-19 21:50:10 - [MESSAGE][PASSED] - Actual text '0.75' and expected text '0.75' are matched 

2021-08-19 21:50:10 - [TEST_STEP][PASSED] - verifyMatch(getText(findTestObject("Object Repository/Apply Leave/Page_OrangeHRM/a_Pending Approval(0.75)")), status + "(" + days + ")", false, STOP_ON_FAILURE): Actual text 'Pending Approval(0.75)' and expected text 'Pending Approval(0.75)' are matched 

2021-08-19 21:50:11 - [MESSAGE][PASSED] - Text of object 'Object Repository/Apply Leave/Page_OrangeHRM/a_Pending Approval(0.75)' is: 'Pending Approval(0.75)'

2021-08-19 21:50:11 - [MESSAGE][PASSED] - Actual text 'Pending Approval(0.75)' and expected text 'Pending Approval(0.75)' are matched]]></system-out>
         <system-err><![CDATA[]]></system-err>
      </testcase>
      <testcase name="Test Cases/Apply Leave" time="31.315" classname="Test Cases/Apply Leave" status="PASSED">
         <system-out><![CDATA[2021-08-19 21:50:13 - [TEST_CASE][PASSED] - Test Cases/Apply Leave: Test Cases/Apply Leave

2021-08-19 21:50:13 - [TEST_STEP][PASSED] - com.database.mysql.connectDB("localhost", "orangehrm_mysql", "3306", "root", null): com.database.mysql.connectDB is PASSED

2021-08-19 21:50:13 - [MESSAGE][PASSED] - com.database.mysql.connectDB is PASSED

2021-08-19 21:50:13 - [TEST_STEP][PASSED] - com.database.mysql.execute("DELETE FROM `ohrm_leave_request` WHERE `emp_number`=3 AND `date_applied`='2021-09-02' AND `leave_type_id` = 3"): com.database.mysql.execute is PASSED

2021-08-19 21:50:13 - [MESSAGE][PASSED] - com.database.mysql.execute is PASSED

2021-08-19 21:50:13 - [TEST_STEP][PASSED] - com.database.mysql.execute("DELETE FROM `ohrm_leave` WHERE `emp_number` = 3 AND `leave_type_id`=3 and (`date`='2021-09-02' or `date`='2021-09-03') "): com.database.mysql.execute is PASSED

2021-08-19 21:50:13 - [MESSAGE][PASSED] - com.database.mysql.execute is PASSED

2021-08-19 21:50:13 - [TEST_STEP][PASSED] - com.database.mysql.closeDatabaseConnection(): com.database.mysql.closeDatabaseConnection is PASSED

2021-08-19 21:50:13 - [MESSAGE][PASSED] - com.database.mysql.closeDatabaseConnection is PASSED

2021-08-19 21:50:13 - [TEST_STEP][PASSED] - navigateToUrl("http://localhost/orangehrm/symfony/web/index.php/dashboard"): Navigate to 'http://localhost/orangehrm/symfony/web/index.php/dashboard' successfully

2021-08-19 21:50:13 - [MESSAGE][PASSED] - Navigate to 'http://localhost/orangehrm/symfony/web/index.php/dashboard' successfully

2021-08-19 21:50:13 - [TEST_STEP][PASSED] - click(findTestObject("Object Repository/Apply Leave/Page_OrangeHRM/img")): Object: 'Object Repository/Apply Leave/Page_OrangeHRM/img' is clicked on

2021-08-19 21:50:14 - [MESSAGE][PASSED] - Object: 'Object Repository/Apply Leave/Page_OrangeHRM/img' is clicked on

2021-08-19 21:50:14 - [TEST_STEP][PASSED] - selectOptionByValue(findTestObject("Object Repository/Apply Leave/Page_OrangeHRM/select_--Select--MarriageMaternityPersonalS_480ad7"), "3", true): All options with value '3' are selected in object 'Object Repository/Apply Leave/Page_OrangeHRM/select_--Select--MarriageMaternityPersonalS_480ad7'  using regular expression

2021-08-19 21:50:15 - [MESSAGE][PASSED] - All options with value '3' are selected in object 'Object Repository/Apply Leave/Page_OrangeHRM/select_--Select--MarriageMaternityPersonalS_480ad7'  using regular expression

2021-08-19 21:50:15 - [TEST_STEP][PASSED] - setText(findTestObject("Object Repository/Apply Leave/Page_OrangeHRM/input__applyleavetxtFromDate"), from): Text '2021-09-02' is set on object 'Object Repository/Apply Leave/Page_OrangeHRM/input__applyleavetxtFromDate'

2021-08-19 21:50:17 - [MESSAGE][PASSED] - Text '2021-09-02' is set on object 'Object Repository/Apply Leave/Page_OrangeHRM/input__applyleavetxtFromDate'

2021-08-19 21:50:17 - [TEST_STEP][PASSED] - sendKeys(findTestObject("Object Repository/Apply Leave/Page_OrangeHRM/input__applyleavetxtFromDate"), Keys.chord(ENTER)): Keys 'ENTER + ' sent to object: 'Object Repository/Apply Leave/Page_OrangeHRM/input__applyleavetxtFromDate'

2021-08-19 21:50:17 - [MESSAGE][PASSED] - Keys 'ENTER + ' sent to object: 'Object Repository/Apply Leave/Page_OrangeHRM/input__applyleavetxtFromDate'

2021-08-19 21:50:17 - [TEST_STEP][PASSED] - setText(findTestObject("Object Repository/Apply Leave/Page_OrangeHRM/input__applyleavetxtToDate"), to): Text '2021-09-03' is set on object 'Object Repository/Apply Leave/Page_OrangeHRM/input__applyleavetxtToDate'

2021-08-19 21:50:19 - [MESSAGE][PASSED] - Text '2021-09-03' is set on object 'Object Repository/Apply Leave/Page_OrangeHRM/input__applyleavetxtToDate'

2021-08-19 21:50:19 - [TEST_STEP][PASSED] - sendKeys(findTestObject("Object Repository/Apply Leave/Page_OrangeHRM/input__applyleavetxtToDate"), Keys.chord(ENTER)): Keys 'ENTER + ' sent to object: 'Object Repository/Apply Leave/Page_OrangeHRM/input__applyleavetxtToDate'

2021-08-19 21:50:20 - [MESSAGE][PASSED] - Keys 'ENTER + ' sent to object: 'Object Repository/Apply Leave/Page_OrangeHRM/input__applyleavetxtToDate'

2021-08-19 21:50:20 - [TEST_STEP][PASSED] - if (from.equals(to)): null

2021-08-19 21:50:20 - [TEST_STEP][PASSED] - else: All options with value '17:00' are selected in object 'Object Repository/Apply Leave/Page_OrangeHRM/applyleave_secondDuration_time_to'  using regular expression

2021-08-19 21:50:20 - [TEST_STEP][PASSED] - selectOptionByValue(findTestObject("Object Repository/Apply Leave/Page_OrangeHRM/select_NoneAll DaysStart Day OnlyEnd Day On_3e5258"), partialDays, true): All options with value 'start_end' are selected in object 'Object Repository/Apply Leave/Page_OrangeHRM/select_NoneAll DaysStart Day OnlyEnd Day On_3e5258'  using regular expression

2021-08-19 21:50:21 - [MESSAGE][PASSED] - All options with value 'start_end' are selected in object 'Object Repository/Apply Leave/Page_OrangeHRM/select_NoneAll DaysStart Day OnlyEnd Day On_3e5258'  using regular expression

2021-08-19 21:50:21 - [TEST_STEP][PASSED] - if (partialDays.equals("all") || partialDays.equals("start")): null

2021-08-19 21:50:21 - [TEST_STEP][PASSED] - if (partialDays.equals("end")): null

2021-08-19 21:50:21 - [TEST_STEP][PASSED] - if (partialDays.equals("start_end")): All options with value '17:00' are selected in object 'Object Repository/Apply Leave/Page_OrangeHRM/applyleave_secondDuration_time_to'  using regular expression

2021-08-19 21:50:21 - [TEST_STEP][PASSED] - selectOptionByValue(findTestObject("Object Repository/Apply Leave/Page_OrangeHRM/applyleave_firstDuration_duration"), duration1, true): All options with value 'half_day' are selected in object 'Object Repository/Apply Leave/Page_OrangeHRM/applyleave_firstDuration_duration'  using regular expression

2021-08-19 21:50:22 - [MESSAGE][PASSED] - All options with value 'half_day' are selected in object 'Object Repository/Apply Leave/Page_OrangeHRM/applyleave_firstDuration_duration'  using regular expression

2021-08-19 21:50:22 - [TEST_STEP][PASSED] - if (duration1.equals("half_day")): All options with value 'PM' are selected in object 'Object Repository/Apply Leave/Page_OrangeHRM/applyleave_firstDuration_ampm'  using regular expression

2021-08-19 21:50:22 - [TEST_STEP][PASSED] - selectOptionByValue(findTestObject("Object Repository/Apply Leave/Page_OrangeHRM/applyleave_firstDuration_ampm"), duration2, true): All options with value 'PM' are selected in object 'Object Repository/Apply Leave/Page_OrangeHRM/applyleave_firstDuration_ampm'  using regular expression

2021-08-19 21:50:23 - [MESSAGE][PASSED] - All options with value 'PM' are selected in object 'Object Repository/Apply Leave/Page_OrangeHRM/applyleave_firstDuration_ampm'  using regular expression

2021-08-19 21:50:23 - [TEST_STEP][PASSED] - if (duration1.equals("specify_time")): null

2021-08-19 21:50:23 - [TEST_STEP][PASSED] - selectOptionByValue(findTestObject("Object Repository/Apply Leave/Page_OrangeHRM/select_Half DaySpecify Time_1"), duration4, true): All options with value 'specify_time' are selected in object 'Object Repository/Apply Leave/Page_OrangeHRM/select_Half DaySpecify Time_1'  using regular expression

2021-08-19 21:50:24 - [MESSAGE][PASSED] - All options with value 'specify_time' are selected in object 'Object Repository/Apply Leave/Page_OrangeHRM/select_Half DaySpecify Time_1'  using regular expression

2021-08-19 21:50:24 - [TEST_STEP][PASSED] - if (duration4.equals("half_day")): null

2021-08-19 21:50:24 - [TEST_STEP][PASSED] - if (duration4.equals("specify_time")): All options with value '17:00' are selected in object 'Object Repository/Apply Leave/Page_OrangeHRM/applyleave_secondDuration_time_to'  using regular expression

2021-08-19 21:50:24 - [TEST_STEP][PASSED] - selectOptionByValue(findTestObject("Object Repository/Apply Leave/Page_OrangeHRM/applyleave_secondDuration_time_from"), duration5, true): All options with value '09:00' are selected in object 'Object Repository/Apply Leave/Page_OrangeHRM/applyleave_secondDuration_time_from'  using regular expression

2021-08-19 21:50:27 - [MESSAGE][PASSED] - All options with value '09:00' are selected in object 'Object Repository/Apply Leave/Page_OrangeHRM/applyleave_secondDuration_time_from'  using regular expression

2021-08-19 21:50:27 - [TEST_STEP][PASSED] - selectOptionByValue(findTestObject("Object Repository/Apply Leave/Page_OrangeHRM/applyleave_secondDuration_time_to"), duration6, true): All options with value '17:00' are selected in object 'Object Repository/Apply Leave/Page_OrangeHRM/applyleave_secondDuration_time_to'  using regular expression

2021-08-19 21:50:31 - [MESSAGE][PASSED] - All options with value '17:00' are selected in object 'Object Repository/Apply Leave/Page_OrangeHRM/applyleave_secondDuration_time_to'  using regular expression

2021-08-19 21:50:31 - [TEST_STEP][PASSED] - scrollToElement(findTestObject("Apply Leave/Page_OrangeHRM/input__applyBtn"), 0): Scroll to object 'Object Repository/Apply Leave/Page_OrangeHRM/input__applyBtn' successfully

2021-08-19 21:50:31 - [MESSAGE][WARNING] - Timeout '0' is invalid. Using default page load timeout: '30'

2021-08-19 21:50:31 - [MESSAGE][PASSED] - Scroll to object 'Object Repository/Apply Leave/Page_OrangeHRM/input__applyBtn' successfully

2021-08-19 21:50:31 - [TEST_STEP][PASSED] - takeScreenshot(): Taking screenshot successfully

2021-08-19 21:50:32 - [MESSAGE][PASSED] - Taking screenshot successfully
[[ATTACHMENT|C:\\Users\\nguye\\Katalon Studio\\OrangeHRM\\Reports\\20210819_213101\\Apply Leave\\20210819_213101\\1629384632003.png]]

2021-08-19 21:50:32 - [TEST_STEP][PASSED] - click(findTestObject("Object Repository/Apply Leave/Page_OrangeHRM/input__applyBtn")): Object: 'Object Repository/Apply Leave/Page_OrangeHRM/input__applyBtn' is clicked on

2021-08-19 21:50:33 - [MESSAGE][PASSED] - Object: 'Object Repository/Apply Leave/Page_OrangeHRM/input__applyBtn' is clicked on

2021-08-19 21:50:33 - [TEST_STEP][PASSED] - navigateToUrl("http://localhost/orangehrm/symfony/web/index.php/leave/viewMyLeaveList/reset/1"): Navigate to 'http://localhost/orangehrm/symfony/web/index.php/leave/viewMyLeaveList/reset/1' successfully

2021-08-19 21:50:34 - [MESSAGE][PASSED] - Navigate to 'http://localhost/orangehrm/symfony/web/index.php/leave/viewMyLeaveList/reset/1' successfully

2021-08-19 21:50:34 - [TEST_STEP][PASSED] - setText(findTestObject("Object Repository/Apply Leave/Page_OrangeHRM/input_From_leaveListcalFromDate"), from): Text '2021-09-02' is set on object 'Object Repository/Apply Leave/Page_OrangeHRM/input_From_leaveListcalFromDate'

2021-08-19 21:50:35 - [MESSAGE][PASSED] - Text '2021-09-02' is set on object 'Object Repository/Apply Leave/Page_OrangeHRM/input_From_leaveListcalFromDate'

2021-08-19 21:50:35 - [TEST_STEP][PASSED] - sendKeys(findTestObject("Object Repository/Apply Leave/Page_OrangeHRM/input_From_leaveListcalFromDate"), Keys.chord(ENTER)): Keys 'ENTER + ' sent to object: 'Object Repository/Apply Leave/Page_OrangeHRM/input_From_leaveListcalFromDate'

2021-08-19 21:50:36 - [MESSAGE][PASSED] - Keys 'ENTER + ' sent to object: 'Object Repository/Apply Leave/Page_OrangeHRM/input_From_leaveListcalFromDate'

2021-08-19 21:50:36 - [TEST_STEP][PASSED] - setText(findTestObject("Object Repository/Apply Leave/Page_OrangeHRM/input_To_leaveListcalToDate"), to): Text '2021-09-03' is set on object 'Object Repository/Apply Leave/Page_OrangeHRM/input_To_leaveListcalToDate'

2021-08-19 21:50:36 - [MESSAGE][PASSED] - Text '2021-09-03' is set on object 'Object Repository/Apply Leave/Page_OrangeHRM/input_To_leaveListcalToDate'

2021-08-19 21:50:36 - [TEST_STEP][PASSED] - sendKeys(findTestObject("Object Repository/Apply Leave/Page_OrangeHRM/input_To_leaveListcalToDate"), Keys.chord(ENTER)): Keys 'ENTER + ' sent to object: 'Object Repository/Apply Leave/Page_OrangeHRM/input_To_leaveListcalToDate'

2021-08-19 21:50:37 - [MESSAGE][PASSED] - Keys 'ENTER + ' sent to object: 'Object Repository/Apply Leave/Page_OrangeHRM/input_To_leaveListcalToDate'

2021-08-19 21:50:37 - [TEST_STEP][PASSED] - uncheck(findTestObject("Object Repository/Apply Leave/Page_OrangeHRM/input_All_leaveList_chkSearchFilter_checkbo_a698f3")): Object 'Object Repository/Apply Leave/Page_OrangeHRM/input_All_leaveList_chkSearchFilter_checkbo_a698f3' is un-checked

2021-08-19 21:50:37 - [MESSAGE][PASSED] - Object 'Object Repository/Apply Leave/Page_OrangeHRM/input_All_leaveList_chkSearchFilter_checkbo_a698f3' is un-checked

2021-08-19 21:50:37 - [TEST_STEP][PASSED] - check(findTestObject("Object Repository/Apply Leave/Page_OrangeHRM/input_Pending Approval_leaveListchkSearchFilter")): Object 'Object Repository/Apply Leave/Page_OrangeHRM/input_Pending Approval_leaveListchkSearchFilter' is checked

2021-08-19 21:50:38 - [MESSAGE][PASSED] - Object 'Object Repository/Apply Leave/Page_OrangeHRM/input_Pending Approval_leaveListchkSearchFilter' is checked

2021-08-19 21:50:38 - [TEST_STEP][PASSED] - click(findTestObject("Object Repository/Apply Leave/Page_OrangeHRM/input_Taken_btnSearch")): Object: 'Object Repository/Apply Leave/Page_OrangeHRM/input_Taken_btnSearch' is clicked on

2021-08-19 21:50:39 - [MESSAGE][PASSED] - Object: 'Object Repository/Apply Leave/Page_OrangeHRM/input_Taken_btnSearch' is clicked on

2021-08-19 21:50:39 - [TEST_STEP][PASSED] - scrollToElement(findTestObject("Apply Leave/Page_OrangeHRM/th_Date"), 0): Scroll to object 'Object Repository/Apply Leave/Page_OrangeHRM/th_Date' successfully

2021-08-19 21:50:39 - [MESSAGE][WARNING] - Timeout '0' is invalid. Using default page load timeout: '30'

2021-08-19 21:50:39 - [MESSAGE][PASSED] - Scroll to object 'Object Repository/Apply Leave/Page_OrangeHRM/th_Date' successfully

2021-08-19 21:50:39 - [TEST_STEP][PASSED] - takeScreenshot(): Taking screenshot successfully

2021-08-19 21:50:40 - [MESSAGE][PASSED] - Taking screenshot successfully
[[ATTACHMENT|C:\\Users\\nguye\\Katalon Studio\\OrangeHRM\\Reports\\20210819_213101\\Apply Leave\\20210819_213101\\1629384640247.png]]

2021-08-19 21:50:40 - [TEST_STEP][PASSED] - if (days.equals("")): null

2021-08-19 21:50:40 - [TEST_STEP][PASSED] - else: Actual text 'Pending Approval(1.50)' and expected text 'Pending Approval(1.50)' are matched 

2021-08-19 21:50:40 - [TEST_STEP][PASSED] - verifyMatch(getText(findTestObject("Object Repository/Apply Leave/Page_OrangeHRM/a_2021-09-02 to 2021-09-03")), date, false, STOP_ON_FAILURE): Actual text '2021-09-02 to 2021-09-03' and expected text '2021-09-02 to 2021-09-03' are matched 

2021-08-19 21:50:40 - [MESSAGE][PASSED] - Text of object 'Object Repository/Apply Leave/Page_OrangeHRM/a_2021-09-02 to 2021-09-03' is: '2021-09-02 to 2021-09-03'

2021-08-19 21:50:40 - [MESSAGE][PASSED] - Actual text '2021-09-02 to 2021-09-03' and expected text '2021-09-02 to 2021-09-03' are matched 

2021-08-19 21:50:40 - [TEST_STEP][PASSED] - verifyMatch(getText(findTestObject("Object Repository/Apply Leave/Page_OrangeHRM/a_Rachel Morris")), fullName, false, STOP_ON_FAILURE): Actual text 'Rachel Morris' and expected text 'Rachel Morris' are matched 

2021-08-19 21:50:41 - [MESSAGE][PASSED] - Text of object 'Object Repository/Apply Leave/Page_OrangeHRM/a_Rachel Morris' is: 'Rachel Morris'

2021-08-19 21:50:41 - [MESSAGE][PASSED] - Actual text 'Rachel Morris' and expected text 'Rachel Morris' are matched 

2021-08-19 21:50:41 - [TEST_STEP][PASSED] - verifyMatch(getText(findTestObject("Object Repository/Apply Leave/Page_OrangeHRM/td_Personal")), leaveType, false, STOP_ON_FAILURE): Actual text 'Personal' and expected text 'Personal' are matched 

2021-08-19 21:50:41 - [MESSAGE][PASSED] - Text of object 'Object Repository/Apply Leave/Page_OrangeHRM/td_Personal' is: 'Personal'

2021-08-19 21:50:41 - [MESSAGE][PASSED] - Actual text 'Personal' and expected text 'Personal' are matched 

2021-08-19 21:50:41 - [TEST_STEP][PASSED] - verifyMatch(25"))).toString(), parseDouble(days).toString(), false, STOP_ON_FAILURE): Actual text '48.5' and expected text '48.5' are matched 

2021-08-19 21:50:41 - [MESSAGE][PASSED] - Text of object 'Object Repository/Apply Leave/Page_OrangeHRM/td_49.25' is: '48.50'

2021-08-19 21:50:41 - [MESSAGE][PASSED] - Actual text '48.5' and expected text '48.5' are matched 

2021-08-19 21:50:41 - [TEST_STEP][PASSED] - verifyMatch(getText(findTestObject("Object Repository/Apply Leave/Page_OrangeHRM/td_0.75")), days, false, STOP_ON_FAILURE): Actual text '1.50' and expected text '1.50' are matched 

2021-08-19 21:50:42 - [MESSAGE][PASSED] - Text of object 'Object Repository/Apply Leave/Page_OrangeHRM/td_0.75' is: '1.50'

2021-08-19 21:50:42 - [MESSAGE][PASSED] - Actual text '1.50' and expected text '1.50' are matched 

2021-08-19 21:50:42 - [TEST_STEP][PASSED] - verifyMatch(getText(findTestObject("Object Repository/Apply Leave/Page_OrangeHRM/a_Pending Approval(0.75)")), status + "(" + days + ")", false, STOP_ON_FAILURE): Actual text 'Pending Approval(1.50)' and expected text 'Pending Approval(1.50)' are matched 

2021-08-19 21:50:42 - [MESSAGE][PASSED] - Text of object 'Object Repository/Apply Leave/Page_OrangeHRM/a_Pending Approval(0.75)' is: 'Pending Approval(1.50)'

2021-08-19 21:50:42 - [MESSAGE][PASSED] - Actual text 'Pending Approval(1.50)' and expected text 'Pending Approval(1.50)' are matched]]></system-out>
         <system-err><![CDATA[]]></system-err>
      </testcase>
      <testcase name="Test Cases/Apply Leave" time="28.011" classname="Test Cases/Apply Leave" status="PASSED">
         <system-out><![CDATA[2021-08-19 21:50:44 - [TEST_CASE][PASSED] - Test Cases/Apply Leave: Test Cases/Apply Leave

2021-08-19 21:50:44 - [TEST_STEP][PASSED] - com.database.mysql.connectDB("localhost", "orangehrm_mysql", "3306", "root", null): com.database.mysql.connectDB is PASSED

2021-08-19 21:50:44 - [MESSAGE][PASSED] - com.database.mysql.connectDB is PASSED

2021-08-19 21:50:44 - [TEST_STEP][PASSED] - com.database.mysql.execute("DELETE FROM `ohrm_leave_request` WHERE `emp_number`=3 AND `date_applied`='2021-09-02' AND `leave_type_id` = 3"): com.database.mysql.execute is PASSED

2021-08-19 21:50:44 - [MESSAGE][PASSED] - com.database.mysql.execute is PASSED

2021-08-19 21:50:44 - [TEST_STEP][PASSED] - com.database.mysql.execute("DELETE FROM `ohrm_leave` WHERE `emp_number` = 3 AND `leave_type_id`=3 and (`date`='2021-09-02' or `date`='2021-09-03') "): com.database.mysql.execute is PASSED

2021-08-19 21:50:44 - [MESSAGE][PASSED] - com.database.mysql.execute is PASSED

2021-08-19 21:50:44 - [TEST_STEP][PASSED] - com.database.mysql.closeDatabaseConnection(): com.database.mysql.closeDatabaseConnection is PASSED

2021-08-19 21:50:44 - [MESSAGE][PASSED] - com.database.mysql.closeDatabaseConnection is PASSED

2021-08-19 21:50:44 - [TEST_STEP][PASSED] - navigateToUrl("http://localhost/orangehrm/symfony/web/index.php/dashboard"): Navigate to 'http://localhost/orangehrm/symfony/web/index.php/dashboard' successfully

2021-08-19 21:50:45 - [MESSAGE][PASSED] - Navigate to 'http://localhost/orangehrm/symfony/web/index.php/dashboard' successfully

2021-08-19 21:50:45 - [TEST_STEP][PASSED] - click(findTestObject("Object Repository/Apply Leave/Page_OrangeHRM/img")): Object: 'Object Repository/Apply Leave/Page_OrangeHRM/img' is clicked on

2021-08-19 21:50:46 - [MESSAGE][PASSED] - Object: 'Object Repository/Apply Leave/Page_OrangeHRM/img' is clicked on

2021-08-19 21:50:46 - [TEST_STEP][PASSED] - selectOptionByValue(findTestObject("Object Repository/Apply Leave/Page_OrangeHRM/select_--Select--MarriageMaternityPersonalS_480ad7"), "3", true): All options with value '3' are selected in object 'Object Repository/Apply Leave/Page_OrangeHRM/select_--Select--MarriageMaternityPersonalS_480ad7'  using regular expression

2021-08-19 21:50:47 - [MESSAGE][PASSED] - All options with value '3' are selected in object 'Object Repository/Apply Leave/Page_OrangeHRM/select_--Select--MarriageMaternityPersonalS_480ad7'  using regular expression

2021-08-19 21:50:47 - [TEST_STEP][PASSED] - setText(findTestObject("Object Repository/Apply Leave/Page_OrangeHRM/input__applyleavetxtFromDate"), from): Text '2021-09-02' is set on object 'Object Repository/Apply Leave/Page_OrangeHRM/input__applyleavetxtFromDate'

2021-08-19 21:50:49 - [MESSAGE][PASSED] - Text '2021-09-02' is set on object 'Object Repository/Apply Leave/Page_OrangeHRM/input__applyleavetxtFromDate'

2021-08-19 21:50:49 - [TEST_STEP][PASSED] - sendKeys(findTestObject("Object Repository/Apply Leave/Page_OrangeHRM/input__applyleavetxtFromDate"), Keys.chord(ENTER)): Keys 'ENTER + ' sent to object: 'Object Repository/Apply Leave/Page_OrangeHRM/input__applyleavetxtFromDate'

2021-08-19 21:50:49 - [MESSAGE][PASSED] - Keys 'ENTER + ' sent to object: 'Object Repository/Apply Leave/Page_OrangeHRM/input__applyleavetxtFromDate'

2021-08-19 21:50:49 - [TEST_STEP][PASSED] - setText(findTestObject("Object Repository/Apply Leave/Page_OrangeHRM/input__applyleavetxtToDate"), to): Text '2021-09-03' is set on object 'Object Repository/Apply Leave/Page_OrangeHRM/input__applyleavetxtToDate'

2021-08-19 21:50:51 - [MESSAGE][PASSED] - Text '2021-09-03' is set on object 'Object Repository/Apply Leave/Page_OrangeHRM/input__applyleavetxtToDate'

2021-08-19 21:50:51 - [TEST_STEP][PASSED] - sendKeys(findTestObject("Object Repository/Apply Leave/Page_OrangeHRM/input__applyleavetxtToDate"), Keys.chord(ENTER)): Keys 'ENTER + ' sent to object: 'Object Repository/Apply Leave/Page_OrangeHRM/input__applyleavetxtToDate'

2021-08-19 21:50:51 - [MESSAGE][PASSED] - Keys 'ENTER + ' sent to object: 'Object Repository/Apply Leave/Page_OrangeHRM/input__applyleavetxtToDate'

2021-08-19 21:50:51 - [TEST_STEP][PASSED] - if (from.equals(to)): null

2021-08-19 21:50:51 - [TEST_STEP][PASSED] - else: null

2021-08-19 21:50:51 - [TEST_STEP][PASSED] - selectOptionByValue(findTestObject("Object Repository/Apply Leave/Page_OrangeHRM/select_NoneAll DaysStart Day OnlyEnd Day On_3e5258"), partialDays, true): All options with value 'start_end' are selected in object 'Object Repository/Apply Leave/Page_OrangeHRM/select_NoneAll DaysStart Day OnlyEnd Day On_3e5258'  using regular expression

2021-08-19 21:50:53 - [MESSAGE][PASSED] - All options with value 'start_end' are selected in object 'Object Repository/Apply Leave/Page_OrangeHRM/select_NoneAll DaysStart Day OnlyEnd Day On_3e5258'  using regular expression

2021-08-19 21:50:53 - [TEST_STEP][PASSED] - if (partialDays.equals("all") || partialDays.equals("start")): null

2021-08-19 21:50:53 - [TEST_STEP][PASSED] - if (partialDays.equals("end")): null

2021-08-19 21:50:53 - [TEST_STEP][PASSED] - if (partialDays.equals("start_end")): null

2021-08-19 21:50:53 - [TEST_STEP][PASSED] - selectOptionByValue(findTestObject("Object Repository/Apply Leave/Page_OrangeHRM/applyleave_firstDuration_duration"), duration1, true): All options with value 'specify_time' are selected in object 'Object Repository/Apply Leave/Page_OrangeHRM/applyleave_firstDuration_duration'  using regular expression

2021-08-19 21:50:54 - [MESSAGE][PASSED] - All options with value 'specify_time' are selected in object 'Object Repository/Apply Leave/Page_OrangeHRM/applyleave_firstDuration_duration'  using regular expression

2021-08-19 21:50:54 - [TEST_STEP][PASSED] - if (duration1.equals("half_day")): null

2021-08-19 21:50:54 - [TEST_STEP][PASSED] - if (duration1.equals("specify_time")): All options with value '08:00' are selected in object 'Object Repository/Apply Leave/Page_OrangeHRM/select_000000150030004501000115013001450200_bef9c6_1_2_3'  using regular expression

2021-08-19 21:50:54 - [TEST_STEP][PASSED] - selectOptionByValue(findTestObject("Object Repository/Apply Leave/Page_OrangeHRM/select_000000150030004501000115013001450200_bef9c6_1_2"), duration2, true): All options with value '09:00' are selected in object 'Object Repository/Apply Leave/Page_OrangeHRM/select_000000150030004501000115013001450200_bef9c6_1_2'  using regular expression

2021-08-19 21:50:57 - [MESSAGE][PASSED] - All options with value '09:00' are selected in object 'Object Repository/Apply Leave/Page_OrangeHRM/select_000000150030004501000115013001450200_bef9c6_1_2'  using regular expression

2021-08-19 21:50:57 - [TEST_STEP][PASSED] - selectOptionByValue(findTestObject("Object Repository/Apply Leave/Page_OrangeHRM/select_000000150030004501000115013001450200_bef9c6_1_2_3"), duration3, true): All options with value '08:00' are selected in object 'Object Repository/Apply Leave/Page_OrangeHRM/select_000000150030004501000115013001450200_bef9c6_1_2_3'  using regular expression

2021-08-19 21:51:00 - [MESSAGE][PASSED] - All options with value '08:00' are selected in object 'Object Repository/Apply Leave/Page_OrangeHRM/select_000000150030004501000115013001450200_bef9c6_1_2_3'  using regular expression

2021-08-19 21:51:00 - [TEST_STEP][PASSED] - selectOptionByValue(findTestObject("Object Repository/Apply Leave/Page_OrangeHRM/select_Half DaySpecify Time_1"), duration4, true): All options with value 'half_day' are selected in object 'Object Repository/Apply Leave/Page_OrangeHRM/select_Half DaySpecify Time_1'  using regular expression

2021-08-19 21:51:01 - [MESSAGE][PASSED] - All options with value 'half_day' are selected in object 'Object Repository/Apply Leave/Page_OrangeHRM/select_Half DaySpecify Time_1'  using regular expression

2021-08-19 21:51:01 - [TEST_STEP][PASSED] - if (duration4.equals("half_day")): All options with value 'AM' are selected in object 'Object Repository/Apply Leave/Page_OrangeHRM/select_MorningAfternoon_1'  using regular expression

2021-08-19 21:51:01 - [TEST_STEP][PASSED] - selectOptionByValue(findTestObject("Object Repository/Apply Leave/Page_OrangeHRM/select_MorningAfternoon_1"), duration5, true): All options with value 'AM' are selected in object 'Object Repository/Apply Leave/Page_OrangeHRM/select_MorningAfternoon_1'  using regular expression

2021-08-19 21:51:02 - [MESSAGE][PASSED] - All options with value 'AM' are selected in object 'Object Repository/Apply Leave/Page_OrangeHRM/select_MorningAfternoon_1'  using regular expression

2021-08-19 21:51:02 - [TEST_STEP][PASSED] - if (duration4.equals("specify_time")): null

2021-08-19 21:51:02 - [TEST_STEP][PASSED] - scrollToElement(findTestObject("Apply Leave/Page_OrangeHRM/input__applyBtn"), 0): Scroll to object 'Object Repository/Apply Leave/Page_OrangeHRM/input__applyBtn' successfully

2021-08-19 21:51:02 - [MESSAGE][WARNING] - Timeout '0' is invalid. Using default page load timeout: '30'

2021-08-19 21:51:02 - [MESSAGE][PASSED] - Scroll to object 'Object Repository/Apply Leave/Page_OrangeHRM/input__applyBtn' successfully

2021-08-19 21:51:02 - [TEST_STEP][PASSED] - takeScreenshot(): Taking screenshot successfully

2021-08-19 21:51:03 - [MESSAGE][PASSED] - Taking screenshot successfully
[[ATTACHMENT|C:\\Users\\nguye\\Katalon Studio\\OrangeHRM\\Reports\\20210819_213101\\Apply Leave\\20210819_213101\\1629384663022.png]]

2021-08-19 21:51:03 - [TEST_STEP][PASSED] - click(findTestObject("Object Repository/Apply Leave/Page_OrangeHRM/input__applyBtn")): Object: 'Object Repository/Apply Leave/Page_OrangeHRM/input__applyBtn' is clicked on

2021-08-19 21:51:03 - [MESSAGE][PASSED] - Object: 'Object Repository/Apply Leave/Page_OrangeHRM/input__applyBtn' is clicked on

2021-08-19 21:51:03 - [TEST_STEP][PASSED] - navigateToUrl("http://localhost/orangehrm/symfony/web/index.php/leave/viewMyLeaveList/reset/1"): Navigate to 'http://localhost/orangehrm/symfony/web/index.php/leave/viewMyLeaveList/reset/1' successfully

2021-08-19 21:51:04 - [MESSAGE][PASSED] - Navigate to 'http://localhost/orangehrm/symfony/web/index.php/leave/viewMyLeaveList/reset/1' successfully

2021-08-19 21:51:04 - [TEST_STEP][PASSED] - setText(findTestObject("Object Repository/Apply Leave/Page_OrangeHRM/input_From_leaveListcalFromDate"), from): Text '2021-09-02' is set on object 'Object Repository/Apply Leave/Page_OrangeHRM/input_From_leaveListcalFromDate'

2021-08-19 21:51:05 - [MESSAGE][PASSED] - Text '2021-09-02' is set on object 'Object Repository/Apply Leave/Page_OrangeHRM/input_From_leaveListcalFromDate'

2021-08-19 21:51:05 - [TEST_STEP][PASSED] - sendKeys(findTestObject("Object Repository/Apply Leave/Page_OrangeHRM/input_From_leaveListcalFromDate"), Keys.chord(ENTER)): Keys 'ENTER + ' sent to object: 'Object Repository/Apply Leave/Page_OrangeHRM/input_From_leaveListcalFromDate'

2021-08-19 21:51:06 - [MESSAGE][PASSED] - Keys 'ENTER + ' sent to object: 'Object Repository/Apply Leave/Page_OrangeHRM/input_From_leaveListcalFromDate'

2021-08-19 21:51:06 - [TEST_STEP][PASSED] - setText(findTestObject("Object Repository/Apply Leave/Page_OrangeHRM/input_To_leaveListcalToDate"), to): Text '2021-09-03' is set on object 'Object Repository/Apply Leave/Page_OrangeHRM/input_To_leaveListcalToDate'

2021-08-19 21:51:06 - [MESSAGE][PASSED] - Text '2021-09-03' is set on object 'Object Repository/Apply Leave/Page_OrangeHRM/input_To_leaveListcalToDate'

2021-08-19 21:51:06 - [TEST_STEP][PASSED] - sendKeys(findTestObject("Object Repository/Apply Leave/Page_OrangeHRM/input_To_leaveListcalToDate"), Keys.chord(ENTER)): Keys 'ENTER + ' sent to object: 'Object Repository/Apply Leave/Page_OrangeHRM/input_To_leaveListcalToDate'

2021-08-19 21:51:07 - [MESSAGE][PASSED] - Keys 'ENTER + ' sent to object: 'Object Repository/Apply Leave/Page_OrangeHRM/input_To_leaveListcalToDate'

2021-08-19 21:51:07 - [TEST_STEP][PASSED] - uncheck(findTestObject("Object Repository/Apply Leave/Page_OrangeHRM/input_All_leaveList_chkSearchFilter_checkbo_a698f3")): Object 'Object Repository/Apply Leave/Page_OrangeHRM/input_All_leaveList_chkSearchFilter_checkbo_a698f3' is un-checked

2021-08-19 21:51:07 - [MESSAGE][PASSED] - Object 'Object Repository/Apply Leave/Page_OrangeHRM/input_All_leaveList_chkSearchFilter_checkbo_a698f3' is un-checked

2021-08-19 21:51:07 - [TEST_STEP][PASSED] - check(findTestObject("Object Repository/Apply Leave/Page_OrangeHRM/input_Pending Approval_leaveListchkSearchFilter")): Object 'Object Repository/Apply Leave/Page_OrangeHRM/input_Pending Approval_leaveListchkSearchFilter' is checked

2021-08-19 21:51:08 - [MESSAGE][PASSED] - Object 'Object Repository/Apply Leave/Page_OrangeHRM/input_Pending Approval_leaveListchkSearchFilter' is checked

2021-08-19 21:51:08 - [TEST_STEP][PASSED] - click(findTestObject("Object Repository/Apply Leave/Page_OrangeHRM/input_Taken_btnSearch")): Object: 'Object Repository/Apply Leave/Page_OrangeHRM/input_Taken_btnSearch' is clicked on

2021-08-19 21:51:09 - [MESSAGE][PASSED] - Object: 'Object Repository/Apply Leave/Page_OrangeHRM/input_Taken_btnSearch' is clicked on

2021-08-19 21:51:09 - [TEST_STEP][PASSED] - scrollToElement(findTestObject("Apply Leave/Page_OrangeHRM/th_Date"), 0): Scroll to object 'Object Repository/Apply Leave/Page_OrangeHRM/th_Date' successfully

2021-08-19 21:51:09 - [MESSAGE][WARNING] - Timeout '0' is invalid. Using default page load timeout: '30'

2021-08-19 21:51:09 - [MESSAGE][PASSED] - Scroll to object 'Object Repository/Apply Leave/Page_OrangeHRM/th_Date' successfully

2021-08-19 21:51:09 - [TEST_STEP][PASSED] - takeScreenshot(): Taking screenshot successfully

2021-08-19 21:51:10 - [MESSAGE][PASSED] - Taking screenshot successfully
[[ATTACHMENT|C:\\Users\\nguye\\Katalon Studio\\OrangeHRM\\Reports\\20210819_213101\\Apply Leave\\20210819_213101\\1629384670049.png]]

2021-08-19 21:51:10 - [TEST_STEP][PASSED] - if (days.equals("")): Actual text 'No Records Found' and expected text 'No Records Found' are matched 

2021-08-19 21:51:10 - [TEST_STEP][PASSED] - verifyMatch(getText(findTestObject("Object Repository/Apply Leave/Page_OrangeHRM/td_No Records Found")), "No Records Found", false, STOP_ON_FAILURE): Actual text 'No Records Found' and expected text 'No Records Found' are matched 

2021-08-19 21:51:10 - [MESSAGE][PASSED] - Text of object 'Object Repository/Apply Leave/Page_OrangeHRM/td_No Records Found' is: 'No Records Found'

2021-08-19 21:51:10 - [MESSAGE][PASSED] - Actual text 'No Records Found' and expected text 'No Records Found' are matched]]></system-out>
         <system-err><![CDATA[]]></system-err>
      </testcase>
      <testcase name="Test Cases/Apply Leave" time="28.009" classname="Test Cases/Apply Leave" status="PASSED">
         <system-out><![CDATA[2021-08-19 21:51:12 - [TEST_CASE][PASSED] - Test Cases/Apply Leave: Test Cases/Apply Leave

2021-08-19 21:51:12 - [TEST_STEP][PASSED] - com.database.mysql.connectDB("localhost", "orangehrm_mysql", "3306", "root", null): com.database.mysql.connectDB is PASSED

2021-08-19 21:51:12 - [MESSAGE][PASSED] - com.database.mysql.connectDB is PASSED

2021-08-19 21:51:12 - [TEST_STEP][PASSED] - com.database.mysql.execute("DELETE FROM `ohrm_leave_request` WHERE `emp_number`=3 AND `date_applied`='2021-09-02' AND `leave_type_id` = 3"): com.database.mysql.execute is PASSED

2021-08-19 21:51:12 - [MESSAGE][PASSED] - com.database.mysql.execute is PASSED

2021-08-19 21:51:12 - [TEST_STEP][PASSED] - com.database.mysql.execute("DELETE FROM `ohrm_leave` WHERE `emp_number` = 3 AND `leave_type_id`=3 and (`date`='2021-09-02' or `date`='2021-09-03') "): com.database.mysql.execute is PASSED

2021-08-19 21:51:12 - [MESSAGE][PASSED] - com.database.mysql.execute is PASSED

2021-08-19 21:51:12 - [TEST_STEP][PASSED] - com.database.mysql.closeDatabaseConnection(): com.database.mysql.closeDatabaseConnection is PASSED

2021-08-19 21:51:12 - [MESSAGE][PASSED] - com.database.mysql.closeDatabaseConnection is PASSED

2021-08-19 21:51:12 - [TEST_STEP][PASSED] - navigateToUrl("http://localhost/orangehrm/symfony/web/index.php/dashboard"): Navigate to 'http://localhost/orangehrm/symfony/web/index.php/dashboard' successfully

2021-08-19 21:51:13 - [MESSAGE][PASSED] - Navigate to 'http://localhost/orangehrm/symfony/web/index.php/dashboard' successfully

2021-08-19 21:51:13 - [TEST_STEP][PASSED] - click(findTestObject("Object Repository/Apply Leave/Page_OrangeHRM/img")): Object: 'Object Repository/Apply Leave/Page_OrangeHRM/img' is clicked on

2021-08-19 21:51:14 - [MESSAGE][PASSED] - Object: 'Object Repository/Apply Leave/Page_OrangeHRM/img' is clicked on

2021-08-19 21:51:14 - [TEST_STEP][PASSED] - selectOptionByValue(findTestObject("Object Repository/Apply Leave/Page_OrangeHRM/select_--Select--MarriageMaternityPersonalS_480ad7"), "3", true): All options with value '3' are selected in object 'Object Repository/Apply Leave/Page_OrangeHRM/select_--Select--MarriageMaternityPersonalS_480ad7'  using regular expression

2021-08-19 21:51:15 - [MESSAGE][PASSED] - All options with value '3' are selected in object 'Object Repository/Apply Leave/Page_OrangeHRM/select_--Select--MarriageMaternityPersonalS_480ad7'  using regular expression

2021-08-19 21:51:15 - [TEST_STEP][PASSED] - setText(findTestObject("Object Repository/Apply Leave/Page_OrangeHRM/input__applyleavetxtFromDate"), from): Text '2021-09-02' is set on object 'Object Repository/Apply Leave/Page_OrangeHRM/input__applyleavetxtFromDate'

2021-08-19 21:51:16 - [MESSAGE][PASSED] - Text '2021-09-02' is set on object 'Object Repository/Apply Leave/Page_OrangeHRM/input__applyleavetxtFromDate'

2021-08-19 21:51:16 - [TEST_STEP][PASSED] - sendKeys(findTestObject("Object Repository/Apply Leave/Page_OrangeHRM/input__applyleavetxtFromDate"), Keys.chord(ENTER)): Keys 'ENTER + ' sent to object: 'Object Repository/Apply Leave/Page_OrangeHRM/input__applyleavetxtFromDate'

2021-08-19 21:51:17 - [MESSAGE][PASSED] - Keys 'ENTER + ' sent to object: 'Object Repository/Apply Leave/Page_OrangeHRM/input__applyleavetxtFromDate'

2021-08-19 21:51:17 - [TEST_STEP][PASSED] - setText(findTestObject("Object Repository/Apply Leave/Page_OrangeHRM/input__applyleavetxtToDate"), to): Text '2021-09-03' is set on object 'Object Repository/Apply Leave/Page_OrangeHRM/input__applyleavetxtToDate'

2021-08-19 21:51:18 - [MESSAGE][PASSED] - Text '2021-09-03' is set on object 'Object Repository/Apply Leave/Page_OrangeHRM/input__applyleavetxtToDate'

2021-08-19 21:51:18 - [TEST_STEP][PASSED] - sendKeys(findTestObject("Object Repository/Apply Leave/Page_OrangeHRM/input__applyleavetxtToDate"), Keys.chord(ENTER)): Keys 'ENTER + ' sent to object: 'Object Repository/Apply Leave/Page_OrangeHRM/input__applyleavetxtToDate'

2021-08-19 21:51:19 - [MESSAGE][PASSED] - Keys 'ENTER + ' sent to object: 'Object Repository/Apply Leave/Page_OrangeHRM/input__applyleavetxtToDate'

2021-08-19 21:51:19 - [TEST_STEP][PASSED] - if (from.equals(to)): null

2021-08-19 21:51:19 - [TEST_STEP][PASSED] - else: null

2021-08-19 21:51:19 - [TEST_STEP][PASSED] - selectOptionByValue(findTestObject("Object Repository/Apply Leave/Page_OrangeHRM/select_NoneAll DaysStart Day OnlyEnd Day On_3e5258"), partialDays, true): All options with value 'start_end' are selected in object 'Object Repository/Apply Leave/Page_OrangeHRM/select_NoneAll DaysStart Day OnlyEnd Day On_3e5258'  using regular expression

2021-08-19 21:51:20 - [MESSAGE][PASSED] - All options with value 'start_end' are selected in object 'Object Repository/Apply Leave/Page_OrangeHRM/select_NoneAll DaysStart Day OnlyEnd Day On_3e5258'  using regular expression

2021-08-19 21:51:20 - [TEST_STEP][PASSED] - if (partialDays.equals("all") || partialDays.equals("start")): null

2021-08-19 21:51:20 - [TEST_STEP][PASSED] - if (partialDays.equals("end")): null

2021-08-19 21:51:20 - [TEST_STEP][PASSED] - if (partialDays.equals("start_end")): null

2021-08-19 21:51:20 - [TEST_STEP][PASSED] - selectOptionByValue(findTestObject("Object Repository/Apply Leave/Page_OrangeHRM/applyleave_firstDuration_duration"), duration1, true): All options with value 'specify_time' are selected in object 'Object Repository/Apply Leave/Page_OrangeHRM/applyleave_firstDuration_duration'  using regular expression

2021-08-19 21:51:21 - [MESSAGE][PASSED] - All options with value 'specify_time' are selected in object 'Object Repository/Apply Leave/Page_OrangeHRM/applyleave_firstDuration_duration'  using regular expression

2021-08-19 21:51:21 - [TEST_STEP][PASSED] - if (duration1.equals("half_day")): null

2021-08-19 21:51:21 - [TEST_STEP][PASSED] - if (duration1.equals("specify_time")): All options with value '09:00' are selected in object 'Object Repository/Apply Leave/Page_OrangeHRM/select_000000150030004501000115013001450200_bef9c6_1_2_3'  using regular expression

2021-08-19 21:51:21 - [TEST_STEP][PASSED] - selectOptionByValue(findTestObject("Object Repository/Apply Leave/Page_OrangeHRM/select_000000150030004501000115013001450200_bef9c6_1_2"), duration2, true): All options with value '09:00' are selected in object 'Object Repository/Apply Leave/Page_OrangeHRM/select_000000150030004501000115013001450200_bef9c6_1_2'  using regular expression

2021-08-19 21:51:25 - [MESSAGE][PASSED] - All options with value '09:00' are selected in object 'Object Repository/Apply Leave/Page_OrangeHRM/select_000000150030004501000115013001450200_bef9c6_1_2'  using regular expression

2021-08-19 21:51:25 - [TEST_STEP][PASSED] - selectOptionByValue(findTestObject("Object Repository/Apply Leave/Page_OrangeHRM/select_000000150030004501000115013001450200_bef9c6_1_2_3"), duration3, true): All options with value '09:00' are selected in object 'Object Repository/Apply Leave/Page_OrangeHRM/select_000000150030004501000115013001450200_bef9c6_1_2_3'  using regular expression

2021-08-19 21:51:28 - [MESSAGE][PASSED] - All options with value '09:00' are selected in object 'Object Repository/Apply Leave/Page_OrangeHRM/select_000000150030004501000115013001450200_bef9c6_1_2_3'  using regular expression

2021-08-19 21:51:28 - [TEST_STEP][PASSED] - selectOptionByValue(findTestObject("Object Repository/Apply Leave/Page_OrangeHRM/select_Half DaySpecify Time_1"), duration4, true): All options with value 'half_day' are selected in object 'Object Repository/Apply Leave/Page_OrangeHRM/select_Half DaySpecify Time_1'  using regular expression

2021-08-19 21:51:29 - [MESSAGE][PASSED] - All options with value 'half_day' are selected in object 'Object Repository/Apply Leave/Page_OrangeHRM/select_Half DaySpecify Time_1'  using regular expression

2021-08-19 21:51:29 - [TEST_STEP][PASSED] - if (duration4.equals("half_day")): All options with value 'AM' are selected in object 'Object Repository/Apply Leave/Page_OrangeHRM/select_MorningAfternoon_1'  using regular expression

2021-08-19 21:51:29 - [TEST_STEP][PASSED] - selectOptionByValue(findTestObject("Object Repository/Apply Leave/Page_OrangeHRM/select_MorningAfternoon_1"), duration5, true): All options with value 'AM' are selected in object 'Object Repository/Apply Leave/Page_OrangeHRM/select_MorningAfternoon_1'  using regular expression

2021-08-19 21:51:30 - [MESSAGE][PASSED] - All options with value 'AM' are selected in object 'Object Repository/Apply Leave/Page_OrangeHRM/select_MorningAfternoon_1'  using regular expression

2021-08-19 21:51:30 - [TEST_STEP][PASSED] - if (duration4.equals("specify_time")): null

2021-08-19 21:51:30 - [TEST_STEP][PASSED] - scrollToElement(findTestObject("Apply Leave/Page_OrangeHRM/input__applyBtn"), 0): Scroll to object 'Object Repository/Apply Leave/Page_OrangeHRM/input__applyBtn' successfully

2021-08-19 21:51:30 - [MESSAGE][WARNING] - Timeout '0' is invalid. Using default page load timeout: '30'

2021-08-19 21:51:30 - [MESSAGE][PASSED] - Scroll to object 'Object Repository/Apply Leave/Page_OrangeHRM/input__applyBtn' successfully

2021-08-19 21:51:30 - [TEST_STEP][PASSED] - takeScreenshot(): Taking screenshot successfully

2021-08-19 21:51:30 - [MESSAGE][PASSED] - Taking screenshot successfully
[[ATTACHMENT|C:\\Users\\nguye\\Katalon Studio\\OrangeHRM\\Reports\\20210819_213101\\Apply Leave\\20210819_213101\\1629384690702.png]]

2021-08-19 21:51:30 - [TEST_STEP][PASSED] - click(findTestObject("Object Repository/Apply Leave/Page_OrangeHRM/input__applyBtn")): Object: 'Object Repository/Apply Leave/Page_OrangeHRM/input__applyBtn' is clicked on

2021-08-19 21:51:31 - [MESSAGE][PASSED] - Object: 'Object Repository/Apply Leave/Page_OrangeHRM/input__applyBtn' is clicked on

2021-08-19 21:51:31 - [TEST_STEP][PASSED] - navigateToUrl("http://localhost/orangehrm/symfony/web/index.php/leave/viewMyLeaveList/reset/1"): Navigate to 'http://localhost/orangehrm/symfony/web/index.php/leave/viewMyLeaveList/reset/1' successfully

2021-08-19 21:51:31 - [MESSAGE][PASSED] - Navigate to 'http://localhost/orangehrm/symfony/web/index.php/leave/viewMyLeaveList/reset/1' successfully

2021-08-19 21:51:31 - [TEST_STEP][PASSED] - setText(findTestObject("Object Repository/Apply Leave/Page_OrangeHRM/input_From_leaveListcalFromDate"), from): Text '2021-09-02' is set on object 'Object Repository/Apply Leave/Page_OrangeHRM/input_From_leaveListcalFromDate'

2021-08-19 21:51:33 - [MESSAGE][PASSED] - Text '2021-09-02' is set on object 'Object Repository/Apply Leave/Page_OrangeHRM/input_From_leaveListcalFromDate'

2021-08-19 21:51:33 - [TEST_STEP][PASSED] - sendKeys(findTestObject("Object Repository/Apply Leave/Page_OrangeHRM/input_From_leaveListcalFromDate"), Keys.chord(ENTER)): Keys 'ENTER + ' sent to object: 'Object Repository/Apply Leave/Page_OrangeHRM/input_From_leaveListcalFromDate'

2021-08-19 21:51:34 - [MESSAGE][PASSED] - Keys 'ENTER + ' sent to object: 'Object Repository/Apply Leave/Page_OrangeHRM/input_From_leaveListcalFromDate'

2021-08-19 21:51:34 - [TEST_STEP][PASSED] - setText(findTestObject("Object Repository/Apply Leave/Page_OrangeHRM/input_To_leaveListcalToDate"), to): Text '2021-09-03' is set on object 'Object Repository/Apply Leave/Page_OrangeHRM/input_To_leaveListcalToDate'

2021-08-19 21:51:35 - [MESSAGE][PASSED] - Text '2021-09-03' is set on object 'Object Repository/Apply Leave/Page_OrangeHRM/input_To_leaveListcalToDate'

2021-08-19 21:51:35 - [TEST_STEP][PASSED] - sendKeys(findTestObject("Object Repository/Apply Leave/Page_OrangeHRM/input_To_leaveListcalToDate"), Keys.chord(ENTER)): Keys 'ENTER + ' sent to object: 'Object Repository/Apply Leave/Page_OrangeHRM/input_To_leaveListcalToDate'

2021-08-19 21:51:35 - [MESSAGE][PASSED] - Keys 'ENTER + ' sent to object: 'Object Repository/Apply Leave/Page_OrangeHRM/input_To_leaveListcalToDate'

2021-08-19 21:51:35 - [TEST_STEP][PASSED] - uncheck(findTestObject("Object Repository/Apply Leave/Page_OrangeHRM/input_All_leaveList_chkSearchFilter_checkbo_a698f3")): Object 'Object Repository/Apply Leave/Page_OrangeHRM/input_All_leaveList_chkSearchFilter_checkbo_a698f3' is un-checked

2021-08-19 21:51:36 - [MESSAGE][PASSED] - Object 'Object Repository/Apply Leave/Page_OrangeHRM/input_All_leaveList_chkSearchFilter_checkbo_a698f3' is un-checked

2021-08-19 21:51:36 - [TEST_STEP][PASSED] - check(findTestObject("Object Repository/Apply Leave/Page_OrangeHRM/input_Pending Approval_leaveListchkSearchFilter")): Object 'Object Repository/Apply Leave/Page_OrangeHRM/input_Pending Approval_leaveListchkSearchFilter' is checked

2021-08-19 21:51:36 - [MESSAGE][PASSED] - Object 'Object Repository/Apply Leave/Page_OrangeHRM/input_Pending Approval_leaveListchkSearchFilter' is checked

2021-08-19 21:51:36 - [TEST_STEP][PASSED] - click(findTestObject("Object Repository/Apply Leave/Page_OrangeHRM/input_Taken_btnSearch")): Object: 'Object Repository/Apply Leave/Page_OrangeHRM/input_Taken_btnSearch' is clicked on

2021-08-19 21:51:37 - [MESSAGE][PASSED] - Object: 'Object Repository/Apply Leave/Page_OrangeHRM/input_Taken_btnSearch' is clicked on

2021-08-19 21:51:37 - [TEST_STEP][PASSED] - scrollToElement(findTestObject("Apply Leave/Page_OrangeHRM/th_Date"), 0): Scroll to object 'Object Repository/Apply Leave/Page_OrangeHRM/th_Date' successfully

2021-08-19 21:51:37 - [MESSAGE][WARNING] - Timeout '0' is invalid. Using default page load timeout: '30'

2021-08-19 21:51:37 - [MESSAGE][PASSED] - Scroll to object 'Object Repository/Apply Leave/Page_OrangeHRM/th_Date' successfully

2021-08-19 21:51:37 - [TEST_STEP][PASSED] - takeScreenshot(): Taking screenshot successfully

2021-08-19 21:51:38 - [MESSAGE][PASSED] - Taking screenshot successfully
[[ATTACHMENT|C:\\Users\\nguye\\Katalon Studio\\OrangeHRM\\Reports\\20210819_213101\\Apply Leave\\20210819_213101\\1629384698134.png]]

2021-08-19 21:51:38 - [TEST_STEP][PASSED] - if (days.equals("")): Actual text 'No Records Found' and expected text 'No Records Found' are matched 

2021-08-19 21:51:38 - [TEST_STEP][PASSED] - verifyMatch(getText(findTestObject("Object Repository/Apply Leave/Page_OrangeHRM/td_No Records Found")), "No Records Found", false, STOP_ON_FAILURE): Actual text 'No Records Found' and expected text 'No Records Found' are matched 

2021-08-19 21:51:38 - [MESSAGE][PASSED] - Text of object 'Object Repository/Apply Leave/Page_OrangeHRM/td_No Records Found' is: 'No Records Found'

2021-08-19 21:51:38 - [MESSAGE][PASSED] - Actual text 'No Records Found' and expected text 'No Records Found' are matched]]></system-out>
         <system-err><![CDATA[]]></system-err>
      </testcase>
      <testcase name="Test Cases/Apply Leave" time="30.545" classname="Test Cases/Apply Leave" status="PASSED">
         <system-out><![CDATA[2021-08-19 21:51:40 - [TEST_CASE][PASSED] - Test Cases/Apply Leave: Test Cases/Apply Leave

2021-08-19 21:51:40 - [TEST_STEP][PASSED] - com.database.mysql.connectDB("localhost", "orangehrm_mysql", "3306", "root", null): com.database.mysql.connectDB is PASSED

2021-08-19 21:51:40 - [MESSAGE][PASSED] - com.database.mysql.connectDB is PASSED

2021-08-19 21:51:40 - [TEST_STEP][PASSED] - com.database.mysql.execute("DELETE FROM `ohrm_leave_request` WHERE `emp_number`=3 AND `date_applied`='2021-09-02' AND `leave_type_id` = 3"): com.database.mysql.execute is PASSED

2021-08-19 21:51:40 - [MESSAGE][PASSED] - com.database.mysql.execute is PASSED

2021-08-19 21:51:40 - [TEST_STEP][PASSED] - com.database.mysql.execute("DELETE FROM `ohrm_leave` WHERE `emp_number` = 3 AND `leave_type_id`=3 and (`date`='2021-09-02' or `date`='2021-09-03') "): com.database.mysql.execute is PASSED

2021-08-19 21:51:40 - [MESSAGE][PASSED] - com.database.mysql.execute is PASSED

2021-08-19 21:51:40 - [TEST_STEP][PASSED] - com.database.mysql.closeDatabaseConnection(): com.database.mysql.closeDatabaseConnection is PASSED

2021-08-19 21:51:40 - [MESSAGE][PASSED] - com.database.mysql.closeDatabaseConnection is PASSED

2021-08-19 21:51:40 - [TEST_STEP][PASSED] - navigateToUrl("http://localhost/orangehrm/symfony/web/index.php/dashboard"): Navigate to 'http://localhost/orangehrm/symfony/web/index.php/dashboard' successfully

2021-08-19 21:51:41 - [MESSAGE][PASSED] - Navigate to 'http://localhost/orangehrm/symfony/web/index.php/dashboard' successfully

2021-08-19 21:51:41 - [TEST_STEP][PASSED] - click(findTestObject("Object Repository/Apply Leave/Page_OrangeHRM/img")): Object: 'Object Repository/Apply Leave/Page_OrangeHRM/img' is clicked on

2021-08-19 21:51:42 - [MESSAGE][PASSED] - Object: 'Object Repository/Apply Leave/Page_OrangeHRM/img' is clicked on

2021-08-19 21:51:42 - [TEST_STEP][PASSED] - selectOptionByValue(findTestObject("Object Repository/Apply Leave/Page_OrangeHRM/select_--Select--MarriageMaternityPersonalS_480ad7"), "3", true): All options with value '3' are selected in object 'Object Repository/Apply Leave/Page_OrangeHRM/select_--Select--MarriageMaternityPersonalS_480ad7'  using regular expression

2021-08-19 21:51:43 - [MESSAGE][PASSED] - All options with value '3' are selected in object 'Object Repository/Apply Leave/Page_OrangeHRM/select_--Select--MarriageMaternityPersonalS_480ad7'  using regular expression

2021-08-19 21:51:43 - [TEST_STEP][PASSED] - setText(findTestObject("Object Repository/Apply Leave/Page_OrangeHRM/input__applyleavetxtFromDate"), from): Text '2021-09-02' is set on object 'Object Repository/Apply Leave/Page_OrangeHRM/input__applyleavetxtFromDate'

2021-08-19 21:51:45 - [MESSAGE][PASSED] - Text '2021-09-02' is set on object 'Object Repository/Apply Leave/Page_OrangeHRM/input__applyleavetxtFromDate'

2021-08-19 21:51:45 - [TEST_STEP][PASSED] - sendKeys(findTestObject("Object Repository/Apply Leave/Page_OrangeHRM/input__applyleavetxtFromDate"), Keys.chord(ENTER)): Keys 'ENTER + ' sent to object: 'Object Repository/Apply Leave/Page_OrangeHRM/input__applyleavetxtFromDate'

2021-08-19 21:51:45 - [MESSAGE][PASSED] - Keys 'ENTER + ' sent to object: 'Object Repository/Apply Leave/Page_OrangeHRM/input__applyleavetxtFromDate'

2021-08-19 21:51:45 - [TEST_STEP][PASSED] - setText(findTestObject("Object Repository/Apply Leave/Page_OrangeHRM/input__applyleavetxtToDate"), to): Text '2021-09-03' is set on object 'Object Repository/Apply Leave/Page_OrangeHRM/input__applyleavetxtToDate'

2021-08-19 21:51:47 - [MESSAGE][PASSED] - Text '2021-09-03' is set on object 'Object Repository/Apply Leave/Page_OrangeHRM/input__applyleavetxtToDate'

2021-08-19 21:51:47 - [TEST_STEP][PASSED] - sendKeys(findTestObject("Object Repository/Apply Leave/Page_OrangeHRM/input__applyleavetxtToDate"), Keys.chord(ENTER)): Keys 'ENTER + ' sent to object: 'Object Repository/Apply Leave/Page_OrangeHRM/input__applyleavetxtToDate'

2021-08-19 21:51:47 - [MESSAGE][PASSED] - Keys 'ENTER + ' sent to object: 'Object Repository/Apply Leave/Page_OrangeHRM/input__applyleavetxtToDate'

2021-08-19 21:51:47 - [TEST_STEP][PASSED] - if (from.equals(to)): null

2021-08-19 21:51:47 - [TEST_STEP][PASSED] - else: null

2021-08-19 21:51:47 - [TEST_STEP][PASSED] - selectOptionByValue(findTestObject("Object Repository/Apply Leave/Page_OrangeHRM/select_NoneAll DaysStart Day OnlyEnd Day On_3e5258"), partialDays, true): All options with value 'start_end' are selected in object 'Object Repository/Apply Leave/Page_OrangeHRM/select_NoneAll DaysStart Day OnlyEnd Day On_3e5258'  using regular expression

2021-08-19 21:51:49 - [MESSAGE][PASSED] - All options with value 'start_end' are selected in object 'Object Repository/Apply Leave/Page_OrangeHRM/select_NoneAll DaysStart Day OnlyEnd Day On_3e5258'  using regular expression

2021-08-19 21:51:49 - [TEST_STEP][PASSED] - if (partialDays.equals("all") || partialDays.equals("start")): null

2021-08-19 21:51:49 - [TEST_STEP][PASSED] - if (partialDays.equals("end")): null

2021-08-19 21:51:49 - [TEST_STEP][PASSED] - if (partialDays.equals("start_end")): null

2021-08-19 21:51:49 - [TEST_STEP][PASSED] - selectOptionByValue(findTestObject("Object Repository/Apply Leave/Page_OrangeHRM/applyleave_firstDuration_duration"), duration1, true): All options with value 'specify_time' are selected in object 'Object Repository/Apply Leave/Page_OrangeHRM/applyleave_firstDuration_duration'  using regular expression

2021-08-19 21:51:50 - [MESSAGE][PASSED] - All options with value 'specify_time' are selected in object 'Object Repository/Apply Leave/Page_OrangeHRM/applyleave_firstDuration_duration'  using regular expression

2021-08-19 21:51:50 - [TEST_STEP][PASSED] - if (duration1.equals("half_day")): null

2021-08-19 21:51:50 - [TEST_STEP][PASSED] - if (duration1.equals("specify_time")): All options with value '11:00' are selected in object 'Object Repository/Apply Leave/Page_OrangeHRM/select_000000150030004501000115013001450200_bef9c6_1_2_3'  using regular expression

2021-08-19 21:51:50 - [TEST_STEP][PASSED] - selectOptionByValue(findTestObject("Object Repository/Apply Leave/Page_OrangeHRM/select_000000150030004501000115013001450200_bef9c6_1_2"), duration2, true): All options with value '09:00' are selected in object 'Object Repository/Apply Leave/Page_OrangeHRM/select_000000150030004501000115013001450200_bef9c6_1_2'  using regular expression

2021-08-19 21:51:53 - [MESSAGE][PASSED] - All options with value '09:00' are selected in object 'Object Repository/Apply Leave/Page_OrangeHRM/select_000000150030004501000115013001450200_bef9c6_1_2'  using regular expression

2021-08-19 21:51:53 - [TEST_STEP][PASSED] - selectOptionByValue(findTestObject("Object Repository/Apply Leave/Page_OrangeHRM/select_000000150030004501000115013001450200_bef9c6_1_2_3"), duration3, true): All options with value '11:00' are selected in object 'Object Repository/Apply Leave/Page_OrangeHRM/select_000000150030004501000115013001450200_bef9c6_1_2_3'  using regular expression

2021-08-19 21:51:56 - [MESSAGE][PASSED] - All options with value '11:00' are selected in object 'Object Repository/Apply Leave/Page_OrangeHRM/select_000000150030004501000115013001450200_bef9c6_1_2_3'  using regular expression

2021-08-19 21:51:56 - [TEST_STEP][PASSED] - selectOptionByValue(findTestObject("Object Repository/Apply Leave/Page_OrangeHRM/select_Half DaySpecify Time_1"), duration4, true): All options with value 'half_day' are selected in object 'Object Repository/Apply Leave/Page_OrangeHRM/select_Half DaySpecify Time_1'  using regular expression

2021-08-19 21:51:57 - [MESSAGE][PASSED] - All options with value 'half_day' are selected in object 'Object Repository/Apply Leave/Page_OrangeHRM/select_Half DaySpecify Time_1'  using regular expression

2021-08-19 21:51:57 - [TEST_STEP][PASSED] - if (duration4.equals("half_day")): All options with value 'AM' are selected in object 'Object Repository/Apply Leave/Page_OrangeHRM/select_MorningAfternoon_1'  using regular expression

2021-08-19 21:51:57 - [TEST_STEP][PASSED] - selectOptionByValue(findTestObject("Object Repository/Apply Leave/Page_OrangeHRM/select_MorningAfternoon_1"), duration5, true): All options with value 'AM' are selected in object 'Object Repository/Apply Leave/Page_OrangeHRM/select_MorningAfternoon_1'  using regular expression

2021-08-19 21:51:58 - [MESSAGE][PASSED] - All options with value 'AM' are selected in object 'Object Repository/Apply Leave/Page_OrangeHRM/select_MorningAfternoon_1'  using regular expression

2021-08-19 21:51:58 - [TEST_STEP][PASSED] - if (duration4.equals("specify_time")): null

2021-08-19 21:51:58 - [TEST_STEP][PASSED] - scrollToElement(findTestObject("Apply Leave/Page_OrangeHRM/input__applyBtn"), 0): Scroll to object 'Object Repository/Apply Leave/Page_OrangeHRM/input__applyBtn' successfully

2021-08-19 21:51:58 - [MESSAGE][WARNING] - Timeout '0' is invalid. Using default page load timeout: '30'

2021-08-19 21:51:58 - [MESSAGE][PASSED] - Scroll to object 'Object Repository/Apply Leave/Page_OrangeHRM/input__applyBtn' successfully

2021-08-19 21:51:58 - [TEST_STEP][PASSED] - takeScreenshot(): Taking screenshot successfully

2021-08-19 21:51:59 - [MESSAGE][PASSED] - Taking screenshot successfully
[[ATTACHMENT|C:\\Users\\nguye\\Katalon Studio\\OrangeHRM\\Reports\\20210819_213101\\Apply Leave\\20210819_213101\\1629384718931.png]]

2021-08-19 21:51:59 - [TEST_STEP][PASSED] - click(findTestObject("Object Repository/Apply Leave/Page_OrangeHRM/input__applyBtn")): Object: 'Object Repository/Apply Leave/Page_OrangeHRM/input__applyBtn' is clicked on

2021-08-19 21:52:00 - [MESSAGE][PASSED] - Object: 'Object Repository/Apply Leave/Page_OrangeHRM/input__applyBtn' is clicked on

2021-08-19 21:52:00 - [TEST_STEP][PASSED] - navigateToUrl("http://localhost/orangehrm/symfony/web/index.php/leave/viewMyLeaveList/reset/1"): Navigate to 'http://localhost/orangehrm/symfony/web/index.php/leave/viewMyLeaveList/reset/1' successfully

2021-08-19 21:52:00 - [MESSAGE][PASSED] - Navigate to 'http://localhost/orangehrm/symfony/web/index.php/leave/viewMyLeaveList/reset/1' successfully

2021-08-19 21:52:00 - [TEST_STEP][PASSED] - setText(findTestObject("Object Repository/Apply Leave/Page_OrangeHRM/input_From_leaveListcalFromDate"), from): Text '2021-09-02' is set on object 'Object Repository/Apply Leave/Page_OrangeHRM/input_From_leaveListcalFromDate'

2021-08-19 21:52:02 - [MESSAGE][PASSED] - Text '2021-09-02' is set on object 'Object Repository/Apply Leave/Page_OrangeHRM/input_From_leaveListcalFromDate'

2021-08-19 21:52:02 - [TEST_STEP][PASSED] - sendKeys(findTestObject("Object Repository/Apply Leave/Page_OrangeHRM/input_From_leaveListcalFromDate"), Keys.chord(ENTER)): Keys 'ENTER + ' sent to object: 'Object Repository/Apply Leave/Page_OrangeHRM/input_From_leaveListcalFromDate'

2021-08-19 21:52:02 - [MESSAGE][PASSED] - Keys 'ENTER + ' sent to object: 'Object Repository/Apply Leave/Page_OrangeHRM/input_From_leaveListcalFromDate'

2021-08-19 21:52:02 - [TEST_STEP][PASSED] - setText(findTestObject("Object Repository/Apply Leave/Page_OrangeHRM/input_To_leaveListcalToDate"), to): Text '2021-09-03' is set on object 'Object Repository/Apply Leave/Page_OrangeHRM/input_To_leaveListcalToDate'

2021-08-19 21:52:03 - [MESSAGE][PASSED] - Text '2021-09-03' is set on object 'Object Repository/Apply Leave/Page_OrangeHRM/input_To_leaveListcalToDate'

2021-08-19 21:52:03 - [TEST_STEP][PASSED] - sendKeys(findTestObject("Object Repository/Apply Leave/Page_OrangeHRM/input_To_leaveListcalToDate"), Keys.chord(ENTER)): Keys 'ENTER + ' sent to object: 'Object Repository/Apply Leave/Page_OrangeHRM/input_To_leaveListcalToDate'

2021-08-19 21:52:04 - [MESSAGE][PASSED] - Keys 'ENTER + ' sent to object: 'Object Repository/Apply Leave/Page_OrangeHRM/input_To_leaveListcalToDate'

2021-08-19 21:52:04 - [TEST_STEP][PASSED] - uncheck(findTestObject("Object Repository/Apply Leave/Page_OrangeHRM/input_All_leaveList_chkSearchFilter_checkbo_a698f3")): Object 'Object Repository/Apply Leave/Page_OrangeHRM/input_All_leaveList_chkSearchFilter_checkbo_a698f3' is un-checked

2021-08-19 21:52:04 - [MESSAGE][PASSED] - Object 'Object Repository/Apply Leave/Page_OrangeHRM/input_All_leaveList_chkSearchFilter_checkbo_a698f3' is un-checked

2021-08-19 21:52:04 - [TEST_STEP][PASSED] - check(findTestObject("Object Repository/Apply Leave/Page_OrangeHRM/input_Pending Approval_leaveListchkSearchFilter")): Object 'Object Repository/Apply Leave/Page_OrangeHRM/input_Pending Approval_leaveListchkSearchFilter' is checked

2021-08-19 21:52:05 - [MESSAGE][PASSED] - Object 'Object Repository/Apply Leave/Page_OrangeHRM/input_Pending Approval_leaveListchkSearchFilter' is checked

2021-08-19 21:52:05 - [TEST_STEP][PASSED] - click(findTestObject("Object Repository/Apply Leave/Page_OrangeHRM/input_Taken_btnSearch")): Object: 'Object Repository/Apply Leave/Page_OrangeHRM/input_Taken_btnSearch' is clicked on

2021-08-19 21:52:05 - [MESSAGE][PASSED] - Object: 'Object Repository/Apply Leave/Page_OrangeHRM/input_Taken_btnSearch' is clicked on

2021-08-19 21:52:05 - [TEST_STEP][PASSED] - scrollToElement(findTestObject("Apply Leave/Page_OrangeHRM/th_Date"), 0): Scroll to object 'Object Repository/Apply Leave/Page_OrangeHRM/th_Date' successfully

2021-08-19 21:52:06 - [MESSAGE][WARNING] - Timeout '0' is invalid. Using default page load timeout: '30'

2021-08-19 21:52:06 - [MESSAGE][PASSED] - Scroll to object 'Object Repository/Apply Leave/Page_OrangeHRM/th_Date' successfully

2021-08-19 21:52:06 - [TEST_STEP][PASSED] - takeScreenshot(): Taking screenshot successfully

2021-08-19 21:52:07 - [MESSAGE][PASSED] - Taking screenshot successfully
[[ATTACHMENT|C:\\Users\\nguye\\Katalon Studio\\OrangeHRM\\Reports\\20210819_213101\\Apply Leave\\20210819_213101\\1629384727120.png]]

2021-08-19 21:52:07 - [TEST_STEP][PASSED] - if (days.equals("")): null

2021-08-19 21:52:07 - [TEST_STEP][PASSED] - else: Actual text 'Pending Approval(0.75)' and expected text 'Pending Approval(0.75)' are matched 

2021-08-19 21:52:07 - [TEST_STEP][PASSED] - verifyMatch(getText(findTestObject("Object Repository/Apply Leave/Page_OrangeHRM/a_2021-09-02 to 2021-09-03")), date, false, STOP_ON_FAILURE): Actual text '2021-09-02 to 2021-09-03' and expected text '2021-09-02 to 2021-09-03' are matched 

2021-08-19 21:52:07 - [MESSAGE][PASSED] - Text of object 'Object Repository/Apply Leave/Page_OrangeHRM/a_2021-09-02 to 2021-09-03' is: '2021-09-02 to 2021-09-03'

2021-08-19 21:52:07 - [MESSAGE][PASSED] - Actual text '2021-09-02 to 2021-09-03' and expected text '2021-09-02 to 2021-09-03' are matched 

2021-08-19 21:52:07 - [TEST_STEP][PASSED] - verifyMatch(getText(findTestObject("Object Repository/Apply Leave/Page_OrangeHRM/a_Rachel Morris")), fullName, false, STOP_ON_FAILURE): Actual text 'Rachel Morris' and expected text 'Rachel Morris' are matched 

2021-08-19 21:52:07 - [MESSAGE][PASSED] - Text of object 'Object Repository/Apply Leave/Page_OrangeHRM/a_Rachel Morris' is: 'Rachel Morris'

2021-08-19 21:52:07 - [MESSAGE][PASSED] - Actual text 'Rachel Morris' and expected text 'Rachel Morris' are matched 

2021-08-19 21:52:07 - [TEST_STEP][PASSED] - verifyMatch(getText(findTestObject("Object Repository/Apply Leave/Page_OrangeHRM/td_Personal")), leaveType, false, STOP_ON_FAILURE): Actual text 'Personal' and expected text 'Personal' are matched 

2021-08-19 21:52:08 - [MESSAGE][PASSED] - Text of object 'Object Repository/Apply Leave/Page_OrangeHRM/td_Personal' is: 'Personal'

2021-08-19 21:52:08 - [MESSAGE][PASSED] - Actual text 'Personal' and expected text 'Personal' are matched 

2021-08-19 21:52:08 - [TEST_STEP][PASSED] - verifyMatch(25"))).toString(), parseDouble(days).toString(), false, STOP_ON_FAILURE): Actual text '49.25' and expected text '49.25' are matched 

2021-08-19 21:52:08 - [MESSAGE][PASSED] - Text of object 'Object Repository/Apply Leave/Page_OrangeHRM/td_49.25' is: '49.25'

2021-08-19 21:52:08 - [MESSAGE][PASSED] - Actual text '49.25' and expected text '49.25' are matched 

2021-08-19 21:52:08 - [TEST_STEP][PASSED] - verifyMatch(getText(findTestObject("Object Repository/Apply Leave/Page_OrangeHRM/td_0.75")), days, false, STOP_ON_FAILURE): Actual text '0.75' and expected text '0.75' are matched 

2021-08-19 21:52:08 - [MESSAGE][PASSED] - Text of object 'Object Repository/Apply Leave/Page_OrangeHRM/td_0.75' is: '0.75'

2021-08-19 21:52:08 - [MESSAGE][PASSED] - Actual text '0.75' and expected text '0.75' are matched 

2021-08-19 21:52:08 - [TEST_STEP][PASSED] - verifyMatch(getText(findTestObject("Object Repository/Apply Leave/Page_OrangeHRM/a_Pending Approval(0.75)")), status + "(" + days + ")", false, STOP_ON_FAILURE): Actual text 'Pending Approval(0.75)' and expected text 'Pending Approval(0.75)' are matched 

2021-08-19 21:52:09 - [MESSAGE][PASSED] - Text of object 'Object Repository/Apply Leave/Page_OrangeHRM/a_Pending Approval(0.75)' is: 'Pending Approval(0.75)'

2021-08-19 21:52:09 - [MESSAGE][PASSED] - Actual text 'Pending Approval(0.75)' and expected text 'Pending Approval(0.75)' are matched]]></system-out>
         <system-err><![CDATA[]]></system-err>
      </testcase>
      <testcase name="Test Cases/Apply Leave" time="33.373" classname="Test Cases/Apply Leave" status="PASSED">
         <system-out><![CDATA[2021-08-19 21:52:11 - [TEST_CASE][PASSED] - Test Cases/Apply Leave: Test Cases/Apply Leave

2021-08-19 21:52:11 - [TEST_STEP][PASSED] - com.database.mysql.connectDB("localhost", "orangehrm_mysql", "3306", "root", null): com.database.mysql.connectDB is PASSED

2021-08-19 21:52:11 - [MESSAGE][PASSED] - com.database.mysql.connectDB is PASSED

2021-08-19 21:52:11 - [TEST_STEP][PASSED] - com.database.mysql.execute("DELETE FROM `ohrm_leave_request` WHERE `emp_number`=3 AND `date_applied`='2021-09-02' AND `leave_type_id` = 3"): com.database.mysql.execute is PASSED

2021-08-19 21:52:11 - [MESSAGE][PASSED] - com.database.mysql.execute is PASSED

2021-08-19 21:52:11 - [TEST_STEP][PASSED] - com.database.mysql.execute("DELETE FROM `ohrm_leave` WHERE `emp_number` = 3 AND `leave_type_id`=3 and (`date`='2021-09-02' or `date`='2021-09-03') "): com.database.mysql.execute is PASSED

2021-08-19 21:52:11 - [MESSAGE][PASSED] - com.database.mysql.execute is PASSED

2021-08-19 21:52:11 - [TEST_STEP][PASSED] - com.database.mysql.closeDatabaseConnection(): com.database.mysql.closeDatabaseConnection is PASSED

2021-08-19 21:52:11 - [MESSAGE][PASSED] - com.database.mysql.closeDatabaseConnection is PASSED

2021-08-19 21:52:11 - [TEST_STEP][PASSED] - navigateToUrl("http://localhost/orangehrm/symfony/web/index.php/dashboard"): Navigate to 'http://localhost/orangehrm/symfony/web/index.php/dashboard' successfully

2021-08-19 21:52:12 - [MESSAGE][PASSED] - Navigate to 'http://localhost/orangehrm/symfony/web/index.php/dashboard' successfully

2021-08-19 21:52:12 - [TEST_STEP][PASSED] - click(findTestObject("Object Repository/Apply Leave/Page_OrangeHRM/img")): Object: 'Object Repository/Apply Leave/Page_OrangeHRM/img' is clicked on

2021-08-19 21:52:13 - [MESSAGE][PASSED] - Object: 'Object Repository/Apply Leave/Page_OrangeHRM/img' is clicked on

2021-08-19 21:52:13 - [TEST_STEP][PASSED] - selectOptionByValue(findTestObject("Object Repository/Apply Leave/Page_OrangeHRM/select_--Select--MarriageMaternityPersonalS_480ad7"), "3", true): All options with value '3' are selected in object 'Object Repository/Apply Leave/Page_OrangeHRM/select_--Select--MarriageMaternityPersonalS_480ad7'  using regular expression

2021-08-19 21:52:14 - [MESSAGE][PASSED] - All options with value '3' are selected in object 'Object Repository/Apply Leave/Page_OrangeHRM/select_--Select--MarriageMaternityPersonalS_480ad7'  using regular expression

2021-08-19 21:52:14 - [TEST_STEP][PASSED] - setText(findTestObject("Object Repository/Apply Leave/Page_OrangeHRM/input__applyleavetxtFromDate"), from): Text '2021-09-02' is set on object 'Object Repository/Apply Leave/Page_OrangeHRM/input__applyleavetxtFromDate'

2021-08-19 21:52:16 - [MESSAGE][PASSED] - Text '2021-09-02' is set on object 'Object Repository/Apply Leave/Page_OrangeHRM/input__applyleavetxtFromDate'

2021-08-19 21:52:16 - [TEST_STEP][PASSED] - sendKeys(findTestObject("Object Repository/Apply Leave/Page_OrangeHRM/input__applyleavetxtFromDate"), Keys.chord(ENTER)): Keys 'ENTER + ' sent to object: 'Object Repository/Apply Leave/Page_OrangeHRM/input__applyleavetxtFromDate'

2021-08-19 21:52:17 - [MESSAGE][PASSED] - Keys 'ENTER + ' sent to object: 'Object Repository/Apply Leave/Page_OrangeHRM/input__applyleavetxtFromDate'

2021-08-19 21:52:17 - [TEST_STEP][PASSED] - setText(findTestObject("Object Repository/Apply Leave/Page_OrangeHRM/input__applyleavetxtToDate"), to): Text '2021-09-03' is set on object 'Object Repository/Apply Leave/Page_OrangeHRM/input__applyleavetxtToDate'

2021-08-19 21:52:18 - [MESSAGE][PASSED] - Text '2021-09-03' is set on object 'Object Repository/Apply Leave/Page_OrangeHRM/input__applyleavetxtToDate'

2021-08-19 21:52:18 - [TEST_STEP][PASSED] - sendKeys(findTestObject("Object Repository/Apply Leave/Page_OrangeHRM/input__applyleavetxtToDate"), Keys.chord(ENTER)): Keys 'ENTER + ' sent to object: 'Object Repository/Apply Leave/Page_OrangeHRM/input__applyleavetxtToDate'

2021-08-19 21:52:19 - [MESSAGE][PASSED] - Keys 'ENTER + ' sent to object: 'Object Repository/Apply Leave/Page_OrangeHRM/input__applyleavetxtToDate'

2021-08-19 21:52:19 - [TEST_STEP][PASSED] - if (from.equals(to)): null

2021-08-19 21:52:19 - [TEST_STEP][PASSED] - else: null

2021-08-19 21:52:19 - [TEST_STEP][PASSED] - selectOptionByValue(findTestObject("Object Repository/Apply Leave/Page_OrangeHRM/select_NoneAll DaysStart Day OnlyEnd Day On_3e5258"), partialDays, true): All options with value 'start_end' are selected in object 'Object Repository/Apply Leave/Page_OrangeHRM/select_NoneAll DaysStart Day OnlyEnd Day On_3e5258'  using regular expression

2021-08-19 21:52:21 - [MESSAGE][PASSED] - All options with value 'start_end' are selected in object 'Object Repository/Apply Leave/Page_OrangeHRM/select_NoneAll DaysStart Day OnlyEnd Day On_3e5258'  using regular expression

2021-08-19 21:52:21 - [TEST_STEP][PASSED] - if (partialDays.equals("all") || partialDays.equals("start")): null

2021-08-19 21:52:21 - [TEST_STEP][PASSED] - if (partialDays.equals("end")): null

2021-08-19 21:52:21 - [TEST_STEP][PASSED] - if (partialDays.equals("start_end")): null

2021-08-19 21:52:21 - [TEST_STEP][PASSED] - selectOptionByValue(findTestObject("Object Repository/Apply Leave/Page_OrangeHRM/applyleave_firstDuration_duration"), duration1, true): All options with value 'specify_time' are selected in object 'Object Repository/Apply Leave/Page_OrangeHRM/applyleave_firstDuration_duration'  using regular expression

2021-08-19 21:52:22 - [MESSAGE][PASSED] - All options with value 'specify_time' are selected in object 'Object Repository/Apply Leave/Page_OrangeHRM/applyleave_firstDuration_duration'  using regular expression

2021-08-19 21:52:22 - [TEST_STEP][PASSED] - if (duration1.equals("half_day")): null

2021-08-19 21:52:22 - [TEST_STEP][PASSED] - if (duration1.equals("specify_time")): All options with value '11:00' are selected in object 'Object Repository/Apply Leave/Page_OrangeHRM/select_000000150030004501000115013001450200_bef9c6_1_2_3'  using regular expression

2021-08-19 21:52:22 - [TEST_STEP][PASSED] - selectOptionByValue(findTestObject("Object Repository/Apply Leave/Page_OrangeHRM/select_000000150030004501000115013001450200_bef9c6_1_2"), duration2, true): All options with value '09:00' are selected in object 'Object Repository/Apply Leave/Page_OrangeHRM/select_000000150030004501000115013001450200_bef9c6_1_2'  using regular expression

2021-08-19 21:52:25 - [MESSAGE][PASSED] - All options with value '09:00' are selected in object 'Object Repository/Apply Leave/Page_OrangeHRM/select_000000150030004501000115013001450200_bef9c6_1_2'  using regular expression

2021-08-19 21:52:25 - [TEST_STEP][PASSED] - selectOptionByValue(findTestObject("Object Repository/Apply Leave/Page_OrangeHRM/select_000000150030004501000115013001450200_bef9c6_1_2_3"), duration3, true): All options with value '11:00' are selected in object 'Object Repository/Apply Leave/Page_OrangeHRM/select_000000150030004501000115013001450200_bef9c6_1_2_3'  using regular expression

2021-08-19 21:52:28 - [MESSAGE][PASSED] - All options with value '11:00' are selected in object 'Object Repository/Apply Leave/Page_OrangeHRM/select_000000150030004501000115013001450200_bef9c6_1_2_3'  using regular expression

2021-08-19 21:52:28 - [TEST_STEP][PASSED] - selectOptionByValue(findTestObject("Object Repository/Apply Leave/Page_OrangeHRM/select_Half DaySpecify Time_1"), duration4, true): All options with value 'half_day' are selected in object 'Object Repository/Apply Leave/Page_OrangeHRM/select_Half DaySpecify Time_1'  using regular expression

2021-08-19 21:52:29 - [MESSAGE][PASSED] - All options with value 'half_day' are selected in object 'Object Repository/Apply Leave/Page_OrangeHRM/select_Half DaySpecify Time_1'  using regular expression

2021-08-19 21:52:29 - [TEST_STEP][PASSED] - if (duration4.equals("half_day")): All options with value 'PM' are selected in object 'Object Repository/Apply Leave/Page_OrangeHRM/select_MorningAfternoon_1'  using regular expression

2021-08-19 21:52:29 - [TEST_STEP][PASSED] - selectOptionByValue(findTestObject("Object Repository/Apply Leave/Page_OrangeHRM/select_MorningAfternoon_1"), duration5, true): All options with value 'PM' are selected in object 'Object Repository/Apply Leave/Page_OrangeHRM/select_MorningAfternoon_1'  using regular expression

2021-08-19 21:52:30 - [MESSAGE][PASSED] - All options with value 'PM' are selected in object 'Object Repository/Apply Leave/Page_OrangeHRM/select_MorningAfternoon_1'  using regular expression

2021-08-19 21:52:30 - [TEST_STEP][PASSED] - if (duration4.equals("specify_time")): null

2021-08-19 21:52:30 - [TEST_STEP][PASSED] - scrollToElement(findTestObject("Apply Leave/Page_OrangeHRM/input__applyBtn"), 0): Scroll to object 'Object Repository/Apply Leave/Page_OrangeHRM/input__applyBtn' successfully

2021-08-19 21:52:30 - [MESSAGE][WARNING] - Timeout '0' is invalid. Using default page load timeout: '30'

2021-08-19 21:52:31 - [MESSAGE][PASSED] - Scroll to object 'Object Repository/Apply Leave/Page_OrangeHRM/input__applyBtn' successfully

2021-08-19 21:52:31 - [TEST_STEP][PASSED] - takeScreenshot(): Taking screenshot successfully

2021-08-19 21:52:31 - [MESSAGE][PASSED] - Taking screenshot successfully
[[ATTACHMENT|C:\\Users\\nguye\\Katalon Studio\\OrangeHRM\\Reports\\20210819_213101\\Apply Leave\\20210819_213101\\1629384751492.png]]

2021-08-19 21:52:31 - [TEST_STEP][PASSED] - click(findTestObject("Object Repository/Apply Leave/Page_OrangeHRM/input__applyBtn")): Object: 'Object Repository/Apply Leave/Page_OrangeHRM/input__applyBtn' is clicked on

2021-08-19 21:52:33 - [MESSAGE][PASSED] - Object: 'Object Repository/Apply Leave/Page_OrangeHRM/input__applyBtn' is clicked on

2021-08-19 21:52:33 - [TEST_STEP][PASSED] - navigateToUrl("http://localhost/orangehrm/symfony/web/index.php/leave/viewMyLeaveList/reset/1"): Navigate to 'http://localhost/orangehrm/symfony/web/index.php/leave/viewMyLeaveList/reset/1' successfully

2021-08-19 21:52:34 - [MESSAGE][PASSED] - Navigate to 'http://localhost/orangehrm/symfony/web/index.php/leave/viewMyLeaveList/reset/1' successfully

2021-08-19 21:52:34 - [TEST_STEP][PASSED] - setText(findTestObject("Object Repository/Apply Leave/Page_OrangeHRM/input_From_leaveListcalFromDate"), from): Text '2021-09-02' is set on object 'Object Repository/Apply Leave/Page_OrangeHRM/input_From_leaveListcalFromDate'

2021-08-19 21:52:35 - [MESSAGE][PASSED] - Text '2021-09-02' is set on object 'Object Repository/Apply Leave/Page_OrangeHRM/input_From_leaveListcalFromDate'

2021-08-19 21:52:35 - [TEST_STEP][PASSED] - sendKeys(findTestObject("Object Repository/Apply Leave/Page_OrangeHRM/input_From_leaveListcalFromDate"), Keys.chord(ENTER)): Keys 'ENTER + ' sent to object: 'Object Repository/Apply Leave/Page_OrangeHRM/input_From_leaveListcalFromDate'

2021-08-19 21:52:36 - [MESSAGE][PASSED] - Keys 'ENTER + ' sent to object: 'Object Repository/Apply Leave/Page_OrangeHRM/input_From_leaveListcalFromDate'

2021-08-19 21:52:36 - [TEST_STEP][PASSED] - setText(findTestObject("Object Repository/Apply Leave/Page_OrangeHRM/input_To_leaveListcalToDate"), to): Text '2021-09-03' is set on object 'Object Repository/Apply Leave/Page_OrangeHRM/input_To_leaveListcalToDate'

2021-08-19 21:52:37 - [MESSAGE][PASSED] - Text '2021-09-03' is set on object 'Object Repository/Apply Leave/Page_OrangeHRM/input_To_leaveListcalToDate'

2021-08-19 21:52:37 - [TEST_STEP][PASSED] - sendKeys(findTestObject("Object Repository/Apply Leave/Page_OrangeHRM/input_To_leaveListcalToDate"), Keys.chord(ENTER)): Keys 'ENTER + ' sent to object: 'Object Repository/Apply Leave/Page_OrangeHRM/input_To_leaveListcalToDate'

2021-08-19 21:52:37 - [MESSAGE][PASSED] - Keys 'ENTER + ' sent to object: 'Object Repository/Apply Leave/Page_OrangeHRM/input_To_leaveListcalToDate'

2021-08-19 21:52:37 - [TEST_STEP][PASSED] - uncheck(findTestObject("Object Repository/Apply Leave/Page_OrangeHRM/input_All_leaveList_chkSearchFilter_checkbo_a698f3")): Object 'Object Repository/Apply Leave/Page_OrangeHRM/input_All_leaveList_chkSearchFilter_checkbo_a698f3' is un-checked

2021-08-19 21:52:38 - [MESSAGE][PASSED] - Object 'Object Repository/Apply Leave/Page_OrangeHRM/input_All_leaveList_chkSearchFilter_checkbo_a698f3' is un-checked

2021-08-19 21:52:38 - [TEST_STEP][PASSED] - check(findTestObject("Object Repository/Apply Leave/Page_OrangeHRM/input_Pending Approval_leaveListchkSearchFilter")): Object 'Object Repository/Apply Leave/Page_OrangeHRM/input_Pending Approval_leaveListchkSearchFilter' is checked

2021-08-19 21:52:38 - [MESSAGE][PASSED] - Object 'Object Repository/Apply Leave/Page_OrangeHRM/input_Pending Approval_leaveListchkSearchFilter' is checked

2021-08-19 21:52:38 - [TEST_STEP][PASSED] - click(findTestObject("Object Repository/Apply Leave/Page_OrangeHRM/input_Taken_btnSearch")): Object: 'Object Repository/Apply Leave/Page_OrangeHRM/input_Taken_btnSearch' is clicked on

2021-08-19 21:52:39 - [MESSAGE][PASSED] - Object: 'Object Repository/Apply Leave/Page_OrangeHRM/input_Taken_btnSearch' is clicked on

2021-08-19 21:52:39 - [TEST_STEP][PASSED] - scrollToElement(findTestObject("Apply Leave/Page_OrangeHRM/th_Date"), 0): Scroll to object 'Object Repository/Apply Leave/Page_OrangeHRM/th_Date' successfully

2021-08-19 21:52:39 - [MESSAGE][WARNING] - Timeout '0' is invalid. Using default page load timeout: '30'

2021-08-19 21:52:40 - [MESSAGE][PASSED] - Scroll to object 'Object Repository/Apply Leave/Page_OrangeHRM/th_Date' successfully

2021-08-19 21:52:40 - [TEST_STEP][PASSED] - takeScreenshot(): Taking screenshot successfully

2021-08-19 21:52:40 - [MESSAGE][PASSED] - Taking screenshot successfully
[[ATTACHMENT|C:\\Users\\nguye\\Katalon Studio\\OrangeHRM\\Reports\\20210819_213101\\Apply Leave\\20210819_213101\\1629384760694.png]]

2021-08-19 21:52:40 - [TEST_STEP][PASSED] - if (days.equals("")): null

2021-08-19 21:52:40 - [TEST_STEP][PASSED] - else: Actual text 'Pending Approval(0.75)' and expected text 'Pending Approval(0.75)' are matched 

2021-08-19 21:52:40 - [TEST_STEP][PASSED] - verifyMatch(getText(findTestObject("Object Repository/Apply Leave/Page_OrangeHRM/a_2021-09-02 to 2021-09-03")), date, false, STOP_ON_FAILURE): Actual text '2021-09-02 to 2021-09-03' and expected text '2021-09-02 to 2021-09-03' are matched 

2021-08-19 21:52:41 - [MESSAGE][PASSED] - Text of object 'Object Repository/Apply Leave/Page_OrangeHRM/a_2021-09-02 to 2021-09-03' is: '2021-09-02 to 2021-09-03'

2021-08-19 21:52:41 - [MESSAGE][PASSED] - Actual text '2021-09-02 to 2021-09-03' and expected text '2021-09-02 to 2021-09-03' are matched 

2021-08-19 21:52:41 - [TEST_STEP][PASSED] - verifyMatch(getText(findTestObject("Object Repository/Apply Leave/Page_OrangeHRM/a_Rachel Morris")), fullName, false, STOP_ON_FAILURE): Actual text 'Rachel Morris' and expected text 'Rachel Morris' are matched 

2021-08-19 21:52:41 - [MESSAGE][PASSED] - Text of object 'Object Repository/Apply Leave/Page_OrangeHRM/a_Rachel Morris' is: 'Rachel Morris'

2021-08-19 21:52:41 - [MESSAGE][PASSED] - Actual text 'Rachel Morris' and expected text 'Rachel Morris' are matched 

2021-08-19 21:52:41 - [TEST_STEP][PASSED] - verifyMatch(getText(findTestObject("Object Repository/Apply Leave/Page_OrangeHRM/td_Personal")), leaveType, false, STOP_ON_FAILURE): Actual text 'Personal' and expected text 'Personal' are matched 

2021-08-19 21:52:41 - [MESSAGE][PASSED] - Text of object 'Object Repository/Apply Leave/Page_OrangeHRM/td_Personal' is: 'Personal'

2021-08-19 21:52:41 - [MESSAGE][PASSED] - Actual text 'Personal' and expected text 'Personal' are matched 

2021-08-19 21:52:41 - [TEST_STEP][PASSED] - verifyMatch(25"))).toString(), parseDouble(days).toString(), false, STOP_ON_FAILURE): Actual text '49.25' and expected text '49.25' are matched 

2021-08-19 21:52:42 - [MESSAGE][PASSED] - Text of object 'Object Repository/Apply Leave/Page_OrangeHRM/td_49.25' is: '49.25'

2021-08-19 21:52:42 - [MESSAGE][PASSED] - Actual text '49.25' and expected text '49.25' are matched 

2021-08-19 21:52:42 - [TEST_STEP][PASSED] - verifyMatch(getText(findTestObject("Object Repository/Apply Leave/Page_OrangeHRM/td_0.75")), days, false, STOP_ON_FAILURE): Actual text '0.75' and expected text '0.75' are matched 

2021-08-19 21:52:42 - [MESSAGE][PASSED] - Text of object 'Object Repository/Apply Leave/Page_OrangeHRM/td_0.75' is: '0.75'

2021-08-19 21:52:42 - [MESSAGE][PASSED] - Actual text '0.75' and expected text '0.75' are matched 

2021-08-19 21:52:42 - [TEST_STEP][PASSED] - verifyMatch(getText(findTestObject("Object Repository/Apply Leave/Page_OrangeHRM/a_Pending Approval(0.75)")), status + "(" + days + ")", false, STOP_ON_FAILURE): Actual text 'Pending Approval(0.75)' and expected text 'Pending Approval(0.75)' are matched 

2021-08-19 21:52:42 - [MESSAGE][PASSED] - Text of object 'Object Repository/Apply Leave/Page_OrangeHRM/a_Pending Approval(0.75)' is: 'Pending Approval(0.75)'

2021-08-19 21:52:42 - [MESSAGE][PASSED] - Actual text 'Pending Approval(0.75)' and expected text 'Pending Approval(0.75)' are matched]]></system-out>
         <system-err><![CDATA[]]></system-err>
      </testcase>
      <testcase name="Test Cases/Apply Leave" time="55.92" classname="Test Cases/Apply Leave" status="PASSED">
         <system-out><![CDATA[2021-08-19 21:52:45 - [TEST_CASE][PASSED] - Test Cases/Apply Leave: Test Cases/Apply Leave

2021-08-19 21:52:45 - [TEST_STEP][PASSED] - com.database.mysql.connectDB("localhost", "orangehrm_mysql", "3306", "root", null): com.database.mysql.connectDB is PASSED

2021-08-19 21:52:45 - [MESSAGE][PASSED] - com.database.mysql.connectDB is PASSED

2021-08-19 21:52:45 - [TEST_STEP][PASSED] - com.database.mysql.execute("DELETE FROM `ohrm_leave_request` WHERE `emp_number`=3 AND `date_applied`='2021-09-02' AND `leave_type_id` = 3"): com.database.mysql.execute is PASSED

2021-08-19 21:52:45 - [MESSAGE][PASSED] - com.database.mysql.execute is PASSED

2021-08-19 21:52:45 - [TEST_STEP][PASSED] - com.database.mysql.execute("DELETE FROM `ohrm_leave` WHERE `emp_number` = 3 AND `leave_type_id`=3 and (`date`='2021-09-02' or `date`='2021-09-03') "): com.database.mysql.execute is PASSED

2021-08-19 21:52:45 - [MESSAGE][PASSED] - com.database.mysql.execute is PASSED

2021-08-19 21:52:45 - [TEST_STEP][PASSED] - com.database.mysql.closeDatabaseConnection(): com.database.mysql.closeDatabaseConnection is PASSED

2021-08-19 21:52:45 - [MESSAGE][PASSED] - com.database.mysql.closeDatabaseConnection is PASSED

2021-08-19 21:52:45 - [TEST_STEP][PASSED] - navigateToUrl("http://localhost/orangehrm/symfony/web/index.php/dashboard"): Navigate to 'http://localhost/orangehrm/symfony/web/index.php/dashboard' successfully

2021-08-19 21:52:47 - [MESSAGE][PASSED] - Navigate to 'http://localhost/orangehrm/symfony/web/index.php/dashboard' successfully

2021-08-19 21:52:47 - [TEST_STEP][PASSED] - click(findTestObject("Object Repository/Apply Leave/Page_OrangeHRM/img")): Object: 'Object Repository/Apply Leave/Page_OrangeHRM/img' is clicked on

2021-08-19 21:52:50 - [MESSAGE][PASSED] - Object: 'Object Repository/Apply Leave/Page_OrangeHRM/img' is clicked on

2021-08-19 21:52:50 - [TEST_STEP][PASSED] - selectOptionByValue(findTestObject("Object Repository/Apply Leave/Page_OrangeHRM/select_--Select--MarriageMaternityPersonalS_480ad7"), "3", true): All options with value '3' are selected in object 'Object Repository/Apply Leave/Page_OrangeHRM/select_--Select--MarriageMaternityPersonalS_480ad7'  using regular expression

2021-08-19 21:52:55 - [MESSAGE][PASSED] - All options with value '3' are selected in object 'Object Repository/Apply Leave/Page_OrangeHRM/select_--Select--MarriageMaternityPersonalS_480ad7'  using regular expression

2021-08-19 21:52:55 - [TEST_STEP][PASSED] - setText(findTestObject("Object Repository/Apply Leave/Page_OrangeHRM/input__applyleavetxtFromDate"), from): Text '2021-09-02' is set on object 'Object Repository/Apply Leave/Page_OrangeHRM/input__applyleavetxtFromDate'

2021-08-19 21:52:57 - [MESSAGE][PASSED] - Text '2021-09-02' is set on object 'Object Repository/Apply Leave/Page_OrangeHRM/input__applyleavetxtFromDate'

2021-08-19 21:52:57 - [TEST_STEP][PASSED] - sendKeys(findTestObject("Object Repository/Apply Leave/Page_OrangeHRM/input__applyleavetxtFromDate"), Keys.chord(ENTER)): Keys 'ENTER + ' sent to object: 'Object Repository/Apply Leave/Page_OrangeHRM/input__applyleavetxtFromDate'

2021-08-19 21:52:58 - [MESSAGE][PASSED] - Keys 'ENTER + ' sent to object: 'Object Repository/Apply Leave/Page_OrangeHRM/input__applyleavetxtFromDate'

2021-08-19 21:52:58 - [TEST_STEP][PASSED] - setText(findTestObject("Object Repository/Apply Leave/Page_OrangeHRM/input__applyleavetxtToDate"), to): Text '2021-09-03' is set on object 'Object Repository/Apply Leave/Page_OrangeHRM/input__applyleavetxtToDate'

2021-08-19 21:53:00 - [MESSAGE][PASSED] - Text '2021-09-03' is set on object 'Object Repository/Apply Leave/Page_OrangeHRM/input__applyleavetxtToDate'

2021-08-19 21:53:00 - [TEST_STEP][PASSED] - sendKeys(findTestObject("Object Repository/Apply Leave/Page_OrangeHRM/input__applyleavetxtToDate"), Keys.chord(ENTER)): Keys 'ENTER + ' sent to object: 'Object Repository/Apply Leave/Page_OrangeHRM/input__applyleavetxtToDate'

2021-08-19 21:53:00 - [MESSAGE][PASSED] - Keys 'ENTER + ' sent to object: 'Object Repository/Apply Leave/Page_OrangeHRM/input__applyleavetxtToDate'

2021-08-19 21:53:00 - [TEST_STEP][PASSED] - if (from.equals(to)): null

2021-08-19 21:53:00 - [TEST_STEP][PASSED] - else: All options with value '11:00' are selected in object 'Object Repository/Apply Leave/Page_OrangeHRM/applyleave_secondDuration_time_to'  using regular expression

2021-08-19 21:53:00 - [TEST_STEP][PASSED] - selectOptionByValue(findTestObject("Object Repository/Apply Leave/Page_OrangeHRM/select_NoneAll DaysStart Day OnlyEnd Day On_3e5258"), partialDays, true): All options with value 'start_end' are selected in object 'Object Repository/Apply Leave/Page_OrangeHRM/select_NoneAll DaysStart Day OnlyEnd Day On_3e5258'  using regular expression

2021-08-19 21:53:02 - [MESSAGE][PASSED] - All options with value 'start_end' are selected in object 'Object Repository/Apply Leave/Page_OrangeHRM/select_NoneAll DaysStart Day OnlyEnd Day On_3e5258'  using regular expression

2021-08-19 21:53:02 - [TEST_STEP][PASSED] - if (partialDays.equals("all") || partialDays.equals("start")): null

2021-08-19 21:53:02 - [TEST_STEP][PASSED] - if (partialDays.equals("end")): null

2021-08-19 21:53:02 - [TEST_STEP][PASSED] - if (partialDays.equals("start_end")): All options with value '11:00' are selected in object 'Object Repository/Apply Leave/Page_OrangeHRM/applyleave_secondDuration_time_to'  using regular expression

2021-08-19 21:53:02 - [TEST_STEP][PASSED] - selectOptionByValue(findTestObject("Object Repository/Apply Leave/Page_OrangeHRM/applyleave_firstDuration_duration"), duration1, true): All options with value 'specify_time' are selected in object 'Object Repository/Apply Leave/Page_OrangeHRM/applyleave_firstDuration_duration'  using regular expression

2021-08-19 21:53:03 - [MESSAGE][PASSED] - All options with value 'specify_time' are selected in object 'Object Repository/Apply Leave/Page_OrangeHRM/applyleave_firstDuration_duration'  using regular expression

2021-08-19 21:53:03 - [TEST_STEP][PASSED] - if (duration1.equals("half_day")): null

2021-08-19 21:53:03 - [TEST_STEP][PASSED] - if (duration1.equals("specify_time")): All options with value '11:00' are selected in object 'Object Repository/Apply Leave/Page_OrangeHRM/select_000000150030004501000115013001450200_bef9c6_1_2_3'  using regular expression

2021-08-19 21:53:03 - [TEST_STEP][PASSED] - selectOptionByValue(findTestObject("Object Repository/Apply Leave/Page_OrangeHRM/select_000000150030004501000115013001450200_bef9c6_1_2"), duration2, true): All options with value '09:00' are selected in object 'Object Repository/Apply Leave/Page_OrangeHRM/select_000000150030004501000115013001450200_bef9c6_1_2'  using regular expression

2021-08-19 21:53:07 - [MESSAGE][PASSED] - All options with value '09:00' are selected in object 'Object Repository/Apply Leave/Page_OrangeHRM/select_000000150030004501000115013001450200_bef9c6_1_2'  using regular expression

2021-08-19 21:53:07 - [TEST_STEP][PASSED] - selectOptionByValue(findTestObject("Object Repository/Apply Leave/Page_OrangeHRM/select_000000150030004501000115013001450200_bef9c6_1_2_3"), duration3, true): All options with value '11:00' are selected in object 'Object Repository/Apply Leave/Page_OrangeHRM/select_000000150030004501000115013001450200_bef9c6_1_2_3'  using regular expression

2021-08-19 21:53:11 - [MESSAGE][PASSED] - All options with value '11:00' are selected in object 'Object Repository/Apply Leave/Page_OrangeHRM/select_000000150030004501000115013001450200_bef9c6_1_2_3'  using regular expression

2021-08-19 21:53:11 - [TEST_STEP][PASSED] - selectOptionByValue(findTestObject("Object Repository/Apply Leave/Page_OrangeHRM/select_Half DaySpecify Time_1"), duration4, true): All options with value 'specify_time' are selected in object 'Object Repository/Apply Leave/Page_OrangeHRM/select_Half DaySpecify Time_1'  using regular expression

2021-08-19 21:53:13 - [MESSAGE][PASSED] - All options with value 'specify_time' are selected in object 'Object Repository/Apply Leave/Page_OrangeHRM/select_Half DaySpecify Time_1'  using regular expression

2021-08-19 21:53:13 - [TEST_STEP][PASSED] - if (duration4.equals("half_day")): null

2021-08-19 21:53:13 - [TEST_STEP][PASSED] - if (duration4.equals("specify_time")): All options with value '11:00' are selected in object 'Object Repository/Apply Leave/Page_OrangeHRM/applyleave_secondDuration_time_to'  using regular expression

2021-08-19 21:53:13 - [TEST_STEP][PASSED] - selectOptionByValue(findTestObject("Object Repository/Apply Leave/Page_OrangeHRM/applyleave_secondDuration_time_from"), duration5, true): All options with value '09:00' are selected in object 'Object Repository/Apply Leave/Page_OrangeHRM/applyleave_secondDuration_time_from'  using regular expression

2021-08-19 21:53:17 - [MESSAGE][PASSED] - All options with value '09:00' are selected in object 'Object Repository/Apply Leave/Page_OrangeHRM/applyleave_secondDuration_time_from'  using regular expression

2021-08-19 21:53:17 - [TEST_STEP][PASSED] - selectOptionByValue(findTestObject("Object Repository/Apply Leave/Page_OrangeHRM/applyleave_secondDuration_time_to"), duration6, true): All options with value '11:00' are selected in object 'Object Repository/Apply Leave/Page_OrangeHRM/applyleave_secondDuration_time_to'  using regular expression

2021-08-19 21:53:21 - [MESSAGE][PASSED] - All options with value '11:00' are selected in object 'Object Repository/Apply Leave/Page_OrangeHRM/applyleave_secondDuration_time_to'  using regular expression

2021-08-19 21:53:21 - [TEST_STEP][PASSED] - scrollToElement(findTestObject("Apply Leave/Page_OrangeHRM/input__applyBtn"), 0): Scroll to object 'Object Repository/Apply Leave/Page_OrangeHRM/input__applyBtn' successfully

2021-08-19 21:53:21 - [MESSAGE][WARNING] - Timeout '0' is invalid. Using default page load timeout: '30'

2021-08-19 21:53:21 - [MESSAGE][PASSED] - Scroll to object 'Object Repository/Apply Leave/Page_OrangeHRM/input__applyBtn' successfully

2021-08-19 21:53:21 - [TEST_STEP][PASSED] - takeScreenshot(): Taking screenshot successfully

2021-08-19 21:53:22 - [MESSAGE][PASSED] - Taking screenshot successfully
[[ATTACHMENT|C:\\Users\\nguye\\Katalon Studio\\OrangeHRM\\Reports\\20210819_213101\\Apply Leave\\20210819_213101\\1629384802186.png]]

2021-08-19 21:53:22 - [TEST_STEP][PASSED] - click(findTestObject("Object Repository/Apply Leave/Page_OrangeHRM/input__applyBtn")): Object: 'Object Repository/Apply Leave/Page_OrangeHRM/input__applyBtn' is clicked on

2021-08-19 21:53:24 - [MESSAGE][PASSED] - Object: 'Object Repository/Apply Leave/Page_OrangeHRM/input__applyBtn' is clicked on

2021-08-19 21:53:24 - [TEST_STEP][PASSED] - navigateToUrl("http://localhost/orangehrm/symfony/web/index.php/leave/viewMyLeaveList/reset/1"): Navigate to 'http://localhost/orangehrm/symfony/web/index.php/leave/viewMyLeaveList/reset/1' successfully

2021-08-19 21:53:26 - [MESSAGE][PASSED] - Navigate to 'http://localhost/orangehrm/symfony/web/index.php/leave/viewMyLeaveList/reset/1' successfully

2021-08-19 21:53:26 - [TEST_STEP][PASSED] - setText(findTestObject("Object Repository/Apply Leave/Page_OrangeHRM/input_From_leaveListcalFromDate"), from): Text '2021-09-02' is set on object 'Object Repository/Apply Leave/Page_OrangeHRM/input_From_leaveListcalFromDate'

2021-08-19 21:53:28 - [MESSAGE][PASSED] - Text '2021-09-02' is set on object 'Object Repository/Apply Leave/Page_OrangeHRM/input_From_leaveListcalFromDate'

2021-08-19 21:53:28 - [TEST_STEP][PASSED] - sendKeys(findTestObject("Object Repository/Apply Leave/Page_OrangeHRM/input_From_leaveListcalFromDate"), Keys.chord(ENTER)): Keys 'ENTER + ' sent to object: 'Object Repository/Apply Leave/Page_OrangeHRM/input_From_leaveListcalFromDate'

2021-08-19 21:53:29 - [MESSAGE][PASSED] - Keys 'ENTER + ' sent to object: 'Object Repository/Apply Leave/Page_OrangeHRM/input_From_leaveListcalFromDate'

2021-08-19 21:53:29 - [TEST_STEP][PASSED] - setText(findTestObject("Object Repository/Apply Leave/Page_OrangeHRM/input_To_leaveListcalToDate"), to): Text '2021-09-03' is set on object 'Object Repository/Apply Leave/Page_OrangeHRM/input_To_leaveListcalToDate'

2021-08-19 21:53:30 - [MESSAGE][PASSED] - Text '2021-09-03' is set on object 'Object Repository/Apply Leave/Page_OrangeHRM/input_To_leaveListcalToDate'

2021-08-19 21:53:30 - [TEST_STEP][PASSED] - sendKeys(findTestObject("Object Repository/Apply Leave/Page_OrangeHRM/input_To_leaveListcalToDate"), Keys.chord(ENTER)): Keys 'ENTER + ' sent to object: 'Object Repository/Apply Leave/Page_OrangeHRM/input_To_leaveListcalToDate'

2021-08-19 21:53:31 - [MESSAGE][PASSED] - Keys 'ENTER + ' sent to object: 'Object Repository/Apply Leave/Page_OrangeHRM/input_To_leaveListcalToDate'

2021-08-19 21:53:31 - [TEST_STEP][PASSED] - uncheck(findTestObject("Object Repository/Apply Leave/Page_OrangeHRM/input_All_leaveList_chkSearchFilter_checkbo_a698f3")): Object 'Object Repository/Apply Leave/Page_OrangeHRM/input_All_leaveList_chkSearchFilter_checkbo_a698f3' is un-checked

2021-08-19 21:53:31 - [MESSAGE][PASSED] - Object 'Object Repository/Apply Leave/Page_OrangeHRM/input_All_leaveList_chkSearchFilter_checkbo_a698f3' is un-checked

2021-08-19 21:53:31 - [TEST_STEP][PASSED] - check(findTestObject("Object Repository/Apply Leave/Page_OrangeHRM/input_Pending Approval_leaveListchkSearchFilter")): Object 'Object Repository/Apply Leave/Page_OrangeHRM/input_Pending Approval_leaveListchkSearchFilter' is checked

2021-08-19 21:53:32 - [MESSAGE][PASSED] - Object 'Object Repository/Apply Leave/Page_OrangeHRM/input_Pending Approval_leaveListchkSearchFilter' is checked

2021-08-19 21:53:32 - [TEST_STEP][PASSED] - click(findTestObject("Object Repository/Apply Leave/Page_OrangeHRM/input_Taken_btnSearch")): Object: 'Object Repository/Apply Leave/Page_OrangeHRM/input_Taken_btnSearch' is clicked on

2021-08-19 21:53:34 - [MESSAGE][PASSED] - Object: 'Object Repository/Apply Leave/Page_OrangeHRM/input_Taken_btnSearch' is clicked on

2021-08-19 21:53:34 - [TEST_STEP][PASSED] - scrollToElement(findTestObject("Apply Leave/Page_OrangeHRM/th_Date"), 0): Scroll to object 'Object Repository/Apply Leave/Page_OrangeHRM/th_Date' successfully

2021-08-19 21:53:34 - [MESSAGE][WARNING] - Timeout '0' is invalid. Using default page load timeout: '30'

2021-08-19 21:53:35 - [MESSAGE][PASSED] - Scroll to object 'Object Repository/Apply Leave/Page_OrangeHRM/th_Date' successfully

2021-08-19 21:53:35 - [TEST_STEP][PASSED] - takeScreenshot(): Taking screenshot successfully

2021-08-19 21:53:36 - [MESSAGE][PASSED] - Taking screenshot successfully
[[ATTACHMENT|C:\\Users\\nguye\\Katalon Studio\\OrangeHRM\\Reports\\20210819_213101\\Apply Leave\\20210819_213101\\1629384815704.png]]

2021-08-19 21:53:36 - [TEST_STEP][PASSED] - if (days.equals("")): null

2021-08-19 21:53:36 - [TEST_STEP][PASSED] - else: Actual text 'Pending Approval(0.50)' and expected text 'Pending Approval(0.50)' are matched 

2021-08-19 21:53:36 - [TEST_STEP][PASSED] - verifyMatch(getText(findTestObject("Object Repository/Apply Leave/Page_OrangeHRM/a_2021-09-02 to 2021-09-03")), date, false, STOP_ON_FAILURE): Actual text '2021-09-02 to 2021-09-03' and expected text '2021-09-02 to 2021-09-03' are matched 

2021-08-19 21:53:36 - [MESSAGE][PASSED] - Text of object 'Object Repository/Apply Leave/Page_OrangeHRM/a_2021-09-02 to 2021-09-03' is: '2021-09-02 to 2021-09-03'

2021-08-19 21:53:36 - [MESSAGE][PASSED] - Actual text '2021-09-02 to 2021-09-03' and expected text '2021-09-02 to 2021-09-03' are matched 

2021-08-19 21:53:36 - [TEST_STEP][PASSED] - verifyMatch(getText(findTestObject("Object Repository/Apply Leave/Page_OrangeHRM/a_Rachel Morris")), fullName, false, STOP_ON_FAILURE): Actual text 'Rachel Morris' and expected text 'Rachel Morris' are matched 

2021-08-19 21:53:37 - [MESSAGE][PASSED] - Text of object 'Object Repository/Apply Leave/Page_OrangeHRM/a_Rachel Morris' is: 'Rachel Morris'

2021-08-19 21:53:37 - [MESSAGE][PASSED] - Actual text 'Rachel Morris' and expected text 'Rachel Morris' are matched 

2021-08-19 21:53:37 - [TEST_STEP][PASSED] - verifyMatch(getText(findTestObject("Object Repository/Apply Leave/Page_OrangeHRM/td_Personal")), leaveType, false, STOP_ON_FAILURE): Actual text 'Personal' and expected text 'Personal' are matched 

2021-08-19 21:53:37 - [MESSAGE][PASSED] - Text of object 'Object Repository/Apply Leave/Page_OrangeHRM/td_Personal' is: 'Personal'

2021-08-19 21:53:37 - [MESSAGE][PASSED] - Actual text 'Personal' and expected text 'Personal' are matched 

2021-08-19 21:53:37 - [TEST_STEP][PASSED] - verifyMatch(25"))).toString(), parseDouble(days).toString(), false, STOP_ON_FAILURE): Actual text '49.5' and expected text '49.5' are matched 

2021-08-19 21:53:38 - [MESSAGE][PASSED] - Text of object 'Object Repository/Apply Leave/Page_OrangeHRM/td_49.25' is: '49.50'

2021-08-19 21:53:38 - [MESSAGE][PASSED] - Actual text '49.5' and expected text '49.5' are matched 

2021-08-19 21:53:38 - [TEST_STEP][PASSED] - verifyMatch(getText(findTestObject("Object Repository/Apply Leave/Page_OrangeHRM/td_0.75")), days, false, STOP_ON_FAILURE): Actual text '0.50' and expected text '0.50' are matched 

2021-08-19 21:53:38 - [MESSAGE][PASSED] - Text of object 'Object Repository/Apply Leave/Page_OrangeHRM/td_0.75' is: '0.50'

2021-08-19 21:53:38 - [MESSAGE][PASSED] - Actual text '0.50' and expected text '0.50' are matched 

2021-08-19 21:53:38 - [TEST_STEP][PASSED] - verifyMatch(getText(findTestObject("Object Repository/Apply Leave/Page_OrangeHRM/a_Pending Approval(0.75)")), status + "(" + days + ")", false, STOP_ON_FAILURE): Actual text 'Pending Approval(0.50)' and expected text 'Pending Approval(0.50)' are matched 

2021-08-19 21:53:39 - [MESSAGE][PASSED] - Text of object 'Object Repository/Apply Leave/Page_OrangeHRM/a_Pending Approval(0.75)' is: 'Pending Approval(0.50)'

2021-08-19 21:53:39 - [MESSAGE][PASSED] - Actual text 'Pending Approval(0.50)' and expected text 'Pending Approval(0.50)' are matched]]></system-out>
         <system-err><![CDATA[]]></system-err>
      </testcase>
      <testcase name="Test Cases/Apply Leave" time="51.406" classname="Test Cases/Apply Leave" status="PASSED">
         <system-out><![CDATA[2021-08-19 21:53:41 - [TEST_CASE][PASSED] - Test Cases/Apply Leave: Test Cases/Apply Leave

2021-08-19 21:53:41 - [TEST_STEP][PASSED] - com.database.mysql.connectDB("localhost", "orangehrm_mysql", "3306", "root", null): com.database.mysql.connectDB is PASSED

2021-08-19 21:53:41 - [MESSAGE][PASSED] - com.database.mysql.connectDB is PASSED

2021-08-19 21:53:41 - [TEST_STEP][PASSED] - com.database.mysql.execute("DELETE FROM `ohrm_leave_request` WHERE `emp_number`=3 AND `date_applied`='2021-09-02' AND `leave_type_id` = 3"): com.database.mysql.execute is PASSED

2021-08-19 21:53:41 - [MESSAGE][PASSED] - com.database.mysql.execute is PASSED

2021-08-19 21:53:41 - [TEST_STEP][PASSED] - com.database.mysql.execute("DELETE FROM `ohrm_leave` WHERE `emp_number` = 3 AND `leave_type_id`=3 and (`date`='2021-09-02' or `date`='2021-09-03') "): com.database.mysql.execute is PASSED

2021-08-19 21:53:41 - [MESSAGE][PASSED] - com.database.mysql.execute is PASSED

2021-08-19 21:53:41 - [TEST_STEP][PASSED] - com.database.mysql.closeDatabaseConnection(): com.database.mysql.closeDatabaseConnection is PASSED

2021-08-19 21:53:41 - [MESSAGE][PASSED] - com.database.mysql.closeDatabaseConnection is PASSED

2021-08-19 21:53:41 - [TEST_STEP][PASSED] - navigateToUrl("http://localhost/orangehrm/symfony/web/index.php/dashboard"): Navigate to 'http://localhost/orangehrm/symfony/web/index.php/dashboard' successfully

2021-08-19 21:53:42 - [MESSAGE][PASSED] - Navigate to 'http://localhost/orangehrm/symfony/web/index.php/dashboard' successfully

2021-08-19 21:53:42 - [TEST_STEP][PASSED] - click(findTestObject("Object Repository/Apply Leave/Page_OrangeHRM/img")): Object: 'Object Repository/Apply Leave/Page_OrangeHRM/img' is clicked on

2021-08-19 21:53:44 - [MESSAGE][PASSED] - Object: 'Object Repository/Apply Leave/Page_OrangeHRM/img' is clicked on

2021-08-19 21:53:44 - [TEST_STEP][PASSED] - selectOptionByValue(findTestObject("Object Repository/Apply Leave/Page_OrangeHRM/select_--Select--MarriageMaternityPersonalS_480ad7"), "3", true): All options with value '3' are selected in object 'Object Repository/Apply Leave/Page_OrangeHRM/select_--Select--MarriageMaternityPersonalS_480ad7'  using regular expression

2021-08-19 21:53:46 - [MESSAGE][PASSED] - All options with value '3' are selected in object 'Object Repository/Apply Leave/Page_OrangeHRM/select_--Select--MarriageMaternityPersonalS_480ad7'  using regular expression

2021-08-19 21:53:46 - [TEST_STEP][PASSED] - setText(findTestObject("Object Repository/Apply Leave/Page_OrangeHRM/input__applyleavetxtFromDate"), from): Text '2021-09-02' is set on object 'Object Repository/Apply Leave/Page_OrangeHRM/input__applyleavetxtFromDate'

2021-08-19 21:53:48 - [MESSAGE][PASSED] - Text '2021-09-02' is set on object 'Object Repository/Apply Leave/Page_OrangeHRM/input__applyleavetxtFromDate'

2021-08-19 21:53:48 - [TEST_STEP][PASSED] - sendKeys(findTestObject("Object Repository/Apply Leave/Page_OrangeHRM/input__applyleavetxtFromDate"), Keys.chord(ENTER)): Keys 'ENTER + ' sent to object: 'Object Repository/Apply Leave/Page_OrangeHRM/input__applyleavetxtFromDate'

2021-08-19 21:53:49 - [MESSAGE][PASSED] - Keys 'ENTER + ' sent to object: 'Object Repository/Apply Leave/Page_OrangeHRM/input__applyleavetxtFromDate'

2021-08-19 21:53:49 - [TEST_STEP][PASSED] - setText(findTestObject("Object Repository/Apply Leave/Page_OrangeHRM/input__applyleavetxtToDate"), to): Text '2021-09-03' is set on object 'Object Repository/Apply Leave/Page_OrangeHRM/input__applyleavetxtToDate'

2021-08-19 21:53:51 - [MESSAGE][PASSED] - Text '2021-09-03' is set on object 'Object Repository/Apply Leave/Page_OrangeHRM/input__applyleavetxtToDate'

2021-08-19 21:53:51 - [TEST_STEP][PASSED] - sendKeys(findTestObject("Object Repository/Apply Leave/Page_OrangeHRM/input__applyleavetxtToDate"), Keys.chord(ENTER)): Keys 'ENTER + ' sent to object: 'Object Repository/Apply Leave/Page_OrangeHRM/input__applyleavetxtToDate'

2021-08-19 21:53:51 - [MESSAGE][PASSED] - Keys 'ENTER + ' sent to object: 'Object Repository/Apply Leave/Page_OrangeHRM/input__applyleavetxtToDate'

2021-08-19 21:53:51 - [TEST_STEP][PASSED] - if (from.equals(to)): null

2021-08-19 21:53:51 - [TEST_STEP][PASSED] - else: All options with value '17:00' are selected in object 'Object Repository/Apply Leave/Page_OrangeHRM/applyleave_secondDuration_time_to'  using regular expression

2021-08-19 21:53:51 - [TEST_STEP][PASSED] - selectOptionByValue(findTestObject("Object Repository/Apply Leave/Page_OrangeHRM/select_NoneAll DaysStart Day OnlyEnd Day On_3e5258"), partialDays, true): All options with value 'start_end' are selected in object 'Object Repository/Apply Leave/Page_OrangeHRM/select_NoneAll DaysStart Day OnlyEnd Day On_3e5258'  using regular expression

2021-08-19 21:53:53 - [MESSAGE][PASSED] - All options with value 'start_end' are selected in object 'Object Repository/Apply Leave/Page_OrangeHRM/select_NoneAll DaysStart Day OnlyEnd Day On_3e5258'  using regular expression

2021-08-19 21:53:53 - [TEST_STEP][PASSED] - if (partialDays.equals("all") || partialDays.equals("start")): null

2021-08-19 21:53:53 - [TEST_STEP][PASSED] - if (partialDays.equals("end")): null

2021-08-19 21:53:53 - [TEST_STEP][PASSED] - if (partialDays.equals("start_end")): All options with value '17:00' are selected in object 'Object Repository/Apply Leave/Page_OrangeHRM/applyleave_secondDuration_time_to'  using regular expression

2021-08-19 21:53:53 - [TEST_STEP][PASSED] - selectOptionByValue(findTestObject("Object Repository/Apply Leave/Page_OrangeHRM/applyleave_firstDuration_duration"), duration1, true): All options with value 'specify_time' are selected in object 'Object Repository/Apply Leave/Page_OrangeHRM/applyleave_firstDuration_duration'  using regular expression

2021-08-19 21:53:54 - [MESSAGE][PASSED] - All options with value 'specify_time' are selected in object 'Object Repository/Apply Leave/Page_OrangeHRM/applyleave_firstDuration_duration'  using regular expression

2021-08-19 21:53:54 - [TEST_STEP][PASSED] - if (duration1.equals("half_day")): null

2021-08-19 21:53:54 - [TEST_STEP][PASSED] - if (duration1.equals("specify_time")): All options with value '11:00' are selected in object 'Object Repository/Apply Leave/Page_OrangeHRM/select_000000150030004501000115013001450200_bef9c6_1_2_3'  using regular expression

2021-08-19 21:53:54 - [TEST_STEP][PASSED] - selectOptionByValue(findTestObject("Object Repository/Apply Leave/Page_OrangeHRM/select_000000150030004501000115013001450200_bef9c6_1_2"), duration2, true): All options with value '09:00' are selected in object 'Object Repository/Apply Leave/Page_OrangeHRM/select_000000150030004501000115013001450200_bef9c6_1_2'  using regular expression

2021-08-19 21:53:58 - [MESSAGE][PASSED] - All options with value '09:00' are selected in object 'Object Repository/Apply Leave/Page_OrangeHRM/select_000000150030004501000115013001450200_bef9c6_1_2'  using regular expression

2021-08-19 21:53:58 - [TEST_STEP][PASSED] - selectOptionByValue(findTestObject("Object Repository/Apply Leave/Page_OrangeHRM/select_000000150030004501000115013001450200_bef9c6_1_2_3"), duration3, true): All options with value '11:00' are selected in object 'Object Repository/Apply Leave/Page_OrangeHRM/select_000000150030004501000115013001450200_bef9c6_1_2_3'  using regular expression

2021-08-19 21:54:02 - [MESSAGE][PASSED] - All options with value '11:00' are selected in object 'Object Repository/Apply Leave/Page_OrangeHRM/select_000000150030004501000115013001450200_bef9c6_1_2_3'  using regular expression

2021-08-19 21:54:02 - [TEST_STEP][PASSED] - selectOptionByValue(findTestObject("Object Repository/Apply Leave/Page_OrangeHRM/select_Half DaySpecify Time_1"), duration4, true): All options with value 'specify_time' are selected in object 'Object Repository/Apply Leave/Page_OrangeHRM/select_Half DaySpecify Time_1'  using regular expression

2021-08-19 21:54:03 - [MESSAGE][PASSED] - All options with value 'specify_time' are selected in object 'Object Repository/Apply Leave/Page_OrangeHRM/select_Half DaySpecify Time_1'  using regular expression

2021-08-19 21:54:03 - [TEST_STEP][PASSED] - if (duration4.equals("half_day")): null

2021-08-19 21:54:03 - [TEST_STEP][PASSED] - if (duration4.equals("specify_time")): All options with value '17:00' are selected in object 'Object Repository/Apply Leave/Page_OrangeHRM/applyleave_secondDuration_time_to'  using regular expression

2021-08-19 21:54:03 - [TEST_STEP][PASSED] - selectOptionByValue(findTestObject("Object Repository/Apply Leave/Page_OrangeHRM/applyleave_secondDuration_time_from"), duration5, true): All options with value '09:00' are selected in object 'Object Repository/Apply Leave/Page_OrangeHRM/applyleave_secondDuration_time_from'  using regular expression

2021-08-19 21:54:07 - [MESSAGE][PASSED] - All options with value '09:00' are selected in object 'Object Repository/Apply Leave/Page_OrangeHRM/applyleave_secondDuration_time_from'  using regular expression

2021-08-19 21:54:07 - [TEST_STEP][PASSED] - selectOptionByValue(findTestObject("Object Repository/Apply Leave/Page_OrangeHRM/applyleave_secondDuration_time_to"), duration6, true): All options with value '17:00' are selected in object 'Object Repository/Apply Leave/Page_OrangeHRM/applyleave_secondDuration_time_to'  using regular expression

2021-08-19 21:54:13 - [MESSAGE][PASSED] - All options with value '17:00' are selected in object 'Object Repository/Apply Leave/Page_OrangeHRM/applyleave_secondDuration_time_to'  using regular expression

2021-08-19 21:54:13 - [TEST_STEP][PASSED] - scrollToElement(findTestObject("Apply Leave/Page_OrangeHRM/input__applyBtn"), 0): Scroll to object 'Object Repository/Apply Leave/Page_OrangeHRM/input__applyBtn' successfully

2021-08-19 21:54:13 - [MESSAGE][WARNING] - Timeout '0' is invalid. Using default page load timeout: '30'

2021-08-19 21:54:13 - [MESSAGE][PASSED] - Scroll to object 'Object Repository/Apply Leave/Page_OrangeHRM/input__applyBtn' successfully

2021-08-19 21:54:13 - [TEST_STEP][PASSED] - takeScreenshot(): Taking screenshot successfully

2021-08-19 21:54:14 - [MESSAGE][PASSED] - Taking screenshot successfully
[[ATTACHMENT|C:\\Users\\nguye\\Katalon Studio\\OrangeHRM\\Reports\\20210819_213101\\Apply Leave\\20210819_213101\\1629384854187.png]]

2021-08-19 21:54:14 - [TEST_STEP][PASSED] - click(findTestObject("Object Repository/Apply Leave/Page_OrangeHRM/input__applyBtn")): Object: 'Object Repository/Apply Leave/Page_OrangeHRM/input__applyBtn' is clicked on

2021-08-19 21:54:16 - [MESSAGE][PASSED] - Object: 'Object Repository/Apply Leave/Page_OrangeHRM/input__applyBtn' is clicked on

2021-08-19 21:54:16 - [TEST_STEP][PASSED] - navigateToUrl("http://localhost/orangehrm/symfony/web/index.php/leave/viewMyLeaveList/reset/1"): Navigate to 'http://localhost/orangehrm/symfony/web/index.php/leave/viewMyLeaveList/reset/1' successfully

2021-08-19 21:54:18 - [MESSAGE][PASSED] - Navigate to 'http://localhost/orangehrm/symfony/web/index.php/leave/viewMyLeaveList/reset/1' successfully

2021-08-19 21:54:18 - [TEST_STEP][PASSED] - setText(findTestObject("Object Repository/Apply Leave/Page_OrangeHRM/input_From_leaveListcalFromDate"), from): Text '2021-09-02' is set on object 'Object Repository/Apply Leave/Page_OrangeHRM/input_From_leaveListcalFromDate'

2021-08-19 21:54:20 - [MESSAGE][PASSED] - Text '2021-09-02' is set on object 'Object Repository/Apply Leave/Page_OrangeHRM/input_From_leaveListcalFromDate'

2021-08-19 21:54:20 - [TEST_STEP][PASSED] - sendKeys(findTestObject("Object Repository/Apply Leave/Page_OrangeHRM/input_From_leaveListcalFromDate"), Keys.chord(ENTER)): Keys 'ENTER + ' sent to object: 'Object Repository/Apply Leave/Page_OrangeHRM/input_From_leaveListcalFromDate'

2021-08-19 21:54:21 - [MESSAGE][PASSED] - Keys 'ENTER + ' sent to object: 'Object Repository/Apply Leave/Page_OrangeHRM/input_From_leaveListcalFromDate'

2021-08-19 21:54:21 - [TEST_STEP][PASSED] - setText(findTestObject("Object Repository/Apply Leave/Page_OrangeHRM/input_To_leaveListcalToDate"), to): Text '2021-09-03' is set on object 'Object Repository/Apply Leave/Page_OrangeHRM/input_To_leaveListcalToDate'

2021-08-19 21:54:22 - [MESSAGE][PASSED] - Text '2021-09-03' is set on object 'Object Repository/Apply Leave/Page_OrangeHRM/input_To_leaveListcalToDate'

2021-08-19 21:54:22 - [TEST_STEP][PASSED] - sendKeys(findTestObject("Object Repository/Apply Leave/Page_OrangeHRM/input_To_leaveListcalToDate"), Keys.chord(ENTER)): Keys 'ENTER + ' sent to object: 'Object Repository/Apply Leave/Page_OrangeHRM/input_To_leaveListcalToDate'

2021-08-19 21:54:23 - [MESSAGE][PASSED] - Keys 'ENTER + ' sent to object: 'Object Repository/Apply Leave/Page_OrangeHRM/input_To_leaveListcalToDate'

2021-08-19 21:54:23 - [TEST_STEP][PASSED] - uncheck(findTestObject("Object Repository/Apply Leave/Page_OrangeHRM/input_All_leaveList_chkSearchFilter_checkbo_a698f3")): Object 'Object Repository/Apply Leave/Page_OrangeHRM/input_All_leaveList_chkSearchFilter_checkbo_a698f3' is un-checked

2021-08-19 21:54:23 - [MESSAGE][PASSED] - Object 'Object Repository/Apply Leave/Page_OrangeHRM/input_All_leaveList_chkSearchFilter_checkbo_a698f3' is un-checked

2021-08-19 21:54:23 - [TEST_STEP][PASSED] - check(findTestObject("Object Repository/Apply Leave/Page_OrangeHRM/input_Pending Approval_leaveListchkSearchFilter")): Object 'Object Repository/Apply Leave/Page_OrangeHRM/input_Pending Approval_leaveListchkSearchFilter' is checked

2021-08-19 21:54:24 - [MESSAGE][PASSED] - Object 'Object Repository/Apply Leave/Page_OrangeHRM/input_Pending Approval_leaveListchkSearchFilter' is checked

2021-08-19 21:54:24 - [TEST_STEP][PASSED] - click(findTestObject("Object Repository/Apply Leave/Page_OrangeHRM/input_Taken_btnSearch")): Object: 'Object Repository/Apply Leave/Page_OrangeHRM/input_Taken_btnSearch' is clicked on

2021-08-19 21:54:25 - [MESSAGE][PASSED] - Object: 'Object Repository/Apply Leave/Page_OrangeHRM/input_Taken_btnSearch' is clicked on

2021-08-19 21:54:25 - [TEST_STEP][PASSED] - scrollToElement(findTestObject("Apply Leave/Page_OrangeHRM/th_Date"), 0): Scroll to object 'Object Repository/Apply Leave/Page_OrangeHRM/th_Date' successfully

2021-08-19 21:54:26 - [MESSAGE][WARNING] - Timeout '0' is invalid. Using default page load timeout: '30'

2021-08-19 21:54:27 - [MESSAGE][PASSED] - Scroll to object 'Object Repository/Apply Leave/Page_OrangeHRM/th_Date' successfully

2021-08-19 21:54:27 - [TEST_STEP][PASSED] - takeScreenshot(): Taking screenshot successfully

2021-08-19 21:54:27 - [MESSAGE][PASSED] - Taking screenshot successfully
[[ATTACHMENT|C:\\Users\\nguye\\Katalon Studio\\OrangeHRM\\Reports\\20210819_213101\\Apply Leave\\20210819_213101\\1629384867560.png]]

2021-08-19 21:54:27 - [TEST_STEP][PASSED] - if (days.equals("")): null

2021-08-19 21:54:27 - [TEST_STEP][PASSED] - else: Actual text 'Pending Approval(1.25)' and expected text 'Pending Approval(1.25)' are matched 

2021-08-19 21:54:27 - [TEST_STEP][PASSED] - verifyMatch(getText(findTestObject("Object Repository/Apply Leave/Page_OrangeHRM/a_2021-09-02 to 2021-09-03")), date, false, STOP_ON_FAILURE): Actual text '2021-09-02 to 2021-09-03' and expected text '2021-09-02 to 2021-09-03' are matched 

2021-08-19 21:54:28 - [MESSAGE][PASSED] - Text of object 'Object Repository/Apply Leave/Page_OrangeHRM/a_2021-09-02 to 2021-09-03' is: '2021-09-02 to 2021-09-03'

2021-08-19 21:54:28 - [MESSAGE][PASSED] - Actual text '2021-09-02 to 2021-09-03' and expected text '2021-09-02 to 2021-09-03' are matched 

2021-08-19 21:54:28 - [TEST_STEP][PASSED] - verifyMatch(getText(findTestObject("Object Repository/Apply Leave/Page_OrangeHRM/a_Rachel Morris")), fullName, false, STOP_ON_FAILURE): Actual text 'Rachel Morris' and expected text 'Rachel Morris' are matched 

2021-08-19 21:54:28 - [MESSAGE][PASSED] - Text of object 'Object Repository/Apply Leave/Page_OrangeHRM/a_Rachel Morris' is: 'Rachel Morris'

2021-08-19 21:54:28 - [MESSAGE][PASSED] - Actual text 'Rachel Morris' and expected text 'Rachel Morris' are matched 

2021-08-19 21:54:28 - [TEST_STEP][PASSED] - verifyMatch(getText(findTestObject("Object Repository/Apply Leave/Page_OrangeHRM/td_Personal")), leaveType, false, STOP_ON_FAILURE): Actual text 'Personal' and expected text 'Personal' are matched 

2021-08-19 21:54:29 - [MESSAGE][PASSED] - Text of object 'Object Repository/Apply Leave/Page_OrangeHRM/td_Personal' is: 'Personal'

2021-08-19 21:54:29 - [MESSAGE][PASSED] - Actual text 'Personal' and expected text 'Personal' are matched 

2021-08-19 21:54:29 - [TEST_STEP][PASSED] - verifyMatch(25"))).toString(), parseDouble(days).toString(), false, STOP_ON_FAILURE): Actual text '48.75' and expected text '48.75' are matched 

2021-08-19 21:54:29 - [MESSAGE][PASSED] - Text of object 'Object Repository/Apply Leave/Page_OrangeHRM/td_49.25' is: '48.75'

2021-08-19 21:54:29 - [MESSAGE][PASSED] - Actual text '48.75' and expected text '48.75' are matched 

2021-08-19 21:54:29 - [TEST_STEP][PASSED] - verifyMatch(getText(findTestObject("Object Repository/Apply Leave/Page_OrangeHRM/td_0.75")), days, false, STOP_ON_FAILURE): Actual text '1.25' and expected text '1.25' are matched 

2021-08-19 21:54:30 - [MESSAGE][PASSED] - Text of object 'Object Repository/Apply Leave/Page_OrangeHRM/td_0.75' is: '1.25'

2021-08-19 21:54:30 - [MESSAGE][PASSED] - Actual text '1.25' and expected text '1.25' are matched 

2021-08-19 21:54:30 - [TEST_STEP][PASSED] - verifyMatch(getText(findTestObject("Object Repository/Apply Leave/Page_OrangeHRM/a_Pending Approval(0.75)")), status + "(" + days + ")", false, STOP_ON_FAILURE): Actual text 'Pending Approval(1.25)' and expected text 'Pending Approval(1.25)' are matched 

2021-08-19 21:54:30 - [MESSAGE][PASSED] - Text of object 'Object Repository/Apply Leave/Page_OrangeHRM/a_Pending Approval(0.75)' is: 'Pending Approval(1.25)'

2021-08-19 21:54:30 - [MESSAGE][PASSED] - Actual text 'Pending Approval(1.25)' and expected text 'Pending Approval(1.25)' are matched]]></system-out>
         <system-err><![CDATA[]]></system-err>
      </testcase>
      <testcase name="Test Cases/Apply Leave" time="42.61" classname="Test Cases/Apply Leave" status="PASSED">
         <system-out><![CDATA[2021-08-19 21:54:33 - [TEST_CASE][PASSED] - Test Cases/Apply Leave: Test Cases/Apply Leave

2021-08-19 21:54:33 - [TEST_STEP][PASSED] - com.database.mysql.connectDB("localhost", "orangehrm_mysql", "3306", "root", null): com.database.mysql.connectDB is PASSED

2021-08-19 21:54:33 - [MESSAGE][PASSED] - com.database.mysql.connectDB is PASSED

2021-08-19 21:54:33 - [TEST_STEP][PASSED] - com.database.mysql.execute("DELETE FROM `ohrm_leave_request` WHERE `emp_number`=3 AND `date_applied`='2021-09-02' AND `leave_type_id` = 3"): com.database.mysql.execute is PASSED

2021-08-19 21:54:33 - [MESSAGE][PASSED] - com.database.mysql.execute is PASSED

2021-08-19 21:54:33 - [TEST_STEP][PASSED] - com.database.mysql.execute("DELETE FROM `ohrm_leave` WHERE `emp_number` = 3 AND `leave_type_id`=3 and (`date`='2021-09-02' or `date`='2021-09-03') "): com.database.mysql.execute is PASSED

2021-08-19 21:54:33 - [MESSAGE][PASSED] - com.database.mysql.execute is PASSED

2021-08-19 21:54:33 - [TEST_STEP][PASSED] - com.database.mysql.closeDatabaseConnection(): com.database.mysql.closeDatabaseConnection is PASSED

2021-08-19 21:54:33 - [MESSAGE][PASSED] - com.database.mysql.closeDatabaseConnection is PASSED

2021-08-19 21:54:33 - [TEST_STEP][PASSED] - navigateToUrl("http://localhost/orangehrm/symfony/web/index.php/dashboard"): Navigate to 'http://localhost/orangehrm/symfony/web/index.php/dashboard' successfully

2021-08-19 21:54:34 - [MESSAGE][PASSED] - Navigate to 'http://localhost/orangehrm/symfony/web/index.php/dashboard' successfully

2021-08-19 21:54:34 - [TEST_STEP][PASSED] - click(findTestObject("Object Repository/Apply Leave/Page_OrangeHRM/img")): Object: 'Object Repository/Apply Leave/Page_OrangeHRM/img' is clicked on

2021-08-19 21:54:36 - [MESSAGE][PASSED] - Object: 'Object Repository/Apply Leave/Page_OrangeHRM/img' is clicked on

2021-08-19 21:54:36 - [TEST_STEP][PASSED] - selectOptionByValue(findTestObject("Object Repository/Apply Leave/Page_OrangeHRM/select_--Select--MarriageMaternityPersonalS_480ad7"), "3", true): All options with value '3' are selected in object 'Object Repository/Apply Leave/Page_OrangeHRM/select_--Select--MarriageMaternityPersonalS_480ad7'  using regular expression

2021-08-19 21:54:37 - [MESSAGE][PASSED] - All options with value '3' are selected in object 'Object Repository/Apply Leave/Page_OrangeHRM/select_--Select--MarriageMaternityPersonalS_480ad7'  using regular expression

2021-08-19 21:54:37 - [TEST_STEP][PASSED] - setText(findTestObject("Object Repository/Apply Leave/Page_OrangeHRM/input__applyleavetxtFromDate"), from): Text '2021-09-02' is set on object 'Object Repository/Apply Leave/Page_OrangeHRM/input__applyleavetxtFromDate'

2021-08-19 21:54:39 - [MESSAGE][PASSED] - Text '2021-09-02' is set on object 'Object Repository/Apply Leave/Page_OrangeHRM/input__applyleavetxtFromDate'

2021-08-19 21:54:39 - [TEST_STEP][PASSED] - sendKeys(findTestObject("Object Repository/Apply Leave/Page_OrangeHRM/input__applyleavetxtFromDate"), Keys.chord(ENTER)): Keys 'ENTER + ' sent to object: 'Object Repository/Apply Leave/Page_OrangeHRM/input__applyleavetxtFromDate'

2021-08-19 21:54:40 - [MESSAGE][PASSED] - Keys 'ENTER + ' sent to object: 'Object Repository/Apply Leave/Page_OrangeHRM/input__applyleavetxtFromDate'

2021-08-19 21:54:40 - [TEST_STEP][PASSED] - setText(findTestObject("Object Repository/Apply Leave/Page_OrangeHRM/input__applyleavetxtToDate"), to): Text '2021-09-03' is set on object 'Object Repository/Apply Leave/Page_OrangeHRM/input__applyleavetxtToDate'

2021-08-19 21:54:42 - [MESSAGE][PASSED] - Text '2021-09-03' is set on object 'Object Repository/Apply Leave/Page_OrangeHRM/input__applyleavetxtToDate'

2021-08-19 21:54:42 - [TEST_STEP][PASSED] - sendKeys(findTestObject("Object Repository/Apply Leave/Page_OrangeHRM/input__applyleavetxtToDate"), Keys.chord(ENTER)): Keys 'ENTER + ' sent to object: 'Object Repository/Apply Leave/Page_OrangeHRM/input__applyleavetxtToDate'

2021-08-19 21:54:43 - [MESSAGE][PASSED] - Keys 'ENTER + ' sent to object: 'Object Repository/Apply Leave/Page_OrangeHRM/input__applyleavetxtToDate'

2021-08-19 21:54:43 - [TEST_STEP][PASSED] - if (from.equals(to)): null

2021-08-19 21:54:43 - [TEST_STEP][PASSED] - else: null

2021-08-19 21:54:43 - [TEST_STEP][PASSED] - selectOptionByValue(findTestObject("Object Repository/Apply Leave/Page_OrangeHRM/select_NoneAll DaysStart Day OnlyEnd Day On_3e5258"), partialDays, true): All options with value 'start_end' are selected in object 'Object Repository/Apply Leave/Page_OrangeHRM/select_NoneAll DaysStart Day OnlyEnd Day On_3e5258'  using regular expression

2021-08-19 21:54:45 - [MESSAGE][PASSED] - All options with value 'start_end' are selected in object 'Object Repository/Apply Leave/Page_OrangeHRM/select_NoneAll DaysStart Day OnlyEnd Day On_3e5258'  using regular expression

2021-08-19 21:54:45 - [TEST_STEP][PASSED] - if (partialDays.equals("all") || partialDays.equals("start")): null

2021-08-19 21:54:45 - [TEST_STEP][PASSED] - if (partialDays.equals("end")): null

2021-08-19 21:54:45 - [TEST_STEP][PASSED] - if (partialDays.equals("start_end")): null

2021-08-19 21:54:45 - [TEST_STEP][PASSED] - selectOptionByValue(findTestObject("Object Repository/Apply Leave/Page_OrangeHRM/applyleave_firstDuration_duration"), duration1, true): All options with value 'specify_time' are selected in object 'Object Repository/Apply Leave/Page_OrangeHRM/applyleave_firstDuration_duration'  using regular expression

2021-08-19 21:54:46 - [MESSAGE][PASSED] - All options with value 'specify_time' are selected in object 'Object Repository/Apply Leave/Page_OrangeHRM/applyleave_firstDuration_duration'  using regular expression

2021-08-19 21:54:46 - [TEST_STEP][PASSED] - if (duration1.equals("half_day")): null

2021-08-19 21:54:46 - [TEST_STEP][PASSED] - if (duration1.equals("specify_time")): All options with value '17:00' are selected in object 'Object Repository/Apply Leave/Page_OrangeHRM/select_000000150030004501000115013001450200_bef9c6_1_2_3'  using regular expression

2021-08-19 21:54:46 - [TEST_STEP][PASSED] - selectOptionByValue(findTestObject("Object Repository/Apply Leave/Page_OrangeHRM/select_000000150030004501000115013001450200_bef9c6_1_2"), duration2, true): All options with value '09:00' are selected in object 'Object Repository/Apply Leave/Page_OrangeHRM/select_000000150030004501000115013001450200_bef9c6_1_2'  using regular expression

2021-08-19 21:54:49 - [MESSAGE][PASSED] - All options with value '09:00' are selected in object 'Object Repository/Apply Leave/Page_OrangeHRM/select_000000150030004501000115013001450200_bef9c6_1_2'  using regular expression

2021-08-19 21:54:49 - [TEST_STEP][PASSED] - selectOptionByValue(findTestObject("Object Repository/Apply Leave/Page_OrangeHRM/select_000000150030004501000115013001450200_bef9c6_1_2_3"), duration3, true): All options with value '17:00' are selected in object 'Object Repository/Apply Leave/Page_OrangeHRM/select_000000150030004501000115013001450200_bef9c6_1_2_3'  using regular expression

2021-08-19 21:54:54 - [MESSAGE][PASSED] - All options with value '17:00' are selected in object 'Object Repository/Apply Leave/Page_OrangeHRM/select_000000150030004501000115013001450200_bef9c6_1_2_3'  using regular expression

2021-08-19 21:54:54 - [TEST_STEP][PASSED] - selectOptionByValue(findTestObject("Object Repository/Apply Leave/Page_OrangeHRM/select_Half DaySpecify Time_1"), duration4, true): All options with value 'half_day' are selected in object 'Object Repository/Apply Leave/Page_OrangeHRM/select_Half DaySpecify Time_1'  using regular expression

2021-08-19 21:54:55 - [MESSAGE][PASSED] - All options with value 'half_day' are selected in object 'Object Repository/Apply Leave/Page_OrangeHRM/select_Half DaySpecify Time_1'  using regular expression

2021-08-19 21:54:55 - [TEST_STEP][PASSED] - if (duration4.equals("half_day")): All options with value 'AM' are selected in object 'Object Repository/Apply Leave/Page_OrangeHRM/select_MorningAfternoon_1'  using regular expression

2021-08-19 21:54:55 - [TEST_STEP][PASSED] - selectOptionByValue(findTestObject("Object Repository/Apply Leave/Page_OrangeHRM/select_MorningAfternoon_1"), duration5, true): All options with value 'AM' are selected in object 'Object Repository/Apply Leave/Page_OrangeHRM/select_MorningAfternoon_1'  using regular expression

2021-08-19 21:54:56 - [MESSAGE][PASSED] - All options with value 'AM' are selected in object 'Object Repository/Apply Leave/Page_OrangeHRM/select_MorningAfternoon_1'  using regular expression

2021-08-19 21:54:56 - [TEST_STEP][PASSED] - if (duration4.equals("specify_time")): null

2021-08-19 21:54:56 - [TEST_STEP][PASSED] - scrollToElement(findTestObject("Apply Leave/Page_OrangeHRM/input__applyBtn"), 0): Scroll to object 'Object Repository/Apply Leave/Page_OrangeHRM/input__applyBtn' successfully

2021-08-19 21:54:56 - [MESSAGE][WARNING] - Timeout '0' is invalid. Using default page load timeout: '30'

2021-08-19 21:54:57 - [MESSAGE][PASSED] - Scroll to object 'Object Repository/Apply Leave/Page_OrangeHRM/input__applyBtn' successfully

2021-08-19 21:54:57 - [TEST_STEP][PASSED] - takeScreenshot(): Taking screenshot successfully

2021-08-19 21:54:57 - [MESSAGE][PASSED] - Taking screenshot successfully
[[ATTACHMENT|C:\\Users\\nguye\\Katalon Studio\\OrangeHRM\\Reports\\20210819_213101\\Apply Leave\\20210819_213101\\1629384897421.png]]

2021-08-19 21:54:57 - [TEST_STEP][PASSED] - click(findTestObject("Object Repository/Apply Leave/Page_OrangeHRM/input__applyBtn")): Object: 'Object Repository/Apply Leave/Page_OrangeHRM/input__applyBtn' is clicked on

2021-08-19 21:54:59 - [MESSAGE][PASSED] - Object: 'Object Repository/Apply Leave/Page_OrangeHRM/input__applyBtn' is clicked on

2021-08-19 21:54:59 - [TEST_STEP][PASSED] - navigateToUrl("http://localhost/orangehrm/symfony/web/index.php/leave/viewMyLeaveList/reset/1"): Navigate to 'http://localhost/orangehrm/symfony/web/index.php/leave/viewMyLeaveList/reset/1' successfully

2021-08-19 21:55:01 - [MESSAGE][PASSED] - Navigate to 'http://localhost/orangehrm/symfony/web/index.php/leave/viewMyLeaveList/reset/1' successfully

2021-08-19 21:55:01 - [TEST_STEP][PASSED] - setText(findTestObject("Object Repository/Apply Leave/Page_OrangeHRM/input_From_leaveListcalFromDate"), from): Text '2021-09-02' is set on object 'Object Repository/Apply Leave/Page_OrangeHRM/input_From_leaveListcalFromDate'

2021-08-19 21:55:03 - [MESSAGE][PASSED] - Text '2021-09-02' is set on object 'Object Repository/Apply Leave/Page_OrangeHRM/input_From_leaveListcalFromDate'

2021-08-19 21:55:03 - [TEST_STEP][PASSED] - sendKeys(findTestObject("Object Repository/Apply Leave/Page_OrangeHRM/input_From_leaveListcalFromDate"), Keys.chord(ENTER)): Keys 'ENTER + ' sent to object: 'Object Repository/Apply Leave/Page_OrangeHRM/input_From_leaveListcalFromDate'

2021-08-19 21:55:04 - [MESSAGE][PASSED] - Keys 'ENTER + ' sent to object: 'Object Repository/Apply Leave/Page_OrangeHRM/input_From_leaveListcalFromDate'

2021-08-19 21:55:04 - [TEST_STEP][PASSED] - setText(findTestObject("Object Repository/Apply Leave/Page_OrangeHRM/input_To_leaveListcalToDate"), to): Text '2021-09-03' is set on object 'Object Repository/Apply Leave/Page_OrangeHRM/input_To_leaveListcalToDate'

2021-08-19 21:55:05 - [MESSAGE][PASSED] - Text '2021-09-03' is set on object 'Object Repository/Apply Leave/Page_OrangeHRM/input_To_leaveListcalToDate'

2021-08-19 21:55:05 - [TEST_STEP][PASSED] - sendKeys(findTestObject("Object Repository/Apply Leave/Page_OrangeHRM/input_To_leaveListcalToDate"), Keys.chord(ENTER)): Keys 'ENTER + ' sent to object: 'Object Repository/Apply Leave/Page_OrangeHRM/input_To_leaveListcalToDate'

2021-08-19 21:55:06 - [MESSAGE][PASSED] - Keys 'ENTER + ' sent to object: 'Object Repository/Apply Leave/Page_OrangeHRM/input_To_leaveListcalToDate'

2021-08-19 21:55:06 - [TEST_STEP][PASSED] - uncheck(findTestObject("Object Repository/Apply Leave/Page_OrangeHRM/input_All_leaveList_chkSearchFilter_checkbo_a698f3")): Object 'Object Repository/Apply Leave/Page_OrangeHRM/input_All_leaveList_chkSearchFilter_checkbo_a698f3' is un-checked

2021-08-19 21:55:06 - [MESSAGE][PASSED] - Object 'Object Repository/Apply Leave/Page_OrangeHRM/input_All_leaveList_chkSearchFilter_checkbo_a698f3' is un-checked

2021-08-19 21:55:06 - [TEST_STEP][PASSED] - check(findTestObject("Object Repository/Apply Leave/Page_OrangeHRM/input_Pending Approval_leaveListchkSearchFilter")): Object 'Object Repository/Apply Leave/Page_OrangeHRM/input_Pending Approval_leaveListchkSearchFilter' is checked

2021-08-19 21:55:07 - [MESSAGE][PASSED] - Object 'Object Repository/Apply Leave/Page_OrangeHRM/input_Pending Approval_leaveListchkSearchFilter' is checked

2021-08-19 21:55:07 - [TEST_STEP][PASSED] - click(findTestObject("Object Repository/Apply Leave/Page_OrangeHRM/input_Taken_btnSearch")): Object: 'Object Repository/Apply Leave/Page_OrangeHRM/input_Taken_btnSearch' is clicked on

2021-08-19 21:55:08 - [MESSAGE][PASSED] - Object: 'Object Repository/Apply Leave/Page_OrangeHRM/input_Taken_btnSearch' is clicked on

2021-08-19 21:55:08 - [TEST_STEP][PASSED] - scrollToElement(findTestObject("Apply Leave/Page_OrangeHRM/th_Date"), 0): Scroll to object 'Object Repository/Apply Leave/Page_OrangeHRM/th_Date' successfully

2021-08-19 21:55:09 - [MESSAGE][WARNING] - Timeout '0' is invalid. Using default page load timeout: '30'

2021-08-19 21:55:10 - [MESSAGE][PASSED] - Scroll to object 'Object Repository/Apply Leave/Page_OrangeHRM/th_Date' successfully

2021-08-19 21:55:10 - [TEST_STEP][PASSED] - takeScreenshot(): Taking screenshot successfully

2021-08-19 21:55:10 - [MESSAGE][PASSED] - Taking screenshot successfully
[[ATTACHMENT|C:\\Users\\nguye\\Katalon Studio\\OrangeHRM\\Reports\\20210819_213101\\Apply Leave\\20210819_213101\\1629384910589.png]]

2021-08-19 21:55:10 - [TEST_STEP][PASSED] - if (days.equals("")): null

2021-08-19 21:55:10 - [TEST_STEP][PASSED] - else: Actual text 'Pending Approval(1.50)' and expected text 'Pending Approval(1.50)' are matched 

2021-08-19 21:55:10 - [TEST_STEP][PASSED] - verifyMatch(getText(findTestObject("Object Repository/Apply Leave/Page_OrangeHRM/a_2021-09-02 to 2021-09-03")), date, false, STOP_ON_FAILURE): Actual text '2021-09-02 to 2021-09-03' and expected text '2021-09-02 to 2021-09-03' are matched 

2021-08-19 21:55:11 - [MESSAGE][PASSED] - Text of object 'Object Repository/Apply Leave/Page_OrangeHRM/a_2021-09-02 to 2021-09-03' is: '2021-09-02 to 2021-09-03'

2021-08-19 21:55:11 - [MESSAGE][PASSED] - Actual text '2021-09-02 to 2021-09-03' and expected text '2021-09-02 to 2021-09-03' are matched 

2021-08-19 21:55:11 - [TEST_STEP][PASSED] - verifyMatch(getText(findTestObject("Object Repository/Apply Leave/Page_OrangeHRM/a_Rachel Morris")), fullName, false, STOP_ON_FAILURE): Actual text 'Rachel Morris' and expected text 'Rachel Morris' are matched 

2021-08-19 21:55:11 - [MESSAGE][PASSED] - Text of object 'Object Repository/Apply Leave/Page_OrangeHRM/a_Rachel Morris' is: 'Rachel Morris'

2021-08-19 21:55:11 - [MESSAGE][PASSED] - Actual text 'Rachel Morris' and expected text 'Rachel Morris' are matched 

2021-08-19 21:55:11 - [TEST_STEP][PASSED] - verifyMatch(getText(findTestObject("Object Repository/Apply Leave/Page_OrangeHRM/td_Personal")), leaveType, false, STOP_ON_FAILURE): Actual text 'Personal' and expected text 'Personal' are matched 

2021-08-19 21:55:12 - [MESSAGE][PASSED] - Text of object 'Object Repository/Apply Leave/Page_OrangeHRM/td_Personal' is: 'Personal'

2021-08-19 21:55:12 - [MESSAGE][PASSED] - Actual text 'Personal' and expected text 'Personal' are matched 

2021-08-19 21:55:12 - [TEST_STEP][PASSED] - verifyMatch(25"))).toString(), parseDouble(days).toString(), false, STOP_ON_FAILURE): Actual text '48.5' and expected text '48.5' are matched 

2021-08-19 21:55:12 - [MESSAGE][PASSED] - Text of object 'Object Repository/Apply Leave/Page_OrangeHRM/td_49.25' is: '48.50'

2021-08-19 21:55:12 - [MESSAGE][PASSED] - Actual text '48.5' and expected text '48.5' are matched 

2021-08-19 21:55:12 - [TEST_STEP][PASSED] - verifyMatch(getText(findTestObject("Object Repository/Apply Leave/Page_OrangeHRM/td_0.75")), days, false, STOP_ON_FAILURE): Actual text '1.50' and expected text '1.50' are matched 

2021-08-19 21:55:13 - [MESSAGE][PASSED] - Text of object 'Object Repository/Apply Leave/Page_OrangeHRM/td_0.75' is: '1.50'

2021-08-19 21:55:13 - [MESSAGE][PASSED] - Actual text '1.50' and expected text '1.50' are matched 

2021-08-19 21:55:13 - [TEST_STEP][PASSED] - verifyMatch(getText(findTestObject("Object Repository/Apply Leave/Page_OrangeHRM/a_Pending Approval(0.75)")), status + "(" + days + ")", false, STOP_ON_FAILURE): Actual text 'Pending Approval(1.50)' and expected text 'Pending Approval(1.50)' are matched 

2021-08-19 21:55:13 - [MESSAGE][PASSED] - Text of object 'Object Repository/Apply Leave/Page_OrangeHRM/a_Pending Approval(0.75)' is: 'Pending Approval(1.50)'

2021-08-19 21:55:13 - [MESSAGE][PASSED] - Actual text 'Pending Approval(1.50)' and expected text 'Pending Approval(1.50)' are matched]]></system-out>
         <system-err><![CDATA[]]></system-err>
      </testcase>
      <testcase name="Test Cases/Apply Leave" time="43.06" classname="Test Cases/Apply Leave" status="PASSED">
         <system-out><![CDATA[2021-08-19 21:55:16 - [TEST_CASE][PASSED] - Test Cases/Apply Leave: Test Cases/Apply Leave

2021-08-19 21:55:16 - [TEST_STEP][PASSED] - com.database.mysql.connectDB("localhost", "orangehrm_mysql", "3306", "root", null): com.database.mysql.connectDB is PASSED

2021-08-19 21:55:16 - [MESSAGE][PASSED] - com.database.mysql.connectDB is PASSED

2021-08-19 21:55:16 - [TEST_STEP][PASSED] - com.database.mysql.execute("DELETE FROM `ohrm_leave_request` WHERE `emp_number`=3 AND `date_applied`='2021-09-02' AND `leave_type_id` = 3"): com.database.mysql.execute is PASSED

2021-08-19 21:55:16 - [MESSAGE][PASSED] - com.database.mysql.execute is PASSED

2021-08-19 21:55:16 - [TEST_STEP][PASSED] - com.database.mysql.execute("DELETE FROM `ohrm_leave` WHERE `emp_number` = 3 AND `leave_type_id`=3 and (`date`='2021-09-02' or `date`='2021-09-03') "): com.database.mysql.execute is PASSED

2021-08-19 21:55:16 - [MESSAGE][PASSED] - com.database.mysql.execute is PASSED

2021-08-19 21:55:16 - [TEST_STEP][PASSED] - com.database.mysql.closeDatabaseConnection(): com.database.mysql.closeDatabaseConnection is PASSED

2021-08-19 21:55:16 - [MESSAGE][PASSED] - com.database.mysql.closeDatabaseConnection is PASSED

2021-08-19 21:55:16 - [TEST_STEP][PASSED] - navigateToUrl("http://localhost/orangehrm/symfony/web/index.php/dashboard"): Navigate to 'http://localhost/orangehrm/symfony/web/index.php/dashboard' successfully

2021-08-19 21:55:17 - [MESSAGE][PASSED] - Navigate to 'http://localhost/orangehrm/symfony/web/index.php/dashboard' successfully

2021-08-19 21:55:17 - [TEST_STEP][PASSED] - click(findTestObject("Object Repository/Apply Leave/Page_OrangeHRM/img")): Object: 'Object Repository/Apply Leave/Page_OrangeHRM/img' is clicked on

2021-08-19 21:55:19 - [MESSAGE][PASSED] - Object: 'Object Repository/Apply Leave/Page_OrangeHRM/img' is clicked on

2021-08-19 21:55:19 - [TEST_STEP][PASSED] - selectOptionByValue(findTestObject("Object Repository/Apply Leave/Page_OrangeHRM/select_--Select--MarriageMaternityPersonalS_480ad7"), "3", true): All options with value '3' are selected in object 'Object Repository/Apply Leave/Page_OrangeHRM/select_--Select--MarriageMaternityPersonalS_480ad7'  using regular expression

2021-08-19 21:55:20 - [MESSAGE][PASSED] - All options with value '3' are selected in object 'Object Repository/Apply Leave/Page_OrangeHRM/select_--Select--MarriageMaternityPersonalS_480ad7'  using regular expression

2021-08-19 21:55:20 - [TEST_STEP][PASSED] - setText(findTestObject("Object Repository/Apply Leave/Page_OrangeHRM/input__applyleavetxtFromDate"), from): Text '2021-09-02' is set on object 'Object Repository/Apply Leave/Page_OrangeHRM/input__applyleavetxtFromDate'

2021-08-19 21:55:22 - [MESSAGE][PASSED] - Text '2021-09-02' is set on object 'Object Repository/Apply Leave/Page_OrangeHRM/input__applyleavetxtFromDate'

2021-08-19 21:55:22 - [TEST_STEP][PASSED] - sendKeys(findTestObject("Object Repository/Apply Leave/Page_OrangeHRM/input__applyleavetxtFromDate"), Keys.chord(ENTER)): Keys 'ENTER + ' sent to object: 'Object Repository/Apply Leave/Page_OrangeHRM/input__applyleavetxtFromDate'

2021-08-19 21:55:23 - [MESSAGE][PASSED] - Keys 'ENTER + ' sent to object: 'Object Repository/Apply Leave/Page_OrangeHRM/input__applyleavetxtFromDate'

2021-08-19 21:55:23 - [TEST_STEP][PASSED] - setText(findTestObject("Object Repository/Apply Leave/Page_OrangeHRM/input__applyleavetxtToDate"), to): Text '2021-09-03' is set on object 'Object Repository/Apply Leave/Page_OrangeHRM/input__applyleavetxtToDate'

2021-08-19 21:55:25 - [MESSAGE][PASSED] - Text '2021-09-03' is set on object 'Object Repository/Apply Leave/Page_OrangeHRM/input__applyleavetxtToDate'

2021-08-19 21:55:25 - [TEST_STEP][PASSED] - sendKeys(findTestObject("Object Repository/Apply Leave/Page_OrangeHRM/input__applyleavetxtToDate"), Keys.chord(ENTER)): Keys 'ENTER + ' sent to object: 'Object Repository/Apply Leave/Page_OrangeHRM/input__applyleavetxtToDate'

2021-08-19 21:55:26 - [MESSAGE][PASSED] - Keys 'ENTER + ' sent to object: 'Object Repository/Apply Leave/Page_OrangeHRM/input__applyleavetxtToDate'

2021-08-19 21:55:26 - [TEST_STEP][PASSED] - if (from.equals(to)): null

2021-08-19 21:55:26 - [TEST_STEP][PASSED] - else: null

2021-08-19 21:55:26 - [TEST_STEP][PASSED] - selectOptionByValue(findTestObject("Object Repository/Apply Leave/Page_OrangeHRM/select_NoneAll DaysStart Day OnlyEnd Day On_3e5258"), partialDays, true): All options with value 'start_end' are selected in object 'Object Repository/Apply Leave/Page_OrangeHRM/select_NoneAll DaysStart Day OnlyEnd Day On_3e5258'  using regular expression

2021-08-19 21:55:28 - [MESSAGE][PASSED] - All options with value 'start_end' are selected in object 'Object Repository/Apply Leave/Page_OrangeHRM/select_NoneAll DaysStart Day OnlyEnd Day On_3e5258'  using regular expression

2021-08-19 21:55:28 - [TEST_STEP][PASSED] - if (partialDays.equals("all") || partialDays.equals("start")): null

2021-08-19 21:55:28 - [TEST_STEP][PASSED] - if (partialDays.equals("end")): null

2021-08-19 21:55:28 - [TEST_STEP][PASSED] - if (partialDays.equals("start_end")): null

2021-08-19 21:55:28 - [TEST_STEP][PASSED] - selectOptionByValue(findTestObject("Object Repository/Apply Leave/Page_OrangeHRM/applyleave_firstDuration_duration"), duration1, true): All options with value 'specify_time' are selected in object 'Object Repository/Apply Leave/Page_OrangeHRM/applyleave_firstDuration_duration'  using regular expression

2021-08-19 21:55:29 - [MESSAGE][PASSED] - All options with value 'specify_time' are selected in object 'Object Repository/Apply Leave/Page_OrangeHRM/applyleave_firstDuration_duration'  using regular expression

2021-08-19 21:55:29 - [TEST_STEP][PASSED] - if (duration1.equals("half_day")): null

2021-08-19 21:55:29 - [TEST_STEP][PASSED] - if (duration1.equals("specify_time")): All options with value '17:00' are selected in object 'Object Repository/Apply Leave/Page_OrangeHRM/select_000000150030004501000115013001450200_bef9c6_1_2_3'  using regular expression

2021-08-19 21:55:29 - [TEST_STEP][PASSED] - selectOptionByValue(findTestObject("Object Repository/Apply Leave/Page_OrangeHRM/select_000000150030004501000115013001450200_bef9c6_1_2"), duration2, true): All options with value '09:00' are selected in object 'Object Repository/Apply Leave/Page_OrangeHRM/select_000000150030004501000115013001450200_bef9c6_1_2'  using regular expression

2021-08-19 21:55:32 - [MESSAGE][PASSED] - All options with value '09:00' are selected in object 'Object Repository/Apply Leave/Page_OrangeHRM/select_000000150030004501000115013001450200_bef9c6_1_2'  using regular expression

2021-08-19 21:55:32 - [TEST_STEP][PASSED] - selectOptionByValue(findTestObject("Object Repository/Apply Leave/Page_OrangeHRM/select_000000150030004501000115013001450200_bef9c6_1_2_3"), duration3, true): All options with value '17:00' are selected in object 'Object Repository/Apply Leave/Page_OrangeHRM/select_000000150030004501000115013001450200_bef9c6_1_2_3'  using regular expression

2021-08-19 21:55:37 - [MESSAGE][PASSED] - All options with value '17:00' are selected in object 'Object Repository/Apply Leave/Page_OrangeHRM/select_000000150030004501000115013001450200_bef9c6_1_2_3'  using regular expression

2021-08-19 21:55:37 - [TEST_STEP][PASSED] - selectOptionByValue(findTestObject("Object Repository/Apply Leave/Page_OrangeHRM/select_Half DaySpecify Time_1"), duration4, true): All options with value 'half_day' are selected in object 'Object Repository/Apply Leave/Page_OrangeHRM/select_Half DaySpecify Time_1'  using regular expression

2021-08-19 21:55:38 - [MESSAGE][PASSED] - All options with value 'half_day' are selected in object 'Object Repository/Apply Leave/Page_OrangeHRM/select_Half DaySpecify Time_1'  using regular expression

2021-08-19 21:55:38 - [TEST_STEP][PASSED] - if (duration4.equals("half_day")): All options with value 'PM' are selected in object 'Object Repository/Apply Leave/Page_OrangeHRM/select_MorningAfternoon_1'  using regular expression

2021-08-19 21:55:38 - [TEST_STEP][PASSED] - selectOptionByValue(findTestObject("Object Repository/Apply Leave/Page_OrangeHRM/select_MorningAfternoon_1"), duration5, true): All options with value 'PM' are selected in object 'Object Repository/Apply Leave/Page_OrangeHRM/select_MorningAfternoon_1'  using regular expression

2021-08-19 21:55:39 - [MESSAGE][PASSED] - All options with value 'PM' are selected in object 'Object Repository/Apply Leave/Page_OrangeHRM/select_MorningAfternoon_1'  using regular expression

2021-08-19 21:55:39 - [TEST_STEP][PASSED] - if (duration4.equals("specify_time")): null

2021-08-19 21:55:39 - [TEST_STEP][PASSED] - scrollToElement(findTestObject("Apply Leave/Page_OrangeHRM/input__applyBtn"), 0): Scroll to object 'Object Repository/Apply Leave/Page_OrangeHRM/input__applyBtn' successfully

2021-08-19 21:55:39 - [MESSAGE][WARNING] - Timeout '0' is invalid. Using default page load timeout: '30'

2021-08-19 21:55:40 - [MESSAGE][PASSED] - Scroll to object 'Object Repository/Apply Leave/Page_OrangeHRM/input__applyBtn' successfully

2021-08-19 21:55:40 - [TEST_STEP][PASSED] - takeScreenshot(): Taking screenshot successfully

2021-08-19 21:55:40 - [MESSAGE][PASSED] - Taking screenshot successfully
[[ATTACHMENT|C:\\Users\\nguye\\Katalon Studio\\OrangeHRM\\Reports\\20210819_213101\\Apply Leave\\20210819_213101\\1629384940504.png]]

2021-08-19 21:55:40 - [TEST_STEP][PASSED] - click(findTestObject("Object Repository/Apply Leave/Page_OrangeHRM/input__applyBtn")): Object: 'Object Repository/Apply Leave/Page_OrangeHRM/input__applyBtn' is clicked on

2021-08-19 21:55:42 - [MESSAGE][PASSED] - Object: 'Object Repository/Apply Leave/Page_OrangeHRM/input__applyBtn' is clicked on

2021-08-19 21:55:42 - [TEST_STEP][PASSED] - navigateToUrl("http://localhost/orangehrm/symfony/web/index.php/leave/viewMyLeaveList/reset/1"): Navigate to 'http://localhost/orangehrm/symfony/web/index.php/leave/viewMyLeaveList/reset/1' successfully

2021-08-19 21:55:44 - [MESSAGE][PASSED] - Navigate to 'http://localhost/orangehrm/symfony/web/index.php/leave/viewMyLeaveList/reset/1' successfully

2021-08-19 21:55:44 - [TEST_STEP][PASSED] - setText(findTestObject("Object Repository/Apply Leave/Page_OrangeHRM/input_From_leaveListcalFromDate"), from): Text '2021-09-02' is set on object 'Object Repository/Apply Leave/Page_OrangeHRM/input_From_leaveListcalFromDate'

2021-08-19 21:55:47 - [MESSAGE][PASSED] - Text '2021-09-02' is set on object 'Object Repository/Apply Leave/Page_OrangeHRM/input_From_leaveListcalFromDate'

2021-08-19 21:55:47 - [TEST_STEP][PASSED] - sendKeys(findTestObject("Object Repository/Apply Leave/Page_OrangeHRM/input_From_leaveListcalFromDate"), Keys.chord(ENTER)): Keys 'ENTER + ' sent to object: 'Object Repository/Apply Leave/Page_OrangeHRM/input_From_leaveListcalFromDate'

2021-08-19 21:55:47 - [MESSAGE][PASSED] - Keys 'ENTER + ' sent to object: 'Object Repository/Apply Leave/Page_OrangeHRM/input_From_leaveListcalFromDate'

2021-08-19 21:55:47 - [TEST_STEP][PASSED] - setText(findTestObject("Object Repository/Apply Leave/Page_OrangeHRM/input_To_leaveListcalToDate"), to): Text '2021-09-03' is set on object 'Object Repository/Apply Leave/Page_OrangeHRM/input_To_leaveListcalToDate'

2021-08-19 21:55:48 - [MESSAGE][PASSED] - Text '2021-09-03' is set on object 'Object Repository/Apply Leave/Page_OrangeHRM/input_To_leaveListcalToDate'

2021-08-19 21:55:48 - [TEST_STEP][PASSED] - sendKeys(findTestObject("Object Repository/Apply Leave/Page_OrangeHRM/input_To_leaveListcalToDate"), Keys.chord(ENTER)): Keys 'ENTER + ' sent to object: 'Object Repository/Apply Leave/Page_OrangeHRM/input_To_leaveListcalToDate'

2021-08-19 21:55:49 - [MESSAGE][PASSED] - Keys 'ENTER + ' sent to object: 'Object Repository/Apply Leave/Page_OrangeHRM/input_To_leaveListcalToDate'

2021-08-19 21:55:49 - [TEST_STEP][PASSED] - uncheck(findTestObject("Object Repository/Apply Leave/Page_OrangeHRM/input_All_leaveList_chkSearchFilter_checkbo_a698f3")): Object 'Object Repository/Apply Leave/Page_OrangeHRM/input_All_leaveList_chkSearchFilter_checkbo_a698f3' is un-checked

2021-08-19 21:55:49 - [MESSAGE][PASSED] - Object 'Object Repository/Apply Leave/Page_OrangeHRM/input_All_leaveList_chkSearchFilter_checkbo_a698f3' is un-checked

2021-08-19 21:55:49 - [TEST_STEP][PASSED] - check(findTestObject("Object Repository/Apply Leave/Page_OrangeHRM/input_Pending Approval_leaveListchkSearchFilter")): Object 'Object Repository/Apply Leave/Page_OrangeHRM/input_Pending Approval_leaveListchkSearchFilter' is checked

2021-08-19 21:55:50 - [MESSAGE][PASSED] - Object 'Object Repository/Apply Leave/Page_OrangeHRM/input_Pending Approval_leaveListchkSearchFilter' is checked

2021-08-19 21:55:50 - [TEST_STEP][PASSED] - click(findTestObject("Object Repository/Apply Leave/Page_OrangeHRM/input_Taken_btnSearch")): Object: 'Object Repository/Apply Leave/Page_OrangeHRM/input_Taken_btnSearch' is clicked on

2021-08-19 21:55:52 - [MESSAGE][PASSED] - Object: 'Object Repository/Apply Leave/Page_OrangeHRM/input_Taken_btnSearch' is clicked on

2021-08-19 21:55:52 - [TEST_STEP][PASSED] - scrollToElement(findTestObject("Apply Leave/Page_OrangeHRM/th_Date"), 0): Scroll to object 'Object Repository/Apply Leave/Page_OrangeHRM/th_Date' successfully

2021-08-19 21:55:52 - [MESSAGE][WARNING] - Timeout '0' is invalid. Using default page load timeout: '30'

2021-08-19 21:55:53 - [MESSAGE][PASSED] - Scroll to object 'Object Repository/Apply Leave/Page_OrangeHRM/th_Date' successfully

2021-08-19 21:55:53 - [TEST_STEP][PASSED] - takeScreenshot(): Taking screenshot successfully

2021-08-19 21:55:54 - [MESSAGE][PASSED] - Taking screenshot successfully
[[ATTACHMENT|C:\\Users\\nguye\\Katalon Studio\\OrangeHRM\\Reports\\20210819_213101\\Apply Leave\\20210819_213101\\1629384953996.png]]

2021-08-19 21:55:54 - [TEST_STEP][PASSED] - if (days.equals("")): null

2021-08-19 21:55:54 - [TEST_STEP][PASSED] - else: Actual text 'Pending Approval(1.50)' and expected text 'Pending Approval(1.50)' are matched 

2021-08-19 21:55:54 - [TEST_STEP][PASSED] - verifyMatch(getText(findTestObject("Object Repository/Apply Leave/Page_OrangeHRM/a_2021-09-02 to 2021-09-03")), date, false, STOP_ON_FAILURE): Actual text '2021-09-02 to 2021-09-03' and expected text '2021-09-02 to 2021-09-03' are matched 

2021-08-19 21:55:54 - [MESSAGE][PASSED] - Text of object 'Object Repository/Apply Leave/Page_OrangeHRM/a_2021-09-02 to 2021-09-03' is: '2021-09-02 to 2021-09-03'

2021-08-19 21:55:54 - [MESSAGE][PASSED] - Actual text '2021-09-02 to 2021-09-03' and expected text '2021-09-02 to 2021-09-03' are matched 

2021-08-19 21:55:54 - [TEST_STEP][PASSED] - verifyMatch(getText(findTestObject("Object Repository/Apply Leave/Page_OrangeHRM/a_Rachel Morris")), fullName, false, STOP_ON_FAILURE): Actual text 'Rachel Morris' and expected text 'Rachel Morris' are matched 

2021-08-19 21:55:55 - [MESSAGE][PASSED] - Text of object 'Object Repository/Apply Leave/Page_OrangeHRM/a_Rachel Morris' is: 'Rachel Morris'

2021-08-19 21:55:55 - [MESSAGE][PASSED] - Actual text 'Rachel Morris' and expected text 'Rachel Morris' are matched 

2021-08-19 21:55:55 - [TEST_STEP][PASSED] - verifyMatch(getText(findTestObject("Object Repository/Apply Leave/Page_OrangeHRM/td_Personal")), leaveType, false, STOP_ON_FAILURE): Actual text 'Personal' and expected text 'Personal' are matched 

2021-08-19 21:55:55 - [MESSAGE][PASSED] - Text of object 'Object Repository/Apply Leave/Page_OrangeHRM/td_Personal' is: 'Personal'

2021-08-19 21:55:55 - [MESSAGE][PASSED] - Actual text 'Personal' and expected text 'Personal' are matched 

2021-08-19 21:55:55 - [TEST_STEP][PASSED] - verifyMatch(25"))).toString(), parseDouble(days).toString(), false, STOP_ON_FAILURE): Actual text '48.5' and expected text '48.5' are matched 

2021-08-19 21:55:56 - [MESSAGE][PASSED] - Text of object 'Object Repository/Apply Leave/Page_OrangeHRM/td_49.25' is: '48.50'

2021-08-19 21:55:56 - [MESSAGE][PASSED] - Actual text '48.5' and expected text '48.5' are matched 

2021-08-19 21:55:56 - [TEST_STEP][PASSED] - verifyMatch(getText(findTestObject("Object Repository/Apply Leave/Page_OrangeHRM/td_0.75")), days, false, STOP_ON_FAILURE): Actual text '1.50' and expected text '1.50' are matched 

2021-08-19 21:55:56 - [MESSAGE][PASSED] - Text of object 'Object Repository/Apply Leave/Page_OrangeHRM/td_0.75' is: '1.50'

2021-08-19 21:55:56 - [MESSAGE][PASSED] - Actual text '1.50' and expected text '1.50' are matched 

2021-08-19 21:55:56 - [TEST_STEP][PASSED] - verifyMatch(getText(findTestObject("Object Repository/Apply Leave/Page_OrangeHRM/a_Pending Approval(0.75)")), status + "(" + days + ")", false, STOP_ON_FAILURE): Actual text 'Pending Approval(1.50)' and expected text 'Pending Approval(1.50)' are matched 

2021-08-19 21:55:57 - [MESSAGE][PASSED] - Text of object 'Object Repository/Apply Leave/Page_OrangeHRM/a_Pending Approval(0.75)' is: 'Pending Approval(1.50)'

2021-08-19 21:55:57 - [MESSAGE][PASSED] - Actual text 'Pending Approval(1.50)' and expected text 'Pending Approval(1.50)' are matched]]></system-out>
         <system-err><![CDATA[]]></system-err>
      </testcase>
      <testcase name="Test Cases/Apply Leave" time="50.367" classname="Test Cases/Apply Leave" status="PASSED">
         <system-out><![CDATA[2021-08-19 21:55:59 - [TEST_CASE][PASSED] - Test Cases/Apply Leave: Test Cases/Apply Leave

2021-08-19 21:55:59 - [TEST_STEP][PASSED] - com.database.mysql.connectDB("localhost", "orangehrm_mysql", "3306", "root", null): com.database.mysql.connectDB is PASSED

2021-08-19 21:55:59 - [MESSAGE][PASSED] - com.database.mysql.connectDB is PASSED

2021-08-19 21:55:59 - [TEST_STEP][PASSED] - com.database.mysql.execute("DELETE FROM `ohrm_leave_request` WHERE `emp_number`=3 AND `date_applied`='2021-09-02' AND `leave_type_id` = 3"): com.database.mysql.execute is PASSED

2021-08-19 21:55:59 - [MESSAGE][PASSED] - com.database.mysql.execute is PASSED

2021-08-19 21:55:59 - [TEST_STEP][PASSED] - com.database.mysql.execute("DELETE FROM `ohrm_leave` WHERE `emp_number` = 3 AND `leave_type_id`=3 and (`date`='2021-09-02' or `date`='2021-09-03') "): com.database.mysql.execute is PASSED

2021-08-19 21:55:59 - [MESSAGE][PASSED] - com.database.mysql.execute is PASSED

2021-08-19 21:55:59 - [TEST_STEP][PASSED] - com.database.mysql.closeDatabaseConnection(): com.database.mysql.closeDatabaseConnection is PASSED

2021-08-19 21:55:59 - [MESSAGE][PASSED] - com.database.mysql.closeDatabaseConnection is PASSED

2021-08-19 21:55:59 - [TEST_STEP][PASSED] - navigateToUrl("http://localhost/orangehrm/symfony/web/index.php/dashboard"): Navigate to 'http://localhost/orangehrm/symfony/web/index.php/dashboard' successfully

2021-08-19 21:56:00 - [MESSAGE][PASSED] - Navigate to 'http://localhost/orangehrm/symfony/web/index.php/dashboard' successfully

2021-08-19 21:56:00 - [TEST_STEP][PASSED] - click(findTestObject("Object Repository/Apply Leave/Page_OrangeHRM/img")): Object: 'Object Repository/Apply Leave/Page_OrangeHRM/img' is clicked on

2021-08-19 21:56:02 - [MESSAGE][PASSED] - Object: 'Object Repository/Apply Leave/Page_OrangeHRM/img' is clicked on

2021-08-19 21:56:02 - [TEST_STEP][PASSED] - selectOptionByValue(findTestObject("Object Repository/Apply Leave/Page_OrangeHRM/select_--Select--MarriageMaternityPersonalS_480ad7"), "3", true): All options with value '3' are selected in object 'Object Repository/Apply Leave/Page_OrangeHRM/select_--Select--MarriageMaternityPersonalS_480ad7'  using regular expression

2021-08-19 21:56:03 - [MESSAGE][PASSED] - All options with value '3' are selected in object 'Object Repository/Apply Leave/Page_OrangeHRM/select_--Select--MarriageMaternityPersonalS_480ad7'  using regular expression

2021-08-19 21:56:03 - [TEST_STEP][PASSED] - setText(findTestObject("Object Repository/Apply Leave/Page_OrangeHRM/input__applyleavetxtFromDate"), from): Text '2021-09-02' is set on object 'Object Repository/Apply Leave/Page_OrangeHRM/input__applyleavetxtFromDate'

2021-08-19 21:56:06 - [MESSAGE][PASSED] - Text '2021-09-02' is set on object 'Object Repository/Apply Leave/Page_OrangeHRM/input__applyleavetxtFromDate'

2021-08-19 21:56:06 - [TEST_STEP][PASSED] - sendKeys(findTestObject("Object Repository/Apply Leave/Page_OrangeHRM/input__applyleavetxtFromDate"), Keys.chord(ENTER)): Keys 'ENTER + ' sent to object: 'Object Repository/Apply Leave/Page_OrangeHRM/input__applyleavetxtFromDate'

2021-08-19 21:56:06 - [MESSAGE][PASSED] - Keys 'ENTER + ' sent to object: 'Object Repository/Apply Leave/Page_OrangeHRM/input__applyleavetxtFromDate'

2021-08-19 21:56:06 - [TEST_STEP][PASSED] - setText(findTestObject("Object Repository/Apply Leave/Page_OrangeHRM/input__applyleavetxtToDate"), to): Text '2021-09-03' is set on object 'Object Repository/Apply Leave/Page_OrangeHRM/input__applyleavetxtToDate'

2021-08-19 21:56:08 - [MESSAGE][PASSED] - Text '2021-09-03' is set on object 'Object Repository/Apply Leave/Page_OrangeHRM/input__applyleavetxtToDate'

2021-08-19 21:56:08 - [TEST_STEP][PASSED] - sendKeys(findTestObject("Object Repository/Apply Leave/Page_OrangeHRM/input__applyleavetxtToDate"), Keys.chord(ENTER)): Keys 'ENTER + ' sent to object: 'Object Repository/Apply Leave/Page_OrangeHRM/input__applyleavetxtToDate'

2021-08-19 21:56:09 - [MESSAGE][PASSED] - Keys 'ENTER + ' sent to object: 'Object Repository/Apply Leave/Page_OrangeHRM/input__applyleavetxtToDate'

2021-08-19 21:56:09 - [TEST_STEP][PASSED] - if (from.equals(to)): null

2021-08-19 21:56:09 - [TEST_STEP][PASSED] - else: All options with value '11:00' are selected in object 'Object Repository/Apply Leave/Page_OrangeHRM/applyleave_secondDuration_time_to'  using regular expression

2021-08-19 21:56:09 - [TEST_STEP][PASSED] - selectOptionByValue(findTestObject("Object Repository/Apply Leave/Page_OrangeHRM/select_NoneAll DaysStart Day OnlyEnd Day On_3e5258"), partialDays, true): All options with value 'start_end' are selected in object 'Object Repository/Apply Leave/Page_OrangeHRM/select_NoneAll DaysStart Day OnlyEnd Day On_3e5258'  using regular expression

2021-08-19 21:56:11 - [MESSAGE][PASSED] - All options with value 'start_end' are selected in object 'Object Repository/Apply Leave/Page_OrangeHRM/select_NoneAll DaysStart Day OnlyEnd Day On_3e5258'  using regular expression

2021-08-19 21:56:11 - [TEST_STEP][PASSED] - if (partialDays.equals("all") || partialDays.equals("start")): null

2021-08-19 21:56:11 - [TEST_STEP][PASSED] - if (partialDays.equals("end")): null

2021-08-19 21:56:11 - [TEST_STEP][PASSED] - if (partialDays.equals("start_end")): All options with value '11:00' are selected in object 'Object Repository/Apply Leave/Page_OrangeHRM/applyleave_secondDuration_time_to'  using regular expression

2021-08-19 21:56:11 - [TEST_STEP][PASSED] - selectOptionByValue(findTestObject("Object Repository/Apply Leave/Page_OrangeHRM/applyleave_firstDuration_duration"), duration1, true): All options with value 'specify_time' are selected in object 'Object Repository/Apply Leave/Page_OrangeHRM/applyleave_firstDuration_duration'  using regular expression

2021-08-19 21:56:12 - [MESSAGE][PASSED] - All options with value 'specify_time' are selected in object 'Object Repository/Apply Leave/Page_OrangeHRM/applyleave_firstDuration_duration'  using regular expression

2021-08-19 21:56:12 - [TEST_STEP][PASSED] - if (duration1.equals("half_day")): null

2021-08-19 21:56:12 - [TEST_STEP][PASSED] - if (duration1.equals("specify_time")): All options with value '17:00' are selected in object 'Object Repository/Apply Leave/Page_OrangeHRM/select_000000150030004501000115013001450200_bef9c6_1_2_3'  using regular expression

2021-08-19 21:56:12 - [TEST_STEP][PASSED] - selectOptionByValue(findTestObject("Object Repository/Apply Leave/Page_OrangeHRM/select_000000150030004501000115013001450200_bef9c6_1_2"), duration2, true): All options with value '09:00' are selected in object 'Object Repository/Apply Leave/Page_OrangeHRM/select_000000150030004501000115013001450200_bef9c6_1_2'  using regular expression

2021-08-19 21:56:15 - [MESSAGE][PASSED] - All options with value '09:00' are selected in object 'Object Repository/Apply Leave/Page_OrangeHRM/select_000000150030004501000115013001450200_bef9c6_1_2'  using regular expression

2021-08-19 21:56:15 - [TEST_STEP][PASSED] - selectOptionByValue(findTestObject("Object Repository/Apply Leave/Page_OrangeHRM/select_000000150030004501000115013001450200_bef9c6_1_2_3"), duration3, true): All options with value '17:00' are selected in object 'Object Repository/Apply Leave/Page_OrangeHRM/select_000000150030004501000115013001450200_bef9c6_1_2_3'  using regular expression

2021-08-19 21:56:20 - [MESSAGE][PASSED] - All options with value '17:00' are selected in object 'Object Repository/Apply Leave/Page_OrangeHRM/select_000000150030004501000115013001450200_bef9c6_1_2_3'  using regular expression

2021-08-19 21:56:20 - [TEST_STEP][PASSED] - selectOptionByValue(findTestObject("Object Repository/Apply Leave/Page_OrangeHRM/select_Half DaySpecify Time_1"), duration4, true): All options with value 'specify_time' are selected in object 'Object Repository/Apply Leave/Page_OrangeHRM/select_Half DaySpecify Time_1'  using regular expression

2021-08-19 21:56:21 - [MESSAGE][PASSED] - All options with value 'specify_time' are selected in object 'Object Repository/Apply Leave/Page_OrangeHRM/select_Half DaySpecify Time_1'  using regular expression

2021-08-19 21:56:21 - [TEST_STEP][PASSED] - if (duration4.equals("half_day")): null

2021-08-19 21:56:21 - [TEST_STEP][PASSED] - if (duration4.equals("specify_time")): All options with value '11:00' are selected in object 'Object Repository/Apply Leave/Page_OrangeHRM/applyleave_secondDuration_time_to'  using regular expression

2021-08-19 21:56:21 - [TEST_STEP][PASSED] - selectOptionByValue(findTestObject("Object Repository/Apply Leave/Page_OrangeHRM/applyleave_secondDuration_time_from"), duration5, true): All options with value '09:00' are selected in object 'Object Repository/Apply Leave/Page_OrangeHRM/applyleave_secondDuration_time_from'  using regular expression

2021-08-19 21:56:25 - [MESSAGE][PASSED] - All options with value '09:00' are selected in object 'Object Repository/Apply Leave/Page_OrangeHRM/applyleave_secondDuration_time_from'  using regular expression

2021-08-19 21:56:25 - [TEST_STEP][PASSED] - selectOptionByValue(findTestObject("Object Repository/Apply Leave/Page_OrangeHRM/applyleave_secondDuration_time_to"), duration6, true): All options with value '11:00' are selected in object 'Object Repository/Apply Leave/Page_OrangeHRM/applyleave_secondDuration_time_to'  using regular expression

2021-08-19 21:56:30 - [MESSAGE][PASSED] - All options with value '11:00' are selected in object 'Object Repository/Apply Leave/Page_OrangeHRM/applyleave_secondDuration_time_to'  using regular expression

2021-08-19 21:56:30 - [TEST_STEP][PASSED] - scrollToElement(findTestObject("Apply Leave/Page_OrangeHRM/input__applyBtn"), 0): Scroll to object 'Object Repository/Apply Leave/Page_OrangeHRM/input__applyBtn' successfully

2021-08-19 21:56:31 - [MESSAGE][WARNING] - Timeout '0' is invalid. Using default page load timeout: '30'

2021-08-19 21:56:31 - [MESSAGE][PASSED] - Scroll to object 'Object Repository/Apply Leave/Page_OrangeHRM/input__applyBtn' successfully

2021-08-19 21:56:31 - [TEST_STEP][PASSED] - takeScreenshot(): Taking screenshot successfully

2021-08-19 21:56:31 - [MESSAGE][PASSED] - Taking screenshot successfully
[[ATTACHMENT|C:\\Users\\nguye\\Katalon Studio\\OrangeHRM\\Reports\\20210819_213101\\Apply Leave\\20210819_213101\\1629384991580.png]]

2021-08-19 21:56:31 - [TEST_STEP][PASSED] - click(findTestObject("Object Repository/Apply Leave/Page_OrangeHRM/input__applyBtn")): Object: 'Object Repository/Apply Leave/Page_OrangeHRM/input__applyBtn' is clicked on

2021-08-19 21:56:33 - [MESSAGE][PASSED] - Object: 'Object Repository/Apply Leave/Page_OrangeHRM/input__applyBtn' is clicked on

2021-08-19 21:56:33 - [TEST_STEP][PASSED] - navigateToUrl("http://localhost/orangehrm/symfony/web/index.php/leave/viewMyLeaveList/reset/1"): Navigate to 'http://localhost/orangehrm/symfony/web/index.php/leave/viewMyLeaveList/reset/1' successfully

2021-08-19 21:56:35 - [MESSAGE][PASSED] - Navigate to 'http://localhost/orangehrm/symfony/web/index.php/leave/viewMyLeaveList/reset/1' successfully

2021-08-19 21:56:35 - [TEST_STEP][PASSED] - setText(findTestObject("Object Repository/Apply Leave/Page_OrangeHRM/input_From_leaveListcalFromDate"), from): Text '2021-09-02' is set on object 'Object Repository/Apply Leave/Page_OrangeHRM/input_From_leaveListcalFromDate'

2021-08-19 21:56:37 - [MESSAGE][PASSED] - Text '2021-09-02' is set on object 'Object Repository/Apply Leave/Page_OrangeHRM/input_From_leaveListcalFromDate'

2021-08-19 21:56:37 - [TEST_STEP][PASSED] - sendKeys(findTestObject("Object Repository/Apply Leave/Page_OrangeHRM/input_From_leaveListcalFromDate"), Keys.chord(ENTER)): Keys 'ENTER + ' sent to object: 'Object Repository/Apply Leave/Page_OrangeHRM/input_From_leaveListcalFromDate'

2021-08-19 21:56:38 - [MESSAGE][PASSED] - Keys 'ENTER + ' sent to object: 'Object Repository/Apply Leave/Page_OrangeHRM/input_From_leaveListcalFromDate'

2021-08-19 21:56:38 - [TEST_STEP][PASSED] - setText(findTestObject("Object Repository/Apply Leave/Page_OrangeHRM/input_To_leaveListcalToDate"), to): Text '2021-09-03' is set on object 'Object Repository/Apply Leave/Page_OrangeHRM/input_To_leaveListcalToDate'

2021-08-19 21:56:39 - [MESSAGE][PASSED] - Text '2021-09-03' is set on object 'Object Repository/Apply Leave/Page_OrangeHRM/input_To_leaveListcalToDate'

2021-08-19 21:56:39 - [TEST_STEP][PASSED] - sendKeys(findTestObject("Object Repository/Apply Leave/Page_OrangeHRM/input_To_leaveListcalToDate"), Keys.chord(ENTER)): Keys 'ENTER + ' sent to object: 'Object Repository/Apply Leave/Page_OrangeHRM/input_To_leaveListcalToDate'

2021-08-19 21:56:40 - [MESSAGE][PASSED] - Keys 'ENTER + ' sent to object: 'Object Repository/Apply Leave/Page_OrangeHRM/input_To_leaveListcalToDate'

2021-08-19 21:56:40 - [TEST_STEP][PASSED] - uncheck(findTestObject("Object Repository/Apply Leave/Page_OrangeHRM/input_All_leaveList_chkSearchFilter_checkbo_a698f3")): Object 'Object Repository/Apply Leave/Page_OrangeHRM/input_All_leaveList_chkSearchFilter_checkbo_a698f3' is un-checked

2021-08-19 21:56:40 - [MESSAGE][PASSED] - Object 'Object Repository/Apply Leave/Page_OrangeHRM/input_All_leaveList_chkSearchFilter_checkbo_a698f3' is un-checked

2021-08-19 21:56:40 - [TEST_STEP][PASSED] - check(findTestObject("Object Repository/Apply Leave/Page_OrangeHRM/input_Pending Approval_leaveListchkSearchFilter")): Object 'Object Repository/Apply Leave/Page_OrangeHRM/input_Pending Approval_leaveListchkSearchFilter' is checked

2021-08-19 21:56:41 - [MESSAGE][PASSED] - Object 'Object Repository/Apply Leave/Page_OrangeHRM/input_Pending Approval_leaveListchkSearchFilter' is checked

2021-08-19 21:56:41 - [TEST_STEP][PASSED] - click(findTestObject("Object Repository/Apply Leave/Page_OrangeHRM/input_Taken_btnSearch")): Object: 'Object Repository/Apply Leave/Page_OrangeHRM/input_Taken_btnSearch' is clicked on

2021-08-19 21:56:43 - [MESSAGE][PASSED] - Object: 'Object Repository/Apply Leave/Page_OrangeHRM/input_Taken_btnSearch' is clicked on

2021-08-19 21:56:43 - [TEST_STEP][PASSED] - scrollToElement(findTestObject("Apply Leave/Page_OrangeHRM/th_Date"), 0): Scroll to object 'Object Repository/Apply Leave/Page_OrangeHRM/th_Date' successfully

2021-08-19 21:56:43 - [MESSAGE][WARNING] - Timeout '0' is invalid. Using default page load timeout: '30'

2021-08-19 21:56:44 - [MESSAGE][PASSED] - Scroll to object 'Object Repository/Apply Leave/Page_OrangeHRM/th_Date' successfully

2021-08-19 21:56:44 - [TEST_STEP][PASSED] - takeScreenshot(): Taking screenshot successfully

2021-08-19 21:56:44 - [MESSAGE][PASSED] - Taking screenshot successfully
[[ATTACHMENT|C:\\Users\\nguye\\Katalon Studio\\OrangeHRM\\Reports\\20210819_213101\\Apply Leave\\20210819_213101\\1629385004659.png]]

2021-08-19 21:56:44 - [TEST_STEP][PASSED] - if (days.equals("")): null

2021-08-19 21:56:44 - [TEST_STEP][PASSED] - else: Actual text 'Pending Approval(1.25)' and expected text 'Pending Approval(1.25)' are matched 

2021-08-19 21:56:44 - [TEST_STEP][PASSED] - verifyMatch(getText(findTestObject("Object Repository/Apply Leave/Page_OrangeHRM/a_2021-09-02 to 2021-09-03")), date, false, STOP_ON_FAILURE): Actual text '2021-09-02 to 2021-09-03' and expected text '2021-09-02 to 2021-09-03' are matched 

2021-08-19 21:56:45 - [MESSAGE][PASSED] - Text of object 'Object Repository/Apply Leave/Page_OrangeHRM/a_2021-09-02 to 2021-09-03' is: '2021-09-02 to 2021-09-03'

2021-08-19 21:56:45 - [MESSAGE][PASSED] - Actual text '2021-09-02 to 2021-09-03' and expected text '2021-09-02 to 2021-09-03' are matched 

2021-08-19 21:56:45 - [TEST_STEP][PASSED] - verifyMatch(getText(findTestObject("Object Repository/Apply Leave/Page_OrangeHRM/a_Rachel Morris")), fullName, false, STOP_ON_FAILURE): Actual text 'Rachel Morris' and expected text 'Rachel Morris' are matched 

2021-08-19 21:56:45 - [MESSAGE][PASSED] - Text of object 'Object Repository/Apply Leave/Page_OrangeHRM/a_Rachel Morris' is: 'Rachel Morris'

2021-08-19 21:56:45 - [MESSAGE][PASSED] - Actual text 'Rachel Morris' and expected text 'Rachel Morris' are matched 

2021-08-19 21:56:45 - [TEST_STEP][PASSED] - verifyMatch(getText(findTestObject("Object Repository/Apply Leave/Page_OrangeHRM/td_Personal")), leaveType, false, STOP_ON_FAILURE): Actual text 'Personal' and expected text 'Personal' are matched 

2021-08-19 21:56:46 - [MESSAGE][PASSED] - Text of object 'Object Repository/Apply Leave/Page_OrangeHRM/td_Personal' is: 'Personal'

2021-08-19 21:56:46 - [MESSAGE][PASSED] - Actual text 'Personal' and expected text 'Personal' are matched 

2021-08-19 21:56:46 - [TEST_STEP][PASSED] - verifyMatch(25"))).toString(), parseDouble(days).toString(), false, STOP_ON_FAILURE): Actual text '48.75' and expected text '48.75' are matched 

2021-08-19 21:56:46 - [MESSAGE][PASSED] - Text of object 'Object Repository/Apply Leave/Page_OrangeHRM/td_49.25' is: '48.75'

2021-08-19 21:56:46 - [MESSAGE][PASSED] - Actual text '48.75' and expected text '48.75' are matched 

2021-08-19 21:56:46 - [TEST_STEP][PASSED] - verifyMatch(getText(findTestObject("Object Repository/Apply Leave/Page_OrangeHRM/td_0.75")), days, false, STOP_ON_FAILURE): Actual text '1.25' and expected text '1.25' are matched 

2021-08-19 21:56:47 - [MESSAGE][PASSED] - Text of object 'Object Repository/Apply Leave/Page_OrangeHRM/td_0.75' is: '1.25'

2021-08-19 21:56:47 - [MESSAGE][PASSED] - Actual text '1.25' and expected text '1.25' are matched 

2021-08-19 21:56:47 - [TEST_STEP][PASSED] - verifyMatch(getText(findTestObject("Object Repository/Apply Leave/Page_OrangeHRM/a_Pending Approval(0.75)")), status + "(" + days + ")", false, STOP_ON_FAILURE): Actual text 'Pending Approval(1.25)' and expected text 'Pending Approval(1.25)' are matched 

2021-08-19 21:56:47 - [MESSAGE][PASSED] - Text of object 'Object Repository/Apply Leave/Page_OrangeHRM/a_Pending Approval(0.75)' is: 'Pending Approval(1.25)'

2021-08-19 21:56:47 - [MESSAGE][PASSED] - Actual text 'Pending Approval(1.25)' and expected text 'Pending Approval(1.25)' are matched]]></system-out>
         <system-err><![CDATA[]]></system-err>
      </testcase>
      <testcase name="Test Cases/Apply Leave" time="50.845" classname="Test Cases/Apply Leave" status="PASSED">
         <system-out><![CDATA[2021-08-19 21:56:50 - [TEST_CASE][PASSED] - Test Cases/Apply Leave: Test Cases/Apply Leave

2021-08-19 21:56:50 - [TEST_STEP][PASSED] - com.database.mysql.connectDB("localhost", "orangehrm_mysql", "3306", "root", null): com.database.mysql.connectDB is PASSED

2021-08-19 21:56:50 - [MESSAGE][PASSED] - com.database.mysql.connectDB is PASSED

2021-08-19 21:56:50 - [TEST_STEP][PASSED] - com.database.mysql.execute("DELETE FROM `ohrm_leave_request` WHERE `emp_number`=3 AND `date_applied`='2021-09-02' AND `leave_type_id` = 3"): com.database.mysql.execute is PASSED

2021-08-19 21:56:50 - [MESSAGE][PASSED] - com.database.mysql.execute is PASSED

2021-08-19 21:56:50 - [TEST_STEP][PASSED] - com.database.mysql.execute("DELETE FROM `ohrm_leave` WHERE `emp_number` = 3 AND `leave_type_id`=3 and (`date`='2021-09-02' or `date`='2021-09-03') "): com.database.mysql.execute is PASSED

2021-08-19 21:56:50 - [MESSAGE][PASSED] - com.database.mysql.execute is PASSED

2021-08-19 21:56:50 - [TEST_STEP][PASSED] - com.database.mysql.closeDatabaseConnection(): com.database.mysql.closeDatabaseConnection is PASSED

2021-08-19 21:56:50 - [MESSAGE][PASSED] - com.database.mysql.closeDatabaseConnection is PASSED

2021-08-19 21:56:50 - [TEST_STEP][PASSED] - navigateToUrl("http://localhost/orangehrm/symfony/web/index.php/dashboard"): Navigate to 'http://localhost/orangehrm/symfony/web/index.php/dashboard' successfully

2021-08-19 21:56:51 - [MESSAGE][PASSED] - Navigate to 'http://localhost/orangehrm/symfony/web/index.php/dashboard' successfully

2021-08-19 21:56:51 - [TEST_STEP][PASSED] - click(findTestObject("Object Repository/Apply Leave/Page_OrangeHRM/img")): Object: 'Object Repository/Apply Leave/Page_OrangeHRM/img' is clicked on

2021-08-19 21:56:53 - [MESSAGE][PASSED] - Object: 'Object Repository/Apply Leave/Page_OrangeHRM/img' is clicked on

2021-08-19 21:56:53 - [TEST_STEP][PASSED] - selectOptionByValue(findTestObject("Object Repository/Apply Leave/Page_OrangeHRM/select_--Select--MarriageMaternityPersonalS_480ad7"), "3", true): All options with value '3' are selected in object 'Object Repository/Apply Leave/Page_OrangeHRM/select_--Select--MarriageMaternityPersonalS_480ad7'  using regular expression

2021-08-19 21:56:54 - [MESSAGE][PASSED] - All options with value '3' are selected in object 'Object Repository/Apply Leave/Page_OrangeHRM/select_--Select--MarriageMaternityPersonalS_480ad7'  using regular expression

2021-08-19 21:56:54 - [TEST_STEP][PASSED] - setText(findTestObject("Object Repository/Apply Leave/Page_OrangeHRM/input__applyleavetxtFromDate"), from): Text '2021-09-02' is set on object 'Object Repository/Apply Leave/Page_OrangeHRM/input__applyleavetxtFromDate'

2021-08-19 21:56:56 - [MESSAGE][PASSED] - Text '2021-09-02' is set on object 'Object Repository/Apply Leave/Page_OrangeHRM/input__applyleavetxtFromDate'

2021-08-19 21:56:56 - [TEST_STEP][PASSED] - sendKeys(findTestObject("Object Repository/Apply Leave/Page_OrangeHRM/input__applyleavetxtFromDate"), Keys.chord(ENTER)): Keys 'ENTER + ' sent to object: 'Object Repository/Apply Leave/Page_OrangeHRM/input__applyleavetxtFromDate'

2021-08-19 21:56:57 - [MESSAGE][PASSED] - Keys 'ENTER + ' sent to object: 'Object Repository/Apply Leave/Page_OrangeHRM/input__applyleavetxtFromDate'

2021-08-19 21:56:57 - [TEST_STEP][PASSED] - setText(findTestObject("Object Repository/Apply Leave/Page_OrangeHRM/input__applyleavetxtToDate"), to): Text '2021-09-03' is set on object 'Object Repository/Apply Leave/Page_OrangeHRM/input__applyleavetxtToDate'

2021-08-19 21:56:59 - [MESSAGE][PASSED] - Text '2021-09-03' is set on object 'Object Repository/Apply Leave/Page_OrangeHRM/input__applyleavetxtToDate'

2021-08-19 21:56:59 - [TEST_STEP][PASSED] - sendKeys(findTestObject("Object Repository/Apply Leave/Page_OrangeHRM/input__applyleavetxtToDate"), Keys.chord(ENTER)): Keys 'ENTER + ' sent to object: 'Object Repository/Apply Leave/Page_OrangeHRM/input__applyleavetxtToDate'

2021-08-19 21:57:00 - [MESSAGE][PASSED] - Keys 'ENTER + ' sent to object: 'Object Repository/Apply Leave/Page_OrangeHRM/input__applyleavetxtToDate'

2021-08-19 21:57:00 - [TEST_STEP][PASSED] - if (from.equals(to)): null

2021-08-19 21:57:00 - [TEST_STEP][PASSED] - else: All options with value '17:00' are selected in object 'Object Repository/Apply Leave/Page_OrangeHRM/applyleave_secondDuration_time_to'  using regular expression

2021-08-19 21:57:00 - [TEST_STEP][PASSED] - selectOptionByValue(findTestObject("Object Repository/Apply Leave/Page_OrangeHRM/select_NoneAll DaysStart Day OnlyEnd Day On_3e5258"), partialDays, true): All options with value 'start_end' are selected in object 'Object Repository/Apply Leave/Page_OrangeHRM/select_NoneAll DaysStart Day OnlyEnd Day On_3e5258'  using regular expression

2021-08-19 21:57:01 - [MESSAGE][PASSED] - All options with value 'start_end' are selected in object 'Object Repository/Apply Leave/Page_OrangeHRM/select_NoneAll DaysStart Day OnlyEnd Day On_3e5258'  using regular expression

2021-08-19 21:57:01 - [TEST_STEP][PASSED] - if (partialDays.equals("all") || partialDays.equals("start")): null

2021-08-19 21:57:01 - [TEST_STEP][PASSED] - if (partialDays.equals("end")): null

2021-08-19 21:57:01 - [TEST_STEP][PASSED] - if (partialDays.equals("start_end")): All options with value '17:00' are selected in object 'Object Repository/Apply Leave/Page_OrangeHRM/applyleave_secondDuration_time_to'  using regular expression

2021-08-19 21:57:01 - [TEST_STEP][PASSED] - selectOptionByValue(findTestObject("Object Repository/Apply Leave/Page_OrangeHRM/applyleave_firstDuration_duration"), duration1, true): All options with value 'specify_time' are selected in object 'Object Repository/Apply Leave/Page_OrangeHRM/applyleave_firstDuration_duration'  using regular expression

2021-08-19 21:57:03 - [MESSAGE][PASSED] - All options with value 'specify_time' are selected in object 'Object Repository/Apply Leave/Page_OrangeHRM/applyleave_firstDuration_duration'  using regular expression

2021-08-19 21:57:03 - [TEST_STEP][PASSED] - if (duration1.equals("half_day")): null

2021-08-19 21:57:03 - [TEST_STEP][PASSED] - if (duration1.equals("specify_time")): All options with value '17:00' are selected in object 'Object Repository/Apply Leave/Page_OrangeHRM/select_000000150030004501000115013001450200_bef9c6_1_2_3'  using regular expression

2021-08-19 21:57:03 - [TEST_STEP][PASSED] - selectOptionByValue(findTestObject("Object Repository/Apply Leave/Page_OrangeHRM/select_000000150030004501000115013001450200_bef9c6_1_2"), duration2, true): All options with value '09:00' are selected in object 'Object Repository/Apply Leave/Page_OrangeHRM/select_000000150030004501000115013001450200_bef9c6_1_2'  using regular expression

2021-08-19 21:57:06 - [MESSAGE][PASSED] - All options with value '09:00' are selected in object 'Object Repository/Apply Leave/Page_OrangeHRM/select_000000150030004501000115013001450200_bef9c6_1_2'  using regular expression

2021-08-19 21:57:06 - [TEST_STEP][PASSED] - selectOptionByValue(findTestObject("Object Repository/Apply Leave/Page_OrangeHRM/select_000000150030004501000115013001450200_bef9c6_1_2_3"), duration3, true): All options with value '17:00' are selected in object 'Object Repository/Apply Leave/Page_OrangeHRM/select_000000150030004501000115013001450200_bef9c6_1_2_3'  using regular expression

2021-08-19 21:57:10 - [MESSAGE][PASSED] - All options with value '17:00' are selected in object 'Object Repository/Apply Leave/Page_OrangeHRM/select_000000150030004501000115013001450200_bef9c6_1_2_3'  using regular expression

2021-08-19 21:57:10 - [TEST_STEP][PASSED] - selectOptionByValue(findTestObject("Object Repository/Apply Leave/Page_OrangeHRM/select_Half DaySpecify Time_1"), duration4, true): All options with value 'specify_time' are selected in object 'Object Repository/Apply Leave/Page_OrangeHRM/select_Half DaySpecify Time_1'  using regular expression

2021-08-19 21:57:12 - [MESSAGE][PASSED] - All options with value 'specify_time' are selected in object 'Object Repository/Apply Leave/Page_OrangeHRM/select_Half DaySpecify Time_1'  using regular expression

2021-08-19 21:57:12 - [TEST_STEP][PASSED] - if (duration4.equals("half_day")): null

2021-08-19 21:57:12 - [TEST_STEP][PASSED] - if (duration4.equals("specify_time")): All options with value '17:00' are selected in object 'Object Repository/Apply Leave/Page_OrangeHRM/applyleave_secondDuration_time_to'  using regular expression

2021-08-19 21:57:12 - [TEST_STEP][PASSED] - selectOptionByValue(findTestObject("Object Repository/Apply Leave/Page_OrangeHRM/applyleave_secondDuration_time_from"), duration5, true): All options with value '09:00' are selected in object 'Object Repository/Apply Leave/Page_OrangeHRM/applyleave_secondDuration_time_from'  using regular expression

2021-08-19 21:57:16 - [MESSAGE][PASSED] - All options with value '09:00' are selected in object 'Object Repository/Apply Leave/Page_OrangeHRM/applyleave_secondDuration_time_from'  using regular expression

2021-08-19 21:57:16 - [TEST_STEP][PASSED] - selectOptionByValue(findTestObject("Object Repository/Apply Leave/Page_OrangeHRM/applyleave_secondDuration_time_to"), duration6, true): All options with value '17:00' are selected in object 'Object Repository/Apply Leave/Page_OrangeHRM/applyleave_secondDuration_time_to'  using regular expression

2021-08-19 21:57:21 - [MESSAGE][PASSED] - All options with value '17:00' are selected in object 'Object Repository/Apply Leave/Page_OrangeHRM/applyleave_secondDuration_time_to'  using regular expression

2021-08-19 21:57:21 - [TEST_STEP][PASSED] - scrollToElement(findTestObject("Apply Leave/Page_OrangeHRM/input__applyBtn"), 0): Scroll to object 'Object Repository/Apply Leave/Page_OrangeHRM/input__applyBtn' successfully

2021-08-19 21:57:22 - [MESSAGE][WARNING] - Timeout '0' is invalid. Using default page load timeout: '30'

2021-08-19 21:57:22 - [MESSAGE][PASSED] - Scroll to object 'Object Repository/Apply Leave/Page_OrangeHRM/input__applyBtn' successfully

2021-08-19 21:57:22 - [TEST_STEP][PASSED] - takeScreenshot(): Taking screenshot successfully

2021-08-19 21:57:23 - [MESSAGE][PASSED] - Taking screenshot successfully
[[ATTACHMENT|C:\\Users\\nguye\\Katalon Studio\\OrangeHRM\\Reports\\20210819_213101\\Apply Leave\\20210819_213101\\1629385042722.png]]

2021-08-19 21:57:23 - [TEST_STEP][PASSED] - click(findTestObject("Object Repository/Apply Leave/Page_OrangeHRM/input__applyBtn")): Object: 'Object Repository/Apply Leave/Page_OrangeHRM/input__applyBtn' is clicked on

2021-08-19 21:57:25 - [MESSAGE][PASSED] - Object: 'Object Repository/Apply Leave/Page_OrangeHRM/input__applyBtn' is clicked on

2021-08-19 21:57:25 - [TEST_STEP][PASSED] - navigateToUrl("http://localhost/orangehrm/symfony/web/index.php/leave/viewMyLeaveList/reset/1"): Navigate to 'http://localhost/orangehrm/symfony/web/index.php/leave/viewMyLeaveList/reset/1' successfully

2021-08-19 21:57:26 - [MESSAGE][PASSED] - Navigate to 'http://localhost/orangehrm/symfony/web/index.php/leave/viewMyLeaveList/reset/1' successfully

2021-08-19 21:57:26 - [TEST_STEP][PASSED] - setText(findTestObject("Object Repository/Apply Leave/Page_OrangeHRM/input_From_leaveListcalFromDate"), from): Text '2021-09-02' is set on object 'Object Repository/Apply Leave/Page_OrangeHRM/input_From_leaveListcalFromDate'

2021-08-19 21:57:29 - [MESSAGE][PASSED] - Text '2021-09-02' is set on object 'Object Repository/Apply Leave/Page_OrangeHRM/input_From_leaveListcalFromDate'

2021-08-19 21:57:29 - [TEST_STEP][PASSED] - sendKeys(findTestObject("Object Repository/Apply Leave/Page_OrangeHRM/input_From_leaveListcalFromDate"), Keys.chord(ENTER)): Keys 'ENTER + ' sent to object: 'Object Repository/Apply Leave/Page_OrangeHRM/input_From_leaveListcalFromDate'

2021-08-19 21:57:29 - [MESSAGE][PASSED] - Keys 'ENTER + ' sent to object: 'Object Repository/Apply Leave/Page_OrangeHRM/input_From_leaveListcalFromDate'

2021-08-19 21:57:29 - [TEST_STEP][PASSED] - setText(findTestObject("Object Repository/Apply Leave/Page_OrangeHRM/input_To_leaveListcalToDate"), to): Text '2021-09-03' is set on object 'Object Repository/Apply Leave/Page_OrangeHRM/input_To_leaveListcalToDate'

2021-08-19 21:57:30 - [MESSAGE][PASSED] - Text '2021-09-03' is set on object 'Object Repository/Apply Leave/Page_OrangeHRM/input_To_leaveListcalToDate'

2021-08-19 21:57:30 - [TEST_STEP][PASSED] - sendKeys(findTestObject("Object Repository/Apply Leave/Page_OrangeHRM/input_To_leaveListcalToDate"), Keys.chord(ENTER)): Keys 'ENTER + ' sent to object: 'Object Repository/Apply Leave/Page_OrangeHRM/input_To_leaveListcalToDate'

2021-08-19 21:57:31 - [MESSAGE][PASSED] - Keys 'ENTER + ' sent to object: 'Object Repository/Apply Leave/Page_OrangeHRM/input_To_leaveListcalToDate'

2021-08-19 21:57:31 - [TEST_STEP][PASSED] - uncheck(findTestObject("Object Repository/Apply Leave/Page_OrangeHRM/input_All_leaveList_chkSearchFilter_checkbo_a698f3")): Object 'Object Repository/Apply Leave/Page_OrangeHRM/input_All_leaveList_chkSearchFilter_checkbo_a698f3' is un-checked

2021-08-19 21:57:32 - [MESSAGE][PASSED] - Object 'Object Repository/Apply Leave/Page_OrangeHRM/input_All_leaveList_chkSearchFilter_checkbo_a698f3' is un-checked

2021-08-19 21:57:32 - [TEST_STEP][PASSED] - check(findTestObject("Object Repository/Apply Leave/Page_OrangeHRM/input_Pending Approval_leaveListchkSearchFilter")): Object 'Object Repository/Apply Leave/Page_OrangeHRM/input_Pending Approval_leaveListchkSearchFilter' is checked

2021-08-19 21:57:32 - [MESSAGE][PASSED] - Object 'Object Repository/Apply Leave/Page_OrangeHRM/input_Pending Approval_leaveListchkSearchFilter' is checked

2021-08-19 21:57:32 - [TEST_STEP][PASSED] - click(findTestObject("Object Repository/Apply Leave/Page_OrangeHRM/input_Taken_btnSearch")): Object: 'Object Repository/Apply Leave/Page_OrangeHRM/input_Taken_btnSearch' is clicked on

2021-08-19 21:57:34 - [MESSAGE][PASSED] - Object: 'Object Repository/Apply Leave/Page_OrangeHRM/input_Taken_btnSearch' is clicked on

2021-08-19 21:57:34 - [TEST_STEP][PASSED] - scrollToElement(findTestObject("Apply Leave/Page_OrangeHRM/th_Date"), 0): Scroll to object 'Object Repository/Apply Leave/Page_OrangeHRM/th_Date' successfully

2021-08-19 21:57:34 - [MESSAGE][WARNING] - Timeout '0' is invalid. Using default page load timeout: '30'

2021-08-19 21:57:35 - [MESSAGE][PASSED] - Scroll to object 'Object Repository/Apply Leave/Page_OrangeHRM/th_Date' successfully

2021-08-19 21:57:35 - [TEST_STEP][PASSED] - takeScreenshot(): Taking screenshot successfully

2021-08-19 21:57:36 - [MESSAGE][PASSED] - Taking screenshot successfully
[[ATTACHMENT|C:\\Users\\nguye\\Katalon Studio\\OrangeHRM\\Reports\\20210819_213101\\Apply Leave\\20210819_213101\\1629385055915.png]]

2021-08-19 21:57:36 - [TEST_STEP][PASSED] - if (days.equals("")): null

2021-08-19 21:57:36 - [TEST_STEP][PASSED] - else: Actual text 'Pending Approval(2.00)' and expected text 'Pending Approval(2.00)' are matched 

2021-08-19 21:57:36 - [TEST_STEP][PASSED] - verifyMatch(getText(findTestObject("Object Repository/Apply Leave/Page_OrangeHRM/a_2021-09-02 to 2021-09-03")), date, false, STOP_ON_FAILURE): Actual text '2021-09-02 to 2021-09-03' and expected text '2021-09-02 to 2021-09-03' are matched 

2021-08-19 21:57:36 - [MESSAGE][PASSED] - Text of object 'Object Repository/Apply Leave/Page_OrangeHRM/a_2021-09-02 to 2021-09-03' is: '2021-09-02 to 2021-09-03'

2021-08-19 21:57:36 - [MESSAGE][PASSED] - Actual text '2021-09-02 to 2021-09-03' and expected text '2021-09-02 to 2021-09-03' are matched 

2021-08-19 21:57:36 - [TEST_STEP][PASSED] - verifyMatch(getText(findTestObject("Object Repository/Apply Leave/Page_OrangeHRM/a_Rachel Morris")), fullName, false, STOP_ON_FAILURE): Actual text 'Rachel Morris' and expected text 'Rachel Morris' are matched 

2021-08-19 21:57:37 - [MESSAGE][PASSED] - Text of object 'Object Repository/Apply Leave/Page_OrangeHRM/a_Rachel Morris' is: 'Rachel Morris'

2021-08-19 21:57:37 - [MESSAGE][PASSED] - Actual text 'Rachel Morris' and expected text 'Rachel Morris' are matched 

2021-08-19 21:57:37 - [TEST_STEP][PASSED] - verifyMatch(getText(findTestObject("Object Repository/Apply Leave/Page_OrangeHRM/td_Personal")), leaveType, false, STOP_ON_FAILURE): Actual text 'Personal' and expected text 'Personal' are matched 

2021-08-19 21:57:37 - [MESSAGE][PASSED] - Text of object 'Object Repository/Apply Leave/Page_OrangeHRM/td_Personal' is: 'Personal'

2021-08-19 21:57:37 - [MESSAGE][PASSED] - Actual text 'Personal' and expected text 'Personal' are matched 

2021-08-19 21:57:37 - [TEST_STEP][PASSED] - verifyMatch(25"))).toString(), parseDouble(days).toString(), false, STOP_ON_FAILURE): Actual text '48.0' and expected text '48.0' are matched 

2021-08-19 21:57:38 - [MESSAGE][PASSED] - Text of object 'Object Repository/Apply Leave/Page_OrangeHRM/td_49.25' is: '48.00'

2021-08-19 21:57:38 - [MESSAGE][PASSED] - Actual text '48.0' and expected text '48.0' are matched 

2021-08-19 21:57:38 - [TEST_STEP][PASSED] - verifyMatch(getText(findTestObject("Object Repository/Apply Leave/Page_OrangeHRM/td_0.75")), days, false, STOP_ON_FAILURE): Actual text '2.00' and expected text '2.00' are matched 

2021-08-19 21:57:38 - [MESSAGE][PASSED] - Text of object 'Object Repository/Apply Leave/Page_OrangeHRM/td_0.75' is: '2.00'

2021-08-19 21:57:38 - [MESSAGE][PASSED] - Actual text '2.00' and expected text '2.00' are matched 

2021-08-19 21:57:38 - [TEST_STEP][PASSED] - verifyMatch(getText(findTestObject("Object Repository/Apply Leave/Page_OrangeHRM/a_Pending Approval(0.75)")), status + "(" + days + ")", false, STOP_ON_FAILURE): Actual text 'Pending Approval(2.00)' and expected text 'Pending Approval(2.00)' are matched 

2021-08-19 21:57:39 - [MESSAGE][PASSED] - Text of object 'Object Repository/Apply Leave/Page_OrangeHRM/a_Pending Approval(0.75)' is: 'Pending Approval(2.00)'

2021-08-19 21:57:39 - [MESSAGE][PASSED] - Actual text 'Pending Approval(2.00)' and expected text 'Pending Approval(2.00)' are matched]]></system-out>
         <system-err><![CDATA[]]></system-err>
      </testcase>
      <testcase name="Test Cases/Apply Leave" time="37.872" classname="Test Cases/Apply Leave" status="PASSED">
         <system-out><![CDATA[2021-08-19 21:57:41 - [TEST_CASE][PASSED] - Test Cases/Apply Leave: Test Cases/Apply Leave

2021-08-19 21:57:41 - [TEST_STEP][PASSED] - com.database.mysql.connectDB("localhost", "orangehrm_mysql", "3306", "root", null): com.database.mysql.connectDB is PASSED

2021-08-19 21:57:41 - [MESSAGE][PASSED] - com.database.mysql.connectDB is PASSED

2021-08-19 21:57:41 - [TEST_STEP][PASSED] - com.database.mysql.execute("DELETE FROM `ohrm_leave_request` WHERE `emp_number`=3 AND `date_applied`='2021-09-02' AND `leave_type_id` = 3"): com.database.mysql.execute is PASSED

2021-08-19 21:57:41 - [MESSAGE][PASSED] - com.database.mysql.execute is PASSED

2021-08-19 21:57:41 - [TEST_STEP][PASSED] - com.database.mysql.execute("DELETE FROM `ohrm_leave` WHERE `emp_number` = 3 AND `leave_type_id`=3 and (`date`='2021-09-02' or `date`='2021-09-03') "): com.database.mysql.execute is PASSED

2021-08-19 21:57:41 - [MESSAGE][PASSED] - com.database.mysql.execute is PASSED

2021-08-19 21:57:41 - [TEST_STEP][PASSED] - com.database.mysql.closeDatabaseConnection(): com.database.mysql.closeDatabaseConnection is PASSED

2021-08-19 21:57:41 - [MESSAGE][PASSED] - com.database.mysql.closeDatabaseConnection is PASSED

2021-08-19 21:57:41 - [TEST_STEP][PASSED] - navigateToUrl("http://localhost/orangehrm/symfony/web/index.php/dashboard"): Navigate to 'http://localhost/orangehrm/symfony/web/index.php/dashboard' successfully

2021-08-19 21:57:42 - [MESSAGE][PASSED] - Navigate to 'http://localhost/orangehrm/symfony/web/index.php/dashboard' successfully

2021-08-19 21:57:42 - [TEST_STEP][PASSED] - click(findTestObject("Object Repository/Apply Leave/Page_OrangeHRM/img")): Object: 'Object Repository/Apply Leave/Page_OrangeHRM/img' is clicked on

2021-08-19 21:57:44 - [MESSAGE][PASSED] - Object: 'Object Repository/Apply Leave/Page_OrangeHRM/img' is clicked on

2021-08-19 21:57:44 - [TEST_STEP][PASSED] - selectOptionByValue(findTestObject("Object Repository/Apply Leave/Page_OrangeHRM/select_--Select--MarriageMaternityPersonalS_480ad7"), "3", true): All options with value '3' are selected in object 'Object Repository/Apply Leave/Page_OrangeHRM/select_--Select--MarriageMaternityPersonalS_480ad7'  using regular expression

2021-08-19 21:57:45 - [MESSAGE][PASSED] - All options with value '3' are selected in object 'Object Repository/Apply Leave/Page_OrangeHRM/select_--Select--MarriageMaternityPersonalS_480ad7'  using regular expression

2021-08-19 21:57:45 - [TEST_STEP][PASSED] - setText(findTestObject("Object Repository/Apply Leave/Page_OrangeHRM/input__applyleavetxtFromDate"), from): Text '2021-09-02' is set on object 'Object Repository/Apply Leave/Page_OrangeHRM/input__applyleavetxtFromDate'

2021-08-19 21:57:47 - [MESSAGE][PASSED] - Text '2021-09-02' is set on object 'Object Repository/Apply Leave/Page_OrangeHRM/input__applyleavetxtFromDate'

2021-08-19 21:57:47 - [TEST_STEP][PASSED] - sendKeys(findTestObject("Object Repository/Apply Leave/Page_OrangeHRM/input__applyleavetxtFromDate"), Keys.chord(ENTER)): Keys 'ENTER + ' sent to object: 'Object Repository/Apply Leave/Page_OrangeHRM/input__applyleavetxtFromDate'

2021-08-19 21:57:48 - [MESSAGE][PASSED] - Keys 'ENTER + ' sent to object: 'Object Repository/Apply Leave/Page_OrangeHRM/input__applyleavetxtFromDate'

2021-08-19 21:57:48 - [TEST_STEP][PASSED] - setText(findTestObject("Object Repository/Apply Leave/Page_OrangeHRM/input__applyleavetxtToDate"), to): Text '2021-09-03' is set on object 'Object Repository/Apply Leave/Page_OrangeHRM/input__applyleavetxtToDate'

2021-08-19 21:57:50 - [MESSAGE][PASSED] - Text '2021-09-03' is set on object 'Object Repository/Apply Leave/Page_OrangeHRM/input__applyleavetxtToDate'

2021-08-19 21:57:50 - [TEST_STEP][PASSED] - sendKeys(findTestObject("Object Repository/Apply Leave/Page_OrangeHRM/input__applyleavetxtToDate"), Keys.chord(ENTER)): Keys 'ENTER + ' sent to object: 'Object Repository/Apply Leave/Page_OrangeHRM/input__applyleavetxtToDate'

2021-08-19 21:57:51 - [MESSAGE][PASSED] - Keys 'ENTER + ' sent to object: 'Object Repository/Apply Leave/Page_OrangeHRM/input__applyleavetxtToDate'

2021-08-19 21:57:51 - [TEST_STEP][PASSED] - if (from.equals(to)): null

2021-08-19 21:57:51 - [TEST_STEP][PASSED] - else: null

2021-08-19 21:57:51 - [TEST_STEP][PASSED] - selectOptionByValue(findTestObject("Object Repository/Apply Leave/Page_OrangeHRM/select_NoneAll DaysStart Day OnlyEnd Day On_3e5258"), partialDays, true): All options with value 'start_end' are selected in object 'Object Repository/Apply Leave/Page_OrangeHRM/select_NoneAll DaysStart Day OnlyEnd Day On_3e5258'  using regular expression

2021-08-19 21:57:53 - [MESSAGE][PASSED] - All options with value 'start_end' are selected in object 'Object Repository/Apply Leave/Page_OrangeHRM/select_NoneAll DaysStart Day OnlyEnd Day On_3e5258'  using regular expression

2021-08-19 21:57:53 - [TEST_STEP][PASSED] - if (partialDays.equals("all") || partialDays.equals("start")): null

2021-08-19 21:57:53 - [TEST_STEP][PASSED] - if (partialDays.equals("end")): null

2021-08-19 21:57:53 - [TEST_STEP][PASSED] - if (partialDays.equals("start_end")): null

2021-08-19 21:57:53 - [TEST_STEP][PASSED] - selectOptionByValue(findTestObject("Object Repository/Apply Leave/Page_OrangeHRM/applyleave_firstDuration_duration"), duration1, true): All options with value 'specify_time' are selected in object 'Object Repository/Apply Leave/Page_OrangeHRM/applyleave_firstDuration_duration'  using regular expression

2021-08-19 21:57:54 - [MESSAGE][PASSED] - All options with value 'specify_time' are selected in object 'Object Repository/Apply Leave/Page_OrangeHRM/applyleave_firstDuration_duration'  using regular expression

2021-08-19 21:57:54 - [TEST_STEP][PASSED] - if (duration1.equals("half_day")): null

2021-08-19 21:57:54 - [TEST_STEP][PASSED] - if (duration1.equals("specify_time")): All options with value '18:00' are selected in object 'Object Repository/Apply Leave/Page_OrangeHRM/select_000000150030004501000115013001450200_bef9c6_1_2_3'  using regular expression

2021-08-19 21:57:54 - [TEST_STEP][PASSED] - selectOptionByValue(findTestObject("Object Repository/Apply Leave/Page_OrangeHRM/select_000000150030004501000115013001450200_bef9c6_1_2"), duration2, true): All options with value '09:00' are selected in object 'Object Repository/Apply Leave/Page_OrangeHRM/select_000000150030004501000115013001450200_bef9c6_1_2'  using regular expression

2021-08-19 21:57:57 - [MESSAGE][PASSED] - All options with value '09:00' are selected in object 'Object Repository/Apply Leave/Page_OrangeHRM/select_000000150030004501000115013001450200_bef9c6_1_2'  using regular expression

2021-08-19 21:57:57 - [TEST_STEP][PASSED] - selectOptionByValue(findTestObject("Object Repository/Apply Leave/Page_OrangeHRM/select_000000150030004501000115013001450200_bef9c6_1_2_3"), duration3, true): All options with value '18:00' are selected in object 'Object Repository/Apply Leave/Page_OrangeHRM/select_000000150030004501000115013001450200_bef9c6_1_2_3'  using regular expression

2021-08-19 21:58:02 - [MESSAGE][PASSED] - All options with value '18:00' are selected in object 'Object Repository/Apply Leave/Page_OrangeHRM/select_000000150030004501000115013001450200_bef9c6_1_2_3'  using regular expression

2021-08-19 21:58:02 - [TEST_STEP][PASSED] - selectOptionByValue(findTestObject("Object Repository/Apply Leave/Page_OrangeHRM/select_Half DaySpecify Time_1"), duration4, true): All options with value 'half_day' are selected in object 'Object Repository/Apply Leave/Page_OrangeHRM/select_Half DaySpecify Time_1'  using regular expression

2021-08-19 21:58:03 - [MESSAGE][PASSED] - All options with value 'half_day' are selected in object 'Object Repository/Apply Leave/Page_OrangeHRM/select_Half DaySpecify Time_1'  using regular expression

2021-08-19 21:58:03 - [TEST_STEP][PASSED] - if (duration4.equals("half_day")): All options with value 'AM' are selected in object 'Object Repository/Apply Leave/Page_OrangeHRM/select_MorningAfternoon_1'  using regular expression

2021-08-19 21:58:03 - [TEST_STEP][PASSED] - selectOptionByValue(findTestObject("Object Repository/Apply Leave/Page_OrangeHRM/select_MorningAfternoon_1"), duration5, true): All options with value 'AM' are selected in object 'Object Repository/Apply Leave/Page_OrangeHRM/select_MorningAfternoon_1'  using regular expression

2021-08-19 21:58:04 - [MESSAGE][PASSED] - All options with value 'AM' are selected in object 'Object Repository/Apply Leave/Page_OrangeHRM/select_MorningAfternoon_1'  using regular expression

2021-08-19 21:58:04 - [TEST_STEP][PASSED] - if (duration4.equals("specify_time")): null

2021-08-19 21:58:04 - [TEST_STEP][PASSED] - scrollToElement(findTestObject("Apply Leave/Page_OrangeHRM/input__applyBtn"), 0): Scroll to object 'Object Repository/Apply Leave/Page_OrangeHRM/input__applyBtn' successfully

2021-08-19 21:58:05 - [MESSAGE][WARNING] - Timeout '0' is invalid. Using default page load timeout: '30'

2021-08-19 21:58:05 - [MESSAGE][PASSED] - Scroll to object 'Object Repository/Apply Leave/Page_OrangeHRM/input__applyBtn' successfully

2021-08-19 21:58:05 - [TEST_STEP][PASSED] - takeScreenshot(): Taking screenshot successfully

2021-08-19 21:58:05 - [MESSAGE][PASSED] - Taking screenshot successfully
[[ATTACHMENT|C:\\Users\\nguye\\Katalon Studio\\OrangeHRM\\Reports\\20210819_213101\\Apply Leave\\20210819_213101\\1629385085643.png]]

2021-08-19 21:58:05 - [TEST_STEP][PASSED] - click(findTestObject("Object Repository/Apply Leave/Page_OrangeHRM/input__applyBtn")): Object: 'Object Repository/Apply Leave/Page_OrangeHRM/input__applyBtn' is clicked on

2021-08-19 21:58:06 - [MESSAGE][PASSED] - Object: 'Object Repository/Apply Leave/Page_OrangeHRM/input__applyBtn' is clicked on

2021-08-19 21:58:06 - [TEST_STEP][PASSED] - navigateToUrl("http://localhost/orangehrm/symfony/web/index.php/leave/viewMyLeaveList/reset/1"): Navigate to 'http://localhost/orangehrm/symfony/web/index.php/leave/viewMyLeaveList/reset/1' successfully

2021-08-19 21:58:07 - [MESSAGE][PASSED] - Navigate to 'http://localhost/orangehrm/symfony/web/index.php/leave/viewMyLeaveList/reset/1' successfully

2021-08-19 21:58:07 - [TEST_STEP][PASSED] - setText(findTestObject("Object Repository/Apply Leave/Page_OrangeHRM/input_From_leaveListcalFromDate"), from): Text '2021-09-02' is set on object 'Object Repository/Apply Leave/Page_OrangeHRM/input_From_leaveListcalFromDate'

2021-08-19 21:58:10 - [MESSAGE][PASSED] - Text '2021-09-02' is set on object 'Object Repository/Apply Leave/Page_OrangeHRM/input_From_leaveListcalFromDate'

2021-08-19 21:58:10 - [TEST_STEP][PASSED] - sendKeys(findTestObject("Object Repository/Apply Leave/Page_OrangeHRM/input_From_leaveListcalFromDate"), Keys.chord(ENTER)): Keys 'ENTER + ' sent to object: 'Object Repository/Apply Leave/Page_OrangeHRM/input_From_leaveListcalFromDate'

2021-08-19 21:58:10 - [MESSAGE][PASSED] - Keys 'ENTER + ' sent to object: 'Object Repository/Apply Leave/Page_OrangeHRM/input_From_leaveListcalFromDate'

2021-08-19 21:58:10 - [TEST_STEP][PASSED] - setText(findTestObject("Object Repository/Apply Leave/Page_OrangeHRM/input_To_leaveListcalToDate"), to): Text '2021-09-03' is set on object 'Object Repository/Apply Leave/Page_OrangeHRM/input_To_leaveListcalToDate'

2021-08-19 21:58:11 - [MESSAGE][PASSED] - Text '2021-09-03' is set on object 'Object Repository/Apply Leave/Page_OrangeHRM/input_To_leaveListcalToDate'

2021-08-19 21:58:11 - [TEST_STEP][PASSED] - sendKeys(findTestObject("Object Repository/Apply Leave/Page_OrangeHRM/input_To_leaveListcalToDate"), Keys.chord(ENTER)): Keys 'ENTER + ' sent to object: 'Object Repository/Apply Leave/Page_OrangeHRM/input_To_leaveListcalToDate'

2021-08-19 21:58:12 - [MESSAGE][PASSED] - Keys 'ENTER + ' sent to object: 'Object Repository/Apply Leave/Page_OrangeHRM/input_To_leaveListcalToDate'

2021-08-19 21:58:12 - [TEST_STEP][PASSED] - uncheck(findTestObject("Object Repository/Apply Leave/Page_OrangeHRM/input_All_leaveList_chkSearchFilter_checkbo_a698f3")): Object 'Object Repository/Apply Leave/Page_OrangeHRM/input_All_leaveList_chkSearchFilter_checkbo_a698f3' is un-checked

2021-08-19 21:58:12 - [MESSAGE][PASSED] - Object 'Object Repository/Apply Leave/Page_OrangeHRM/input_All_leaveList_chkSearchFilter_checkbo_a698f3' is un-checked

2021-08-19 21:58:12 - [TEST_STEP][PASSED] - check(findTestObject("Object Repository/Apply Leave/Page_OrangeHRM/input_Pending Approval_leaveListchkSearchFilter")): Object 'Object Repository/Apply Leave/Page_OrangeHRM/input_Pending Approval_leaveListchkSearchFilter' is checked

2021-08-19 21:58:13 - [MESSAGE][PASSED] - Object 'Object Repository/Apply Leave/Page_OrangeHRM/input_Pending Approval_leaveListchkSearchFilter' is checked

2021-08-19 21:58:13 - [TEST_STEP][PASSED] - click(findTestObject("Object Repository/Apply Leave/Page_OrangeHRM/input_Taken_btnSearch")): Object: 'Object Repository/Apply Leave/Page_OrangeHRM/input_Taken_btnSearch' is clicked on

2021-08-19 21:58:15 - [MESSAGE][PASSED] - Object: 'Object Repository/Apply Leave/Page_OrangeHRM/input_Taken_btnSearch' is clicked on

2021-08-19 21:58:15 - [TEST_STEP][PASSED] - scrollToElement(findTestObject("Apply Leave/Page_OrangeHRM/th_Date"), 0): Scroll to object 'Object Repository/Apply Leave/Page_OrangeHRM/th_Date' successfully

2021-08-19 21:58:15 - [MESSAGE][WARNING] - Timeout '0' is invalid. Using default page load timeout: '30'

2021-08-19 21:58:16 - [MESSAGE][PASSED] - Scroll to object 'Object Repository/Apply Leave/Page_OrangeHRM/th_Date' successfully

2021-08-19 21:58:16 - [TEST_STEP][PASSED] - takeScreenshot(): Taking screenshot successfully

2021-08-19 21:58:16 - [MESSAGE][PASSED] - Taking screenshot successfully
[[ATTACHMENT|C:\\Users\\nguye\\Katalon Studio\\OrangeHRM\\Reports\\20210819_213101\\Apply Leave\\20210819_213101\\1629385096569.png]]

2021-08-19 21:58:16 - [TEST_STEP][PASSED] - if (days.equals("")): Actual text 'No Records Found' and expected text 'No Records Found' are matched 

2021-08-19 21:58:16 - [TEST_STEP][PASSED] - verifyMatch(getText(findTestObject("Object Repository/Apply Leave/Page_OrangeHRM/td_No Records Found")), "No Records Found", false, STOP_ON_FAILURE): Actual text 'No Records Found' and expected text 'No Records Found' are matched 

2021-08-19 21:58:17 - [MESSAGE][PASSED] - Text of object 'Object Repository/Apply Leave/Page_OrangeHRM/td_No Records Found' is: 'No Records Found'

2021-08-19 21:58:17 - [MESSAGE][PASSED] - Actual text 'No Records Found' and expected text 'No Records Found' are matched]]></system-out>
         <system-err><![CDATA[]]></system-err>
      </testcase>
      <testcase name="Test Cases/Apply Leave" time="38.531" classname="Test Cases/Apply Leave" status="FAILED">
         <failure type="FAILED" message="Test Cases/Apply Leave FAILED.
Reason:
com.kms.katalon.core.exception.StepFailedException: Actual text '2021-09-02 to 2021-09-03' and expected text 'No Records Found' are not matched
	at com.kms.katalon.core.keyword.builtin.VerifyMatchKeyword$_verifyMatch_closure1.doCall(VerifyMatchKeyword.groovy:57)
	at com.kms.katalon.core.keyword.builtin.VerifyMatchKeyword$_verifyMatch_closure1.call(VerifyMatchKeyword.groovy)
	at com.kms.katalon.core.keyword.internal.KeywordMain.runKeyword(KeywordMain.groovy:74)
	at com.kms.katalon.core.keyword.builtin.VerifyMatchKeyword.verifyMatch(VerifyMatchKeyword.groovy:60)
	at com.kms.katalon.core.keyword.builtin.VerifyMatchKeyword.execute(VerifyMatchKeyword.groovy:45)
	at com.kms.katalon.core.keyword.internal.KeywordExecutor.executeKeywordForPlatform(KeywordExecutor.groovy:74)
	at com.kms.katalon.core.keyword.BuiltinKeywords.verifyMatch(BuiltinKeywords.groovy:55)
	at Apply Leave.run(Apply Leave:180)
	at com.kms.katalon.core.main.ScriptEngine.run(ScriptEngine.java:194)
	at com.kms.katalon.core.main.ScriptEngine.runScriptAsRawText(ScriptEngine.java:119)
	at com.kms.katalon.core.main.TestCaseExecutor.runScript(TestCaseExecutor.java:430)
	at com.kms.katalon.core.main.TestCaseExecutor.doExecute(TestCaseExecutor.java:421)
	at com.kms.katalon.core.main.TestCaseExecutor.processExecutionPhase(TestCaseExecutor.java:400)
	at com.kms.katalon.core.main.TestCaseExecutor.accessMainPhase(TestCaseExecutor.java:392)
	at com.kms.katalon.core.main.TestCaseExecutor.execute(TestCaseExecutor.java:273)
	at com.kms.katalon.core.main.TestSuiteExecutor.accessTestCaseMainPhase(TestSuiteExecutor.java:202)
	at com.kms.katalon.core.main.TestSuiteExecutor.accessTestSuiteMainPhase(TestSuiteExecutor.java:164)
	at com.kms.katalon.core.main.TestSuiteExecutor.execute(TestSuiteExecutor.java:105)
	at com.kms.katalon.core.main.TestCaseMain.startTestSuite(TestCaseMain.java:185)
	at com.kms.katalon.core.main.TestCaseMain$startTestSuite$0.call(Unknown Source)
	at TempTestSuite1629383461522.run(TempTestSuite1629383461522.groovy:36)
"/>
         <system-out><![CDATA[2021-08-19 21:58:19 - [TEST_CASE][FAILED] - Test Cases/Apply Leave: Test Cases/Apply Leave FAILED.
Reason:
com.kms.katalon.core.exception.StepFailedException: Actual text '2021-09-02 to 2021-09-03' and expected text 'No Records Found' are not matched
	at com.kms.katalon.core.keyword.builtin.VerifyMatchKeyword$_verifyMatch_closure1.doCall(VerifyMatchKeyword.groovy:57)
	at com.kms.katalon.core.keyword.builtin.VerifyMatchKeyword$_verifyMatch_closure1.call(VerifyMatchKeyword.groovy)
	at com.kms.katalon.core.keyword.internal.KeywordMain.runKeyword(KeywordMain.groovy:74)
	at com.kms.katalon.core.keyword.builtin.VerifyMatchKeyword.verifyMatch(VerifyMatchKeyword.groovy:60)
	at com.kms.katalon.core.keyword.builtin.VerifyMatchKeyword.execute(VerifyMatchKeyword.groovy:45)
	at com.kms.katalon.core.keyword.internal.KeywordExecutor.executeKeywordForPlatform(KeywordExecutor.groovy:74)
	at com.kms.katalon.core.keyword.BuiltinKeywords.verifyMatch(BuiltinKeywords.groovy:55)
	at Apply Leave.run(Apply Leave:180)
	at com.kms.katalon.core.main.ScriptEngine.run(ScriptEngine.java:194)
	at com.kms.katalon.core.main.ScriptEngine.runScriptAsRawText(ScriptEngine.java:119)
	at com.kms.katalon.core.main.TestCaseExecutor.runScript(TestCaseExecutor.java:430)
	at com.kms.katalon.core.main.TestCaseExecutor.doExecute(TestCaseExecutor.java:421)
	at com.kms.katalon.core.main.TestCaseExecutor.processExecutionPhase(TestCaseExecutor.java:400)
	at com.kms.katalon.core.main.TestCaseExecutor.accessMainPhase(TestCaseExecutor.java:392)
	at com.kms.katalon.core.main.TestCaseExecutor.execute(TestCaseExecutor.java:273)
	at com.kms.katalon.core.main.TestSuiteExecutor.accessTestCaseMainPhase(TestSuiteExecutor.java:202)
	at com.kms.katalon.core.main.TestSuiteExecutor.accessTestSuiteMainPhase(TestSuiteExecutor.java:164)
	at com.kms.katalon.core.main.TestSuiteExecutor.execute(TestSuiteExecutor.java:105)
	at com.kms.katalon.core.main.TestCaseMain.startTestSuite(TestCaseMain.java:185)
	at com.kms.katalon.core.main.TestCaseMain$startTestSuite$0.call(Unknown Source)
	at TempTestSuite1629383461522.run(TempTestSuite1629383461522.groovy:36)


2021-08-19 21:58:19 - [TEST_STEP][PASSED] - com.database.mysql.connectDB("localhost", "orangehrm_mysql", "3306", "root", null): com.database.mysql.connectDB is PASSED

2021-08-19 21:58:19 - [MESSAGE][PASSED] - com.database.mysql.connectDB is PASSED

2021-08-19 21:58:19 - [TEST_STEP][PASSED] - com.database.mysql.execute("DELETE FROM `ohrm_leave_request` WHERE `emp_number`=3 AND `date_applied`='2021-09-02' AND `leave_type_id` = 3"): com.database.mysql.execute is PASSED

2021-08-19 21:58:19 - [MESSAGE][PASSED] - com.database.mysql.execute is PASSED

2021-08-19 21:58:19 - [TEST_STEP][PASSED] - com.database.mysql.execute("DELETE FROM `ohrm_leave` WHERE `emp_number` = 3 AND `leave_type_id`=3 and (`date`='2021-09-02' or `date`='2021-09-03') "): com.database.mysql.execute is PASSED

2021-08-19 21:58:19 - [MESSAGE][PASSED] - com.database.mysql.execute is PASSED

2021-08-19 21:58:19 - [TEST_STEP][PASSED] - com.database.mysql.closeDatabaseConnection(): com.database.mysql.closeDatabaseConnection is PASSED

2021-08-19 21:58:19 - [MESSAGE][PASSED] - com.database.mysql.closeDatabaseConnection is PASSED

2021-08-19 21:58:19 - [TEST_STEP][PASSED] - navigateToUrl("http://localhost/orangehrm/symfony/web/index.php/dashboard"): Navigate to 'http://localhost/orangehrm/symfony/web/index.php/dashboard' successfully

2021-08-19 21:58:20 - [MESSAGE][PASSED] - Navigate to 'http://localhost/orangehrm/symfony/web/index.php/dashboard' successfully

2021-08-19 21:58:20 - [TEST_STEP][PASSED] - click(findTestObject("Object Repository/Apply Leave/Page_OrangeHRM/img")): Object: 'Object Repository/Apply Leave/Page_OrangeHRM/img' is clicked on

2021-08-19 21:58:22 - [MESSAGE][PASSED] - Object: 'Object Repository/Apply Leave/Page_OrangeHRM/img' is clicked on

2021-08-19 21:58:22 - [TEST_STEP][PASSED] - selectOptionByValue(findTestObject("Object Repository/Apply Leave/Page_OrangeHRM/select_--Select--MarriageMaternityPersonalS_480ad7"), "3", true): All options with value '3' are selected in object 'Object Repository/Apply Leave/Page_OrangeHRM/select_--Select--MarriageMaternityPersonalS_480ad7'  using regular expression

2021-08-19 21:58:23 - [MESSAGE][PASSED] - All options with value '3' are selected in object 'Object Repository/Apply Leave/Page_OrangeHRM/select_--Select--MarriageMaternityPersonalS_480ad7'  using regular expression

2021-08-19 21:58:23 - [TEST_STEP][PASSED] - setText(findTestObject("Object Repository/Apply Leave/Page_OrangeHRM/input__applyleavetxtFromDate"), from): Text '2021-09-02' is set on object 'Object Repository/Apply Leave/Page_OrangeHRM/input__applyleavetxtFromDate'

2021-08-19 21:58:26 - [MESSAGE][PASSED] - Text '2021-09-02' is set on object 'Object Repository/Apply Leave/Page_OrangeHRM/input__applyleavetxtFromDate'

2021-08-19 21:58:26 - [TEST_STEP][PASSED] - sendKeys(findTestObject("Object Repository/Apply Leave/Page_OrangeHRM/input__applyleavetxtFromDate"), Keys.chord(ENTER)): Keys 'ENTER + ' sent to object: 'Object Repository/Apply Leave/Page_OrangeHRM/input__applyleavetxtFromDate'

2021-08-19 21:58:26 - [MESSAGE][PASSED] - Keys 'ENTER + ' sent to object: 'Object Repository/Apply Leave/Page_OrangeHRM/input__applyleavetxtFromDate'

2021-08-19 21:58:26 - [TEST_STEP][PASSED] - setText(findTestObject("Object Repository/Apply Leave/Page_OrangeHRM/input__applyleavetxtToDate"), to): Text '2021-09-03' is set on object 'Object Repository/Apply Leave/Page_OrangeHRM/input__applyleavetxtToDate'

2021-08-19 21:58:28 - [MESSAGE][PASSED] - Text '2021-09-03' is set on object 'Object Repository/Apply Leave/Page_OrangeHRM/input__applyleavetxtToDate'

2021-08-19 21:58:28 - [TEST_STEP][PASSED] - sendKeys(findTestObject("Object Repository/Apply Leave/Page_OrangeHRM/input__applyleavetxtToDate"), Keys.chord(ENTER)): Keys 'ENTER + ' sent to object: 'Object Repository/Apply Leave/Page_OrangeHRM/input__applyleavetxtToDate'

2021-08-19 21:58:29 - [MESSAGE][PASSED] - Keys 'ENTER + ' sent to object: 'Object Repository/Apply Leave/Page_OrangeHRM/input__applyleavetxtToDate'

2021-08-19 21:58:29 - [TEST_STEP][PASSED] - if (from.equals(to)): null

2021-08-19 21:58:29 - [TEST_STEP][PASSED] - else: null

2021-08-19 21:58:29 - [TEST_STEP][PASSED] - selectOptionByValue(findTestObject("Object Repository/Apply Leave/Page_OrangeHRM/select_NoneAll DaysStart Day OnlyEnd Day On_3e5258"), partialDays, true): All options with value 'start_end' are selected in object 'Object Repository/Apply Leave/Page_OrangeHRM/select_NoneAll DaysStart Day OnlyEnd Day On_3e5258'  using regular expression

2021-08-19 21:58:31 - [MESSAGE][PASSED] - All options with value 'start_end' are selected in object 'Object Repository/Apply Leave/Page_OrangeHRM/select_NoneAll DaysStart Day OnlyEnd Day On_3e5258'  using regular expression

2021-08-19 21:58:31 - [TEST_STEP][PASSED] - if (partialDays.equals("all") || partialDays.equals("start")): null

2021-08-19 21:58:31 - [TEST_STEP][PASSED] - if (partialDays.equals("end")): null

2021-08-19 21:58:31 - [TEST_STEP][PASSED] - if (partialDays.equals("start_end")): null

2021-08-19 21:58:31 - [TEST_STEP][PASSED] - selectOptionByValue(findTestObject("Object Repository/Apply Leave/Page_OrangeHRM/applyleave_firstDuration_duration"), duration1, true): All options with value 'specify_time' are selected in object 'Object Repository/Apply Leave/Page_OrangeHRM/applyleave_firstDuration_duration'  using regular expression

2021-08-19 21:58:32 - [MESSAGE][PASSED] - All options with value 'specify_time' are selected in object 'Object Repository/Apply Leave/Page_OrangeHRM/applyleave_firstDuration_duration'  using regular expression

2021-08-19 21:58:32 - [TEST_STEP][PASSED] - if (duration1.equals("half_day")): null

2021-08-19 21:58:32 - [TEST_STEP][PASSED] - if (duration1.equals("specify_time")): All options with value '05:00' are selected in object 'Object Repository/Apply Leave/Page_OrangeHRM/select_000000150030004501000115013001450200_bef9c6_1_2_3'  using regular expression

2021-08-19 21:58:32 - [TEST_STEP][PASSED] - selectOptionByValue(findTestObject("Object Repository/Apply Leave/Page_OrangeHRM/select_000000150030004501000115013001450200_bef9c6_1_2"), duration2, true): All options with value '03:00' are selected in object 'Object Repository/Apply Leave/Page_OrangeHRM/select_000000150030004501000115013001450200_bef9c6_1_2'  using regular expression

2021-08-19 21:58:35 - [MESSAGE][PASSED] - All options with value '03:00' are selected in object 'Object Repository/Apply Leave/Page_OrangeHRM/select_000000150030004501000115013001450200_bef9c6_1_2'  using regular expression

2021-08-19 21:58:35 - [TEST_STEP][PASSED] - selectOptionByValue(findTestObject("Object Repository/Apply Leave/Page_OrangeHRM/select_000000150030004501000115013001450200_bef9c6_1_2_3"), duration3, true): All options with value '05:00' are selected in object 'Object Repository/Apply Leave/Page_OrangeHRM/select_000000150030004501000115013001450200_bef9c6_1_2_3'  using regular expression

2021-08-19 21:58:39 - [MESSAGE][PASSED] - All options with value '05:00' are selected in object 'Object Repository/Apply Leave/Page_OrangeHRM/select_000000150030004501000115013001450200_bef9c6_1_2_3'  using regular expression

2021-08-19 21:58:39 - [TEST_STEP][PASSED] - selectOptionByValue(findTestObject("Object Repository/Apply Leave/Page_OrangeHRM/select_Half DaySpecify Time_1"), duration4, true): All options with value 'half_day' are selected in object 'Object Repository/Apply Leave/Page_OrangeHRM/select_Half DaySpecify Time_1'  using regular expression

2021-08-19 21:58:40 - [MESSAGE][PASSED] - All options with value 'half_day' are selected in object 'Object Repository/Apply Leave/Page_OrangeHRM/select_Half DaySpecify Time_1'  using regular expression

2021-08-19 21:58:40 - [TEST_STEP][PASSED] - if (duration4.equals("half_day")): All options with value 'AM' are selected in object 'Object Repository/Apply Leave/Page_OrangeHRM/select_MorningAfternoon_1'  using regular expression

2021-08-19 21:58:40 - [TEST_STEP][PASSED] - selectOptionByValue(findTestObject("Object Repository/Apply Leave/Page_OrangeHRM/select_MorningAfternoon_1"), duration5, true): All options with value 'AM' are selected in object 'Object Repository/Apply Leave/Page_OrangeHRM/select_MorningAfternoon_1'  using regular expression

2021-08-19 21:58:41 - [MESSAGE][PASSED] - All options with value 'AM' are selected in object 'Object Repository/Apply Leave/Page_OrangeHRM/select_MorningAfternoon_1'  using regular expression

2021-08-19 21:58:41 - [TEST_STEP][PASSED] - if (duration4.equals("specify_time")): null

2021-08-19 21:58:41 - [TEST_STEP][PASSED] - scrollToElement(findTestObject("Apply Leave/Page_OrangeHRM/input__applyBtn"), 0): Scroll to object 'Object Repository/Apply Leave/Page_OrangeHRM/input__applyBtn' successfully

2021-08-19 21:58:41 - [MESSAGE][WARNING] - Timeout '0' is invalid. Using default page load timeout: '30'

2021-08-19 21:58:41 - [MESSAGE][PASSED] - Scroll to object 'Object Repository/Apply Leave/Page_OrangeHRM/input__applyBtn' successfully

2021-08-19 21:58:41 - [TEST_STEP][PASSED] - takeScreenshot(): Taking screenshot successfully

2021-08-19 21:58:42 - [MESSAGE][PASSED] - Taking screenshot successfully
[[ATTACHMENT|C:\\Users\\nguye\\Katalon Studio\\OrangeHRM\\Reports\\20210819_213101\\Apply Leave\\20210819_213101\\1629385122195.png]]

2021-08-19 21:58:42 - [TEST_STEP][PASSED] - click(findTestObject("Object Repository/Apply Leave/Page_OrangeHRM/input__applyBtn")): Object: 'Object Repository/Apply Leave/Page_OrangeHRM/input__applyBtn' is clicked on

2021-08-19 21:58:44 - [MESSAGE][PASSED] - Object: 'Object Repository/Apply Leave/Page_OrangeHRM/input__applyBtn' is clicked on

2021-08-19 21:58:44 - [TEST_STEP][PASSED] - navigateToUrl("http://localhost/orangehrm/symfony/web/index.php/leave/viewMyLeaveList/reset/1"): Navigate to 'http://localhost/orangehrm/symfony/web/index.php/leave/viewMyLeaveList/reset/1' successfully

2021-08-19 21:58:46 - [MESSAGE][PASSED] - Navigate to 'http://localhost/orangehrm/symfony/web/index.php/leave/viewMyLeaveList/reset/1' successfully

2021-08-19 21:58:46 - [TEST_STEP][PASSED] - setText(findTestObject("Object Repository/Apply Leave/Page_OrangeHRM/input_From_leaveListcalFromDate"), from): Text '2021-09-02' is set on object 'Object Repository/Apply Leave/Page_OrangeHRM/input_From_leaveListcalFromDate'

2021-08-19 21:58:48 - [MESSAGE][PASSED] - Text '2021-09-02' is set on object 'Object Repository/Apply Leave/Page_OrangeHRM/input_From_leaveListcalFromDate'

2021-08-19 21:58:48 - [TEST_STEP][PASSED] - sendKeys(findTestObject("Object Repository/Apply Leave/Page_OrangeHRM/input_From_leaveListcalFromDate"), Keys.chord(ENTER)): Keys 'ENTER + ' sent to object: 'Object Repository/Apply Leave/Page_OrangeHRM/input_From_leaveListcalFromDate'

2021-08-19 21:58:49 - [MESSAGE][PASSED] - Keys 'ENTER + ' sent to object: 'Object Repository/Apply Leave/Page_OrangeHRM/input_From_leaveListcalFromDate'

2021-08-19 21:58:49 - [TEST_STEP][PASSED] - setText(findTestObject("Object Repository/Apply Leave/Page_OrangeHRM/input_To_leaveListcalToDate"), to): Text '2021-09-03' is set on object 'Object Repository/Apply Leave/Page_OrangeHRM/input_To_leaveListcalToDate'

2021-08-19 21:58:50 - [MESSAGE][PASSED] - Text '2021-09-03' is set on object 'Object Repository/Apply Leave/Page_OrangeHRM/input_To_leaveListcalToDate'

2021-08-19 21:58:50 - [TEST_STEP][PASSED] - sendKeys(findTestObject("Object Repository/Apply Leave/Page_OrangeHRM/input_To_leaveListcalToDate"), Keys.chord(ENTER)): Keys 'ENTER + ' sent to object: 'Object Repository/Apply Leave/Page_OrangeHRM/input_To_leaveListcalToDate'

2021-08-19 21:58:50 - [MESSAGE][PASSED] - Keys 'ENTER + ' sent to object: 'Object Repository/Apply Leave/Page_OrangeHRM/input_To_leaveListcalToDate'

2021-08-19 21:58:50 - [TEST_STEP][PASSED] - uncheck(findTestObject("Object Repository/Apply Leave/Page_OrangeHRM/input_All_leaveList_chkSearchFilter_checkbo_a698f3")): Object 'Object Repository/Apply Leave/Page_OrangeHRM/input_All_leaveList_chkSearchFilter_checkbo_a698f3' is un-checked

2021-08-19 21:58:51 - [MESSAGE][PASSED] - Object 'Object Repository/Apply Leave/Page_OrangeHRM/input_All_leaveList_chkSearchFilter_checkbo_a698f3' is un-checked

2021-08-19 21:58:51 - [TEST_STEP][PASSED] - check(findTestObject("Object Repository/Apply Leave/Page_OrangeHRM/input_Pending Approval_leaveListchkSearchFilter")): Object 'Object Repository/Apply Leave/Page_OrangeHRM/input_Pending Approval_leaveListchkSearchFilter' is checked

2021-08-19 21:58:52 - [MESSAGE][PASSED] - Object 'Object Repository/Apply Leave/Page_OrangeHRM/input_Pending Approval_leaveListchkSearchFilter' is checked

2021-08-19 21:58:52 - [TEST_STEP][PASSED] - click(findTestObject("Object Repository/Apply Leave/Page_OrangeHRM/input_Taken_btnSearch")): Object: 'Object Repository/Apply Leave/Page_OrangeHRM/input_Taken_btnSearch' is clicked on

2021-08-19 21:58:53 - [MESSAGE][PASSED] - Object: 'Object Repository/Apply Leave/Page_OrangeHRM/input_Taken_btnSearch' is clicked on

2021-08-19 21:58:53 - [TEST_STEP][PASSED] - scrollToElement(findTestObject("Apply Leave/Page_OrangeHRM/th_Date"), 0): Scroll to object 'Object Repository/Apply Leave/Page_OrangeHRM/th_Date' successfully

2021-08-19 21:58:53 - [MESSAGE][WARNING] - Timeout '0' is invalid. Using default page load timeout: '30'

2021-08-19 21:58:55 - [MESSAGE][PASSED] - Scroll to object 'Object Repository/Apply Leave/Page_OrangeHRM/th_Date' successfully

2021-08-19 21:58:55 - [TEST_STEP][PASSED] - takeScreenshot(): Taking screenshot successfully

2021-08-19 21:58:55 - [MESSAGE][PASSED] - Taking screenshot successfully
[[ATTACHMENT|C:\\Users\\nguye\\Katalon Studio\\OrangeHRM\\Reports\\20210819_213101\\Apply Leave\\20210819_213101\\1629385135391.png]]

2021-08-19 21:58:55 - [TEST_STEP][FAILED] - if (days.equals("")): Unable to verify match between actual text '2021-09-02 to 2021-09-03' and expected text 'No Records Found' (Root cause: com.kms.katalon.core.exception.StepFailedException: Actual text '2021-09-02 to 2021-09-03' and expected text 'No Records Found' are not matched
	at com.kms.katalon.core.keyword.builtin.VerifyMatchKeyword$_verifyMatch_closure1.doCall(VerifyMatchKeyword.groovy:57)
	at com.kms.katalon.core.keyword.builtin.VerifyMatchKeyword$_verifyMatch_closure1.call(VerifyMatchKeyword.groovy)
	at com.kms.katalon.core.keyword.internal.KeywordMain.runKeyword(KeywordMain.groovy:74)
	at com.kms.katalon.core.keyword.builtin.VerifyMatchKeyword.verifyMatch(VerifyMatchKeyword.groovy:60)
	at com.kms.katalon.core.keyword.builtin.VerifyMatchKeyword.execute(VerifyMatchKeyword.groovy:45)
	at com.kms.katalon.core.keyword.internal.KeywordExecutor.executeKeywordForPlatform(KeywordExecutor.groovy:74)
	at com.kms.katalon.core.keyword.BuiltinKeywords.verifyMatch(BuiltinKeywords.groovy:55)
	at Apply Leave.run(Apply Leave:180)
	at com.kms.katalon.core.main.ScriptEngine.run(ScriptEngine.java:194)
	at com.kms.katalon.core.main.ScriptEngine.runScriptAsRawText(ScriptEngine.java:119)
	at com.kms.katalon.core.main.TestCaseExecutor.runScript(TestCaseExecutor.java:430)
	at com.kms.katalon.core.main.TestCaseExecutor.doExecute(TestCaseExecutor.java:421)
	at com.kms.katalon.core.main.TestCaseExecutor.processExecutionPhase(TestCaseExecutor.java:400)
	at com.kms.katalon.core.main.TestCaseExecutor.accessMainPhase(TestCaseExecutor.java:392)
	at com.kms.katalon.core.main.TestCaseExecutor.execute(TestCaseExecutor.java:273)
	at com.kms.katalon.core.main.TestSuiteExecutor.accessTestCaseMainPhase(TestSuiteExecutor.java:202)
	at com.kms.katalon.core.main.TestSuiteExecutor.accessTestSuiteMainPhase(TestSuiteExecutor.java:164)
	at com.kms.katalon.core.main.TestSuiteExecutor.execute(TestSuiteExecutor.java:105)
	at com.kms.katalon.core.main.TestCaseMain.startTestSuite(TestCaseMain.java:185)
	at com.kms.katalon.core.main.TestCaseMain$startTestSuite$0.call(Unknown Source)
	at TempTestSuite1629383461522.run(TempTestSuite1629383461522.groovy:36)
)

2021-08-19 21:58:55 - [TEST_STEP][FAILED] - verifyMatch(getText(findTestObject("Object Repository/Apply Leave/Page_OrangeHRM/td_No Records Found")), "No Records Found", false, STOP_ON_FAILURE): Unable to verify match between actual text '2021-09-02 to 2021-09-03' and expected text 'No Records Found' (Root cause: com.kms.katalon.core.exception.StepFailedException: Actual text '2021-09-02 to 2021-09-03' and expected text 'No Records Found' are not matched
	at com.kms.katalon.core.keyword.builtin.VerifyMatchKeyword$_verifyMatch_closure1.doCall(VerifyMatchKeyword.groovy:57)
	at com.kms.katalon.core.keyword.builtin.VerifyMatchKeyword$_verifyMatch_closure1.call(VerifyMatchKeyword.groovy)
	at com.kms.katalon.core.keyword.internal.KeywordMain.runKeyword(KeywordMain.groovy:74)
	at com.kms.katalon.core.keyword.builtin.VerifyMatchKeyword.verifyMatch(VerifyMatchKeyword.groovy:60)
	at com.kms.katalon.core.keyword.builtin.VerifyMatchKeyword.execute(VerifyMatchKeyword.groovy:45)
	at com.kms.katalon.core.keyword.internal.KeywordExecutor.executeKeywordForPlatform(KeywordExecutor.groovy:74)
	at com.kms.katalon.core.keyword.BuiltinKeywords.verifyMatch(BuiltinKeywords.groovy:55)
	at Apply Leave.run(Apply Leave:180)
	at com.kms.katalon.core.main.ScriptEngine.run(ScriptEngine.java:194)
	at com.kms.katalon.core.main.ScriptEngine.runScriptAsRawText(ScriptEngine.java:119)
	at com.kms.katalon.core.main.TestCaseExecutor.runScript(TestCaseExecutor.java:430)
	at com.kms.katalon.core.main.TestCaseExecutor.doExecute(TestCaseExecutor.java:421)
	at com.kms.katalon.core.main.TestCaseExecutor.processExecutionPhase(TestCaseExecutor.java:400)
	at com.kms.katalon.core.main.TestCaseExecutor.accessMainPhase(TestCaseExecutor.java:392)
	at com.kms.katalon.core.main.TestCaseExecutor.execute(TestCaseExecutor.java:273)
	at com.kms.katalon.core.main.TestSuiteExecutor.accessTestCaseMainPhase(TestSuiteExecutor.java:202)
	at com.kms.katalon.core.main.TestSuiteExecutor.accessTestSuiteMainPhase(TestSuiteExecutor.java:164)
	at com.kms.katalon.core.main.TestSuiteExecutor.execute(TestSuiteExecutor.java:105)
	at com.kms.katalon.core.main.TestCaseMain.startTestSuite(TestCaseMain.java:185)
	at com.kms.katalon.core.main.TestCaseMain$startTestSuite$0.call(Unknown Source)
	at TempTestSuite1629383461522.run(TempTestSuite1629383461522.groovy:36)
)

2021-08-19 21:58:56 - [MESSAGE][PASSED] - Text of object 'Object Repository/Apply Leave/Page_OrangeHRM/td_No Records Found' is: '2021-09-02 to 2021-09-03'

2021-08-19 21:58:56 - [MESSAGE][FAILED] - Unable to verify match between actual text '2021-09-02 to 2021-09-03' and expected text 'No Records Found' (Root cause: com.kms.katalon.core.exception.StepFailedException: Actual text '2021-09-02 to 2021-09-03' and expected text 'No Records Found' are not matched
	at com.kms.katalon.core.keyword.builtin.VerifyMatchKeyword$_verifyMatch_closure1.doCall(VerifyMatchKeyword.groovy:57)
	at com.kms.katalon.core.keyword.builtin.VerifyMatchKeyword$_verifyMatch_closure1.call(VerifyMatchKeyword.groovy)
	at com.kms.katalon.core.keyword.internal.KeywordMain.runKeyword(KeywordMain.groovy:74)
	at com.kms.katalon.core.keyword.builtin.VerifyMatchKeyword.verifyMatch(VerifyMatchKeyword.groovy:60)
	at com.kms.katalon.core.keyword.builtin.VerifyMatchKeyword.execute(VerifyMatchKeyword.groovy:45)
	at com.kms.katalon.core.keyword.internal.KeywordExecutor.executeKeywordForPlatform(KeywordExecutor.groovy:74)
	at com.kms.katalon.core.keyword.BuiltinKeywords.verifyMatch(BuiltinKeywords.groovy:55)
	at Apply Leave.run(Apply Leave:180)
	at com.kms.katalon.core.main.ScriptEngine.run(ScriptEngine.java:194)
	at com.kms.katalon.core.main.ScriptEngine.runScriptAsRawText(ScriptEngine.java:119)
	at com.kms.katalon.core.main.TestCaseExecutor.runScript(TestCaseExecutor.java:430)
	at com.kms.katalon.core.main.TestCaseExecutor.doExecute(TestCaseExecutor.java:421)
	at com.kms.katalon.core.main.TestCaseExecutor.processExecutionPhase(TestCaseExecutor.java:400)
	at com.kms.katalon.core.main.TestCaseExecutor.accessMainPhase(TestCaseExecutor.java:392)
	at com.kms.katalon.core.main.TestCaseExecutor.execute(TestCaseExecutor.java:273)
	at com.kms.katalon.core.main.TestSuiteExecutor.accessTestCaseMainPhase(TestSuiteExecutor.java:202)
	at com.kms.katalon.core.main.TestSuiteExecutor.accessTestSuiteMainPhase(TestSuiteExecutor.java:164)
	at com.kms.katalon.core.main.TestSuiteExecutor.execute(TestSuiteExecutor.java:105)
	at com.kms.katalon.core.main.TestCaseMain.startTestSuite(TestCaseMain.java:185)
	at com.kms.katalon.core.main.TestCaseMain$startTestSuite$0.call(Unknown Source)
	at TempTestSuite1629383461522.run(TempTestSuite1629383461522.groovy:36)
)

2021-08-19 21:58:58 - [TEST_STEP][PASSED] - Video: Video recording for test case 'Test Cases/Apply Leave' .

2021-08-19 21:58:58 - [MESSAGE][INFO] - Video recording for test case 'Test Cases/Apply Leave' .]]></system-out>
         <system-err><![CDATA[2021-08-19 21:58:19 - [TEST_CASE][FAILED] - Test Cases/Apply Leave: Test Cases/Apply Leave FAILED.
Reason:
com.kms.katalon.core.exception.StepFailedException: Actual text '2021-09-02 to 2021-09-03' and expected text 'No Records Found' are not matched
	at com.kms.katalon.core.keyword.builtin.VerifyMatchKeyword$_verifyMatch_closure1.doCall(VerifyMatchKeyword.groovy:57)
	at com.kms.katalon.core.keyword.builtin.VerifyMatchKeyword$_verifyMatch_closure1.call(VerifyMatchKeyword.groovy)
	at com.kms.katalon.core.keyword.internal.KeywordMain.runKeyword(KeywordMain.groovy:74)
	at com.kms.katalon.core.keyword.builtin.VerifyMatchKeyword.verifyMatch(VerifyMatchKeyword.groovy:60)
	at com.kms.katalon.core.keyword.builtin.VerifyMatchKeyword.execute(VerifyMatchKeyword.groovy:45)
	at com.kms.katalon.core.keyword.internal.KeywordExecutor.executeKeywordForPlatform(KeywordExecutor.groovy:74)
	at com.kms.katalon.core.keyword.BuiltinKeywords.verifyMatch(BuiltinKeywords.groovy:55)
	at Apply Leave.run(Apply Leave:180)
	at com.kms.katalon.core.main.ScriptEngine.run(ScriptEngine.java:194)
	at com.kms.katalon.core.main.ScriptEngine.runScriptAsRawText(ScriptEngine.java:119)
	at com.kms.katalon.core.main.TestCaseExecutor.runScript(TestCaseExecutor.java:430)
	at com.kms.katalon.core.main.TestCaseExecutor.doExecute(TestCaseExecutor.java:421)
	at com.kms.katalon.core.main.TestCaseExecutor.processExecutionPhase(TestCaseExecutor.java:400)
	at com.kms.katalon.core.main.TestCaseExecutor.accessMainPhase(TestCaseExecutor.java:392)
	at com.kms.katalon.core.main.TestCaseExecutor.execute(TestCaseExecutor.java:273)
	at com.kms.katalon.core.main.TestSuiteExecutor.accessTestCaseMainPhase(TestSuiteExecutor.java:202)
	at com.kms.katalon.core.main.TestSuiteExecutor.accessTestSuiteMainPhase(TestSuiteExecutor.java:164)
	at com.kms.katalon.core.main.TestSuiteExecutor.execute(TestSuiteExecutor.java:105)
	at com.kms.katalon.core.main.TestCaseMain.startTestSuite(TestCaseMain.java:185)
	at com.kms.katalon.core.main.TestCaseMain$startTestSuite$0.call(Unknown Source)
	at TempTestSuite1629383461522.run(TempTestSuite1629383461522.groovy:36)]]></system-err>
      </testcase>
      <testcase name="Test Cases/Apply Leave" time="36.461" classname="Test Cases/Apply Leave" status="PASSED">
         <system-out><![CDATA[2021-08-19 21:58:58 - [TEST_CASE][PASSED] - Test Cases/Apply Leave: Test Cases/Apply Leave

2021-08-19 21:58:58 - [TEST_STEP][PASSED] - com.database.mysql.connectDB("localhost", "orangehrm_mysql", "3306", "root", null): com.database.mysql.connectDB is PASSED

2021-08-19 21:58:58 - [MESSAGE][PASSED] - com.database.mysql.connectDB is PASSED

2021-08-19 21:58:58 - [TEST_STEP][PASSED] - com.database.mysql.execute("DELETE FROM `ohrm_leave_request` WHERE `emp_number`=3 AND `date_applied`='2021-09-02' AND `leave_type_id` = 3"): com.database.mysql.execute is PASSED

2021-08-19 21:58:58 - [MESSAGE][PASSED] - com.database.mysql.execute is PASSED

2021-08-19 21:58:58 - [TEST_STEP][PASSED] - com.database.mysql.execute("DELETE FROM `ohrm_leave` WHERE `emp_number` = 3 AND `leave_type_id`=3 and (`date`='2021-09-02' or `date`='2021-09-03') "): com.database.mysql.execute is PASSED

2021-08-19 21:58:58 - [MESSAGE][PASSED] - com.database.mysql.execute is PASSED

2021-08-19 21:58:58 - [TEST_STEP][PASSED] - com.database.mysql.closeDatabaseConnection(): com.database.mysql.closeDatabaseConnection is PASSED

2021-08-19 21:58:58 - [MESSAGE][PASSED] - com.database.mysql.closeDatabaseConnection is PASSED

2021-08-19 21:58:58 - [TEST_STEP][PASSED] - navigateToUrl("http://localhost/orangehrm/symfony/web/index.php/dashboard"): Navigate to 'http://localhost/orangehrm/symfony/web/index.php/dashboard' successfully

2021-08-19 21:58:59 - [MESSAGE][PASSED] - Navigate to 'http://localhost/orangehrm/symfony/web/index.php/dashboard' successfully

2021-08-19 21:58:59 - [TEST_STEP][PASSED] - click(findTestObject("Object Repository/Apply Leave/Page_OrangeHRM/img")): Object: 'Object Repository/Apply Leave/Page_OrangeHRM/img' is clicked on

2021-08-19 21:59:01 - [MESSAGE][PASSED] - Object: 'Object Repository/Apply Leave/Page_OrangeHRM/img' is clicked on

2021-08-19 21:59:01 - [TEST_STEP][PASSED] - selectOptionByValue(findTestObject("Object Repository/Apply Leave/Page_OrangeHRM/select_--Select--MarriageMaternityPersonalS_480ad7"), "3", true): All options with value '3' are selected in object 'Object Repository/Apply Leave/Page_OrangeHRM/select_--Select--MarriageMaternityPersonalS_480ad7'  using regular expression

2021-08-19 21:59:02 - [MESSAGE][PASSED] - All options with value '3' are selected in object 'Object Repository/Apply Leave/Page_OrangeHRM/select_--Select--MarriageMaternityPersonalS_480ad7'  using regular expression

2021-08-19 21:59:02 - [TEST_STEP][PASSED] - setText(findTestObject("Object Repository/Apply Leave/Page_OrangeHRM/input__applyleavetxtFromDate"), from): Text '2021-09-02' is set on object 'Object Repository/Apply Leave/Page_OrangeHRM/input__applyleavetxtFromDate'

2021-08-19 21:59:04 - [MESSAGE][PASSED] - Text '2021-09-02' is set on object 'Object Repository/Apply Leave/Page_OrangeHRM/input__applyleavetxtFromDate'

2021-08-19 21:59:04 - [TEST_STEP][PASSED] - sendKeys(findTestObject("Object Repository/Apply Leave/Page_OrangeHRM/input__applyleavetxtFromDate"), Keys.chord(ENTER)): Keys 'ENTER + ' sent to object: 'Object Repository/Apply Leave/Page_OrangeHRM/input__applyleavetxtFromDate'

2021-08-19 21:59:05 - [MESSAGE][PASSED] - Keys 'ENTER + ' sent to object: 'Object Repository/Apply Leave/Page_OrangeHRM/input__applyleavetxtFromDate'

2021-08-19 21:59:05 - [TEST_STEP][PASSED] - setText(findTestObject("Object Repository/Apply Leave/Page_OrangeHRM/input__applyleavetxtToDate"), to): Text '2021-09-03' is set on object 'Object Repository/Apply Leave/Page_OrangeHRM/input__applyleavetxtToDate'

2021-08-19 21:59:07 - [MESSAGE][PASSED] - Text '2021-09-03' is set on object 'Object Repository/Apply Leave/Page_OrangeHRM/input__applyleavetxtToDate'

2021-08-19 21:59:07 - [TEST_STEP][PASSED] - sendKeys(findTestObject("Object Repository/Apply Leave/Page_OrangeHRM/input__applyleavetxtToDate"), Keys.chord(ENTER)): Keys 'ENTER + ' sent to object: 'Object Repository/Apply Leave/Page_OrangeHRM/input__applyleavetxtToDate'

2021-08-19 21:59:08 - [MESSAGE][PASSED] - Keys 'ENTER + ' sent to object: 'Object Repository/Apply Leave/Page_OrangeHRM/input__applyleavetxtToDate'

2021-08-19 21:59:08 - [TEST_STEP][PASSED] - if (from.equals(to)): null

2021-08-19 21:59:08 - [TEST_STEP][PASSED] - else: All options with value '08:00' are selected in object 'Object Repository/Apply Leave/Page_OrangeHRM/applyleave_secondDuration_time_to'  using regular expression

2021-08-19 21:59:08 - [TEST_STEP][PASSED] - selectOptionByValue(findTestObject("Object Repository/Apply Leave/Page_OrangeHRM/select_NoneAll DaysStart Day OnlyEnd Day On_3e5258"), partialDays, true): All options with value 'start_end' are selected in object 'Object Repository/Apply Leave/Page_OrangeHRM/select_NoneAll DaysStart Day OnlyEnd Day On_3e5258'  using regular expression

2021-08-19 21:59:10 - [MESSAGE][PASSED] - All options with value 'start_end' are selected in object 'Object Repository/Apply Leave/Page_OrangeHRM/select_NoneAll DaysStart Day OnlyEnd Day On_3e5258'  using regular expression

2021-08-19 21:59:10 - [TEST_STEP][PASSED] - if (partialDays.equals("all") || partialDays.equals("start")): null

2021-08-19 21:59:10 - [TEST_STEP][PASSED] - if (partialDays.equals("end")): null

2021-08-19 21:59:10 - [TEST_STEP][PASSED] - if (partialDays.equals("start_end")): All options with value '08:00' are selected in object 'Object Repository/Apply Leave/Page_OrangeHRM/applyleave_secondDuration_time_to'  using regular expression

2021-08-19 21:59:10 - [TEST_STEP][PASSED] - selectOptionByValue(findTestObject("Object Repository/Apply Leave/Page_OrangeHRM/applyleave_firstDuration_duration"), duration1, true): All options with value 'half_day' are selected in object 'Object Repository/Apply Leave/Page_OrangeHRM/applyleave_firstDuration_duration'  using regular expression

2021-08-19 21:59:11 - [MESSAGE][PASSED] - All options with value 'half_day' are selected in object 'Object Repository/Apply Leave/Page_OrangeHRM/applyleave_firstDuration_duration'  using regular expression

2021-08-19 21:59:11 - [TEST_STEP][PASSED] - if (duration1.equals("half_day")): All options with value 'AM' are selected in object 'Object Repository/Apply Leave/Page_OrangeHRM/applyleave_firstDuration_ampm'  using regular expression

2021-08-19 21:59:11 - [TEST_STEP][PASSED] - selectOptionByValue(findTestObject("Object Repository/Apply Leave/Page_OrangeHRM/applyleave_firstDuration_ampm"), duration2, true): All options with value 'AM' are selected in object 'Object Repository/Apply Leave/Page_OrangeHRM/applyleave_firstDuration_ampm'  using regular expression

2021-08-19 21:59:12 - [MESSAGE][PASSED] - All options with value 'AM' are selected in object 'Object Repository/Apply Leave/Page_OrangeHRM/applyleave_firstDuration_ampm'  using regular expression

2021-08-19 21:59:12 - [TEST_STEP][PASSED] - if (duration1.equals("specify_time")): null

2021-08-19 21:59:12 - [TEST_STEP][PASSED] - selectOptionByValue(findTestObject("Object Repository/Apply Leave/Page_OrangeHRM/select_Half DaySpecify Time_1"), duration4, true): All options with value 'specify_time' are selected in object 'Object Repository/Apply Leave/Page_OrangeHRM/select_Half DaySpecify Time_1'  using regular expression

2021-08-19 21:59:13 - [MESSAGE][PASSED] - All options with value 'specify_time' are selected in object 'Object Repository/Apply Leave/Page_OrangeHRM/select_Half DaySpecify Time_1'  using regular expression

2021-08-19 21:59:13 - [TEST_STEP][PASSED] - if (duration4.equals("half_day")): null

2021-08-19 21:59:13 - [TEST_STEP][PASSED] - if (duration4.equals("specify_time")): All options with value '08:00' are selected in object 'Object Repository/Apply Leave/Page_OrangeHRM/applyleave_secondDuration_time_to'  using regular expression

2021-08-19 21:59:13 - [TEST_STEP][PASSED] - selectOptionByValue(findTestObject("Object Repository/Apply Leave/Page_OrangeHRM/applyleave_secondDuration_time_from"), duration5, true): All options with value '09:00' are selected in object 'Object Repository/Apply Leave/Page_OrangeHRM/applyleave_secondDuration_time_from'  using regular expression

2021-08-19 21:59:17 - [MESSAGE][PASSED] - All options with value '09:00' are selected in object 'Object Repository/Apply Leave/Page_OrangeHRM/applyleave_secondDuration_time_from'  using regular expression

2021-08-19 21:59:17 - [TEST_STEP][PASSED] - selectOptionByValue(findTestObject("Object Repository/Apply Leave/Page_OrangeHRM/applyleave_secondDuration_time_to"), duration6, true): All options with value '08:00' are selected in object 'Object Repository/Apply Leave/Page_OrangeHRM/applyleave_secondDuration_time_to'  using regular expression

2021-08-19 21:59:20 - [MESSAGE][PASSED] - All options with value '08:00' are selected in object 'Object Repository/Apply Leave/Page_OrangeHRM/applyleave_secondDuration_time_to'  using regular expression

2021-08-19 21:59:20 - [TEST_STEP][PASSED] - scrollToElement(findTestObject("Apply Leave/Page_OrangeHRM/input__applyBtn"), 0): Scroll to object 'Object Repository/Apply Leave/Page_OrangeHRM/input__applyBtn' successfully

2021-08-19 21:59:20 - [MESSAGE][WARNING] - Timeout '0' is invalid. Using default page load timeout: '30'

2021-08-19 21:59:21 - [MESSAGE][PASSED] - Scroll to object 'Object Repository/Apply Leave/Page_OrangeHRM/input__applyBtn' successfully

2021-08-19 21:59:21 - [TEST_STEP][PASSED] - takeScreenshot(): Taking screenshot successfully

2021-08-19 21:59:21 - [MESSAGE][PASSED] - Taking screenshot successfully
[[ATTACHMENT|C:\\Users\\nguye\\Katalon Studio\\OrangeHRM\\Reports\\20210819_213101\\Apply Leave\\20210819_213101\\1629385161542.png]]

2021-08-19 21:59:21 - [TEST_STEP][PASSED] - click(findTestObject("Object Repository/Apply Leave/Page_OrangeHRM/input__applyBtn")): Object: 'Object Repository/Apply Leave/Page_OrangeHRM/input__applyBtn' is clicked on

2021-08-19 21:59:22 - [MESSAGE][PASSED] - Object: 'Object Repository/Apply Leave/Page_OrangeHRM/input__applyBtn' is clicked on

2021-08-19 21:59:22 - [TEST_STEP][PASSED] - navigateToUrl("http://localhost/orangehrm/symfony/web/index.php/leave/viewMyLeaveList/reset/1"): Navigate to 'http://localhost/orangehrm/symfony/web/index.php/leave/viewMyLeaveList/reset/1' successfully

2021-08-19 21:59:23 - [MESSAGE][PASSED] - Navigate to 'http://localhost/orangehrm/symfony/web/index.php/leave/viewMyLeaveList/reset/1' successfully

2021-08-19 21:59:23 - [TEST_STEP][PASSED] - setText(findTestObject("Object Repository/Apply Leave/Page_OrangeHRM/input_From_leaveListcalFromDate"), from): Text '2021-09-02' is set on object 'Object Repository/Apply Leave/Page_OrangeHRM/input_From_leaveListcalFromDate'

2021-08-19 21:59:25 - [MESSAGE][PASSED] - Text '2021-09-02' is set on object 'Object Repository/Apply Leave/Page_OrangeHRM/input_From_leaveListcalFromDate'

2021-08-19 21:59:25 - [TEST_STEP][PASSED] - sendKeys(findTestObject("Object Repository/Apply Leave/Page_OrangeHRM/input_From_leaveListcalFromDate"), Keys.chord(ENTER)): Keys 'ENTER + ' sent to object: 'Object Repository/Apply Leave/Page_OrangeHRM/input_From_leaveListcalFromDate'

2021-08-19 21:59:26 - [MESSAGE][PASSED] - Keys 'ENTER + ' sent to object: 'Object Repository/Apply Leave/Page_OrangeHRM/input_From_leaveListcalFromDate'

2021-08-19 21:59:26 - [TEST_STEP][PASSED] - setText(findTestObject("Object Repository/Apply Leave/Page_OrangeHRM/input_To_leaveListcalToDate"), to): Text '2021-09-03' is set on object 'Object Repository/Apply Leave/Page_OrangeHRM/input_To_leaveListcalToDate'

2021-08-19 21:59:27 - [MESSAGE][PASSED] - Text '2021-09-03' is set on object 'Object Repository/Apply Leave/Page_OrangeHRM/input_To_leaveListcalToDate'

2021-08-19 21:59:27 - [TEST_STEP][PASSED] - sendKeys(findTestObject("Object Repository/Apply Leave/Page_OrangeHRM/input_To_leaveListcalToDate"), Keys.chord(ENTER)): Keys 'ENTER + ' sent to object: 'Object Repository/Apply Leave/Page_OrangeHRM/input_To_leaveListcalToDate'

2021-08-19 21:59:28 - [MESSAGE][PASSED] - Keys 'ENTER + ' sent to object: 'Object Repository/Apply Leave/Page_OrangeHRM/input_To_leaveListcalToDate'

2021-08-19 21:59:28 - [TEST_STEP][PASSED] - uncheck(findTestObject("Object Repository/Apply Leave/Page_OrangeHRM/input_All_leaveList_chkSearchFilter_checkbo_a698f3")): Object 'Object Repository/Apply Leave/Page_OrangeHRM/input_All_leaveList_chkSearchFilter_checkbo_a698f3' is un-checked

2021-08-19 21:59:28 - [MESSAGE][PASSED] - Object 'Object Repository/Apply Leave/Page_OrangeHRM/input_All_leaveList_chkSearchFilter_checkbo_a698f3' is un-checked

2021-08-19 21:59:28 - [TEST_STEP][PASSED] - check(findTestObject("Object Repository/Apply Leave/Page_OrangeHRM/input_Pending Approval_leaveListchkSearchFilter")): Object 'Object Repository/Apply Leave/Page_OrangeHRM/input_Pending Approval_leaveListchkSearchFilter' is checked

2021-08-19 21:59:29 - [MESSAGE][PASSED] - Object 'Object Repository/Apply Leave/Page_OrangeHRM/input_Pending Approval_leaveListchkSearchFilter' is checked

2021-08-19 21:59:29 - [TEST_STEP][PASSED] - click(findTestObject("Object Repository/Apply Leave/Page_OrangeHRM/input_Taken_btnSearch")): Object: 'Object Repository/Apply Leave/Page_OrangeHRM/input_Taken_btnSearch' is clicked on

2021-08-19 21:59:30 - [MESSAGE][PASSED] - Object: 'Object Repository/Apply Leave/Page_OrangeHRM/input_Taken_btnSearch' is clicked on

2021-08-19 21:59:30 - [TEST_STEP][PASSED] - scrollToElement(findTestObject("Apply Leave/Page_OrangeHRM/th_Date"), 0): Scroll to object 'Object Repository/Apply Leave/Page_OrangeHRM/th_Date' successfully

2021-08-19 21:59:31 - [MESSAGE][WARNING] - Timeout '0' is invalid. Using default page load timeout: '30'

2021-08-19 21:59:31 - [MESSAGE][PASSED] - Scroll to object 'Object Repository/Apply Leave/Page_OrangeHRM/th_Date' successfully

2021-08-19 21:59:31 - [TEST_STEP][PASSED] - takeScreenshot(): Taking screenshot successfully

2021-08-19 21:59:32 - [MESSAGE][PASSED] - Taking screenshot successfully
[[ATTACHMENT|C:\\Users\\nguye\\Katalon Studio\\OrangeHRM\\Reports\\20210819_213101\\Apply Leave\\20210819_213101\\1629385172208.png]]

2021-08-19 21:59:32 - [TEST_STEP][PASSED] - if (days.equals("")): Actual text 'No Records Found' and expected text 'No Records Found' are matched 

2021-08-19 21:59:32 - [TEST_STEP][PASSED] - verifyMatch(getText(findTestObject("Object Repository/Apply Leave/Page_OrangeHRM/td_No Records Found")), "No Records Found", false, STOP_ON_FAILURE): Actual text 'No Records Found' and expected text 'No Records Found' are matched 

2021-08-19 21:59:33 - [MESSAGE][PASSED] - Text of object 'Object Repository/Apply Leave/Page_OrangeHRM/td_No Records Found' is: 'No Records Found'

2021-08-19 21:59:33 - [MESSAGE][PASSED] - Actual text 'No Records Found' and expected text 'No Records Found' are matched]]></system-out>
         <system-err><![CDATA[]]></system-err>
      </testcase>
      <testcase name="Test Cases/Apply Leave" time="36.625" classname="Test Cases/Apply Leave" status="PASSED">
         <system-out><![CDATA[2021-08-19 21:59:35 - [TEST_CASE][PASSED] - Test Cases/Apply Leave: Test Cases/Apply Leave

2021-08-19 21:59:35 - [TEST_STEP][PASSED] - com.database.mysql.connectDB("localhost", "orangehrm_mysql", "3306", "root", null): com.database.mysql.connectDB is PASSED

2021-08-19 21:59:35 - [MESSAGE][PASSED] - com.database.mysql.connectDB is PASSED

2021-08-19 21:59:35 - [TEST_STEP][PASSED] - com.database.mysql.execute("DELETE FROM `ohrm_leave_request` WHERE `emp_number`=3 AND `date_applied`='2021-09-02' AND `leave_type_id` = 3"): com.database.mysql.execute is PASSED

2021-08-19 21:59:35 - [MESSAGE][PASSED] - com.database.mysql.execute is PASSED

2021-08-19 21:59:35 - [TEST_STEP][PASSED] - com.database.mysql.execute("DELETE FROM `ohrm_leave` WHERE `emp_number` = 3 AND `leave_type_id`=3 and (`date`='2021-09-02' or `date`='2021-09-03') "): com.database.mysql.execute is PASSED

2021-08-19 21:59:35 - [MESSAGE][PASSED] - com.database.mysql.execute is PASSED

2021-08-19 21:59:35 - [TEST_STEP][PASSED] - com.database.mysql.closeDatabaseConnection(): com.database.mysql.closeDatabaseConnection is PASSED

2021-08-19 21:59:35 - [MESSAGE][PASSED] - com.database.mysql.closeDatabaseConnection is PASSED

2021-08-19 21:59:35 - [TEST_STEP][PASSED] - navigateToUrl("http://localhost/orangehrm/symfony/web/index.php/dashboard"): Navigate to 'http://localhost/orangehrm/symfony/web/index.php/dashboard' successfully

2021-08-19 21:59:36 - [MESSAGE][PASSED] - Navigate to 'http://localhost/orangehrm/symfony/web/index.php/dashboard' successfully

2021-08-19 21:59:36 - [TEST_STEP][PASSED] - click(findTestObject("Object Repository/Apply Leave/Page_OrangeHRM/img")): Object: 'Object Repository/Apply Leave/Page_OrangeHRM/img' is clicked on

2021-08-19 21:59:38 - [MESSAGE][PASSED] - Object: 'Object Repository/Apply Leave/Page_OrangeHRM/img' is clicked on

2021-08-19 21:59:38 - [TEST_STEP][PASSED] - selectOptionByValue(findTestObject("Object Repository/Apply Leave/Page_OrangeHRM/select_--Select--MarriageMaternityPersonalS_480ad7"), "3", true): All options with value '3' are selected in object 'Object Repository/Apply Leave/Page_OrangeHRM/select_--Select--MarriageMaternityPersonalS_480ad7'  using regular expression

2021-08-19 21:59:39 - [MESSAGE][PASSED] - All options with value '3' are selected in object 'Object Repository/Apply Leave/Page_OrangeHRM/select_--Select--MarriageMaternityPersonalS_480ad7'  using regular expression

2021-08-19 21:59:39 - [TEST_STEP][PASSED] - setText(findTestObject("Object Repository/Apply Leave/Page_OrangeHRM/input__applyleavetxtFromDate"), from): Text '2021-09-02' is set on object 'Object Repository/Apply Leave/Page_OrangeHRM/input__applyleavetxtFromDate'

2021-08-19 21:59:41 - [MESSAGE][PASSED] - Text '2021-09-02' is set on object 'Object Repository/Apply Leave/Page_OrangeHRM/input__applyleavetxtFromDate'

2021-08-19 21:59:41 - [TEST_STEP][PASSED] - sendKeys(findTestObject("Object Repository/Apply Leave/Page_OrangeHRM/input__applyleavetxtFromDate"), Keys.chord(ENTER)): Keys 'ENTER + ' sent to object: 'Object Repository/Apply Leave/Page_OrangeHRM/input__applyleavetxtFromDate'

2021-08-19 21:59:42 - [MESSAGE][PASSED] - Keys 'ENTER + ' sent to object: 'Object Repository/Apply Leave/Page_OrangeHRM/input__applyleavetxtFromDate'

2021-08-19 21:59:42 - [TEST_STEP][PASSED] - setText(findTestObject("Object Repository/Apply Leave/Page_OrangeHRM/input__applyleavetxtToDate"), to): Text '2021-09-03' is set on object 'Object Repository/Apply Leave/Page_OrangeHRM/input__applyleavetxtToDate'

2021-08-19 21:59:44 - [MESSAGE][PASSED] - Text '2021-09-03' is set on object 'Object Repository/Apply Leave/Page_OrangeHRM/input__applyleavetxtToDate'

2021-08-19 21:59:44 - [TEST_STEP][PASSED] - sendKeys(findTestObject("Object Repository/Apply Leave/Page_OrangeHRM/input__applyleavetxtToDate"), Keys.chord(ENTER)): Keys 'ENTER + ' sent to object: 'Object Repository/Apply Leave/Page_OrangeHRM/input__applyleavetxtToDate'

2021-08-19 21:59:44 - [MESSAGE][PASSED] - Keys 'ENTER + ' sent to object: 'Object Repository/Apply Leave/Page_OrangeHRM/input__applyleavetxtToDate'

2021-08-19 21:59:44 - [TEST_STEP][PASSED] - if (from.equals(to)): null

2021-08-19 21:59:44 - [TEST_STEP][PASSED] - else: All options with value '09:00' are selected in object 'Object Repository/Apply Leave/Page_OrangeHRM/applyleave_secondDuration_time_to'  using regular expression

2021-08-19 21:59:44 - [TEST_STEP][PASSED] - selectOptionByValue(findTestObject("Object Repository/Apply Leave/Page_OrangeHRM/select_NoneAll DaysStart Day OnlyEnd Day On_3e5258"), partialDays, true): All options with value 'start_end' are selected in object 'Object Repository/Apply Leave/Page_OrangeHRM/select_NoneAll DaysStart Day OnlyEnd Day On_3e5258'  using regular expression

2021-08-19 21:59:46 - [MESSAGE][PASSED] - All options with value 'start_end' are selected in object 'Object Repository/Apply Leave/Page_OrangeHRM/select_NoneAll DaysStart Day OnlyEnd Day On_3e5258'  using regular expression

2021-08-19 21:59:46 - [TEST_STEP][PASSED] - if (partialDays.equals("all") || partialDays.equals("start")): null

2021-08-19 21:59:46 - [TEST_STEP][PASSED] - if (partialDays.equals("end")): null

2021-08-19 21:59:46 - [TEST_STEP][PASSED] - if (partialDays.equals("start_end")): All options with value '09:00' are selected in object 'Object Repository/Apply Leave/Page_OrangeHRM/applyleave_secondDuration_time_to'  using regular expression

2021-08-19 21:59:46 - [TEST_STEP][PASSED] - selectOptionByValue(findTestObject("Object Repository/Apply Leave/Page_OrangeHRM/applyleave_firstDuration_duration"), duration1, true): All options with value 'half_day' are selected in object 'Object Repository/Apply Leave/Page_OrangeHRM/applyleave_firstDuration_duration'  using regular expression

2021-08-19 21:59:47 - [MESSAGE][PASSED] - All options with value 'half_day' are selected in object 'Object Repository/Apply Leave/Page_OrangeHRM/applyleave_firstDuration_duration'  using regular expression

2021-08-19 21:59:47 - [TEST_STEP][PASSED] - if (duration1.equals("half_day")): All options with value 'AM' are selected in object 'Object Repository/Apply Leave/Page_OrangeHRM/applyleave_firstDuration_ampm'  using regular expression

2021-08-19 21:59:47 - [TEST_STEP][PASSED] - selectOptionByValue(findTestObject("Object Repository/Apply Leave/Page_OrangeHRM/applyleave_firstDuration_ampm"), duration2, true): All options with value 'AM' are selected in object 'Object Repository/Apply Leave/Page_OrangeHRM/applyleave_firstDuration_ampm'  using regular expression

2021-08-19 21:59:49 - [MESSAGE][PASSED] - All options with value 'AM' are selected in object 'Object Repository/Apply Leave/Page_OrangeHRM/applyleave_firstDuration_ampm'  using regular expression

2021-08-19 21:59:49 - [TEST_STEP][PASSED] - if (duration1.equals("specify_time")): null

2021-08-19 21:59:49 - [TEST_STEP][PASSED] - selectOptionByValue(findTestObject("Object Repository/Apply Leave/Page_OrangeHRM/select_Half DaySpecify Time_1"), duration4, true): All options with value 'specify_time' are selected in object 'Object Repository/Apply Leave/Page_OrangeHRM/select_Half DaySpecify Time_1'  using regular expression

2021-08-19 21:59:50 - [MESSAGE][PASSED] - All options with value 'specify_time' are selected in object 'Object Repository/Apply Leave/Page_OrangeHRM/select_Half DaySpecify Time_1'  using regular expression

2021-08-19 21:59:50 - [TEST_STEP][PASSED] - if (duration4.equals("half_day")): null

2021-08-19 21:59:50 - [TEST_STEP][PASSED] - if (duration4.equals("specify_time")): All options with value '09:00' are selected in object 'Object Repository/Apply Leave/Page_OrangeHRM/applyleave_secondDuration_time_to'  using regular expression

2021-08-19 21:59:50 - [TEST_STEP][PASSED] - selectOptionByValue(findTestObject("Object Repository/Apply Leave/Page_OrangeHRM/applyleave_secondDuration_time_from"), duration5, true): All options with value '09:00' are selected in object 'Object Repository/Apply Leave/Page_OrangeHRM/applyleave_secondDuration_time_from'  using regular expression

2021-08-19 21:59:53 - [MESSAGE][PASSED] - All options with value '09:00' are selected in object 'Object Repository/Apply Leave/Page_OrangeHRM/applyleave_secondDuration_time_from'  using regular expression

2021-08-19 21:59:53 - [TEST_STEP][PASSED] - selectOptionByValue(findTestObject("Object Repository/Apply Leave/Page_OrangeHRM/applyleave_secondDuration_time_to"), duration6, true): All options with value '09:00' are selected in object 'Object Repository/Apply Leave/Page_OrangeHRM/applyleave_secondDuration_time_to'  using regular expression

2021-08-19 21:59:57 - [MESSAGE][PASSED] - All options with value '09:00' are selected in object 'Object Repository/Apply Leave/Page_OrangeHRM/applyleave_secondDuration_time_to'  using regular expression

2021-08-19 21:59:57 - [TEST_STEP][PASSED] - scrollToElement(findTestObject("Apply Leave/Page_OrangeHRM/input__applyBtn"), 0): Scroll to object 'Object Repository/Apply Leave/Page_OrangeHRM/input__applyBtn' successfully

2021-08-19 21:59:57 - [MESSAGE][WARNING] - Timeout '0' is invalid. Using default page load timeout: '30'

2021-08-19 21:59:58 - [MESSAGE][PASSED] - Scroll to object 'Object Repository/Apply Leave/Page_OrangeHRM/input__applyBtn' successfully

2021-08-19 21:59:58 - [TEST_STEP][PASSED] - takeScreenshot(): Taking screenshot successfully

2021-08-19 21:59:58 - [MESSAGE][PASSED] - Taking screenshot successfully
[[ATTACHMENT|C:\\Users\\nguye\\Katalon Studio\\OrangeHRM\\Reports\\20210819_213101\\Apply Leave\\20210819_213101\\1629385198412.png]]

2021-08-19 21:59:58 - [TEST_STEP][PASSED] - click(findTestObject("Object Repository/Apply Leave/Page_OrangeHRM/input__applyBtn")): Object: 'Object Repository/Apply Leave/Page_OrangeHRM/input__applyBtn' is clicked on

2021-08-19 21:59:59 - [MESSAGE][PASSED] - Object: 'Object Repository/Apply Leave/Page_OrangeHRM/input__applyBtn' is clicked on

2021-08-19 21:59:59 - [TEST_STEP][PASSED] - navigateToUrl("http://localhost/orangehrm/symfony/web/index.php/leave/viewMyLeaveList/reset/1"): Navigate to 'http://localhost/orangehrm/symfony/web/index.php/leave/viewMyLeaveList/reset/1' successfully

2021-08-19 22:00:00 - [MESSAGE][PASSED] - Navigate to 'http://localhost/orangehrm/symfony/web/index.php/leave/viewMyLeaveList/reset/1' successfully

2021-08-19 22:00:00 - [TEST_STEP][PASSED] - setText(findTestObject("Object Repository/Apply Leave/Page_OrangeHRM/input_From_leaveListcalFromDate"), from): Text '2021-09-02' is set on object 'Object Repository/Apply Leave/Page_OrangeHRM/input_From_leaveListcalFromDate'

2021-08-19 22:00:02 - [MESSAGE][PASSED] - Text '2021-09-02' is set on object 'Object Repository/Apply Leave/Page_OrangeHRM/input_From_leaveListcalFromDate'

2021-08-19 22:00:02 - [TEST_STEP][PASSED] - sendKeys(findTestObject("Object Repository/Apply Leave/Page_OrangeHRM/input_From_leaveListcalFromDate"), Keys.chord(ENTER)): Keys 'ENTER + ' sent to object: 'Object Repository/Apply Leave/Page_OrangeHRM/input_From_leaveListcalFromDate'

2021-08-19 22:00:03 - [MESSAGE][PASSED] - Keys 'ENTER + ' sent to object: 'Object Repository/Apply Leave/Page_OrangeHRM/input_From_leaveListcalFromDate'

2021-08-19 22:00:03 - [TEST_STEP][PASSED] - setText(findTestObject("Object Repository/Apply Leave/Page_OrangeHRM/input_To_leaveListcalToDate"), to): Text '2021-09-03' is set on object 'Object Repository/Apply Leave/Page_OrangeHRM/input_To_leaveListcalToDate'

2021-08-19 22:00:04 - [MESSAGE][PASSED] - Text '2021-09-03' is set on object 'Object Repository/Apply Leave/Page_OrangeHRM/input_To_leaveListcalToDate'

2021-08-19 22:00:04 - [TEST_STEP][PASSED] - sendKeys(findTestObject("Object Repository/Apply Leave/Page_OrangeHRM/input_To_leaveListcalToDate"), Keys.chord(ENTER)): Keys 'ENTER + ' sent to object: 'Object Repository/Apply Leave/Page_OrangeHRM/input_To_leaveListcalToDate'

2021-08-19 22:00:05 - [MESSAGE][PASSED] - Keys 'ENTER + ' sent to object: 'Object Repository/Apply Leave/Page_OrangeHRM/input_To_leaveListcalToDate'

2021-08-19 22:00:05 - [TEST_STEP][PASSED] - uncheck(findTestObject("Object Repository/Apply Leave/Page_OrangeHRM/input_All_leaveList_chkSearchFilter_checkbo_a698f3")): Object 'Object Repository/Apply Leave/Page_OrangeHRM/input_All_leaveList_chkSearchFilter_checkbo_a698f3' is un-checked

2021-08-19 22:00:05 - [MESSAGE][PASSED] - Object 'Object Repository/Apply Leave/Page_OrangeHRM/input_All_leaveList_chkSearchFilter_checkbo_a698f3' is un-checked

2021-08-19 22:00:05 - [TEST_STEP][PASSED] - check(findTestObject("Object Repository/Apply Leave/Page_OrangeHRM/input_Pending Approval_leaveListchkSearchFilter")): Object 'Object Repository/Apply Leave/Page_OrangeHRM/input_Pending Approval_leaveListchkSearchFilter' is checked

2021-08-19 22:00:06 - [MESSAGE][PASSED] - Object 'Object Repository/Apply Leave/Page_OrangeHRM/input_Pending Approval_leaveListchkSearchFilter' is checked

2021-08-19 22:00:06 - [TEST_STEP][PASSED] - click(findTestObject("Object Repository/Apply Leave/Page_OrangeHRM/input_Taken_btnSearch")): Object: 'Object Repository/Apply Leave/Page_OrangeHRM/input_Taken_btnSearch' is clicked on

2021-08-19 22:00:08 - [MESSAGE][PASSED] - Object: 'Object Repository/Apply Leave/Page_OrangeHRM/input_Taken_btnSearch' is clicked on

2021-08-19 22:00:08 - [TEST_STEP][PASSED] - scrollToElement(findTestObject("Apply Leave/Page_OrangeHRM/th_Date"), 0): Scroll to object 'Object Repository/Apply Leave/Page_OrangeHRM/th_Date' successfully

2021-08-19 22:00:08 - [MESSAGE][WARNING] - Timeout '0' is invalid. Using default page load timeout: '30'

2021-08-19 22:00:08 - [MESSAGE][PASSED] - Scroll to object 'Object Repository/Apply Leave/Page_OrangeHRM/th_Date' successfully

2021-08-19 22:00:08 - [TEST_STEP][PASSED] - takeScreenshot(): Taking screenshot successfully

2021-08-19 22:00:09 - [MESSAGE][PASSED] - Taking screenshot successfully
[[ATTACHMENT|C:\\Users\\nguye\\Katalon Studio\\OrangeHRM\\Reports\\20210819_213101\\Apply Leave\\20210819_213101\\1629385209089.png]]

2021-08-19 22:00:09 - [TEST_STEP][PASSED] - if (days.equals("")): Actual text 'No Records Found' and expected text 'No Records Found' are matched 

2021-08-19 22:00:09 - [TEST_STEP][PASSED] - verifyMatch(getText(findTestObject("Object Repository/Apply Leave/Page_OrangeHRM/td_No Records Found")), "No Records Found", false, STOP_ON_FAILURE): Actual text 'No Records Found' and expected text 'No Records Found' are matched 

2021-08-19 22:00:09 - [MESSAGE][PASSED] - Text of object 'Object Repository/Apply Leave/Page_OrangeHRM/td_No Records Found' is: 'No Records Found'

2021-08-19 22:00:09 - [MESSAGE][PASSED] - Actual text 'No Records Found' and expected text 'No Records Found' are matched]]></system-out>
         <system-err><![CDATA[]]></system-err>
      </testcase>
      <testcase name="Test Cases/Apply Leave" time="37.824" classname="Test Cases/Apply Leave" status="PASSED">
         <system-out><![CDATA[2021-08-19 22:00:12 - [TEST_CASE][PASSED] - Test Cases/Apply Leave: Test Cases/Apply Leave

2021-08-19 22:00:12 - [TEST_STEP][PASSED] - com.database.mysql.connectDB("localhost", "orangehrm_mysql", "3306", "root", null): com.database.mysql.connectDB is PASSED

2021-08-19 22:00:12 - [MESSAGE][PASSED] - com.database.mysql.connectDB is PASSED

2021-08-19 22:00:12 - [TEST_STEP][PASSED] - com.database.mysql.execute("DELETE FROM `ohrm_leave_request` WHERE `emp_number`=3 AND `date_applied`='2021-09-02' AND `leave_type_id` = 3"): com.database.mysql.execute is PASSED

2021-08-19 22:00:12 - [MESSAGE][PASSED] - com.database.mysql.execute is PASSED

2021-08-19 22:00:12 - [TEST_STEP][PASSED] - com.database.mysql.execute("DELETE FROM `ohrm_leave` WHERE `emp_number` = 3 AND `leave_type_id`=3 and (`date`='2021-09-02' or `date`='2021-09-03') "): com.database.mysql.execute is PASSED

2021-08-19 22:00:12 - [MESSAGE][PASSED] - com.database.mysql.execute is PASSED

2021-08-19 22:00:12 - [TEST_STEP][PASSED] - com.database.mysql.closeDatabaseConnection(): com.database.mysql.closeDatabaseConnection is PASSED

2021-08-19 22:00:12 - [MESSAGE][PASSED] - com.database.mysql.closeDatabaseConnection is PASSED

2021-08-19 22:00:12 - [TEST_STEP][PASSED] - navigateToUrl("http://localhost/orangehrm/symfony/web/index.php/dashboard"): Navigate to 'http://localhost/orangehrm/symfony/web/index.php/dashboard' successfully

2021-08-19 22:00:13 - [MESSAGE][PASSED] - Navigate to 'http://localhost/orangehrm/symfony/web/index.php/dashboard' successfully

2021-08-19 22:00:13 - [TEST_STEP][PASSED] - click(findTestObject("Object Repository/Apply Leave/Page_OrangeHRM/img")): Object: 'Object Repository/Apply Leave/Page_OrangeHRM/img' is clicked on

2021-08-19 22:00:15 - [MESSAGE][PASSED] - Object: 'Object Repository/Apply Leave/Page_OrangeHRM/img' is clicked on

2021-08-19 22:00:15 - [TEST_STEP][PASSED] - selectOptionByValue(findTestObject("Object Repository/Apply Leave/Page_OrangeHRM/select_--Select--MarriageMaternityPersonalS_480ad7"), "3", true): All options with value '3' are selected in object 'Object Repository/Apply Leave/Page_OrangeHRM/select_--Select--MarriageMaternityPersonalS_480ad7'  using regular expression

2021-08-19 22:00:16 - [MESSAGE][PASSED] - All options with value '3' are selected in object 'Object Repository/Apply Leave/Page_OrangeHRM/select_--Select--MarriageMaternityPersonalS_480ad7'  using regular expression

2021-08-19 22:00:16 - [TEST_STEP][PASSED] - setText(findTestObject("Object Repository/Apply Leave/Page_OrangeHRM/input__applyleavetxtFromDate"), from): Text '2021-09-02' is set on object 'Object Repository/Apply Leave/Page_OrangeHRM/input__applyleavetxtFromDate'

2021-08-19 22:00:18 - [MESSAGE][PASSED] - Text '2021-09-02' is set on object 'Object Repository/Apply Leave/Page_OrangeHRM/input__applyleavetxtFromDate'

2021-08-19 22:00:18 - [TEST_STEP][PASSED] - sendKeys(findTestObject("Object Repository/Apply Leave/Page_OrangeHRM/input__applyleavetxtFromDate"), Keys.chord(ENTER)): Keys 'ENTER + ' sent to object: 'Object Repository/Apply Leave/Page_OrangeHRM/input__applyleavetxtFromDate'

2021-08-19 22:00:19 - [MESSAGE][PASSED] - Keys 'ENTER + ' sent to object: 'Object Repository/Apply Leave/Page_OrangeHRM/input__applyleavetxtFromDate'

2021-08-19 22:00:19 - [TEST_STEP][PASSED] - setText(findTestObject("Object Repository/Apply Leave/Page_OrangeHRM/input__applyleavetxtToDate"), to): Text '2021-09-03' is set on object 'Object Repository/Apply Leave/Page_OrangeHRM/input__applyleavetxtToDate'

2021-08-19 22:00:21 - [MESSAGE][PASSED] - Text '2021-09-03' is set on object 'Object Repository/Apply Leave/Page_OrangeHRM/input__applyleavetxtToDate'

2021-08-19 22:00:21 - [TEST_STEP][PASSED] - sendKeys(findTestObject("Object Repository/Apply Leave/Page_OrangeHRM/input__applyleavetxtToDate"), Keys.chord(ENTER)): Keys 'ENTER + ' sent to object: 'Object Repository/Apply Leave/Page_OrangeHRM/input__applyleavetxtToDate'

2021-08-19 22:00:22 - [MESSAGE][PASSED] - Keys 'ENTER + ' sent to object: 'Object Repository/Apply Leave/Page_OrangeHRM/input__applyleavetxtToDate'

2021-08-19 22:00:22 - [TEST_STEP][PASSED] - if (from.equals(to)): null

2021-08-19 22:00:22 - [TEST_STEP][PASSED] - else: All options with value '18:00' are selected in object 'Object Repository/Apply Leave/Page_OrangeHRM/applyleave_secondDuration_time_to'  using regular expression

2021-08-19 22:00:22 - [TEST_STEP][PASSED] - selectOptionByValue(findTestObject("Object Repository/Apply Leave/Page_OrangeHRM/select_NoneAll DaysStart Day OnlyEnd Day On_3e5258"), partialDays, true): All options with value 'start_end' are selected in object 'Object Repository/Apply Leave/Page_OrangeHRM/select_NoneAll DaysStart Day OnlyEnd Day On_3e5258'  using regular expression

2021-08-19 22:00:24 - [MESSAGE][PASSED] - All options with value 'start_end' are selected in object 'Object Repository/Apply Leave/Page_OrangeHRM/select_NoneAll DaysStart Day OnlyEnd Day On_3e5258'  using regular expression

2021-08-19 22:00:24 - [TEST_STEP][PASSED] - if (partialDays.equals("all") || partialDays.equals("start")): null

2021-08-19 22:00:24 - [TEST_STEP][PASSED] - if (partialDays.equals("end")): null

2021-08-19 22:00:24 - [TEST_STEP][PASSED] - if (partialDays.equals("start_end")): All options with value '18:00' are selected in object 'Object Repository/Apply Leave/Page_OrangeHRM/applyleave_secondDuration_time_to'  using regular expression

2021-08-19 22:00:24 - [TEST_STEP][PASSED] - selectOptionByValue(findTestObject("Object Repository/Apply Leave/Page_OrangeHRM/applyleave_firstDuration_duration"), duration1, true): All options with value 'half_day' are selected in object 'Object Repository/Apply Leave/Page_OrangeHRM/applyleave_firstDuration_duration'  using regular expression

2021-08-19 22:00:25 - [MESSAGE][PASSED] - All options with value 'half_day' are selected in object 'Object Repository/Apply Leave/Page_OrangeHRM/applyleave_firstDuration_duration'  using regular expression

2021-08-19 22:00:25 - [TEST_STEP][PASSED] - if (duration1.equals("half_day")): All options with value 'AM' are selected in object 'Object Repository/Apply Leave/Page_OrangeHRM/applyleave_firstDuration_ampm'  using regular expression

2021-08-19 22:00:25 - [TEST_STEP][PASSED] - selectOptionByValue(findTestObject("Object Repository/Apply Leave/Page_OrangeHRM/applyleave_firstDuration_ampm"), duration2, true): All options with value 'AM' are selected in object 'Object Repository/Apply Leave/Page_OrangeHRM/applyleave_firstDuration_ampm'  using regular expression

2021-08-19 22:00:26 - [MESSAGE][PASSED] - All options with value 'AM' are selected in object 'Object Repository/Apply Leave/Page_OrangeHRM/applyleave_firstDuration_ampm'  using regular expression

2021-08-19 22:00:26 - [TEST_STEP][PASSED] - if (duration1.equals("specify_time")): null

2021-08-19 22:00:26 - [TEST_STEP][PASSED] - selectOptionByValue(findTestObject("Object Repository/Apply Leave/Page_OrangeHRM/select_Half DaySpecify Time_1"), duration4, true): All options with value 'specify_time' are selected in object 'Object Repository/Apply Leave/Page_OrangeHRM/select_Half DaySpecify Time_1'  using regular expression

2021-08-19 22:00:27 - [MESSAGE][PASSED] - All options with value 'specify_time' are selected in object 'Object Repository/Apply Leave/Page_OrangeHRM/select_Half DaySpecify Time_1'  using regular expression

2021-08-19 22:00:27 - [TEST_STEP][PASSED] - if (duration4.equals("half_day")): null

2021-08-19 22:00:27 - [TEST_STEP][PASSED] - if (duration4.equals("specify_time")): All options with value '18:00' are selected in object 'Object Repository/Apply Leave/Page_OrangeHRM/applyleave_secondDuration_time_to'  using regular expression

2021-08-19 22:00:27 - [TEST_STEP][PASSED] - selectOptionByValue(findTestObject("Object Repository/Apply Leave/Page_OrangeHRM/applyleave_secondDuration_time_from"), duration5, true): All options with value '09:00' are selected in object 'Object Repository/Apply Leave/Page_OrangeHRM/applyleave_secondDuration_time_from'  using regular expression

2021-08-19 22:00:31 - [MESSAGE][PASSED] - All options with value '09:00' are selected in object 'Object Repository/Apply Leave/Page_OrangeHRM/applyleave_secondDuration_time_from'  using regular expression

2021-08-19 22:00:31 - [TEST_STEP][PASSED] - selectOptionByValue(findTestObject("Object Repository/Apply Leave/Page_OrangeHRM/applyleave_secondDuration_time_to"), duration6, true): All options with value '18:00' are selected in object 'Object Repository/Apply Leave/Page_OrangeHRM/applyleave_secondDuration_time_to'  using regular expression

2021-08-19 22:00:35 - [MESSAGE][PASSED] - All options with value '18:00' are selected in object 'Object Repository/Apply Leave/Page_OrangeHRM/applyleave_secondDuration_time_to'  using regular expression

2021-08-19 22:00:35 - [TEST_STEP][PASSED] - scrollToElement(findTestObject("Apply Leave/Page_OrangeHRM/input__applyBtn"), 0): Scroll to object 'Object Repository/Apply Leave/Page_OrangeHRM/input__applyBtn' successfully

2021-08-19 22:00:35 - [MESSAGE][WARNING] - Timeout '0' is invalid. Using default page load timeout: '30'

2021-08-19 22:00:36 - [MESSAGE][PASSED] - Scroll to object 'Object Repository/Apply Leave/Page_OrangeHRM/input__applyBtn' successfully

2021-08-19 22:00:36 - [TEST_STEP][PASSED] - takeScreenshot(): Taking screenshot successfully

2021-08-19 22:00:36 - [MESSAGE][PASSED] - Taking screenshot successfully
[[ATTACHMENT|C:\\Users\\nguye\\Katalon Studio\\OrangeHRM\\Reports\\20210819_213101\\Apply Leave\\20210819_213101\\1629385236491.png]]

2021-08-19 22:00:36 - [TEST_STEP][PASSED] - click(findTestObject("Object Repository/Apply Leave/Page_OrangeHRM/input__applyBtn")): Object: 'Object Repository/Apply Leave/Page_OrangeHRM/input__applyBtn' is clicked on

2021-08-19 22:00:37 - [MESSAGE][PASSED] - Object: 'Object Repository/Apply Leave/Page_OrangeHRM/input__applyBtn' is clicked on

2021-08-19 22:00:37 - [TEST_STEP][PASSED] - navigateToUrl("http://localhost/orangehrm/symfony/web/index.php/leave/viewMyLeaveList/reset/1"): Navigate to 'http://localhost/orangehrm/symfony/web/index.php/leave/viewMyLeaveList/reset/1' successfully

2021-08-19 22:00:38 - [MESSAGE][PASSED] - Navigate to 'http://localhost/orangehrm/symfony/web/index.php/leave/viewMyLeaveList/reset/1' successfully

2021-08-19 22:00:38 - [TEST_STEP][PASSED] - setText(findTestObject("Object Repository/Apply Leave/Page_OrangeHRM/input_From_leaveListcalFromDate"), from): Text '2021-09-02' is set on object 'Object Repository/Apply Leave/Page_OrangeHRM/input_From_leaveListcalFromDate'

2021-08-19 22:00:40 - [MESSAGE][PASSED] - Text '2021-09-02' is set on object 'Object Repository/Apply Leave/Page_OrangeHRM/input_From_leaveListcalFromDate'

2021-08-19 22:00:40 - [TEST_STEP][PASSED] - sendKeys(findTestObject("Object Repository/Apply Leave/Page_OrangeHRM/input_From_leaveListcalFromDate"), Keys.chord(ENTER)): Keys 'ENTER + ' sent to object: 'Object Repository/Apply Leave/Page_OrangeHRM/input_From_leaveListcalFromDate'

2021-08-19 22:00:41 - [MESSAGE][PASSED] - Keys 'ENTER + ' sent to object: 'Object Repository/Apply Leave/Page_OrangeHRM/input_From_leaveListcalFromDate'

2021-08-19 22:00:41 - [TEST_STEP][PASSED] - setText(findTestObject("Object Repository/Apply Leave/Page_OrangeHRM/input_To_leaveListcalToDate"), to): Text '2021-09-03' is set on object 'Object Repository/Apply Leave/Page_OrangeHRM/input_To_leaveListcalToDate'

2021-08-19 22:00:42 - [MESSAGE][PASSED] - Text '2021-09-03' is set on object 'Object Repository/Apply Leave/Page_OrangeHRM/input_To_leaveListcalToDate'

2021-08-19 22:00:42 - [TEST_STEP][PASSED] - sendKeys(findTestObject("Object Repository/Apply Leave/Page_OrangeHRM/input_To_leaveListcalToDate"), Keys.chord(ENTER)): Keys 'ENTER + ' sent to object: 'Object Repository/Apply Leave/Page_OrangeHRM/input_To_leaveListcalToDate'

2021-08-19 22:00:43 - [MESSAGE][PASSED] - Keys 'ENTER + ' sent to object: 'Object Repository/Apply Leave/Page_OrangeHRM/input_To_leaveListcalToDate'

2021-08-19 22:00:43 - [TEST_STEP][PASSED] - uncheck(findTestObject("Object Repository/Apply Leave/Page_OrangeHRM/input_All_leaveList_chkSearchFilter_checkbo_a698f3")): Object 'Object Repository/Apply Leave/Page_OrangeHRM/input_All_leaveList_chkSearchFilter_checkbo_a698f3' is un-checked

2021-08-19 22:00:43 - [MESSAGE][PASSED] - Object 'Object Repository/Apply Leave/Page_OrangeHRM/input_All_leaveList_chkSearchFilter_checkbo_a698f3' is un-checked

2021-08-19 22:00:43 - [TEST_STEP][PASSED] - check(findTestObject("Object Repository/Apply Leave/Page_OrangeHRM/input_Pending Approval_leaveListchkSearchFilter")): Object 'Object Repository/Apply Leave/Page_OrangeHRM/input_Pending Approval_leaveListchkSearchFilter' is checked

2021-08-19 22:00:44 - [MESSAGE][PASSED] - Object 'Object Repository/Apply Leave/Page_OrangeHRM/input_Pending Approval_leaveListchkSearchFilter' is checked

2021-08-19 22:00:44 - [TEST_STEP][PASSED] - click(findTestObject("Object Repository/Apply Leave/Page_OrangeHRM/input_Taken_btnSearch")): Object: 'Object Repository/Apply Leave/Page_OrangeHRM/input_Taken_btnSearch' is clicked on

2021-08-19 22:00:45 - [MESSAGE][PASSED] - Object: 'Object Repository/Apply Leave/Page_OrangeHRM/input_Taken_btnSearch' is clicked on

2021-08-19 22:00:45 - [TEST_STEP][PASSED] - scrollToElement(findTestObject("Apply Leave/Page_OrangeHRM/th_Date"), 0): Scroll to object 'Object Repository/Apply Leave/Page_OrangeHRM/th_Date' successfully

2021-08-19 22:00:46 - [MESSAGE][WARNING] - Timeout '0' is invalid. Using default page load timeout: '30'

2021-08-19 22:00:47 - [MESSAGE][PASSED] - Scroll to object 'Object Repository/Apply Leave/Page_OrangeHRM/th_Date' successfully

2021-08-19 22:00:47 - [TEST_STEP][PASSED] - takeScreenshot(): Taking screenshot successfully

2021-08-19 22:00:47 - [MESSAGE][PASSED] - Taking screenshot successfully
[[ATTACHMENT|C:\\Users\\nguye\\Katalon Studio\\OrangeHRM\\Reports\\20210819_213101\\Apply Leave\\20210819_213101\\1629385247348.png]]

2021-08-19 22:00:47 - [TEST_STEP][PASSED] - if (days.equals("")): Actual text 'No Records Found' and expected text 'No Records Found' are matched 

2021-08-19 22:00:47 - [TEST_STEP][PASSED] - verifyMatch(getText(findTestObject("Object Repository/Apply Leave/Page_OrangeHRM/td_No Records Found")), "No Records Found", false, STOP_ON_FAILURE): Actual text 'No Records Found' and expected text 'No Records Found' are matched 

2021-08-19 22:00:48 - [MESSAGE][PASSED] - Text of object 'Object Repository/Apply Leave/Page_OrangeHRM/td_No Records Found' is: 'No Records Found'

2021-08-19 22:00:48 - [MESSAGE][PASSED] - Actual text 'No Records Found' and expected text 'No Records Found' are matched]]></system-out>
         <system-err><![CDATA[]]></system-err>
      </testcase>
      <testcase name="Test Cases/Apply Leave" time="38.55" classname="Test Cases/Apply Leave" status="FAILED">
         <failure type="FAILED" message="Test Cases/Apply Leave FAILED.
Reason:
com.kms.katalon.core.exception.StepFailedException: Actual text '2021-09-02 to 2021-09-03' and expected text 'No Records Found' are not matched
	at com.kms.katalon.core.keyword.builtin.VerifyMatchKeyword$_verifyMatch_closure1.doCall(VerifyMatchKeyword.groovy:57)
	at com.kms.katalon.core.keyword.builtin.VerifyMatchKeyword$_verifyMatch_closure1.call(VerifyMatchKeyword.groovy)
	at com.kms.katalon.core.keyword.internal.KeywordMain.runKeyword(KeywordMain.groovy:74)
	at com.kms.katalon.core.keyword.builtin.VerifyMatchKeyword.verifyMatch(VerifyMatchKeyword.groovy:60)
	at com.kms.katalon.core.keyword.builtin.VerifyMatchKeyword.execute(VerifyMatchKeyword.groovy:45)
	at com.kms.katalon.core.keyword.internal.KeywordExecutor.executeKeywordForPlatform(KeywordExecutor.groovy:74)
	at com.kms.katalon.core.keyword.BuiltinKeywords.verifyMatch(BuiltinKeywords.groovy:55)
	at Apply Leave.run(Apply Leave:180)
	at com.kms.katalon.core.main.ScriptEngine.run(ScriptEngine.java:194)
	at com.kms.katalon.core.main.ScriptEngine.runScriptAsRawText(ScriptEngine.java:119)
	at com.kms.katalon.core.main.TestCaseExecutor.runScript(TestCaseExecutor.java:430)
	at com.kms.katalon.core.main.TestCaseExecutor.doExecute(TestCaseExecutor.java:421)
	at com.kms.katalon.core.main.TestCaseExecutor.processExecutionPhase(TestCaseExecutor.java:400)
	at com.kms.katalon.core.main.TestCaseExecutor.accessMainPhase(TestCaseExecutor.java:392)
	at com.kms.katalon.core.main.TestCaseExecutor.execute(TestCaseExecutor.java:273)
	at com.kms.katalon.core.main.TestSuiteExecutor.accessTestCaseMainPhase(TestSuiteExecutor.java:202)
	at com.kms.katalon.core.main.TestSuiteExecutor.accessTestSuiteMainPhase(TestSuiteExecutor.java:164)
	at com.kms.katalon.core.main.TestSuiteExecutor.execute(TestSuiteExecutor.java:105)
	at com.kms.katalon.core.main.TestCaseMain.startTestSuite(TestCaseMain.java:185)
	at com.kms.katalon.core.main.TestCaseMain$startTestSuite$0.call(Unknown Source)
	at TempTestSuite1629383461522.run(TempTestSuite1629383461522.groovy:36)
"/>
         <system-out><![CDATA[2021-08-19 22:00:50 - [TEST_CASE][FAILED] - Test Cases/Apply Leave: Test Cases/Apply Leave FAILED.
Reason:
com.kms.katalon.core.exception.StepFailedException: Actual text '2021-09-02 to 2021-09-03' and expected text 'No Records Found' are not matched
	at com.kms.katalon.core.keyword.builtin.VerifyMatchKeyword$_verifyMatch_closure1.doCall(VerifyMatchKeyword.groovy:57)
	at com.kms.katalon.core.keyword.builtin.VerifyMatchKeyword$_verifyMatch_closure1.call(VerifyMatchKeyword.groovy)
	at com.kms.katalon.core.keyword.internal.KeywordMain.runKeyword(KeywordMain.groovy:74)
	at com.kms.katalon.core.keyword.builtin.VerifyMatchKeyword.verifyMatch(VerifyMatchKeyword.groovy:60)
	at com.kms.katalon.core.keyword.builtin.VerifyMatchKeyword.execute(VerifyMatchKeyword.groovy:45)
	at com.kms.katalon.core.keyword.internal.KeywordExecutor.executeKeywordForPlatform(KeywordExecutor.groovy:74)
	at com.kms.katalon.core.keyword.BuiltinKeywords.verifyMatch(BuiltinKeywords.groovy:55)
	at Apply Leave.run(Apply Leave:180)
	at com.kms.katalon.core.main.ScriptEngine.run(ScriptEngine.java:194)
	at com.kms.katalon.core.main.ScriptEngine.runScriptAsRawText(ScriptEngine.java:119)
	at com.kms.katalon.core.main.TestCaseExecutor.runScript(TestCaseExecutor.java:430)
	at com.kms.katalon.core.main.TestCaseExecutor.doExecute(TestCaseExecutor.java:421)
	at com.kms.katalon.core.main.TestCaseExecutor.processExecutionPhase(TestCaseExecutor.java:400)
	at com.kms.katalon.core.main.TestCaseExecutor.accessMainPhase(TestCaseExecutor.java:392)
	at com.kms.katalon.core.main.TestCaseExecutor.execute(TestCaseExecutor.java:273)
	at com.kms.katalon.core.main.TestSuiteExecutor.accessTestCaseMainPhase(TestSuiteExecutor.java:202)
	at com.kms.katalon.core.main.TestSuiteExecutor.accessTestSuiteMainPhase(TestSuiteExecutor.java:164)
	at com.kms.katalon.core.main.TestSuiteExecutor.execute(TestSuiteExecutor.java:105)
	at com.kms.katalon.core.main.TestCaseMain.startTestSuite(TestCaseMain.java:185)
	at com.kms.katalon.core.main.TestCaseMain$startTestSuite$0.call(Unknown Source)
	at TempTestSuite1629383461522.run(TempTestSuite1629383461522.groovy:36)


2021-08-19 22:00:50 - [TEST_STEP][PASSED] - com.database.mysql.connectDB("localhost", "orangehrm_mysql", "3306", "root", null): com.database.mysql.connectDB is PASSED

2021-08-19 22:00:50 - [MESSAGE][PASSED] - com.database.mysql.connectDB is PASSED

2021-08-19 22:00:50 - [TEST_STEP][PASSED] - com.database.mysql.execute("DELETE FROM `ohrm_leave_request` WHERE `emp_number`=3 AND `date_applied`='2021-09-02' AND `leave_type_id` = 3"): com.database.mysql.execute is PASSED

2021-08-19 22:00:50 - [MESSAGE][PASSED] - com.database.mysql.execute is PASSED

2021-08-19 22:00:50 - [TEST_STEP][PASSED] - com.database.mysql.execute("DELETE FROM `ohrm_leave` WHERE `emp_number` = 3 AND `leave_type_id`=3 and (`date`='2021-09-02' or `date`='2021-09-03') "): com.database.mysql.execute is PASSED

2021-08-19 22:00:50 - [MESSAGE][PASSED] - com.database.mysql.execute is PASSED

2021-08-19 22:00:50 - [TEST_STEP][PASSED] - com.database.mysql.closeDatabaseConnection(): com.database.mysql.closeDatabaseConnection is PASSED

2021-08-19 22:00:50 - [MESSAGE][PASSED] - com.database.mysql.closeDatabaseConnection is PASSED

2021-08-19 22:00:50 - [TEST_STEP][PASSED] - navigateToUrl("http://localhost/orangehrm/symfony/web/index.php/dashboard"): Navigate to 'http://localhost/orangehrm/symfony/web/index.php/dashboard' successfully

2021-08-19 22:00:51 - [MESSAGE][PASSED] - Navigate to 'http://localhost/orangehrm/symfony/web/index.php/dashboard' successfully

2021-08-19 22:00:51 - [TEST_STEP][PASSED] - click(findTestObject("Object Repository/Apply Leave/Page_OrangeHRM/img")): Object: 'Object Repository/Apply Leave/Page_OrangeHRM/img' is clicked on

2021-08-19 22:00:53 - [MESSAGE][PASSED] - Object: 'Object Repository/Apply Leave/Page_OrangeHRM/img' is clicked on

2021-08-19 22:00:53 - [TEST_STEP][PASSED] - selectOptionByValue(findTestObject("Object Repository/Apply Leave/Page_OrangeHRM/select_--Select--MarriageMaternityPersonalS_480ad7"), "3", true): All options with value '3' are selected in object 'Object Repository/Apply Leave/Page_OrangeHRM/select_--Select--MarriageMaternityPersonalS_480ad7'  using regular expression

2021-08-19 22:00:54 - [MESSAGE][PASSED] - All options with value '3' are selected in object 'Object Repository/Apply Leave/Page_OrangeHRM/select_--Select--MarriageMaternityPersonalS_480ad7'  using regular expression

2021-08-19 22:00:54 - [TEST_STEP][PASSED] - setText(findTestObject("Object Repository/Apply Leave/Page_OrangeHRM/input__applyleavetxtFromDate"), from): Text '2021-09-02' is set on object 'Object Repository/Apply Leave/Page_OrangeHRM/input__applyleavetxtFromDate'

2021-08-19 22:00:56 - [MESSAGE][PASSED] - Text '2021-09-02' is set on object 'Object Repository/Apply Leave/Page_OrangeHRM/input__applyleavetxtFromDate'

2021-08-19 22:00:56 - [TEST_STEP][PASSED] - sendKeys(findTestObject("Object Repository/Apply Leave/Page_OrangeHRM/input__applyleavetxtFromDate"), Keys.chord(ENTER)): Keys 'ENTER + ' sent to object: 'Object Repository/Apply Leave/Page_OrangeHRM/input__applyleavetxtFromDate'

2021-08-19 22:00:57 - [MESSAGE][PASSED] - Keys 'ENTER + ' sent to object: 'Object Repository/Apply Leave/Page_OrangeHRM/input__applyleavetxtFromDate'

2021-08-19 22:00:57 - [TEST_STEP][PASSED] - setText(findTestObject("Object Repository/Apply Leave/Page_OrangeHRM/input__applyleavetxtToDate"), to): Text '2021-09-03' is set on object 'Object Repository/Apply Leave/Page_OrangeHRM/input__applyleavetxtToDate'

2021-08-19 22:00:59 - [MESSAGE][PASSED] - Text '2021-09-03' is set on object 'Object Repository/Apply Leave/Page_OrangeHRM/input__applyleavetxtToDate'

2021-08-19 22:00:59 - [TEST_STEP][PASSED] - sendKeys(findTestObject("Object Repository/Apply Leave/Page_OrangeHRM/input__applyleavetxtToDate"), Keys.chord(ENTER)): Keys 'ENTER + ' sent to object: 'Object Repository/Apply Leave/Page_OrangeHRM/input__applyleavetxtToDate'

2021-08-19 22:01:00 - [MESSAGE][PASSED] - Keys 'ENTER + ' sent to object: 'Object Repository/Apply Leave/Page_OrangeHRM/input__applyleavetxtToDate'

2021-08-19 22:01:00 - [TEST_STEP][PASSED] - if (from.equals(to)): null

2021-08-19 22:01:00 - [TEST_STEP][PASSED] - else: All options with value '05:00' are selected in object 'Object Repository/Apply Leave/Page_OrangeHRM/applyleave_secondDuration_time_to'  using regular expression

2021-08-19 22:01:00 - [TEST_STEP][PASSED] - selectOptionByValue(findTestObject("Object Repository/Apply Leave/Page_OrangeHRM/select_NoneAll DaysStart Day OnlyEnd Day On_3e5258"), partialDays, true): All options with value 'start_end' are selected in object 'Object Repository/Apply Leave/Page_OrangeHRM/select_NoneAll DaysStart Day OnlyEnd Day On_3e5258'  using regular expression

2021-08-19 22:01:02 - [MESSAGE][PASSED] - All options with value 'start_end' are selected in object 'Object Repository/Apply Leave/Page_OrangeHRM/select_NoneAll DaysStart Day OnlyEnd Day On_3e5258'  using regular expression

2021-08-19 22:01:02 - [TEST_STEP][PASSED] - if (partialDays.equals("all") || partialDays.equals("start")): null

2021-08-19 22:01:02 - [TEST_STEP][PASSED] - if (partialDays.equals("end")): null

2021-08-19 22:01:02 - [TEST_STEP][PASSED] - if (partialDays.equals("start_end")): All options with value '05:00' are selected in object 'Object Repository/Apply Leave/Page_OrangeHRM/applyleave_secondDuration_time_to'  using regular expression

2021-08-19 22:01:02 - [TEST_STEP][PASSED] - selectOptionByValue(findTestObject("Object Repository/Apply Leave/Page_OrangeHRM/applyleave_firstDuration_duration"), duration1, true): All options with value 'half_day' are selected in object 'Object Repository/Apply Leave/Page_OrangeHRM/applyleave_firstDuration_duration'  using regular expression

2021-08-19 22:01:03 - [MESSAGE][PASSED] - All options with value 'half_day' are selected in object 'Object Repository/Apply Leave/Page_OrangeHRM/applyleave_firstDuration_duration'  using regular expression

2021-08-19 22:01:03 - [TEST_STEP][PASSED] - if (duration1.equals("half_day")): All options with value 'AM' are selected in object 'Object Repository/Apply Leave/Page_OrangeHRM/applyleave_firstDuration_ampm'  using regular expression

2021-08-19 22:01:03 - [TEST_STEP][PASSED] - selectOptionByValue(findTestObject("Object Repository/Apply Leave/Page_OrangeHRM/applyleave_firstDuration_ampm"), duration2, true): All options with value 'AM' are selected in object 'Object Repository/Apply Leave/Page_OrangeHRM/applyleave_firstDuration_ampm'  using regular expression

2021-08-19 22:01:04 - [MESSAGE][PASSED] - All options with value 'AM' are selected in object 'Object Repository/Apply Leave/Page_OrangeHRM/applyleave_firstDuration_ampm'  using regular expression

2021-08-19 22:01:04 - [TEST_STEP][PASSED] - if (duration1.equals("specify_time")): null

2021-08-19 22:01:04 - [TEST_STEP][PASSED] - selectOptionByValue(findTestObject("Object Repository/Apply Leave/Page_OrangeHRM/select_Half DaySpecify Time_1"), duration4, true): All options with value 'specify_time' are selected in object 'Object Repository/Apply Leave/Page_OrangeHRM/select_Half DaySpecify Time_1'  using regular expression

2021-08-19 22:01:05 - [MESSAGE][PASSED] - All options with value 'specify_time' are selected in object 'Object Repository/Apply Leave/Page_OrangeHRM/select_Half DaySpecify Time_1'  using regular expression

2021-08-19 22:01:05 - [TEST_STEP][PASSED] - if (duration4.equals("half_day")): null

2021-08-19 22:01:05 - [TEST_STEP][PASSED] - if (duration4.equals("specify_time")): All options with value '05:00' are selected in object 'Object Repository/Apply Leave/Page_OrangeHRM/applyleave_secondDuration_time_to'  using regular expression

2021-08-19 22:01:05 - [TEST_STEP][PASSED] - selectOptionByValue(findTestObject("Object Repository/Apply Leave/Page_OrangeHRM/applyleave_secondDuration_time_from"), duration5, true): All options with value '03:00' are selected in object 'Object Repository/Apply Leave/Page_OrangeHRM/applyleave_secondDuration_time_from'  using regular expression

2021-08-19 22:01:08 - [MESSAGE][PASSED] - All options with value '03:00' are selected in object 'Object Repository/Apply Leave/Page_OrangeHRM/applyleave_secondDuration_time_from'  using regular expression

2021-08-19 22:01:08 - [TEST_STEP][PASSED] - selectOptionByValue(findTestObject("Object Repository/Apply Leave/Page_OrangeHRM/applyleave_secondDuration_time_to"), duration6, true): All options with value '05:00' are selected in object 'Object Repository/Apply Leave/Page_OrangeHRM/applyleave_secondDuration_time_to'  using regular expression

2021-08-19 22:01:12 - [MESSAGE][PASSED] - All options with value '05:00' are selected in object 'Object Repository/Apply Leave/Page_OrangeHRM/applyleave_secondDuration_time_to'  using regular expression

2021-08-19 22:01:12 - [TEST_STEP][PASSED] - scrollToElement(findTestObject("Apply Leave/Page_OrangeHRM/input__applyBtn"), 0): Scroll to object 'Object Repository/Apply Leave/Page_OrangeHRM/input__applyBtn' successfully

2021-08-19 22:01:12 - [MESSAGE][WARNING] - Timeout '0' is invalid. Using default page load timeout: '30'

2021-08-19 22:01:12 - [MESSAGE][PASSED] - Scroll to object 'Object Repository/Apply Leave/Page_OrangeHRM/input__applyBtn' successfully

2021-08-19 22:01:12 - [TEST_STEP][PASSED] - takeScreenshot(): Taking screenshot successfully

2021-08-19 22:01:13 - [MESSAGE][PASSED] - Taking screenshot successfully
[[ATTACHMENT|C:\\Users\\nguye\\Katalon Studio\\OrangeHRM\\Reports\\20210819_213101\\Apply Leave\\20210819_213101\\1629385273035.png]]

2021-08-19 22:01:13 - [TEST_STEP][PASSED] - click(findTestObject("Object Repository/Apply Leave/Page_OrangeHRM/input__applyBtn")): Object: 'Object Repository/Apply Leave/Page_OrangeHRM/input__applyBtn' is clicked on

2021-08-19 22:01:15 - [MESSAGE][PASSED] - Object: 'Object Repository/Apply Leave/Page_OrangeHRM/input__applyBtn' is clicked on

2021-08-19 22:01:15 - [TEST_STEP][PASSED] - navigateToUrl("http://localhost/orangehrm/symfony/web/index.php/leave/viewMyLeaveList/reset/1"): Navigate to 'http://localhost/orangehrm/symfony/web/index.php/leave/viewMyLeaveList/reset/1' successfully

2021-08-19 22:01:17 - [MESSAGE][PASSED] - Navigate to 'http://localhost/orangehrm/symfony/web/index.php/leave/viewMyLeaveList/reset/1' successfully

2021-08-19 22:01:17 - [TEST_STEP][PASSED] - setText(findTestObject("Object Repository/Apply Leave/Page_OrangeHRM/input_From_leaveListcalFromDate"), from): Text '2021-09-02' is set on object 'Object Repository/Apply Leave/Page_OrangeHRM/input_From_leaveListcalFromDate'

2021-08-19 22:01:19 - [MESSAGE][PASSED] - Text '2021-09-02' is set on object 'Object Repository/Apply Leave/Page_OrangeHRM/input_From_leaveListcalFromDate'

2021-08-19 22:01:19 - [TEST_STEP][PASSED] - sendKeys(findTestObject("Object Repository/Apply Leave/Page_OrangeHRM/input_From_leaveListcalFromDate"), Keys.chord(ENTER)): Keys 'ENTER + ' sent to object: 'Object Repository/Apply Leave/Page_OrangeHRM/input_From_leaveListcalFromDate'

2021-08-19 22:01:19 - [MESSAGE][PASSED] - Keys 'ENTER + ' sent to object: 'Object Repository/Apply Leave/Page_OrangeHRM/input_From_leaveListcalFromDate'

2021-08-19 22:01:19 - [TEST_STEP][PASSED] - setText(findTestObject("Object Repository/Apply Leave/Page_OrangeHRM/input_To_leaveListcalToDate"), to): Text '2021-09-03' is set on object 'Object Repository/Apply Leave/Page_OrangeHRM/input_To_leaveListcalToDate'

2021-08-19 22:01:21 - [MESSAGE][PASSED] - Text '2021-09-03' is set on object 'Object Repository/Apply Leave/Page_OrangeHRM/input_To_leaveListcalToDate'

2021-08-19 22:01:21 - [TEST_STEP][PASSED] - sendKeys(findTestObject("Object Repository/Apply Leave/Page_OrangeHRM/input_To_leaveListcalToDate"), Keys.chord(ENTER)): Keys 'ENTER + ' sent to object: 'Object Repository/Apply Leave/Page_OrangeHRM/input_To_leaveListcalToDate'

2021-08-19 22:01:21 - [MESSAGE][PASSED] - Keys 'ENTER + ' sent to object: 'Object Repository/Apply Leave/Page_OrangeHRM/input_To_leaveListcalToDate'

2021-08-19 22:01:21 - [TEST_STEP][PASSED] - uncheck(findTestObject("Object Repository/Apply Leave/Page_OrangeHRM/input_All_leaveList_chkSearchFilter_checkbo_a698f3")): Object 'Object Repository/Apply Leave/Page_OrangeHRM/input_All_leaveList_chkSearchFilter_checkbo_a698f3' is un-checked

2021-08-19 22:01:22 - [MESSAGE][PASSED] - Object 'Object Repository/Apply Leave/Page_OrangeHRM/input_All_leaveList_chkSearchFilter_checkbo_a698f3' is un-checked

2021-08-19 22:01:22 - [TEST_STEP][PASSED] - check(findTestObject("Object Repository/Apply Leave/Page_OrangeHRM/input_Pending Approval_leaveListchkSearchFilter")): Object 'Object Repository/Apply Leave/Page_OrangeHRM/input_Pending Approval_leaveListchkSearchFilter' is checked

2021-08-19 22:01:22 - [MESSAGE][PASSED] - Object 'Object Repository/Apply Leave/Page_OrangeHRM/input_Pending Approval_leaveListchkSearchFilter' is checked

2021-08-19 22:01:22 - [TEST_STEP][PASSED] - click(findTestObject("Object Repository/Apply Leave/Page_OrangeHRM/input_Taken_btnSearch")): Object: 'Object Repository/Apply Leave/Page_OrangeHRM/input_Taken_btnSearch' is clicked on

2021-08-19 22:01:24 - [MESSAGE][PASSED] - Object: 'Object Repository/Apply Leave/Page_OrangeHRM/input_Taken_btnSearch' is clicked on

2021-08-19 22:01:24 - [TEST_STEP][PASSED] - scrollToElement(findTestObject("Apply Leave/Page_OrangeHRM/th_Date"), 0): Scroll to object 'Object Repository/Apply Leave/Page_OrangeHRM/th_Date' successfully

2021-08-19 22:01:24 - [MESSAGE][WARNING] - Timeout '0' is invalid. Using default page load timeout: '30'

2021-08-19 22:01:25 - [MESSAGE][PASSED] - Scroll to object 'Object Repository/Apply Leave/Page_OrangeHRM/th_Date' successfully

2021-08-19 22:01:25 - [TEST_STEP][PASSED] - takeScreenshot(): Taking screenshot successfully

2021-08-19 22:01:26 - [MESSAGE][PASSED] - Taking screenshot successfully
[[ATTACHMENT|C:\\Users\\nguye\\Katalon Studio\\OrangeHRM\\Reports\\20210819_213101\\Apply Leave\\20210819_213101\\1629385286142.png]]

2021-08-19 22:01:26 - [TEST_STEP][FAILED] - if (days.equals("")): Unable to verify match between actual text '2021-09-02 to 2021-09-03' and expected text 'No Records Found' (Root cause: com.kms.katalon.core.exception.StepFailedException: Actual text '2021-09-02 to 2021-09-03' and expected text 'No Records Found' are not matched
	at com.kms.katalon.core.keyword.builtin.VerifyMatchKeyword$_verifyMatch_closure1.doCall(VerifyMatchKeyword.groovy:57)
	at com.kms.katalon.core.keyword.builtin.VerifyMatchKeyword$_verifyMatch_closure1.call(VerifyMatchKeyword.groovy)
	at com.kms.katalon.core.keyword.internal.KeywordMain.runKeyword(KeywordMain.groovy:74)
	at com.kms.katalon.core.keyword.builtin.VerifyMatchKeyword.verifyMatch(VerifyMatchKeyword.groovy:60)
	at com.kms.katalon.core.keyword.builtin.VerifyMatchKeyword.execute(VerifyMatchKeyword.groovy:45)
	at com.kms.katalon.core.keyword.internal.KeywordExecutor.executeKeywordForPlatform(KeywordExecutor.groovy:74)
	at com.kms.katalon.core.keyword.BuiltinKeywords.verifyMatch(BuiltinKeywords.groovy:55)
	at Apply Leave.run(Apply Leave:180)
	at com.kms.katalon.core.main.ScriptEngine.run(ScriptEngine.java:194)
	at com.kms.katalon.core.main.ScriptEngine.runScriptAsRawText(ScriptEngine.java:119)
	at com.kms.katalon.core.main.TestCaseExecutor.runScript(TestCaseExecutor.java:430)
	at com.kms.katalon.core.main.TestCaseExecutor.doExecute(TestCaseExecutor.java:421)
	at com.kms.katalon.core.main.TestCaseExecutor.processExecutionPhase(TestCaseExecutor.java:400)
	at com.kms.katalon.core.main.TestCaseExecutor.accessMainPhase(TestCaseExecutor.java:392)
	at com.kms.katalon.core.main.TestCaseExecutor.execute(TestCaseExecutor.java:273)
	at com.kms.katalon.core.main.TestSuiteExecutor.accessTestCaseMainPhase(TestSuiteExecutor.java:202)
	at com.kms.katalon.core.main.TestSuiteExecutor.accessTestSuiteMainPhase(TestSuiteExecutor.java:164)
	at com.kms.katalon.core.main.TestSuiteExecutor.execute(TestSuiteExecutor.java:105)
	at com.kms.katalon.core.main.TestCaseMain.startTestSuite(TestCaseMain.java:185)
	at com.kms.katalon.core.main.TestCaseMain$startTestSuite$0.call(Unknown Source)
	at TempTestSuite1629383461522.run(TempTestSuite1629383461522.groovy:36)
)

2021-08-19 22:01:26 - [TEST_STEP][FAILED] - verifyMatch(getText(findTestObject("Object Repository/Apply Leave/Page_OrangeHRM/td_No Records Found")), "No Records Found", false, STOP_ON_FAILURE): Unable to verify match between actual text '2021-09-02 to 2021-09-03' and expected text 'No Records Found' (Root cause: com.kms.katalon.core.exception.StepFailedException: Actual text '2021-09-02 to 2021-09-03' and expected text 'No Records Found' are not matched
	at com.kms.katalon.core.keyword.builtin.VerifyMatchKeyword$_verifyMatch_closure1.doCall(VerifyMatchKeyword.groovy:57)
	at com.kms.katalon.core.keyword.builtin.VerifyMatchKeyword$_verifyMatch_closure1.call(VerifyMatchKeyword.groovy)
	at com.kms.katalon.core.keyword.internal.KeywordMain.runKeyword(KeywordMain.groovy:74)
	at com.kms.katalon.core.keyword.builtin.VerifyMatchKeyword.verifyMatch(VerifyMatchKeyword.groovy:60)
	at com.kms.katalon.core.keyword.builtin.VerifyMatchKeyword.execute(VerifyMatchKeyword.groovy:45)
	at com.kms.katalon.core.keyword.internal.KeywordExecutor.executeKeywordForPlatform(KeywordExecutor.groovy:74)
	at com.kms.katalon.core.keyword.BuiltinKeywords.verifyMatch(BuiltinKeywords.groovy:55)
	at Apply Leave.run(Apply Leave:180)
	at com.kms.katalon.core.main.ScriptEngine.run(ScriptEngine.java:194)
	at com.kms.katalon.core.main.ScriptEngine.runScriptAsRawText(ScriptEngine.java:119)
	at com.kms.katalon.core.main.TestCaseExecutor.runScript(TestCaseExecutor.java:430)
	at com.kms.katalon.core.main.TestCaseExecutor.doExecute(TestCaseExecutor.java:421)
	at com.kms.katalon.core.main.TestCaseExecutor.processExecutionPhase(TestCaseExecutor.java:400)
	at com.kms.katalon.core.main.TestCaseExecutor.accessMainPhase(TestCaseExecutor.java:392)
	at com.kms.katalon.core.main.TestCaseExecutor.execute(TestCaseExecutor.java:273)
	at com.kms.katalon.core.main.TestSuiteExecutor.accessTestCaseMainPhase(TestSuiteExecutor.java:202)
	at com.kms.katalon.core.main.TestSuiteExecutor.accessTestSuiteMainPhase(TestSuiteExecutor.java:164)
	at com.kms.katalon.core.main.TestSuiteExecutor.execute(TestSuiteExecutor.java:105)
	at com.kms.katalon.core.main.TestCaseMain.startTestSuite(TestCaseMain.java:185)
	at com.kms.katalon.core.main.TestCaseMain$startTestSuite$0.call(Unknown Source)
	at TempTestSuite1629383461522.run(TempTestSuite1629383461522.groovy:36)
)

2021-08-19 22:01:26 - [MESSAGE][PASSED] - Text of object 'Object Repository/Apply Leave/Page_OrangeHRM/td_No Records Found' is: '2021-09-02 to 2021-09-03'

2021-08-19 22:01:26 - [MESSAGE][FAILED] - Unable to verify match between actual text '2021-09-02 to 2021-09-03' and expected text 'No Records Found' (Root cause: com.kms.katalon.core.exception.StepFailedException: Actual text '2021-09-02 to 2021-09-03' and expected text 'No Records Found' are not matched
	at com.kms.katalon.core.keyword.builtin.VerifyMatchKeyword$_verifyMatch_closure1.doCall(VerifyMatchKeyword.groovy:57)
	at com.kms.katalon.core.keyword.builtin.VerifyMatchKeyword$_verifyMatch_closure1.call(VerifyMatchKeyword.groovy)
	at com.kms.katalon.core.keyword.internal.KeywordMain.runKeyword(KeywordMain.groovy:74)
	at com.kms.katalon.core.keyword.builtin.VerifyMatchKeyword.verifyMatch(VerifyMatchKeyword.groovy:60)
	at com.kms.katalon.core.keyword.builtin.VerifyMatchKeyword.execute(VerifyMatchKeyword.groovy:45)
	at com.kms.katalon.core.keyword.internal.KeywordExecutor.executeKeywordForPlatform(KeywordExecutor.groovy:74)
	at com.kms.katalon.core.keyword.BuiltinKeywords.verifyMatch(BuiltinKeywords.groovy:55)
	at Apply Leave.run(Apply Leave:180)
	at com.kms.katalon.core.main.ScriptEngine.run(ScriptEngine.java:194)
	at com.kms.katalon.core.main.ScriptEngine.runScriptAsRawText(ScriptEngine.java:119)
	at com.kms.katalon.core.main.TestCaseExecutor.runScript(TestCaseExecutor.java:430)
	at com.kms.katalon.core.main.TestCaseExecutor.doExecute(TestCaseExecutor.java:421)
	at com.kms.katalon.core.main.TestCaseExecutor.processExecutionPhase(TestCaseExecutor.java:400)
	at com.kms.katalon.core.main.TestCaseExecutor.accessMainPhase(TestCaseExecutor.java:392)
	at com.kms.katalon.core.main.TestCaseExecutor.execute(TestCaseExecutor.java:273)
	at com.kms.katalon.core.main.TestSuiteExecutor.accessTestCaseMainPhase(TestSuiteExecutor.java:202)
	at com.kms.katalon.core.main.TestSuiteExecutor.accessTestSuiteMainPhase(TestSuiteExecutor.java:164)
	at com.kms.katalon.core.main.TestSuiteExecutor.execute(TestSuiteExecutor.java:105)
	at com.kms.katalon.core.main.TestCaseMain.startTestSuite(TestCaseMain.java:185)
	at com.kms.katalon.core.main.TestCaseMain$startTestSuite$0.call(Unknown Source)
	at TempTestSuite1629383461522.run(TempTestSuite1629383461522.groovy:36)
)

2021-08-19 22:01:29 - [TEST_STEP][PASSED] - Video: Video recording for test case 'Test Cases/Apply Leave' .

2021-08-19 22:01:29 - [MESSAGE][INFO] - Video recording for test case 'Test Cases/Apply Leave' .]]></system-out>
         <system-err><![CDATA[2021-08-19 22:00:50 - [TEST_CASE][FAILED] - Test Cases/Apply Leave: Test Cases/Apply Leave FAILED.
Reason:
com.kms.katalon.core.exception.StepFailedException: Actual text '2021-09-02 to 2021-09-03' and expected text 'No Records Found' are not matched
	at com.kms.katalon.core.keyword.builtin.VerifyMatchKeyword$_verifyMatch_closure1.doCall(VerifyMatchKeyword.groovy:57)
	at com.kms.katalon.core.keyword.builtin.VerifyMatchKeyword$_verifyMatch_closure1.call(VerifyMatchKeyword.groovy)
	at com.kms.katalon.core.keyword.internal.KeywordMain.runKeyword(KeywordMain.groovy:74)
	at com.kms.katalon.core.keyword.builtin.VerifyMatchKeyword.verifyMatch(VerifyMatchKeyword.groovy:60)
	at com.kms.katalon.core.keyword.builtin.VerifyMatchKeyword.execute(VerifyMatchKeyword.groovy:45)
	at com.kms.katalon.core.keyword.internal.KeywordExecutor.executeKeywordForPlatform(KeywordExecutor.groovy:74)
	at com.kms.katalon.core.keyword.BuiltinKeywords.verifyMatch(BuiltinKeywords.groovy:55)
	at Apply Leave.run(Apply Leave:180)
	at com.kms.katalon.core.main.ScriptEngine.run(ScriptEngine.java:194)
	at com.kms.katalon.core.main.ScriptEngine.runScriptAsRawText(ScriptEngine.java:119)
	at com.kms.katalon.core.main.TestCaseExecutor.runScript(TestCaseExecutor.java:430)
	at com.kms.katalon.core.main.TestCaseExecutor.doExecute(TestCaseExecutor.java:421)
	at com.kms.katalon.core.main.TestCaseExecutor.processExecutionPhase(TestCaseExecutor.java:400)
	at com.kms.katalon.core.main.TestCaseExecutor.accessMainPhase(TestCaseExecutor.java:392)
	at com.kms.katalon.core.main.TestCaseExecutor.execute(TestCaseExecutor.java:273)
	at com.kms.katalon.core.main.TestSuiteExecutor.accessTestCaseMainPhase(TestSuiteExecutor.java:202)
	at com.kms.katalon.core.main.TestSuiteExecutor.accessTestSuiteMainPhase(TestSuiteExecutor.java:164)
	at com.kms.katalon.core.main.TestSuiteExecutor.execute(TestSuiteExecutor.java:105)
	at com.kms.katalon.core.main.TestCaseMain.startTestSuite(TestCaseMain.java:185)
	at com.kms.katalon.core.main.TestCaseMain$startTestSuite$0.call(Unknown Source)
	at TempTestSuite1629383461522.run(TempTestSuite1629383461522.groovy:36)]]></system-err>
      </testcase>
      <system-out><![CDATA[2021-08-19 21:32:08 - [TEST_SUITE][FAILED] - Apply Leave: Test Cases/Apply Leave FAILED.
Reason:
com.kms.katalon.core.exception.StepFailedException: Actual text '2021-09-02 (03:00 - 05:00)' and expected text 'No Records Found' are not matched
	at com.kms.katalon.core.keyword.builtin.VerifyMatchKeyword$_verifyMatch_closure1.doCall(VerifyMatchKeyword.groovy:57)
	at com.kms.katalon.core.keyword.builtin.VerifyMatchKeyword$_verifyMatch_closure1.call(VerifyMatchKeyword.groovy)
	at com.kms.katalon.core.keyword.internal.KeywordMain.runKeyword(KeywordMain.groovy:74)
	at com.kms.katalon.core.keyword.builtin.VerifyMatchKeyword.verifyMatch(VerifyMatchKeyword.groovy:60)
	at com.kms.katalon.core.keyword.builtin.VerifyMatchKeyword.execute(VerifyMatchKeyword.groovy:45)
	at com.kms.katalon.core.keyword.internal.KeywordExecutor.executeKeywordForPlatform(KeywordExecutor.groovy:74)
	at com.kms.katalon.core.keyword.BuiltinKeywords.verifyMatch(BuiltinKeywords.groovy:55)
	at Apply Leave.run(Apply Leave:180)
	at com.kms.katalon.core.main.ScriptEngine.run(ScriptEngine.java:194)
	at com.kms.katalon.core.main.ScriptEngine.runScriptAsRawText(ScriptEngine.java:119)
	at com.kms.katalon.core.main.TestCaseExecutor.runScript(TestCaseExecutor.java:430)
	at com.kms.katalon.core.main.TestCaseExecutor.doExecute(TestCaseExecutor.java:421)
	at com.kms.katalon.core.main.TestCaseExecutor.processExecutionPhase(TestCaseExecutor.java:400)
	at com.kms.katalon.core.main.TestCaseExecutor.accessMainPhase(TestCaseExecutor.java:392)
	at com.kms.katalon.core.main.TestCaseExecutor.execute(TestCaseExecutor.java:273)
	at com.kms.katalon.core.main.TestSuiteExecutor.accessTestCaseMainPhase(TestSuiteExecutor.java:202)
	at com.kms.katalon.core.main.TestSuiteExecutor.accessTestSuiteMainPhase(TestSuiteExecutor.java:164)
	at com.kms.katalon.core.main.TestSuiteExecutor.execute(TestSuiteExecutor.java:105)
	at com.kms.katalon.core.main.TestCaseMain.startTestSuite(TestCaseMain.java:185)
	at com.kms.katalon.core.main.TestCaseMain$startTestSuite$0.call(Unknown Source)
	at TempTestSuite1629383461522.run(TempTestSuite1629383461522.groovy:36)]]></system-out>
      <system-err><![CDATA[2021-08-19 21:32:08 - [TEST_SUITE][FAILED] - Apply Leave: Test Cases/Apply Leave FAILED.
Reason:
com.kms.katalon.core.exception.StepFailedException: Actual text '2021-09-02 (03:00 - 05:00)' and expected text 'No Records Found' are not matched
	at com.kms.katalon.core.keyword.builtin.VerifyMatchKeyword$_verifyMatch_closure1.doCall(VerifyMatchKeyword.groovy:57)
	at com.kms.katalon.core.keyword.builtin.VerifyMatchKeyword$_verifyMatch_closure1.call(VerifyMatchKeyword.groovy)
	at com.kms.katalon.core.keyword.internal.KeywordMain.runKeyword(KeywordMain.groovy:74)
	at com.kms.katalon.core.keyword.builtin.VerifyMatchKeyword.verifyMatch(VerifyMatchKeyword.groovy:60)
	at com.kms.katalon.core.keyword.builtin.VerifyMatchKeyword.execute(VerifyMatchKeyword.groovy:45)
	at com.kms.katalon.core.keyword.internal.KeywordExecutor.executeKeywordForPlatform(KeywordExecutor.groovy:74)
	at com.kms.katalon.core.keyword.BuiltinKeywords.verifyMatch(BuiltinKeywords.groovy:55)
	at Apply Leave.run(Apply Leave:180)
	at com.kms.katalon.core.main.ScriptEngine.run(ScriptEngine.java:194)
	at com.kms.katalon.core.main.ScriptEngine.runScriptAsRawText(ScriptEngine.java:119)
	at com.kms.katalon.core.main.TestCaseExecutor.runScript(TestCaseExecutor.java:430)
	at com.kms.katalon.core.main.TestCaseExecutor.doExecute(TestCaseExecutor.java:421)
	at com.kms.katalon.core.main.TestCaseExecutor.processExecutionPhase(TestCaseExecutor.java:400)
	at com.kms.katalon.core.main.TestCaseExecutor.accessMainPhase(TestCaseExecutor.java:392)
	at com.kms.katalon.core.main.TestCaseExecutor.execute(TestCaseExecutor.java:273)
	at com.kms.katalon.core.main.TestSuiteExecutor.accessTestCaseMainPhase(TestSuiteExecutor.java:202)
	at com.kms.katalon.core.main.TestSuiteExecutor.accessTestSuiteMainPhase(TestSuiteExecutor.java:164)
	at com.kms.katalon.core.main.TestSuiteExecutor.execute(TestSuiteExecutor.java:105)
	at com.kms.katalon.core.main.TestCaseMain.startTestSuite(TestCaseMain.java:185)
	at com.kms.katalon.core.main.TestCaseMain$startTestSuite$0.call(Unknown Source)
	at TempTestSuite1629383461522.run(TempTestSuite1629383461522.groovy:36)]]></system-err>
   </testsuite>
</testsuites>
